epoch: 0, lr: 0.00095, loss: 1.181
70.9934849
              precision    recall  f1-score   support

     neutral   0.828125  0.194139  0.314540       273
       happy   0.573427  0.849741  0.684760       193
         sad   0.565371  0.796020  0.661157       201
       angry   0.404348  0.474490  0.436620       196

    accuracy                       0.544612       863
   macro avg   0.592818  0.578597  0.524269       863
weighted avg   0.613721  0.544612  0.505792       863

[[ 53  92  36  92]
 [  4 164   6  19]
 [  1  14 160  26]
 [  6  16  81  93]]
The best result ----------
WA: 54.4612%, UA: 57.8597%, macro f1: 52.4269%, weighted f1: 50.5792%
--------------------------
epoch: 1, lr: 0.0009025, loss: 1.079
136.75777060000001
              precision    recall  f1-score   support

     neutral   0.777778  0.333333  0.466667       273
       happy   0.590747  0.860104  0.700422       193
         sad   0.571918  0.830846  0.677485       201
       angry   0.526012  0.464286  0.493225       196

    accuracy                       0.596756       863
   macro avg   0.616614  0.622142  0.584450       863
weighted avg   0.630824  0.596756  0.574076       863

[[ 91  88  40  54]
 [  8 166   8  11]
 [  4  13 167  17]
 [ 14  14  77  91]]
The best result ----------
WA: 59.6756%, UA: 62.2142%, macro f1: 58.4450%, weighted f1: 57.4076%
--------------------------
epoch: 2, lr: 0.0008574, loss: 1.009
212.5751208
              precision    recall  f1-score   support

     neutral   0.674242  0.652015  0.662942       273
       happy   0.723301  0.772021  0.746867       193
         sad   0.597826  0.820896  0.691824       201
       angry   0.692308  0.413265  0.517572       196

    accuracy                       0.663963       863
   macro avg   0.671919  0.664549  0.654801       863
weighted avg   0.671519  0.663963  0.655422       863

[[178  38  41  16]
 [ 32 149   8   4]
 [ 12   8 165  16]
 [ 42  11  62  81]]
The best result ----------
WA: 66.3963%, UA: 66.4549%, macro f1: 65.4801%, weighted f1: 65.5422%
--------------------------
epoch: 3, lr: 0.0008145, loss: 0.9337
295.62976100000003
              precision    recall  f1-score   support

     neutral   0.777778  0.435897  0.558685       273
       happy   0.596610  0.911917  0.721311       193
         sad   0.669643  0.746269  0.705882       201
       angry   0.581152  0.566327  0.573643       196

    accuracy                       0.644264       863
   macro avg   0.656296  0.665102  0.639881       863
weighted avg   0.667420  0.644264  0.632735       863

[[119  83  25  46]
 [  6 176   3   8]
 [  9  16 150  26]
 [ 19  20  46 111]]
The best result ----------
WA: 66.3963%, UA: 66.4549%, macro f1: 65.4801%, weighted f1: 65.5422%
--------------------------
epoch: 4, lr: 0.0007738, loss: 0.8692
378.9274275
              precision    recall  f1-score   support

     neutral   0.594241  0.831502  0.693130       273
       happy   0.829787  0.606218  0.700599       193
         sad   0.648980  0.791045  0.713004       201
       angry   0.757895  0.367347  0.494845       196

    accuracy                       0.666280       863
   macro avg   0.707726  0.649028  0.650395       863
weighted avg   0.696835  0.666280  0.654396       863

[[227  16  21   9]
 [ 65 117   8   3]
 [ 30   1 159  11]
 [ 60   7  57  72]]
The best result ----------
WA: 66.3963%, UA: 66.4549%, macro f1: 65.4801%, weighted f1: 65.5422%
--------------------------
epoch: 5, lr: 0.0007351, loss: 0.789
466.7969263
              precision    recall  f1-score   support

     neutral   0.694215  0.615385  0.652427       273
       happy   0.785714  0.683938  0.731302       193
         sad   0.638783  0.835821  0.724138       201
       angry   0.584211  0.566327  0.575130       196

    accuracy                       0.670915       863
   macro avg   0.675731  0.675367  0.670749       863
weighted avg   0.676784  0.670915  0.669213       863

[[168  26  32  47]
 [ 32 132  11  18]
 [ 15   4 168  14]
 [ 27   6  52 111]]
The best result ----------
WA: 67.0915%, UA: 67.5367%, macro f1: 67.0749%, weighted f1: 66.9213%
--------------------------
epoch: 6, lr: 0.0006983, loss: 0.7201
555.292789
              precision    recall  f1-score   support

     neutral   0.755556  0.498168  0.600442       273
       happy   0.712446  0.860104  0.779343       193
         sad   0.596552  0.860697  0.704684       201
       angry   0.600000  0.489796  0.539326       196

    accuracy                       0.661645       863
   macro avg   0.666138  0.677191  0.655949       863
weighted avg   0.673552  0.661645  0.650849       863

[[136  49  44  44]
 [  8 166   8  11]
 [ 11   8 173   9]
 [ 25  10  65  96]]
The best result ----------
WA: 67.0915%, UA: 67.5367%, macro f1: 67.0749%, weighted f1: 66.9213%
--------------------------
epoch: 7, lr: 0.0006634, loss: 0.6803
642.1240429
              precision    recall  f1-score   support

     neutral   0.681004  0.695971  0.688406       273
       happy   0.737374  0.756477  0.746803       193
         sad   0.681818  0.746269  0.712589       201
       angry   0.626506  0.530612  0.574586       196

    accuracy                       0.683662       863
   macro avg   0.681675  0.682332  0.680596       863
weighted avg   0.681423  0.683662  0.681248       863

[[190  35  18  30]
 [ 29 146   8  10]
 [ 23   6 150  22]
 [ 37  11  44 104]]
The best result ----------
WA: 68.3662%, UA: 68.2332%, macro f1: 68.0596%, weighted f1: 68.1248%
--------------------------
epoch: 8, lr: 0.0006302, loss: 0.6593
3101.9741637999996
              precision    recall  f1-score   support

     neutral   0.776596  0.534799  0.633406       273
       happy   0.685259  0.891192  0.774775       193
         sad   0.600000  0.805970  0.687898       201
       angry   0.636364  0.500000  0.560000       196

    accuracy                       0.669757       863
   macro avg   0.674555  0.682990  0.664020       863
weighted avg   0.683190  0.669757  0.661041       863

[[146  53  42  32]
 [  6 172  10   5]
 [ 13   7 162  19]
 [ 23  19  56  98]]
The best result ----------
WA: 68.3662%, UA: 68.2332%, macro f1: 68.0596%, weighted f1: 68.1248%
--------------------------
epoch: 9, lr: 0.0005987, loss: 0.6197
3167.6228303999997
              precision    recall  f1-score   support

     neutral   0.771574  0.556777  0.646809       273
       happy   0.665370  0.886010  0.760000       193
         sad   0.739362  0.691542  0.714653       201
       angry   0.588235  0.663265  0.623501       196

    accuracy                       0.685979       863
   macro avg   0.691135  0.699399  0.686241       863
weighted avg   0.698681  0.685979  0.682631       863

[[152  57  18  46]
 [ 10 171   3   9]
 [ 17   9 139  36]
 [ 18  20  28 130]]
The best result ----------
WA: 68.5979%, UA: 69.9399%, macro f1: 68.6241%, weighted f1: 68.2631%
--------------------------
epoch: 10, lr: 0.0005688, loss: 0.6089
3233.8719232999997
              precision    recall  f1-score   support

     neutral   0.645614  0.673993  0.659498       273
       happy   0.699552  0.808290  0.750000       193
         sad   0.739130  0.676617  0.706494       201
       angry   0.625731  0.545918  0.583106       196

    accuracy                       0.675550       863
   macro avg   0.677507  0.676205  0.674774       863
weighted avg   0.674942  0.675550  0.673334       863

[[184  42  14  33]
 [ 27 156   4   6]
 [ 29  11 136  25]
 [ 45  14  30 107]]
The best result ----------
WA: 68.5979%, UA: 69.9399%, macro f1: 68.6241%, weighted f1: 68.2631%
--------------------------
epoch: 11, lr: 0.0005404, loss: 0.6064
3308.6647112999995
              precision    recall  f1-score   support

     neutral   0.726190  0.446886  0.553288       273
       happy   0.762626  0.782383  0.772379       193
         sad   0.488764  0.865672  0.624776       201
       angry   0.595745  0.428571  0.498516       196

    accuracy                       0.615295       863
   macro avg   0.643331  0.630878  0.612240       863
weighted avg   0.649414  0.615295  0.606496       863

[[122  36  80  35]
 [ 17 151  15  10]
 [ 10   5 174  12]
 [ 19   6  87  84]]
The best result ----------
WA: 68.5979%, UA: 69.9399%, macro f1: 68.6241%, weighted f1: 68.2631%
--------------------------
epoch: 12, lr: 0.0005133, loss: 0.5895
3392.2172096999993
              precision    recall  f1-score   support

     neutral   0.730964  0.527473  0.612766       273
       happy   0.742574  0.777202  0.759494       193
         sad   0.562914  0.845771  0.675944       201
       angry   0.611111  0.505102  0.553073       196

    accuracy                       0.652375       863
   macro avg   0.661891  0.663887  0.650319       863
weighted avg   0.667200  0.652375  0.646737       863

[[144  36  55  38]
 [ 25 150  10   8]
 [ 11   3 170  17]
 [ 17  13  67  99]]
The best result ----------
WA: 68.5979%, UA: 69.9399%, macro f1: 68.6241%, weighted f1: 68.2631%
--------------------------
epoch: 13, lr: 0.0004877, loss: 0.5826
3479.0299944999997
              precision    recall  f1-score   support

     neutral   0.743363  0.615385  0.673347       273
       happy   0.630824  0.911917  0.745763       193
         sad   0.757426  0.761194  0.759305       201
       angry   0.679487  0.540816  0.602273       196

    accuracy                       0.698725       863
   macro avg   0.702775  0.707328  0.695172       863
weighted avg   0.706963  0.698725  0.693420       863

[[168  59  16  30]
 [ 11 176   3   3]
 [ 16  15 153  17]
 [ 31  29  30 106]]
The best result ----------
WA: 69.8725%, UA: 70.7328%, macro f1: 69.5172%, weighted f1: 69.3420%
--------------------------
epoch: 14, lr: 0.0004633, loss: 0.5599
3565.0097433
              precision    recall  f1-score   support

     neutral   0.712000  0.652015  0.680688       273
       happy   0.719298  0.849741  0.779097       193
         sad   0.787879  0.646766  0.710383       201
       angry   0.604545  0.678571  0.639423       196

    accuracy                       0.701043       863
   macro avg   0.705931  0.706773  0.702398       863
weighted avg   0.706900  0.701043  0.700240       863

[[178  39  11  45]
 [ 18 164   3   8]
 [ 28   9 130  34]
 [ 26  16  21 133]]
The best result ----------
WA: 70.1043%, UA: 70.6773%, macro f1: 70.2398%, weighted f1: 70.0240%
--------------------------
epoch: 15, lr: 0.0004401, loss: 0.5668
3651.4213544
              precision    recall  f1-score   support

     neutral   0.727679  0.597070  0.655936       273
       happy   0.662745  0.875648  0.754464       193
         sad   0.725000  0.721393  0.723192       201
       angry   0.625000  0.586735  0.605263       196

    accuracy                       0.685979       863
   macro avg   0.685106  0.695211  0.684714       863
weighted avg   0.689213  0.685979  0.682127       863

[[163  50  20  40]
 [ 11 169   4   9]
 [ 23  13 145  20]
 [ 27  23  31 115]]
The best result ----------
WA: 70.1043%, UA: 70.6773%, macro f1: 70.2398%, weighted f1: 70.0240%
--------------------------
epoch: 16, lr: 0.0004181, loss: 0.5669
3739.3745801
              precision    recall  f1-score   support

     neutral   0.680297  0.670330  0.675277       273
       happy   0.782123  0.725389  0.752688       193
         sad   0.687783  0.756219  0.720379       201
       angry   0.592784  0.586735  0.589744       196

    accuracy                       0.683662       863
   macro avg   0.685747  0.684668  0.684522       863
weighted avg   0.684937  0.683662  0.683668       863

[[183  26  22  42]
 [ 28 140   7  18]
 [ 26   4 152  19]
 [ 32   9  40 115]]
The best result ----------
WA: 70.1043%, UA: 70.6773%, macro f1: 70.2398%, weighted f1: 70.0240%
--------------------------
epoch: 17, lr: 0.0003972, loss: 0.5701
3833.0241557
              precision    recall  f1-score   support

     neutral   0.738095  0.567766  0.641822       273
       happy   0.692000  0.896373  0.781038       193
         sad   0.647773  0.796020  0.714286       201
       angry   0.608974  0.484694  0.539773       196

    accuracy                       0.675550       863
   macro avg   0.671711  0.686213  0.669230       863
weighted avg   0.677425  0.675550  0.666657       863

[[155  50  29  39]
 [  9 173   6   5]
 [ 14  10 160  17]
 [ 32  17  52  95]]
The best result ----------
WA: 70.1043%, UA: 70.6773%, macro f1: 70.2398%, weighted f1: 70.0240%
--------------------------
epoch: 18, lr: 0.0003774, loss: 0.5523
3923.1827947999996
              precision    recall  f1-score   support

     neutral   0.664336  0.695971  0.679785       273
       happy   0.675439  0.797927  0.731591       193
         sad   0.721925  0.671642  0.695876       201
       angry   0.629630  0.520408  0.569832       196

    accuracy                       0.673233       863
   macro avg   0.672832  0.671487  0.669271       863
weighted avg   0.672350  0.673233  0.670147       863

[[190  40  12  31]
 [ 29 154   5   5]
 [ 26  16 135  24]
 [ 41  18  35 102]]
The best result ----------
WA: 70.1043%, UA: 70.6773%, macro f1: 70.2398%, weighted f1: 70.0240%
--------------------------
epoch: 19, lr: 0.0003585, loss: 0.5369
4012.514721999999
              precision    recall  f1-score   support

     neutral   0.621701  0.776557  0.690554       273
       happy   0.757732  0.761658  0.759690       193
         sad   0.829268  0.676617  0.745205       201
       angry   0.664634  0.556122  0.605556       196

    accuracy                       0.699884       863
   macro avg   0.718334  0.692739  0.700251       863
weighted avg   0.710218  0.699884  0.699440       863

[[212  29   5  27]
 [ 37 147   3   6]
 [ 36   7 136  22]
 [ 56  11  20 109]]
The best result ----------
WA: 70.1043%, UA: 70.6773%, macro f1: 70.2398%, weighted f1: 70.0240%
--------------------------
epoch: 20, lr: 0.0003406, loss: 0.545
4106.6762738
              precision    recall  f1-score   support

     neutral   0.688645  0.688645  0.688645       273
       happy   0.686992  0.875648  0.769932       193
         sad   0.714286  0.746269  0.729927       201
       angry   0.701493  0.479592  0.569697       196

    accuracy                       0.696408       863
   macro avg   0.697854  0.697538  0.689550       863
weighted avg   0.697165  0.696408  0.689424       863

[[188  47  16  22]
 [ 19 169   4   1]
 [ 25   9 150  17]
 [ 41  21  40  94]]
The best result ----------
WA: 70.1043%, UA: 70.6773%, macro f1: 70.2398%, weighted f1: 70.0240%
--------------------------
epoch: 21, lr: 0.0003235, loss: 0.5462
4199.1116
              precision    recall  f1-score   support

     neutral   0.688976  0.641026  0.664137       273
       happy   0.785311  0.720207  0.751351       193
         sad   0.711009  0.771144  0.739857       201
       angry   0.570093  0.622449  0.595122       196

    accuracy                       0.684820       863
   macro avg   0.688847  0.688707  0.687617       863
weighted avg   0.688652  0.684820  0.685603       863

[[175  28  18  52]
 [ 33 139   6  15]
 [ 16   5 155  25]
 [ 30   5  39 122]]
The best result ----------
WA: 70.1043%, UA: 70.6773%, macro f1: 70.2398%, weighted f1: 70.0240%
--------------------------
epoch: 22, lr: 0.0003074, loss: 0.5346
4288.5402798
              precision    recall  f1-score   support

     neutral   0.628399  0.761905  0.688742       273
       happy   0.724138  0.761658  0.742424       193
         sad   0.754190  0.671642  0.710526       201
       angry   0.660000  0.505102  0.572254       196

    accuracy                       0.682503       863
   macro avg   0.691682  0.675077  0.678487       863
weighted avg   0.686285  0.682503  0.679365       863

[[208  34   9  22]
 [ 38 147   3   5]
 [ 34   8 135  24]
 [ 51  14  32  99]]
The best result ----------
WA: 70.1043%, UA: 70.6773%, macro f1: 70.2398%, weighted f1: 70.0240%
--------------------------
epoch: 23, lr: 0.000292, loss: 0.5163
4382.835830499999
              precision    recall  f1-score   support

     neutral   0.645161  0.732601  0.686106       273
       happy   0.656126  0.860104  0.744395       193
         sad   0.744792  0.711443  0.727735       201
       angry   0.731481  0.403061  0.519737       196

    accuracy                       0.681344       863
   macro avg   0.694390  0.676802  0.669493       863
weighted avg   0.690423  0.681344  0.671053       863
