epoch: 0, lr: 0.00095, loss: 1.179
18.528171399999998
              precision    recall  f1-score   support

     neutral   0.666667  0.572414  0.615955       290
       happy   0.614545  0.812500  0.699793       208
         sad   0.641509  0.712042  0.674938       191
       angry   0.574803  0.419540  0.485050       174

    accuracy                       0.630359       863
   macro avg   0.624381  0.629124  0.618934       863
weighted avg   0.630015  0.630359  0.622823       863

[[166  81  15  28]
 [ 29 169   4   6]
 [ 24  11 136  20]
 [ 30  14  57  73]]
The best result ----------
WA: 63.0359%, UA: 62.9124%, macro f1: 61.8934%, weighted f1: 62.2823%
--------------------------
epoch: 1, lr: 0.0009025, loss: 1.049
34.4755804
              precision    recall  f1-score   support

     neutral   0.666667  0.593103  0.627737       290
       happy   0.559172  0.908654  0.692308       208
         sad   0.769737  0.612565  0.682216       191
       angry   0.686957  0.454023  0.546713       174

    accuracy                       0.645423       863
   macro avg   0.670633  0.642086  0.637243       863
weighted avg   0.667661  0.645423  0.639021       863

[[172 101   5  12]
 [ 16 189   1   2]
 [ 28  24 117  22]
 [ 42  24  29  79]]
The best result ----------
WA: 64.5423%, UA: 64.2086%, macro f1: 63.7243%, weighted f1: 63.9021%
--------------------------
epoch: 2, lr: 0.0008574, loss: 0.9866
50.4005334
              precision    recall  f1-score   support

     neutral   0.725664  0.565517  0.635659       290
       happy   0.715640  0.725962  0.720764       208
         sad   0.656863  0.701571  0.678481       191
       angry   0.518018  0.660920  0.580808       174

    accuracy                       0.653534       863
   macro avg   0.654046  0.663492  0.653928       863
weighted avg   0.666155  0.653534  0.654589       863

[[164  48  21  57]
 [ 33 151   6  18]
 [ 18   7 134  32]
 [ 11   5  43 115]]
The best result ----------
WA: 65.3534%, UA: 66.3492%, macro f1: 65.3928%, weighted f1: 65.4589%
--------------------------
epoch: 3, lr: 0.0008145, loss: 0.9193
66.4267914
              precision    recall  f1-score   support

     neutral   0.617347  0.834483  0.709677       290
       happy   0.827586  0.461538  0.592593       208
         sad   0.694175  0.748691  0.720403       191
       angry   0.664430  0.568966  0.613003       174

    accuracy                       0.672074       863
   macro avg   0.700884  0.653419  0.658919       863
weighted avg   0.694515  0.672074  0.664340       863

[[242  14  13  21]
 [ 98  96   3  11]
 [ 29   1 143  18]
 [ 23   5  47  99]]
The best result ----------
WA: 67.2074%, UA: 65.3419%, macro f1: 65.8919%, weighted f1: 66.4340%
--------------------------
epoch: 4, lr: 0.0007738, loss: 0.8406
82.4612635
              precision    recall  f1-score   support

     neutral   0.762097  0.651724  0.702602       290
       happy   0.698795  0.836538  0.761488       208
         sad   0.680952  0.748691  0.713217       191
       angry   0.666667  0.597701  0.630303       174

    accuracy                       0.706837       863
   macro avg   0.702128  0.708664  0.701903       863
weighted avg   0.709640  0.706837  0.704567       863

[[189  56  19  26]
 [ 21 174   4   9]
 [ 22   9 143  17]
 [ 16  10  44 104]]
The best result ----------
WA: 70.6837%, UA: 70.8664%, macro f1: 70.1903%, weighted f1: 70.4567%
--------------------------
epoch: 5, lr: 0.0007351, loss: 0.7701
98.4413476
              precision    recall  f1-score   support

     neutral   0.679365  0.737931  0.707438       290
       happy   0.797814  0.701923  0.746803       208
         sad   0.779221  0.628272  0.695652       191
       angry   0.587678  0.712644  0.644156       174

    accuracy                       0.699884       863
   macro avg   0.711019  0.695193  0.698512       863
weighted avg   0.711528  0.699884  0.701558       863

[[214  31   9  36]
 [ 43 146   4  15]
 [ 32   3 120  36]
 [ 26   3  21 124]]
The best result ----------
WA: 70.6837%, UA: 70.8664%, macro f1: 70.1903%, weighted f1: 70.4567%
--------------------------
epoch: 6, lr: 0.0006983, loss: 0.7167
114.40365849999999
              precision    recall  f1-score   support

     neutral   0.738938  0.575862  0.647287       290
       happy   0.674157  0.865385  0.757895       208
         sad   0.591760  0.827225  0.689956       191
       angry   0.728155  0.431034  0.541516       174

    accuracy                       0.672074       863
   macro avg   0.683253  0.674877  0.659164       863
weighted avg   0.688577  0.672074  0.662063       863

[[167  71  33  19]
 [ 21 180   6   1]
 [ 19   6 158   8]
 [ 19  10  70  75]]
The best result ----------
WA: 70.6837%, UA: 70.8664%, macro f1: 70.1903%, weighted f1: 70.4567%
--------------------------
epoch: 7, lr: 0.0006634, loss: 0.6669
131.60784439999998
              precision    recall  f1-score   support

     neutral   0.777293  0.613793  0.685934       290
       happy   0.706122  0.831731  0.763797       208
         sad   0.653846  0.801047  0.720000       191
       angry   0.722581  0.643678  0.680851       174

    accuracy                       0.713789       863
   macro avg   0.714960  0.722562  0.712646       863
weighted avg   0.721787  0.713789  0.711215       863

[[178  54  34  24]
 [ 24 173   4   7]
 [ 19   7 153  12]
 [  8  11  43 112]]
The best result ----------
WA: 71.3789%, UA: 72.2562%, macro f1: 71.2646%, weighted f1: 71.1215%
--------------------------
epoch: 8, lr: 0.0006302, loss: 0.6159
164.5732291
              precision    recall  f1-score   support

     neutral   0.801205  0.458621  0.583333       290
       happy   0.798030  0.778846  0.788321       208
         sad   0.708995  0.701571  0.705263       191
       angry   0.465574  0.816092  0.592902       174

    accuracy                       0.661645       863
   macro avg   0.693451  0.688782  0.667455       863
weighted avg   0.712361  0.661645  0.661654       863

[[133  36  25  96]
 [ 17 162   5  24]
 [ 11   3 134  43]
 [  5   2  25 142]]
The best result ----------
WA: 71.3789%, UA: 72.2562%, macro f1: 71.2646%, weighted f1: 71.1215%
--------------------------
epoch: 9, lr: 0.0005987, loss: 0.6027
197.0545244
              precision    recall  f1-score   support

     neutral   0.669670  0.768966  0.715891       290
       happy   0.780220  0.682692  0.728205       208
         sad   0.729064  0.774869  0.751269       191
       angry   0.731034  0.609195  0.664577       174

    accuracy                       0.717265       863
   macro avg   0.727497  0.708931  0.714985       863
weighted avg   0.721832  0.717265  0.716343       863

[[223  32  14  21]
 [ 57 142   4   5]
 [ 27   3 148  13]
 [ 26   5  37 106]]
The best result ----------
WA: 71.3789%, UA: 72.2562%, macro f1: 71.2646%, weighted f1: 71.1215%
--------------------------
epoch: 10, lr: 0.0005688, loss: 0.586
230.241795
              precision    recall  f1-score   support

     neutral   0.782051  0.631034  0.698473       290
       happy   0.735772  0.870192  0.797357       208
         sad   0.689189  0.801047  0.740920       191
       angry   0.695652  0.643678  0.668657       174

    accuracy                       0.728853       863
   macro avg   0.725666  0.736488  0.726352       863
weighted avg   0.732925  0.728853  0.725689       863

[[183  48  29  30]
 [ 17 181   5   5]
 [ 19   5 153  14]
 [ 15  12  35 112]]
The best result ----------
WA: 72.8853%, UA: 73.6488%, macro f1: 72.6352%, weighted f1: 72.5689%
--------------------------
epoch: 11, lr: 0.0005404, loss: 0.5743
263.2843212
              precision    recall  f1-score   support

     neutral   0.801980  0.558621  0.658537       290
       happy   0.729167  0.841346  0.781250       208
         sad   0.730392  0.780105  0.754430       191
       angry   0.585253  0.729885  0.649616       174

    accuracy                       0.710313       863
   macro avg   0.711698  0.727489  0.710958       863
weighted avg   0.724890  0.710313  0.707538       863

[[162  52  21  55]
 [ 19 175   3  11]
 [ 12   6 149  24]
 [  9   7  31 127]]
The best result ----------
WA: 72.8853%, UA: 73.6488%, macro f1: 72.6352%, weighted f1: 72.5689%
--------------------------
epoch: 12, lr: 0.0005133, loss: 0.5582
296.575144
              precision    recall  f1-score   support

     neutral   0.787879  0.627586  0.698656       290
       happy   0.767123  0.807692  0.786885       208
         sad   0.645418  0.848168  0.733032       191
       angry   0.666667  0.620690  0.642857       174

    accuracy                       0.718424       863
   macro avg   0.716772  0.726034  0.715358       863
weighted avg   0.726908  0.718424  0.716279       863

[[182  42  30  36]
 [ 25 168   8   7]
 [ 15   3 162  11]
 [  9   6  51 108]]
The best result ----------
WA: 72.8853%, UA: 73.6488%, macro f1: 72.6352%, weighted f1: 72.5689%
--------------------------
epoch: 13, lr: 0.0004877, loss: 0.5586
329.6224937
              precision    recall  f1-score   support

     neutral   0.770428  0.682759  0.723949       290
       happy   0.692015  0.875000  0.772824       208
         sad   0.759563  0.727749  0.743316       191
       angry   0.725000  0.666667  0.694611       174

    accuracy                       0.735805       863
   macro avg   0.736752  0.738043  0.733675       863
weighted avg   0.739965  0.735805  0.734100       863

[[198  55  11  26]
 [ 19 182   3   4]
 [ 27  11 139  14]
 [ 13  15  30 116]]
The best result ----------
WA: 73.5805%, UA: 73.8043%, macro f1: 73.3675%, weighted f1: 73.4100%
--------------------------
epoch: 14, lr: 0.0004633, loss: 0.5278
362.8982562
              precision    recall  f1-score   support

     neutral   0.723776  0.713793  0.718750       290
       happy   0.739910  0.793269  0.765661       208
         sad   0.791908  0.717277  0.752747       191
       angry   0.701657  0.729885  0.715493       174

    accuracy                       0.736964       863
   macro avg   0.739313  0.738556  0.738163       863
weighted avg   0.738284  0.736964  0.736924       863

[[207  47  10  26]
 [ 31 165   4   8]
 [ 30   4 137  20]
 [ 18   7  22 127]]
The best result ----------
WA: 73.6964%, UA: 73.8556%, macro f1: 73.8163%, weighted f1: 73.6924%
--------------------------
epoch: 15, lr: 0.0004401, loss: 0.5356
396.44327269999997
              precision    recall  f1-score   support

     neutral   0.754647  0.700000  0.726297       290
       happy   0.782407  0.812500  0.797170       208
         sad   0.681614  0.795812  0.734300       191
       angry   0.696774  0.620690  0.656535       174

    accuracy                       0.732329       863
   macro avg   0.728861  0.732250  0.728575       863
weighted avg   0.733506  0.732329  0.731084       863

[[203  36  25  26]
 [ 26 169   4   9]
 [ 24   3 152  12]
 [ 16   8  42 108]]
The best result ----------
WA: 73.6964%, UA: 73.8556%, macro f1: 73.8163%, weighted f1: 73.6924%
--------------------------
epoch: 16, lr: 0.0004181, loss: 0.5317
430.0380643
              precision    recall  f1-score   support

     neutral   0.837563  0.568966  0.677618       290
       happy   0.723320  0.879808  0.793926       208
         sad   0.691244  0.785340  0.735294       191
       angry   0.627551  0.706897  0.664865       174

    accuracy                       0.719583       863
   macro avg   0.719920  0.735253  0.717926       863
weighted avg   0.735302  0.719583  0.715844       863

[[165  56  27  42]
 [ 12 183   3  10]
 [ 14   6 150  21]
 [  6   8  37 123]]
The best result ----------
WA: 73.6964%, UA: 73.8556%, macro f1: 73.8163%, weighted f1: 73.6924%
--------------------------
epoch: 17, lr: 0.0003972, loss: 0.5326
462.56987219999996
              precision    recall  f1-score   support

     neutral   0.817021  0.662069  0.731429       290
       happy   0.804878  0.793269  0.799031       208
         sad   0.698198  0.811518  0.750605       191
       angry   0.626866  0.724138  0.672000       174

    accuracy                       0.739282       863
   macro avg   0.736741  0.747749  0.738266       863
weighted avg   0.749457  0.739282  0.739984       863

[[192  34  22  42]
 [ 24 165   6  13]
 [ 13   3 155  20]
 [  6   3  39 126]]
The best result ----------
WA: 73.9282%, UA: 74.7749%, macro f1: 73.8266%, weighted f1: 73.9984%
--------------------------
epoch: 18, lr: 0.0003774, loss: 0.52
494.3738314
              precision    recall  f1-score   support

     neutral   0.760784  0.668966  0.711927       290
       happy   0.787129  0.764423  0.775610       208
         sad   0.687500  0.806283  0.742169       191
       angry   0.659341  0.689655  0.674157       174

    accuracy                       0.726535       863
   macro avg   0.723688  0.732332  0.725966       863
weighted avg   0.730461  0.726535  0.726354       863

[[194  36  25  35]
 [ 30 159   7  12]
 [ 19   3 154  15]
 [ 12   4  38 120]]
The best result ----------
WA: 73.9282%, UA: 74.7749%, macro f1: 73.8266%, weighted f1: 73.9984%
--------------------------
epoch: 19, lr: 0.0003585, loss: 0.5203
526.1712875999999
              precision    recall  f1-score   support

     neutral   0.757812  0.668966  0.710623       290
       happy   0.797030  0.774038  0.785366       208
         sad   0.714953  0.801047  0.755556       191
       angry   0.638743  0.701149  0.668493       174

    accuracy                       0.730012       863
   macro avg   0.727135  0.736300  0.730009       863
weighted avg   0.733772  0.730012  0.730088       863

[[194  35  24  37]
 [ 30 161   4  13]
 [ 18   1 153  19]
 [ 14   5  33 122]]
The best result ----------
WA: 73.9282%, UA: 74.7749%, macro f1: 73.8266%, weighted f1: 73.9984%
--------------------------
epoch: 20, lr: 0.0003406, loss: 0.5125
558.1595767999999
              precision    recall  f1-score   support

     neutral   0.750943  0.686207  0.717117       290
       happy   0.756757  0.807692  0.781395       208
         sad   0.713615  0.795812  0.752475       191
       angry   0.699387  0.655172  0.676558       174

    accuracy                       0.733488       863
   macro avg   0.730175  0.736221  0.731886       863
weighted avg   0.733688  0.733488  0.732257       863

[[199  45  16  30]
 [ 26 168   7   7]
 [ 25   2 152  12]
 [ 15   7  38 114]]
The best result ----------
WA: 73.9282%, UA: 74.7749%, macro f1: 73.8266%, weighted f1: 73.9984%
--------------------------
epoch: 21, lr: 0.0003235, loss: 0.5066
590.2262087999999
              precision    recall  f1-score   support

     neutral   0.727599  0.700000  0.713533       290
       happy   0.750000  0.807692  0.777778       208
         sad   0.730964  0.753927  0.742268       191
       angry   0.680982  0.637931  0.658754       174

    accuracy                       0.725377       863
   macro avg   0.722386  0.724888  0.723083       863
weighted avg   0.724344  0.725377  0.724332       863

[[203  48  13  26]
 [ 28 168   4   8]
 [ 27   2 144  18]
 [ 21   6  36 111]]
The best result ----------
WA: 73.9282%, UA: 74.7749%, macro f1: 73.8266%, weighted f1: 73.9984%
--------------------------
epoch: 22, lr: 0.0003074, loss: 0.5197
622.3800938999999
              precision    recall  f1-score   support

     neutral   0.804444  0.624138  0.702913       290
       happy   0.732759  0.817308  0.772727       208
         sad   0.714286  0.785340  0.748130       191
       angry   0.637755  0.718391  0.675676       174

    accuracy                       0.725377       863
   macro avg   0.722311  0.736294  0.724861       863
weighted avg   0.733604  0.725377  0.724255       863

[[181  49  21  39]
 [ 21 170   5  12]
 [ 15   6 150  20]
 [  8   7  34 125]]
The best result ----------
WA: 73.9282%, UA: 74.7749%, macro f1: 73.8266%, weighted f1: 73.9984%
--------------------------
epoch: 23, lr: 0.000292, loss: 0.5009
654.1832928999999
              precision    recall  f1-score   support

     neutral   0.775665  0.703448  0.737794       290
       happy   0.777273  0.822115  0.799065       208
         sad   0.750000  0.801047  0.774684       191
       angry   0.681818  0.689655  0.685714       174

    accuracy                       0.750869       863
   macro avg   0.746189  0.754066  0.749314       863
weighted avg   0.751451  0.750869  0.750226       863

[[204  39  15  32]
 [ 25 171   3   9]
 [ 20   3 153  15]
 [ 14   7  33 120]]
The best result ----------
WA: 75.0869%, UA: 75.4066%, macro f1: 74.9314%, weighted f1: 75.0226%
--------------------------
epoch: 24, lr: 0.0002774, loss: 0.4964
686.2043612999998
              precision    recall  f1-score   support

     neutral   0.740876  0.700000  0.719858       290
       happy   0.719512  0.850962  0.779736       208
         sad   0.756757  0.732984  0.744681       191
       angry   0.708861  0.643678  0.674699       174

    accuracy                       0.732329       863
   macro avg   0.731501  0.731906  0.729743       863
weighted avg   0.732787  0.732329  0.730678       863

[[203  52  11  24]
 [ 22 177   3   6]
 [ 26   9 140  16]
 [ 23   8  31 112]]
The best result ----------
WA: 75.0869%, UA: 75.4066%, macro f1: 74.9314%, weighted f1: 75.0226%
--------------------------
epoch: 25, lr: 0.0002635, loss: 0.5171
718.3630979999998
              precision    recall  f1-score   support

     neutral   0.733333  0.720690  0.726957       290
       happy   0.747788  0.812500  0.778802       208
         sad   0.768817  0.748691  0.758621       191
       angry   0.704819  0.672414  0.688235       174

    accuracy                       0.739282       863
   macro avg   0.738689  0.738574  0.738154       863
weighted avg   0.738921  0.739282  0.738653       863

[[209  43  11  27]
 [ 29 169   3   7]
 [ 27   6 143  15]
 [ 20   8  29 117]]
The best result ----------
WA: 75.0869%, UA: 75.4066%, macro f1: 74.9314%, weighted f1: 75.0226%
--------------------------
epoch: 26, lr: 0.0002503, loss: 0.5019
750.4202090999997
              precision    recall  f1-score   support

     neutral   0.755725  0.682759  0.717391       290
       happy   0.726141  0.841346  0.779510       208
         sad   0.801170  0.717277  0.756906       191
       angry   0.656085  0.712644  0.683196       174

    accuracy                       0.734647       863
   macro avg   0.734780  0.738506  0.734251       863
weighted avg   0.738563  0.734647  0.734214       863

[[198  52   7  33]
 [ 23 175   2   8]
 [ 24   6 137  24]
 [ 17   8  25 124]]
The best result ----------
WA: 75.0869%, UA: 75.4066%, macro f1: 74.9314%, weighted f1: 75.0226%
--------------------------
epoch: 27, lr: 0.0002378, loss: 0.4956
782.3662512999997
              precision    recall  f1-score   support

     neutral   0.758491  0.693103  0.724324       290
       happy   0.715415  0.870192  0.785249       208
         sad   0.785714  0.748691  0.766756       191
       angry   0.723926  0.678161  0.700297       174

    accuracy                       0.745075       863
   macro avg   0.745887  0.747537  0.744157       863
weighted avg   0.747165  0.745075  0.743555       863

[[201  56   8  25]
 [ 20 181   2   5]
 [ 25   8 143  15]
 [ 19   8  29 118]]
The best result ----------
WA: 75.0869%, UA: 75.4066%, macro f1: 74.9314%, weighted f1: 75.0226%
--------------------------
epoch: 28, lr: 0.0002259, loss: 0.4919
814.1218129999997
              precision    recall  f1-score   support

     neutral   0.741818  0.703448  0.722124       290
       happy   0.744493  0.812500  0.777011       208
         sad   0.751244  0.790576  0.770408       191
       angry   0.718750  0.660920  0.688623       174

    accuracy                       0.740440       863
   macro avg   0.739076  0.741861  0.739542       863
weighted avg   0.739898  0.740440  0.739285       863

[[204  44  15  27]
 [ 30 169   3   6]
 [ 23   5 151  12]
 [ 18   9  32 115]]
The best result ----------
WA: 75.0869%, UA: 75.4066%, macro f1: 74.9314%, weighted f1: 75.0226%
--------------------------
epoch: 29, lr: 0.0002146, loss: 0.484
845.9361962999998
              precision    recall  f1-score   support

     neutral   0.794239  0.665517  0.724203       290
       happy   0.751092  0.826923  0.787185       208
         sad   0.742718  0.801047  0.770781       191
       angry   0.686486  0.729885  0.707521       174

    accuracy                       0.747393       863
   macro avg   0.743634  0.755843  0.747422       863
weighted avg   0.750712  0.747393  0.746328       863

[[193  45  20  32]
 [ 24 172   4   8]
 [ 16   4 153  18]
 [ 10   8  29 127]]
The best result ----------
WA: 75.0869%, UA: 75.4066%, macro f1: 74.9314%, weighted f1: 75.0226%
--------------------------
epoch: 30, lr: 0.0002039, loss: 0.4915
877.5787917999997
              precision    recall  f1-score   support

     neutral   0.761364  0.693103  0.725632       290
       happy   0.773756  0.822115  0.797203       208
         sad   0.751351  0.727749  0.739362       191
       angry   0.663212  0.735632  0.697548       174

    accuracy                       0.740440       863
   macro avg   0.737421  0.744650  0.739936       863
weighted avg   0.742345  0.740440  0.740258       863

[[201  39  17  33]
 [ 25 171   3   9]
 [ 23   6 139  23]
 [ 15   5  26 128]]
The best result ----------
WA: 75.0869%, UA: 75.4066%, macro f1: 74.9314%, weighted f1: 75.0226%
--------------------------
epoch: 31, lr: 0.0001937, loss: 0.4874
901.8714022999998
              precision    recall  f1-score   support

     neutral   0.741697  0.693103  0.716578       290
       happy   0.734783  0.812500  0.771689       208
         sad   0.758974  0.774869  0.766839       191
       angry   0.706587  0.678161  0.692082       174

    accuracy                       0.736964       863
   macro avg   0.735510  0.739658  0.736797       863
weighted avg   0.736775  0.736964  0.736046       863

[[201  45  14  30]
 [ 29 169   2   8]
 [ 23   9 148  11]
 [ 18   7  31 118]]
The best result ----------
WA: 75.0869%, UA: 75.4066%, macro f1: 74.9314%, weighted f1: 75.0226%
--------------------------
epoch: 32, lr: 0.000184, loss: 0.5045
932.4727682999998
              precision    recall  f1-score   support

     neutral   0.758755  0.672414  0.712980       290
       happy   0.723577  0.855769  0.784141       208
         sad   0.741117  0.764398  0.752577       191
       angry   0.717791  0.672414  0.694362       174

    accuracy                       0.736964       863
   macro avg   0.735310  0.741249  0.736015       863
weighted avg   0.738114  0.736964  0.735141       863

[[195  52  17  26]
 [ 21 178   2   7]
 [ 25   7 146  13]
 [ 16   9  32 117]]
The best result ----------
WA: 75.0869%, UA: 75.4066%, macro f1: 74.9314%, weighted f1: 75.0226%
--------------------------
epoch: 33, lr: 0.0001748, loss: 0.4895
964.0294182999999
              precision    recall  f1-score   support

     neutral   0.789256  0.658621  0.718045       290
       happy   0.738397  0.841346  0.786517       208
         sad   0.740196  0.790576  0.764557       191
       angry   0.677778  0.701149  0.689266       174

    accuracy                       0.740440       863
   macro avg   0.736407  0.747923  0.739596       863
weighted avg   0.743663  0.740440  0.739040       863

[[191  49  18  32]
 [ 18 175   3  12]
 [ 20   6 151  14]
 [ 13   7  32 122]]
The best result ----------
WA: 75.0869%, UA: 75.4066%, macro f1: 74.9314%, weighted f1: 75.0226%
--------------------------
epoch: 34, lr: 0.0001661, loss: 0.4883
995.5122365999998
              precision    recall  f1-score   support

     neutral   0.774319  0.686207  0.727605       290
       happy   0.763636  0.807692  0.785047       208
         sad   0.724138  0.769634  0.746193       191
       angry   0.672131  0.706897  0.689076       174

    accuracy                       0.738123       863
   macro avg   0.733556  0.742607  0.736980       863
weighted avg   0.740035  0.738123  0.737795       863

[[199  41  19  31]
 [ 25 168   4  11]
 [ 21   5 147  18]
 [ 12   6  33 123]]
The best result ----------
WA: 75.0869%, UA: 75.4066%, macro f1: 74.9314%, weighted f1: 75.0226%
--------------------------
epoch: 35, lr: 0.0001578, loss: 0.4969
1026.4330389
              precision    recall  f1-score   support

     neutral   0.788382  0.655172  0.715631       290
       happy   0.734177  0.836538  0.782022       208
         sad   0.733668  0.764398  0.748718       191
       angry   0.655914  0.701149  0.677778       174

    accuracy                       0.732329       863
   macro avg   0.728035  0.739315  0.731037       863
weighted avg   0.736500  0.732329  0.731323       863

[[190  47  18  35]
 [ 18 174   5  11]
 [ 20   7 146  18]
 [ 13   9  30 122]]
The best result ----------
WA: 75.0869%, UA: 75.4066%, macro f1: 74.9314%, weighted f1: 75.0226%
--------------------------
epoch: 36, lr: 0.0001499, loss: 0.476
1057.3152670999998
              precision    recall  f1-score   support

     neutral   0.772908  0.668966  0.717190       290
       happy   0.757447  0.855769  0.803612       208
         sad   0.751295  0.759162  0.755208       191
       angry   0.673913  0.712644  0.692737       174

    accuracy                       0.742758       863
   macro avg   0.738891  0.749135  0.742187       863
weighted avg   0.744439  0.742758  0.741504       863

[[194  46  16  34]
 [ 19 178   3   8]
 [ 22   6 145  18]
 [ 16   5  29 124]]
The best result ----------
WA: 75.0869%, UA: 75.4066%, macro f1: 74.9314%, weighted f1: 75.0226%
--------------------------
epoch: 37, lr: 0.0001424, loss: 0.4747
1088.5212209999997
              precision    recall  f1-score   support

     neutral   0.756554  0.696552  0.725314       290
       happy   0.731405  0.850962  0.786667       208
         sad   0.766667  0.722513  0.743935       191
       angry   0.678161  0.678161  0.678161       174

    accuracy                       0.735805       863
   macro avg   0.733197  0.737047  0.733519       863
weighted avg   0.736925  0.735805  0.734715       863

[[202  48  13  27]
 [ 22 177   2   7]
 [ 22   9 138  22]
 [ 21   8  27 118]]
The best result ----------
WA: 75.0869%, UA: 75.4066%, macro f1: 74.9314%, weighted f1: 75.0226%
--------------------------
epoch: 38, lr: 0.0001353, loss: 0.4909
1119.8341807999998
              precision    recall  f1-score   support

     neutral   0.778598  0.727586  0.752228       290
       happy   0.748936  0.846154  0.794582       208
         sad   0.769231  0.785340  0.777202       191
       angry   0.728395  0.678161  0.702381       174

    accuracy                       0.758980       863
   macro avg   0.756290  0.759310  0.756598       863
weighted avg   0.759254  0.758980  0.757913       863

[[211  45  13  21]
 [ 20 176   3   9]
 [ 20   7 150  14]
 [ 20   7  29 118]]
The best result ----------
WA: 75.8980%, UA: 75.9310%, macro f1: 75.6598%, weighted f1: 75.7913%
--------------------------
epoch: 39, lr: 0.0001285, loss: 0.4898
1150.8023022999998
              precision    recall  f1-score   support

     neutral   0.773438  0.682759  0.725275       290
       happy   0.726891  0.831731  0.775785       208
         sad   0.766839  0.774869  0.770833       191
       angry   0.693182  0.701149  0.697143       174

    accuracy                       0.742758       863
   macro avg   0.740087  0.747627  0.742259       863
weighted avg   0.744577  0.742758  0.741860       863

[[198  48  16  28]
 [ 22 173   3  10]
 [ 18   9 148  16]
 [ 18   8  26 122]]
The best result ----------
WA: 75.8980%, UA: 75.9310%, macro f1: 75.6598%, weighted f1: 75.7913%
--------------------------
epoch: 40, lr: 0.0001221, loss: 0.4966
1181.6601317999998
              precision    recall  f1-score   support

     neutral   0.763636  0.724138  0.743363       290
       happy   0.743802  0.865385  0.800000       208
         sad   0.730392  0.780105  0.754430       191
       angry   0.760563  0.620690  0.683544       174

    accuracy                       0.749710       863
   macro avg   0.749598  0.747579  0.745334       863
weighted avg   0.750879  0.749710  0.747402       863

[[210  45  16  19]
 [ 19 180   3   6]
 [ 24   9 149   9]
 [ 22   8  36 108]]
The best result ----------
WA: 75.8980%, UA: 75.9310%, macro f1: 75.6598%, weighted f1: 75.7913%
--------------------------
epoch: 41, lr: 0.000116, loss: 0.4729
1212.6414413999998
              precision    recall  f1-score   support

     neutral   0.795367  0.710345  0.750455       290
       happy   0.764957  0.860577  0.809955       208
         sad   0.751269  0.774869  0.762887       191
       angry   0.705202  0.701149  0.703170       174

    accuracy                       0.758980       863
   macro avg   0.754199  0.761735  0.756617       863
weighted avg   0.760099  0.758980  0.758013       863

[[206  41  17  26]
 [ 19 179   2   8]
 [ 19   7 148  17]
 [ 15   7  30 122]]
The best result ----------
WA: 75.8980%, UA: 76.1735%, macro f1: 75.6617%, weighted f1: 75.8013%
--------------------------
epoch: 42, lr: 0.0001102, loss: 0.4833
1243.6939868999998
              precision    recall  f1-score   support

     neutral   0.761194  0.703448  0.731183       290
       happy   0.737705  0.865385  0.796460       208
         sad   0.776536  0.727749  0.751351       191
       angry   0.697674  0.689655  0.693642       174

    accuracy                       0.745075       863
   macro avg   0.743277  0.746559  0.743159       863
weighted avg   0.746121  0.745075  0.743811       863

[[204  50  12  24]
 [ 18 180   2   8]
 [ 25   7 139  20]
 [ 21   7  26 120]]
The best result ----------
WA: 75.8980%, UA: 76.1735%, macro f1: 75.6617%, weighted f1: 75.8013%
--------------------------
epoch: 43, lr: 0.0001047, loss: 0.4829
1274.7780782999996
              precision    recall  f1-score   support

     neutral   0.758242  0.713793  0.735346       290
       happy   0.715415  0.870192  0.785249       208
         sad   0.789773  0.727749  0.757493       191
       angry   0.739130  0.683908  0.710448       174

    accuracy                       0.748552       863
   macro avg   0.750640  0.748911  0.747134       863
weighted avg   0.751045  0.748552  0.747255       863

[[207  52  10  21]
 [ 19 181   3   5]
 [ 25  11 139  16]
 [ 22   9  24 119]]
The best result ----------
WA: 75.8980%, UA: 76.1735%, macro f1: 75.6617%, weighted f1: 75.8013%
--------------------------
epoch: 44, lr: 9.944e-05, loss: 0.4904
1305.7677581999997
              precision    recall  f1-score   support

     neutral   0.761029  0.713793  0.736655       290
       happy   0.727273  0.846154  0.782222       208
         sad   0.751269  0.774869  0.762887       191
       angry   0.763158  0.666667  0.711656       174

    accuracy                       0.749710       863
   macro avg   0.750682  0.750371  0.748355       863
weighted avg   0.751162  0.749710  0.748403       863

[[207  49  17  17]
 [ 23 176   3   6]
 [ 22   8 148  13]
 [ 20   9  29 116]]
The best result ----------
WA: 75.8980%, UA: 76.1735%, macro f1: 75.6617%, weighted f1: 75.8013%
--------------------------
epoch: 45, lr: 9.447e-05, loss: 0.4887
1336.8278413999997
              precision    recall  f1-score   support

     neutral   0.764493  0.727586  0.745583       290
       happy   0.732218  0.841346  0.782998       208
         sad   0.790960  0.732984  0.760870       191
       angry   0.725146  0.712644  0.718841       174

    accuracy                       0.753187       863
   macro avg   0.753204  0.753640  0.752073       863
weighted avg   0.754639  0.753187  0.752592       863

[[211  46  10  23]
 [ 22 175   3   8]
 [ 25  10 140  16]
 [ 18   8  24 124]]
The best result ----------
WA: 75.8980%, UA: 76.1735%, macro f1: 75.6617%, weighted f1: 75.8013%
--------------------------
epoch: 46, lr: 8.974e-05, loss: 0.489
1367.8254915999996
              precision    recall  f1-score   support

     neutral   0.747331  0.724138  0.735552       290
       happy   0.739316  0.831731  0.782805       208
         sad   0.793296  0.743455  0.767568       191
       angry   0.721893  0.701149  0.711370       174

    accuracy                       0.749710       863
   macro avg   0.750459  0.750118  0.749324       863
weighted avg   0.750444  0.749710  0.749151       863

[[210  45  11  24]
 [ 25 173   3   7]
 [ 25   8 142  16]
 [ 21   8  23 122]]
The best result ----------
WA: 75.8980%, UA: 76.1735%, macro f1: 75.6617%, weighted f1: 75.8013%
--------------------------
epoch: 47, lr: 8.526e-05, loss: 0.4612
1398.8624427999996
              precision    recall  f1-score   support

     neutral   0.753846  0.675862  0.712727       290
       happy   0.727273  0.846154  0.782222       208
         sad   0.775401  0.759162  0.767196       191
       angry   0.706897  0.706897  0.706897       174

    accuracy                       0.741599       863
   macro avg   0.740854  0.747019  0.742260       863
weighted avg   0.742746  0.741599  0.740356       863

[[196  54  13  27]
 [ 20 176   4   8]
 [ 25   5 145  16]
 [ 19   7  25 123]]
The best result ----------
WA: 75.8980%, UA: 76.1735%, macro f1: 75.6617%, weighted f1: 75.8013%
--------------------------
epoch: 48, lr: 8.099e-05, loss: 0.4825
1430.0037595999997
              precision    recall  f1-score   support

     neutral   0.738182  0.700000  0.718584       290
       happy   0.744681  0.841346  0.790068       208
         sad   0.764398  0.764398  0.764398       191
       angry   0.716049  0.666667  0.690476       174

    accuracy                       0.741599       863
   macro avg   0.740827  0.743103  0.740881       863
weighted avg   0.741088  0.741599  0.740285       863

[[203  47  14  26]
 [ 23 175   2   8]
 [ 27   6 146  12]
 [ 22   7  29 116]]
The best result ----------
WA: 75.8980%, UA: 76.1735%, macro f1: 75.6617%, weighted f1: 75.8013%
--------------------------
epoch: 49, lr: 7.694e-05, loss: 0.4868
1461.2190503
              precision    recall  f1-score   support

     neutral   0.759398  0.696552  0.726619       290
       happy   0.721311  0.846154  0.778761       208
         sad   0.780749  0.764398  0.772487       191
       angry   0.746988  0.712644  0.729412       174

    accuracy                       0.750869       863
   macro avg   0.752112  0.754937  0.751820       863
weighted avg   0.752442  0.750869  0.749901       863

[[202  53  14  21]
 [ 20 176   4   8]
 [ 24   8 146  13]
 [ 20   7  23 124]]
The best result ----------
WA: 75.8980%, UA: 76.1735%, macro f1: 75.6617%, weighted f1: 75.8013%
--------------------------
