epoch: 0, lr: 0.00095, loss: 1.149
27.2847273
              precision    recall  f1-score   support

     neutral   0.628676  0.602113  0.615108       284
       happy   0.733728  0.590476  0.654354       210
         sad   0.676136  0.643243  0.659280       185
       angry   0.487805  0.652174  0.558140       184

    accuracy                       0.618772       863
   macro avg   0.631586  0.622002  0.621720       863
weighted avg   0.634378  0.618772  0.621981       863

[[171  36  14  63]
 [ 59 124   4  23]
 [ 21   5 119  40]
 [ 21   4  39 120]]
The best result ----------
WA: 61.8772%, UA: 62.2002%, macro f1: 62.1720%, weighted f1: 62.1981%
--------------------------
epoch: 1, lr: 0.0009025, loss: 1.034
51.18232760000001
              precision    recall  f1-score   support

     neutral   0.732394  0.549296  0.627767       284
       happy   0.671937  0.809524  0.734341       210
         sad   0.616505  0.686486  0.649616       185
       angry   0.534031  0.554348  0.544000       184

    accuracy                       0.643105       863
   macro avg   0.638717  0.649913  0.638931       863
weighted avg   0.650547  0.643105  0.640524       863

[[156  61  21  46]
 [ 22 170   4  14]
 [ 17  12 127  29]
 [ 18  10  54 102]]
The best result ----------
WA: 64.3105%, UA: 64.9913%, macro f1: 63.8931%, weighted f1: 64.0524%
--------------------------
epoch: 2, lr: 0.0008574, loss: 0.9468
66.6956827
              precision    recall  f1-score   support

     neutral   0.755208  0.510563  0.609244       284
       happy   0.656126  0.790476  0.717063       210
         sad   0.563830  0.859459  0.680942       185
       angry   0.632353  0.467391  0.537500       184

    accuracy                       0.644264       863
   macro avg   0.651879  0.656973  0.636187       863
weighted avg   0.663879  0.644264  0.635553       863

[[145  64  41  34]
 [ 26 166  10   8]
 [  7  11 159   8]
 [ 14  12  72  86]]
The best result ----------
WA: 64.4264%, UA: 65.6973%, macro f1: 63.6187%, weighted f1: 63.5553%
--------------------------
epoch: 3, lr: 0.0008145, loss: 0.8654
82.3821889
              precision    recall  f1-score   support

     neutral   0.776596  0.514085  0.618644       284
       happy   0.636678  0.876190  0.737475       210
         sad   0.751724  0.589189  0.660606       185
       angry   0.609959  0.798913  0.691765       184

    accuracy                       0.679027       863
   macro avg   0.693739  0.694594  0.677122       863
weighted avg   0.701688  0.679027  0.672145       863

[[146  78  19  41]
 [ 14 184   4   8]
 [ 13  18 109  45]
 [ 15   9  13 147]]
The best result ----------
WA: 67.9027%, UA: 69.4594%, macro f1: 67.7122%, weighted f1: 67.2145%
--------------------------
epoch: 4, lr: 0.0007738, loss: 0.7856
98.1050364
              precision    recall  f1-score   support

     neutral   0.660317  0.732394  0.694491       284
       happy   0.703390  0.790476  0.744395       210
         sad   0.739645  0.675676  0.706215       185
       angry   0.727273  0.565217  0.636086       184

    accuracy                       0.698725       863
   macro avg   0.707656  0.690941  0.695296       863
weighted avg   0.702079  0.698725  0.696695       863

[[208  51  13  12]
 [ 38 166   2   4]
 [ 26  11 125  23]
 [ 43   8  29 104]]
The best result ----------
WA: 69.8725%, UA: 69.0941%, macro f1: 69.5296%, weighted f1: 69.6695%
--------------------------
epoch: 5, lr: 0.0007351, loss: 0.7184
113.3562478
              precision    recall  f1-score   support

     neutral   0.713693  0.605634  0.655238       284
       happy   0.753623  0.742857  0.748201       210
         sad   0.560440  0.827027  0.668122       185
       angry   0.654930  0.505435  0.570552       184

    accuracy                       0.665122       863
   macro avg   0.670671  0.670238  0.660528       863
weighted avg   0.678028  0.665122  0.662566       863

[[172  42  42  28]
 [ 36 156  11   7]
 [ 15   3 153  14]
 [ 18   6  67  93]]
The best result ----------
WA: 69.8725%, UA: 69.0941%, macro f1: 69.5296%, weighted f1: 69.6695%
--------------------------
epoch: 6, lr: 0.0006983, loss: 0.6607
128.6540574
              precision    recall  f1-score   support

     neutral   0.653722  0.711268  0.681282       284
       happy   0.784884  0.642857  0.706806       210
         sad   0.617391  0.767568  0.684337       185
       angry   0.684211  0.565217  0.619048       184

    accuracy                       0.675550       863
   macro avg   0.685052  0.671727  0.672868       863
weighted avg   0.684351  0.675550  0.674879       863

[[202  29  29  24]
 [ 58 135   9   8]
 [ 23   4 142  16]
 [ 26   4  50 104]]
The best result ----------
WA: 69.8725%, UA: 69.0941%, macro f1: 69.5296%, weighted f1: 69.6695%
--------------------------
epoch: 7, lr: 0.0006634, loss: 0.6101
144.4044752
              precision    recall  f1-score   support

     neutral   0.740602  0.693662  0.716364       284
       happy   0.700820  0.814286  0.753304       210
         sad   0.728261  0.724324  0.726287       185
       angry   0.698225  0.641304  0.668555       184

    accuracy                       0.718424       863
   macro avg   0.716977  0.718394  0.716128       863
weighted avg   0.719241  0.718424  0.717287       863

[[197  51  14  22]
 [ 28 171   4   7]
 [ 19  10 134  22]
 [ 22  12  32 118]]
The best result ----------
WA: 71.8424%, UA: 71.8394%, macro f1: 71.6128%, weighted f1: 71.7287%
--------------------------
epoch: 8, lr: 0.0006302, loss: 0.5807
159.9049713
              precision    recall  f1-score   support

     neutral   0.717557  0.661972  0.688645       284
       happy   0.675676  0.833333  0.746269       210
         sad   0.748538  0.691892  0.719101       185
       angry   0.713450  0.663043  0.687324       184

    accuracy                       0.710313       863
   macro avg   0.713805  0.712560  0.710335       863
weighted avg   0.713132  0.710313  0.708914       863

[[188  63  11  22]
 [ 27 175   4   4]
 [ 22  12 128  23]
 [ 25   9  28 122]]
The best result ----------
WA: 71.8424%, UA: 71.8394%, macro f1: 71.6128%, weighted f1: 71.7287%
--------------------------
epoch: 9, lr: 0.0005987, loss: 0.5777
175.1811673
              precision    recall  f1-score   support

     neutral   0.767123  0.591549  0.667992       284
       happy   0.649660  0.909524  0.757937       210
         sad   0.661836  0.740541  0.698980       185
       angry   0.713287  0.554348  0.623853       184

    accuracy                       0.692932       863
   macro avg   0.697976  0.698990  0.687190       863
weighted avg   0.704491  0.692932  0.687111       863

[[168  68  26  22]
 [ 12 191   4   3]
 [ 18  14 137  16]
 [ 21  21  40 102]]
The best result ----------
WA: 71.8424%, UA: 71.8394%, macro f1: 71.6128%, weighted f1: 71.7287%
--------------------------
epoch: 10, lr: 0.0005688, loss: 0.5593
190.56298710000002
              precision    recall  f1-score   support

     neutral   0.718254  0.637324  0.675373       284
       happy   0.652015  0.847619  0.737060       210
         sad   0.671429  0.762162  0.713924       185
       angry   0.765625  0.532609  0.628205       184

    accuracy                       0.692932       863
   macro avg   0.701831  0.694928  0.688641       863
weighted avg   0.702198  0.692932  0.688591       863

[[181  64  23  16]
 [ 23 178   7   2]
 [ 19  13 141  12]
 [ 29  18  39  98]]
The best result ----------
WA: 71.8424%, UA: 71.8394%, macro f1: 71.6128%, weighted f1: 71.7287%
--------------------------
epoch: 11, lr: 0.0005404, loss: 0.5589
206.05207280000002
              precision    recall  f1-score   support

     neutral   0.738589  0.626761  0.678095       284
       happy   0.782828  0.738095  0.759804       210
         sad   0.622490  0.837838  0.714286       185
       angry   0.662857  0.630435  0.646240       184

    accuracy                       0.699884       863
   macro avg   0.701691  0.708282  0.699606       863
weighted avg   0.708319  0.699884  0.698944       863

[[178  34  40  32]
 [ 36 155   8  11]
 [ 10   4 155  16]
 [ 17   5  46 116]]
The best result ----------
WA: 71.8424%, UA: 71.8394%, macro f1: 71.6128%, weighted f1: 71.7287%
--------------------------
epoch: 12, lr: 0.0005133, loss: 0.5335
221.42824780000004
              precision    recall  f1-score   support

     neutral   0.682119  0.725352  0.703072       284
       happy   0.690196  0.838095  0.756989       210
         sad   0.736264  0.724324  0.730245       185
       angry   0.790323  0.532609  0.636364       184

    accuracy                       0.711472       863
   macro avg   0.724725  0.705095  0.706667       863
weighted avg   0.718762  0.711472  0.707794       863

[[206  54  13  11]
 [ 28 176   3   3]
 [ 28  11 134  12]
 [ 40  14  32  98]]
The best result ----------
WA: 71.8424%, UA: 71.8394%, macro f1: 71.6128%, weighted f1: 71.7287%
--------------------------
epoch: 13, lr: 0.0004877, loss: 0.5441
236.82522140000006
              precision    recall  f1-score   support

     neutral   0.720930  0.654930  0.686347       284
       happy   0.685039  0.828571  0.750000       210
         sad   0.733696  0.729730  0.731707       185
       angry   0.712575  0.646739  0.678063       184

    accuracy                       0.711472       863
   macro avg   0.713060  0.714992  0.711529       863
weighted avg   0.713152  0.711472  0.709794       863

[[186  54  16  28]
 [ 29 174   3   4]
 [ 19  15 135  16]
 [ 24  11  30 119]]
The best result ----------
WA: 71.8424%, UA: 71.8394%, macro f1: 71.6128%, weighted f1: 71.7287%
--------------------------
epoch: 14, lr: 0.0004633, loss: 0.5307
252.11278580000007
              precision    recall  f1-score   support

     neutral   0.696552  0.711268  0.703833       284
       happy   0.733624  0.800000  0.765376       210
         sad   0.743169  0.735135  0.739130       185
       angry   0.745342  0.652174  0.695652       184

    accuracy                       0.725377       863
   macro avg   0.729672  0.724644  0.725998       863
weighted avg   0.725969  0.725377  0.724631       863

[[202  45  18  19]
 [ 34 168   3   5]
 [ 23   9 136  17]
 [ 31   7  26 120]]
The best result ----------
WA: 72.5377%, UA: 72.4644%, macro f1: 72.5998%, weighted f1: 72.4631%
--------------------------
epoch: 15, lr: 0.0004401, loss: 0.5301
267.38176970000006
              precision    recall  f1-score   support

     neutral   0.755459  0.609155  0.674464       284
       happy   0.716102  0.804762  0.757848       210
         sad   0.682243  0.789189  0.731830       185
       angry   0.695652  0.695652  0.695652       184

    accuracy                       0.713789       863
   macro avg   0.712364  0.724690  0.714948       863
weighted avg   0.717435  0.713789  0.711569       863

[[173  47  30  34]
 [ 28 169   9   4]
 [ 11  10 146  18]
 [ 17  10  29 128]]
The best result ----------
WA: 72.5377%, UA: 72.4644%, macro f1: 72.5998%, weighted f1: 72.4631%
--------------------------
epoch: 16, lr: 0.0004181, loss: 0.5215
282.77942700000006
              precision    recall  f1-score   support

     neutral   0.736626  0.630282  0.679317       284
       happy   0.720524  0.785714  0.751708       210
         sad   0.741379  0.697297  0.718663       185
       angry   0.649770  0.766304  0.703242       184

    accuracy                       0.711472       863
   macro avg   0.712075  0.719899  0.713233       863
weighted avg   0.715208  0.711472  0.710468       863

[[179  49  19  37]
 [ 31 165   5   9]
 [ 15  11 129  30]
 [ 18   4  21 141]]
The best result ----------
WA: 72.5377%, UA: 72.4644%, macro f1: 72.5998%, weighted f1: 72.4631%
--------------------------
epoch: 17, lr: 0.0003972, loss: 0.5257
298.27451550000006
              precision    recall  f1-score   support

     neutral   0.720472  0.644366  0.680297       284
       happy   0.711790  0.776190  0.742597       210
         sad   0.705882  0.778378  0.740360       185
       angry   0.698864  0.668478  0.683333       184

    accuracy                       0.710313       863
   macro avg   0.709252  0.716853  0.711647       863
weighted avg   0.710625  0.710313  0.708980       863

[[183  51  25  25]
 [ 33 163   5   9]
 [ 17   5 144  19]
 [ 21  10  30 123]]
The best result ----------
WA: 72.5377%, UA: 72.4644%, macro f1: 72.5998%, weighted f1: 72.4631%
--------------------------
epoch: 18, lr: 0.0003774, loss: 0.5036
317.41507470000005
              precision    recall  f1-score   support

     neutral   0.748936  0.619718  0.678227       284
       happy   0.681275  0.814286  0.741866       210
         sad   0.730769  0.718919  0.724796       185
       angry   0.666667  0.706522  0.686016       184

    accuracy                       0.706837       863
   macro avg   0.706912  0.714861  0.707726       863
weighted avg   0.711037  0.706837  0.705356       863

[[176  54  18  36]
 [ 27 171   4   8]
 [ 16  15 133  21]
 [ 16  11  27 130]]
The best result ----------
WA: 72.5377%, UA: 72.4644%, macro f1: 72.5998%, weighted f1: 72.4631%
--------------------------
epoch: 19, lr: 0.0003585, loss: 0.508
342.4507591000001
              precision    recall  f1-score   support

     neutral   0.720000  0.697183  0.708408       284
       happy   0.725410  0.842857  0.779736       210
         sad   0.700000  0.794595  0.744304       185
       angry   0.746269  0.543478  0.628931       184

    accuracy                       0.720742       863
   macro avg   0.722920  0.719528  0.715345       863
weighted avg   0.722630  0.720742  0.716514       863

[[198  47  19  20]
 [ 25 177   4   4]
 [ 17  11 147  10]
 [ 35   9  40 100]]
The best result ----------
WA: 72.5377%, UA: 72.4644%, macro f1: 72.5998%, weighted f1: 72.4631%
--------------------------
epoch: 20, lr: 0.0003406, loss: 0.5202
367.1760556000001
              precision    recall  f1-score   support

     neutral   0.693662  0.693662  0.693662       284
       happy   0.725322  0.804762  0.762980       210
         sad   0.773810  0.702703  0.736544       185
       angry   0.724719  0.701087  0.712707       184

    accuracy                       0.724218       863
   macro avg   0.729378  0.725553  0.726473       863
weighted avg   0.725169  0.724218  0.723783       863

[[197  46  15  26]
 [ 32 169   4   5]
 [ 25  12 130  18]
 [ 30   6  19 129]]
The best result ----------
WA: 72.5377%, UA: 72.4644%, macro f1: 72.5998%, weighted f1: 72.4631%
--------------------------
epoch: 21, lr: 0.0003235, loss: 0.5037
391.8771980000001
              precision    recall  f1-score   support

     neutral   0.690647  0.676056  0.683274       284
       happy   0.754630  0.776190  0.765258       210
         sad   0.718750  0.745946  0.732095       185
       angry   0.683616  0.657609  0.670360       184

    accuracy                       0.711472       863
   macro avg   0.711911  0.713950  0.712747       863
weighted avg   0.710742  0.711472  0.710936       863

[[192  40  21  31]
 [ 37 163   3   7]
 [ 22   7 138  18]
 [ 27   6  30 121]]
The best result ----------
WA: 72.5377%, UA: 72.4644%, macro f1: 72.5998%, weighted f1: 72.4631%
--------------------------
epoch: 22, lr: 0.0003074, loss: 0.4932
409.7335998000001
              precision    recall  f1-score   support

     neutral   0.722656  0.651408  0.685185       284
       happy   0.755981  0.752381  0.754177       210
         sad   0.707071  0.756757  0.731070       185
       angry   0.655000  0.711957  0.682292       184

    accuracy                       0.711472       863
   macro avg   0.710177  0.718126  0.713181       863
weighted avg   0.712999  0.711472  0.711193       863

[[185  40  23  36]
 [ 36 158   5  11]
 [ 17   6 140  22]
 [ 18   5  30 131]]
The best result ----------
WA: 72.5377%, UA: 72.4644%, macro f1: 72.5998%, weighted f1: 72.4631%
--------------------------
epoch: 23, lr: 0.000292, loss: 0.5098
424.9958005000001
              precision    recall  f1-score   support

     neutral   0.732283  0.654930  0.691450       284
       happy   0.744395  0.790476  0.766744       210
         sad   0.766082  0.708108  0.735955       185
       angry   0.641860  0.750000  0.691729       184

    accuracy                       0.719583       863
   macro avg   0.721155  0.725878  0.721469       863
weighted avg   0.723197  0.719583  0.719372       863

[[186  46  14  38]
 [ 30 166   5   9]
 [ 18   6 131  30]
 [ 20   5  21 138]]
The best result ----------
WA: 72.5377%, UA: 72.4644%, macro f1: 72.5998%, weighted f1: 72.4631%
--------------------------
epoch: 24, lr: 0.0002774, loss: 0.4949
440.5153705000001
              precision    recall  f1-score   support

     neutral   0.722846  0.679577  0.700544       284
       happy   0.740088  0.800000  0.768879       210
         sad   0.687204  0.783784  0.732323       185
       angry   0.702532  0.603261  0.649123       184

    accuracy                       0.714948       863
   macro avg   0.713167  0.716656  0.712717       863
weighted avg   0.715070  0.714948  0.713021       863

[[193  46  20  25]
 [ 29 168   6   7]
 [ 18   7 145  15]
 [ 27   6  40 111]]
The best result ----------
WA: 72.5377%, UA: 72.4644%, macro f1: 72.5998%, weighted f1: 72.4631%
--------------------------
epoch: 25, lr: 0.0002635, loss: 0.4803
455.90248470000006
              precision    recall  f1-score   support

     neutral   0.735683  0.588028  0.653620       284
       happy   0.728070  0.790476  0.757991       210
         sad   0.686364  0.816216  0.745679       185
       angry   0.680851  0.695652  0.688172       184

    accuracy                       0.709154       863
   macro avg   0.707742  0.722593  0.711366       863
weighted avg   0.711567  0.709154  0.706119       863

[[167  52  28  37]
 [ 29 166   9   6]
 [ 13   4 151  17]
 [ 18   6  32 128]]
The best result ----------
WA: 72.5377%, UA: 72.4644%, macro f1: 72.5998%, weighted f1: 72.4631%
--------------------------
epoch: 26, lr: 0.0002503, loss: 0.4871
471.5796617000001
              precision    recall  f1-score   support

     neutral   0.733068  0.647887  0.687850       284
       happy   0.719665  0.819048  0.766147       210
         sad   0.706468  0.767568  0.735751       185
       angry   0.726744  0.679348  0.702247       184

    accuracy                       0.721900       863
   macro avg   0.721486  0.728463  0.722999       863
weighted avg   0.722756  0.721900  0.720241       863

[[184  51  23  26]
 [ 30 172   4   4]
 [ 16  10 142  17]
 [ 21   6  32 125]]
The best result ----------
WA: 72.1900%, UA: 72.8463%, macro f1: 72.2999%, weighted f1: 72.0241%
--------------------------
epoch: 27, lr: 0.0002378, loss: 0.4967
486.88184130000013
              precision    recall  f1-score   support

     neutral   0.682274  0.718310  0.699828       284
       happy   0.714876  0.823810  0.765487       210
         sad   0.700000  0.718919  0.709333       185
       angry   0.734848  0.527174  0.613924       184

    accuracy                       0.703360       863
   macro avg   0.708000  0.697053  0.697143       863
weighted avg   0.705217  0.703360  0.699527       863

[[204  48  15  17]
 [ 30 173   3   4]
 [ 26  12 133  14]
 [ 39   9  39  97]]
The best result ----------
WA: 72.1900%, UA: 72.8463%, macro f1: 72.2999%, weighted f1: 72.0241%
--------------------------
epoch: 28, lr: 0.0002259, loss: 0.4709
502.2192511000002
              precision    recall  f1-score   support

     neutral   0.748031  0.669014  0.706320       284
       happy   0.730769  0.814286  0.770270       210
         sad   0.715736  0.762162  0.738220       185
       angry   0.713483  0.690217  0.701657       184

    accuracy                       0.728853       863
   macro avg   0.727005  0.733920  0.729117       863
weighted avg   0.729542  0.728853  0.727726       863

[[190  47  20  27]
 [ 28 171   4   7]
 [ 18   9 141  17]
 [ 18   7  32 127]]
The best result ----------
WA: 72.8853%, UA: 73.3920%, macro f1: 72.9117%, weighted f1: 72.7726%
--------------------------
epoch: 29, lr: 0.0002146, loss: 0.5014
517.6173293000002
              precision    recall  f1-score   support

     neutral   0.693811  0.750000  0.720812       284
       happy   0.751152  0.776190  0.763466       210
         sad   0.698565  0.789189  0.741117       185
       angry   0.761538  0.538043  0.630573       184

    accuracy                       0.719583       863
   macro avg   0.726267  0.713356  0.713992       863
weighted avg   0.723223  0.719583  0.716304       863

[[213  37  17  17]
 [ 38 163   5   4]
 [ 21   8 146  10]
 [ 35   9  41  99]]
The best result ----------
WA: 72.8853%, UA: 73.3920%, macro f1: 72.9117%, weighted f1: 72.7726%
--------------------------
epoch: 30, lr: 0.0002039, loss: 0.4872
533.1804826000002
              precision    recall  f1-score   support

     neutral   0.727969  0.669014  0.697248       284
       happy   0.708000  0.842857  0.769565       210
         sad   0.702970  0.767568  0.733850       185
       angry   0.726667  0.592391  0.652695       184

    accuracy                       0.716107       863
   macro avg   0.716402  0.717958  0.713339       863
weighted avg   0.717473  0.716107  0.713192       863

[[190  51  19  24]
 [ 25 177   5   3]
 [ 19  10 142  14]
 [ 27  12  36 109]]
The best result ----------
WA: 72.8853%, UA: 73.3920%, macro f1: 72.9117%, weighted f1: 72.7726%
--------------------------
epoch: 31, lr: 0.0001937, loss: 0.4821
548.5525072000003
              precision    recall  f1-score   support

     neutral   0.761134  0.661972  0.708098       284
       happy   0.727273  0.838095  0.778761       210
         sad   0.722222  0.772973  0.746736       185
       angry   0.721591  0.690217  0.705556       184

    accuracy                       0.734647       863
   macro avg   0.733055  0.740814  0.734788       863
weighted avg   0.736122  0.734647  0.733034       863

[[188  51  20  25]
 [ 23 176   4   7]
 [ 17   8 143  17]
 [ 19   7  31 127]]
The best result ----------
WA: 73.4647%, UA: 74.0814%, macro f1: 73.4788%, weighted f1: 73.3034%
--------------------------
epoch: 32, lr: 0.000184, loss: 0.485
563.9045095000002
              precision    recall  f1-score   support

     neutral   0.736842  0.640845  0.685499       284
       happy   0.723404  0.809524  0.764045       210
         sad   0.656109  0.783784  0.714286       185
       angry   0.693750  0.603261  0.645349       184

    accuracy                       0.704519       863
   macro avg   0.702526  0.709353  0.702295       863
weighted avg   0.707078  0.704519  0.702223       863

[[182  53  22  27]
 [ 28 170   4   8]
 [ 19   7 145  14]
 [ 18   5  50 111]]
The best result ----------
WA: 73.4647%, UA: 74.0814%, macro f1: 73.4788%, weighted f1: 73.3034%
--------------------------
epoch: 33, lr: 0.0001748, loss: 0.5045
579.2210295000002
              precision    recall  f1-score   support

     neutral   0.735178  0.654930  0.692737       284
       happy   0.714876  0.823810  0.765487       210
         sad   0.672897  0.778378  0.721805       185
       angry   0.740260  0.619565  0.674556       184

    accuracy                       0.714948       863
   macro avg   0.715803  0.719171  0.713646       863
weighted avg   0.717970  0.714948  0.712795       863

[[186  52  26  20]
 [ 30 173   3   4]
 [ 17   8 144  16]
 [ 20   9  41 114]]
The best result ----------
WA: 73.4647%, UA: 74.0814%, macro f1: 73.4788%, weighted f1: 73.3034%
--------------------------
epoch: 34, lr: 0.0001661, loss: 0.4962
594.6121497000003
              precision    recall  f1-score   support

     neutral   0.726619  0.711268  0.718861       284
       happy   0.746781  0.828571  0.785553       210
         sad   0.725888  0.772973  0.748691       185
       angry   0.748387  0.630435  0.684366       184

    accuracy                       0.735805       863
   macro avg   0.736919  0.735812  0.734368       863
weighted avg   0.736010  0.735805  0.734130       863

[[202  43  20  19]
 [ 28 174   3   5]
 [ 20   7 143  15]
 [ 28   9  31 116]]
The best result ----------
WA: 73.4647%, UA: 74.0814%, macro f1: 73.4788%, weighted f1: 73.3034%
--------------------------
epoch: 35, lr: 0.0001578, loss: 0.4792
609.9131076000002
              precision    recall  f1-score   support

     neutral   0.758621  0.619718  0.682171       284
       happy   0.739496  0.838095  0.785714       210
         sad   0.653333  0.794595  0.717073       185
       angry   0.696429  0.635870  0.664773       184

    accuracy                       0.713789       863
   macro avg   0.711970  0.722069  0.712433       863
weighted avg   0.718137  0.713789  0.711139       863

[[176  49  32  27]
 [ 23 176   3   8]
 [ 15   7 147  16]
 [ 18   6  43 117]]
The best result ----------
WA: 73.4647%, UA: 74.0814%, macro f1: 73.4788%, weighted f1: 73.3034%
--------------------------
epoch: 36, lr: 0.0001499, loss: 0.4758
625.2041046000002
              precision    recall  f1-score   support

     neutral   0.767857  0.605634  0.677165       284
       happy   0.712551  0.838095  0.770241       210
         sad   0.674419  0.783784  0.725000       185
       angry   0.672316  0.646739  0.659280       184

    accuracy                       0.709154       863
   macro avg   0.706786  0.718563  0.707921       863
weighted avg   0.713999  0.709154  0.706255       863

[[172  55  25  32]
 [ 20 176   5   9]
 [ 15   8 145  17]
 [ 17   8  40 119]]
The best result ----------
WA: 73.4647%, UA: 74.0814%, macro f1: 73.4788%, weighted f1: 73.3034%
--------------------------
epoch: 37, lr: 0.0001424, loss: 0.482
640.6093224000002
              precision    recall  f1-score   support

     neutral   0.722846  0.679577  0.700544       284
       happy   0.735931  0.809524  0.770975       210
         sad   0.707317  0.783784  0.743590       185
       angry   0.712500  0.619565  0.662791       184

    accuracy                       0.720742       863
   macro avg   0.719649  0.723113  0.719475       863
weighted avg   0.720495  0.720742  0.718861       863

[[193  48  19  24]
 [ 29 170   6   5]
 [ 19   4 145  17]
 [ 26   9  35 114]]
The best result ----------
WA: 73.4647%, UA: 74.0814%, macro f1: 73.4788%, weighted f1: 73.3034%
--------------------------
epoch: 38, lr: 0.0001353, loss: 0.4784
656.5027907000002
              precision    recall  f1-score   support

     neutral   0.739669  0.630282  0.680608       284
       happy   0.742358  0.809524  0.774487       210
         sad   0.729167  0.756757  0.742706       185
       angry   0.650000  0.706522  0.677083       184

    accuracy                       0.717265       863
   macro avg   0.715299  0.725771  0.718721       863
weighted avg   0.718954  0.717265  0.716013       863

[[179  47  20  38]
 [ 29 170   4   7]
 [ 15   5 140  25]
 [ 19   7  28 130]]
The best result ----------
WA: 73.4647%, UA: 74.0814%, macro f1: 73.4788%, weighted f1: 73.3034%
--------------------------
epoch: 39, lr: 0.0001285, loss: 0.4847
671.8644636000002
              precision    recall  f1-score   support

     neutral   0.743697  0.623239  0.678161       284
       happy   0.755656  0.795238  0.774942       210
         sad   0.668182  0.794595  0.725926       185
       angry   0.684783  0.684783  0.684783       184

    accuracy                       0.714948       863
   macro avg   0.713080  0.724464  0.715953       863
weighted avg   0.717858  0.714948  0.713362       863

[[177  46  28  33]
 [ 28 167   8   7]
 [ 16   4 147  18]
 [ 17   4  37 126]]
The best result ----------
WA: 73.4647%, UA: 74.0814%, macro f1: 73.4788%, weighted f1: 73.3034%
--------------------------
epoch: 40, lr: 0.0001221, loss: 0.4675
687.7818022000002
              precision    recall  f1-score   support

     neutral   0.730159  0.647887  0.686567       284
       happy   0.725738  0.819048  0.769575       210
         sad   0.671296  0.783784  0.723192       185
       angry   0.740506  0.635870  0.684211       184

    accuracy                       0.716107       863
   macro avg   0.716925  0.721647  0.715886       863
weighted avg   0.718671  0.716107  0.714115       863

[[184  52  26  22]
 [ 26 172   6   6]
 [ 21   6 145  13]
 [ 21   7  39 117]]
The best result ----------
WA: 73.4647%, UA: 74.0814%, macro f1: 73.4788%, weighted f1: 73.3034%
--------------------------
epoch: 41, lr: 0.000116, loss: 0.4721
704.2599990000002
              precision    recall  f1-score   support

     neutral   0.735772  0.637324  0.683019       284
       happy   0.723849  0.823810  0.770601       210
         sad   0.710145  0.794595  0.750000       185
       angry   0.719298  0.668478  0.692958       184

    accuracy                       0.723059       863
   macro avg   0.722266  0.731052  0.724144       863
weighted avg   0.723865  0.723059  0.720809       863

[[181  51  24  28]
 [ 25 173   5   7]
 [ 18   7 147  13]
 [ 22   8  31 123]]
The best result ----------
WA: 73.4647%, UA: 74.0814%, macro f1: 73.4788%, weighted f1: 73.3034%
--------------------------
epoch: 42, lr: 0.0001102, loss: 0.4872
719.6795635000003
              precision    recall  f1-score   support

     neutral   0.742739  0.630282  0.681905       284
       happy   0.725410  0.842857  0.779736       210
         sad   0.710784  0.783784  0.745501       185
       angry   0.706897  0.668478  0.687151       184

    accuracy                       0.723059       863
   macro avg   0.721457  0.731350  0.723573       863
weighted avg   0.724030  0.723059  0.720462       863

[[179  51  25  29]
 [ 23 177   3   7]
 [ 18   7 145  15]
 [ 21   9  31 123]]
The best result ----------
WA: 73.4647%, UA: 74.0814%, macro f1: 73.4788%, weighted f1: 73.3034%
--------------------------
epoch: 43, lr: 0.0001047, loss: 0.4668
735.0800430000004
              precision    recall  f1-score   support

     neutral   0.746032  0.661972  0.701493       284
       happy   0.731915  0.819048  0.773034       210
         sad   0.721393  0.783784  0.751295       185
       angry   0.720000  0.684783  0.701950       184

    accuracy                       0.731170       863
   macro avg   0.729835  0.737396  0.731943       863
weighted avg   0.731765  0.731170  0.729675       863

[[188  51  22  23]
 [ 25 172   4   9]
 [ 18   5 145  17]
 [ 21   7  30 126]]
The best result ----------
WA: 73.4647%, UA: 74.0814%, macro f1: 73.4788%, weighted f1: 73.3034%
--------------------------
epoch: 44, lr: 9.944e-05, loss: 0.4717
750.6139480000004
              precision    recall  f1-score   support

     neutral   0.705674  0.700704  0.703180       284
       happy   0.738197  0.819048  0.776524       210
         sad   0.727273  0.778378  0.751958       185
       angry   0.733333  0.597826  0.658683       184

    accuracy                       0.724218       863
   macro avg   0.726119  0.723989  0.722586       863
weighted avg   0.724115  0.724218  0.721997       863

[[199  45  20  20]
 [ 28 172   4   6]
 [ 21   6 144  14]
 [ 34  10  30 110]]
The best result ----------
WA: 73.4647%, UA: 74.0814%, macro f1: 73.4788%, weighted f1: 73.3034%
--------------------------
epoch: 45, lr: 9.447e-05, loss: 0.4594
766.0297049000004
              precision    recall  f1-score   support

     neutral   0.734127  0.651408  0.690299       284
       happy   0.737991  0.804762  0.769932       210
         sad   0.760870  0.756757  0.758808       185
       angry   0.691919  0.744565  0.717277       184

    accuracy                       0.731170       863
   macro avg   0.731227  0.739373  0.734079       863
weighted avg   0.731801  0.731170  0.730115       863

[[185  49  18  32]
 [ 30 169   4   7]
 [ 17   6 140  22]
 [ 20   5  22 137]]
The best result ----------
WA: 73.4647%, UA: 74.0814%, macro f1: 73.4788%, weighted f1: 73.3034%
--------------------------
epoch: 46, lr: 8.974e-05, loss: 0.4706
781.4199015000004
              precision    recall  f1-score   support

     neutral   0.734940  0.644366  0.686679       284
       happy   0.740260  0.814286  0.775510       210
         sad   0.721154  0.810811  0.763359       185
       angry   0.714286  0.679348  0.696379       184

    accuracy                       0.728853       863
   macro avg   0.727660  0.737203  0.730482       863
weighted avg   0.728875  0.728853  0.726801       863

[[183  49  23  29]
 [ 28 171   6   5]
 [ 15   4 150  16]
 [ 23   7  29 125]]
The best result ----------
WA: 73.4647%, UA: 74.0814%, macro f1: 73.4788%, weighted f1: 73.3034%
--------------------------
epoch: 47, lr: 8.526e-05, loss: 0.4636
796.7965288000004
              precision    recall  f1-score   support

     neutral   0.757576  0.616197  0.679612       284
       happy   0.728814  0.819048  0.771300       210
         sad   0.596899  0.832432  0.695260       185
       angry   0.724638  0.543478  0.621118       184

    accuracy                       0.696408       863
   macro avg   0.701982  0.702789  0.691822       863
weighted avg   0.709110  0.696408  0.692806       863

[[175  51  38  20]
 [ 23 172   9   6]
 [ 14   5 154  12]
 [ 19   8  57 100]]
The best result ----------
WA: 73.4647%, UA: 74.0814%, macro f1: 73.4788%, weighted f1: 73.3034%
--------------------------
epoch: 48, lr: 8.099e-05, loss: 0.4689
812.2381047000003
              precision    recall  f1-score   support

     neutral   0.704380  0.679577  0.691756       284
       happy   0.748899  0.809524  0.778032       210
         sad   0.737374  0.789189  0.762402       185
       angry   0.713415  0.635870  0.672414       184

    accuracy                       0.725377       863
   macro avg   0.726017  0.728540  0.726151       863
weighted avg   0.724212  0.725377  0.723771       863

[[193  46  18  27]
 [ 31 170   4   5]
 [ 20   4 146  15]
 [ 30   7  30 117]]
The best result ----------
WA: 73.4647%, UA: 74.0814%, macro f1: 73.4788%, weighted f1: 73.3034%
--------------------------
epoch: 49, lr: 7.694e-05, loss: 0.4727
827.7009017000004
              precision    recall  f1-score   support

     neutral   0.717472  0.679577  0.698011       284
       happy   0.750000  0.785714  0.767442       210
         sad   0.732673  0.800000  0.764858       185
       angry   0.703488  0.657609  0.679775       184

    accuracy                       0.726535       863
   macro avg   0.725908  0.730725  0.727521       863
weighted avg   0.725665  0.726535  0.725348       863

[[193  45  19  27]
 [ 32 165   5   8]
 [ 17   4 148  16]
 [ 27   6  30 121]]
The best result ----------
WA: 73.4647%, UA: 74.0814%, macro f1: 73.4788%, weighted f1: 73.3034%
--------------------------
