epoch: 0, lr: 0.00095, loss: 1.211
30.1722981
              precision    recall  f1-score   support

     neutral   0.567335  0.687500  0.621664       288
       happy   0.643725  0.764423  0.698901       208
         sad   0.848214  0.450237  0.588235       211
       angry   0.425806  0.423077  0.424437       156

    accuracy                       0.600232       863
   macro avg   0.621270  0.581309  0.583309       863
weighted avg   0.628837  0.600232  0.596455       863

[[198  66   1  23]
 [ 41 159   0   8]
 [ 43  15  95  58]
 [ 67   7  16  66]]
The best result ----------
WA: 60.0232%, UA: 58.1309%, macro f1: 58.3309%, weighted f1: 59.6455%
--------------------------
epoch: 1, lr: 0.0009025, loss: 1.084
55.1793433
              precision    recall  f1-score   support

     neutral   0.756757  0.291667  0.421053       288
       happy   0.557927  0.879808  0.682836       208
         sad   0.622568  0.758294  0.683761       211
       angry   0.431138  0.461538  0.445820       156

    accuracy                       0.578216       863
   macro avg   0.592097  0.597827  0.558367       863
weighted avg   0.617166  0.578216  0.552856       863

[[ 84 111  40  53]
 [  4 183   3  18]
 [  8  19 160  24]
 [ 15  15  54  72]]
The best result ----------
WA: 60.0232%, UA: 58.1309%, macro f1: 58.3309%, weighted f1: 59.6455%
--------------------------
epoch: 2, lr: 0.0008574, loss: 1.017
70.8048708
              precision    recall  f1-score   support

     neutral   0.663082  0.642361  0.652557       288
       happy   0.764103  0.716346  0.739454       208
         sad   0.559748  0.843602  0.672968       211
       angry   0.647887  0.294872  0.405286       156

    accuracy                       0.646582       863
   macro avg   0.658705  0.624295  0.617566       863
weighted avg   0.659419  0.646582  0.633794       863

[[185  35  57  11]
 [ 41 149  10   8]
 [ 22   5 178   6]
 [ 31   6  73  46]]
The best result ----------
WA: 64.6582%, UA: 62.4295%, macro f1: 61.7566%, weighted f1: 63.3794%
--------------------------
epoch: 3, lr: 0.0008145, loss: 0.9491
86.2752954
              precision    recall  f1-score   support

     neutral   0.636103  0.770833  0.697017       288
       happy   0.754902  0.740385  0.747573       208
         sad   0.816568  0.654028  0.726316       211
       angry   0.567376  0.512821  0.538721       156

    accuracy                       0.688297       863
   macro avg   0.693737  0.669517  0.677407       863
weighted avg   0.696435  0.688297  0.687751       863

[[222  36   9  21]
 [ 44 154   2   8]
 [ 34   7 138  32]
 [ 49   7  20  80]]
The best result ----------
WA: 68.8297%, UA: 66.9517%, macro f1: 67.7407%, weighted f1: 68.7751%
--------------------------
epoch: 4, lr: 0.0007738, loss: 0.8687
101.7451406
              precision    recall  f1-score   support

     neutral   0.643678  0.777778  0.704403       288
       happy   0.783784  0.697115  0.737913       208
         sad   0.737705  0.639810  0.685279       211
       angry   0.585034  0.551282  0.567657       156

    accuracy                       0.683662       863
   macro avg   0.687550  0.666496  0.673813       863
weighted avg   0.689835  0.683662  0.683085       863

[[224  27  15  22]
 [ 54 145   2   7]
 [ 38   6 135  32]
 [ 32   7  31  86]]
The best result ----------
WA: 68.8297%, UA: 66.9517%, macro f1: 67.7407%, weighted f1: 68.7751%
--------------------------
epoch: 5, lr: 0.0007351, loss: 0.7848
117.2959796
              precision    recall  f1-score   support

     neutral   0.759336  0.635417  0.691871       288
       happy   0.742972  0.889423  0.809628       208
         sad   0.664000  0.786730  0.720174       211
       angry   0.674797  0.532051  0.594982       156

    accuracy                       0.714948       863
   macro avg   0.710276  0.710905  0.704164       863
weighted avg   0.716801  0.714948  0.709659       863

[[183  49  35  21]
 [ 14 185   4   5]
 [ 24   7 166  14]
 [ 20   8  45  83]]
The best result ----------
WA: 71.4948%, UA: 71.0905%, macro f1: 70.4164%, weighted f1: 70.9659%
--------------------------
epoch: 6, lr: 0.0006983, loss: 0.7084
140.09954520000002
              precision    recall  f1-score   support

     neutral   0.688811  0.684028  0.686411       288
       happy   0.721519  0.822115  0.768539       208
         sad   0.803922  0.582938  0.675824       211
       angry   0.550802  0.660256  0.600583       156

    accuracy                       0.688297       863
   macro avg   0.691263  0.687334  0.682839       863
weighted avg   0.699891  0.688297  0.688102       863

[[197  50   9  32]
 [ 31 171   2   4]
 [ 32   8 123  48]
 [ 26   8  19 103]]
The best result ----------
WA: 71.4948%, UA: 71.0905%, macro f1: 70.4164%, weighted f1: 70.9659%
--------------------------
epoch: 7, lr: 0.0006634, loss: 0.6595
156.63100050000003
              precision    recall  f1-score   support

     neutral   0.726562  0.645833  0.683824       288
       happy   0.750000  0.836538  0.790909       208
         sad   0.668050  0.763033  0.712389       211
       angry   0.611940  0.525641  0.565517       156

    accuracy                       0.698725       863
   macro avg   0.689138  0.692761  0.688160       863
weighted avg   0.697186  0.698725  0.695232       863

[[186  43  34  25]
 [ 23 174   5   6]
 [ 21   8 161  21]
 [ 26   7  41  82]]
The best result ----------
WA: 71.4948%, UA: 71.0905%, macro f1: 70.4164%, weighted f1: 70.9659%
--------------------------
epoch: 8, lr: 0.0006302, loss: 0.6058
181.97737030000002
              precision    recall  f1-score   support

     neutral   0.685801  0.788194  0.733441       288
       happy   0.796296  0.826923  0.811321       208
         sad   0.725490  0.701422  0.713253       211
       angry   0.714286  0.512821  0.597015       156

    accuracy                       0.726535       863
   macro avg   0.730468  0.707340  0.713757       863
weighted avg   0.727285  0.726535  0.722615       863

[[227  30  19  12]
 [ 30 172   3   3]
 [ 40   6 148  17]
 [ 34   8  34  80]]
The best result ----------
WA: 72.6535%, UA: 70.7340%, macro f1: 71.3757%, weighted f1: 72.2615%
--------------------------
epoch: 9, lr: 0.0005987, loss: 0.6063
207.22214910000002
              precision    recall  f1-score   support

     neutral   0.785047  0.583333  0.669323       288
       happy   0.751055  0.855769  0.800000       208
         sad   0.691983  0.777251  0.732143       211
       angry   0.554286  0.621795  0.586103       156

    accuracy                       0.703360       863
   macro avg   0.695593  0.709537  0.696892       863
weighted avg   0.712387  0.703360  0.701135       863

[[168  44  32  44]
 [ 15 178   3  12]
 [ 16   9 164  22]
 [ 15   6  38  97]]
The best result ----------
WA: 72.6535%, UA: 70.7340%, macro f1: 71.3757%, weighted f1: 72.2615%
--------------------------
epoch: 10, lr: 0.0005688, loss: 0.5808
232.72294290000002
              precision    recall  f1-score   support

     neutral   0.743494  0.694444  0.718133       288
       happy   0.683019  0.870192  0.765328       208
         sad   0.778947  0.701422  0.738155       211
       angry   0.676259  0.602564  0.637288       156

    accuracy                       0.721900       863
   macro avg   0.720430  0.717156  0.714726       863
weighted avg   0.725433  0.721900  0.719789       863

[[200  52  17  19]
 [ 25 181   1   1]
 [ 19  19 148  25]
 [ 25  13  24  94]]
The best result ----------
WA: 72.1900%, UA: 71.7156%, macro f1: 71.4726%, weighted f1: 71.9789%
--------------------------
epoch: 11, lr: 0.0005404, loss: 0.5677
258.2032919
              precision    recall  f1-score   support

     neutral   0.744856  0.628472  0.681733       288
       happy   0.725100  0.875000  0.793028       208
         sad   0.760638  0.677725  0.716792       211
       angry   0.585635  0.679487  0.629080       156

    accuracy                       0.709154       863
   macro avg   0.704057  0.715171  0.705158       863
weighted avg   0.715172  0.709154  0.707611       863

[[181  53  22  32]
 [ 20 182   1   5]
 [ 22   8 143  38]
 [ 20   8  22 106]]
The best result ----------
WA: 72.1900%, UA: 71.7156%, macro f1: 71.4726%, weighted f1: 71.9789%
--------------------------
epoch: 12, lr: 0.0005133, loss: 0.5557
283.5310515
              precision    recall  f1-score   support

     neutral   0.734082  0.680556  0.706306       288
       happy   0.747826  0.826923  0.785388       208
         sad   0.804348  0.701422  0.749367       211
       angry   0.604396  0.705128  0.650888       156

    accuracy                       0.725377       863
   macro avg   0.722663  0.728507  0.722987       863
weighted avg   0.731132  0.725377  0.725877       863

[[196  39  19  34]
 [ 27 172   1   8]
 [ 22  11 148  30]
 [ 22   8  16 110]]
The best result ----------
WA: 72.5377%, UA: 72.8507%, macro f1: 72.2987%, weighted f1: 72.5877%
--------------------------
epoch: 13, lr: 0.0004877, loss: 0.5494
308.9436739
              precision    recall  f1-score   support

     neutral   0.764940  0.666667  0.712430       288
       happy   0.753191  0.850962  0.799097       208
         sad   0.700893  0.744076  0.721839       211
       angry   0.627451  0.615385  0.621359       156

    accuracy                       0.720742       863
   macro avg   0.711619  0.719272  0.713681       863
weighted avg   0.721596  0.720742  0.719157       863

[[192  41  28  27]
 [ 22 177   3   6]
 [ 20  10 157  24]
 [ 17   7  36  96]]
The best result ----------
WA: 72.5377%, UA: 72.8507%, macro f1: 72.2987%, weighted f1: 72.5877%
--------------------------
epoch: 14, lr: 0.0004633, loss: 0.5392
334.32359870000005
              precision    recall  f1-score   support

     neutral   0.713805  0.736111  0.724786       288
       happy   0.816832  0.793269  0.804878       208
         sad   0.724891  0.786730  0.754545       211
       angry   0.666667  0.576923  0.618557       156

    accuracy                       0.733488       863
   macro avg   0.730548  0.723258  0.725692       863
weighted avg   0.732826  0.733488  0.732163       863

[[212  29  26  21]
 [ 32 165   2   9]
 [ 26   4 166  15]
 [ 27   4  35  90]]
The best result ----------
WA: 73.3488%, UA: 72.3258%, macro f1: 72.5692%, weighted f1: 73.2163%
--------------------------
epoch: 15, lr: 0.0004401, loss: 0.5466
359.80430250000006
              precision    recall  f1-score   support

     neutral   0.724014  0.701389  0.712522       288
       happy   0.826316  0.754808  0.788945       208
         sad   0.730594  0.758294  0.744186       211
       angry   0.588571  0.660256  0.622356       156

    accuracy                       0.720742       863
   macro avg   0.717374  0.718687  0.717002       863
weighted avg   0.725796  0.720742  0.722384       863

[[202  24  25  37]
 [ 36 157   3  12]
 [ 23   5 160  23]
 [ 18   4  31 103]]
The best result ----------
WA: 73.3488%, UA: 72.3258%, macro f1: 72.5692%, weighted f1: 73.2163%
--------------------------
epoch: 16, lr: 0.0004181, loss: 0.533
385.1999990000001
              precision    recall  f1-score   support

     neutral   0.768000  0.666667  0.713755       288
       happy   0.788546  0.860577  0.822989       208
         sad   0.712446  0.786730  0.747748       211
       angry   0.666667  0.653846  0.660194       156

    accuracy                       0.740440       863
   macro avg   0.733915  0.741955  0.736171       863
weighted avg   0.741052  0.740440  0.738711       863

[[192  34  31  31]
 [ 21 179   4   4]
 [ 21   8 166  16]
 [ 16   6  32 102]]
The best result ----------
WA: 74.0440%, UA: 74.1955%, macro f1: 73.6171%, weighted f1: 73.8711%
--------------------------
epoch: 17, lr: 0.0003972, loss: 0.5285
410.40440660000013
              precision    recall  f1-score   support

     neutral   0.736626  0.621528  0.674200       288
       happy   0.778281  0.826923  0.801865       208
         sad   0.709251  0.763033  0.735160       211
       angry   0.627907  0.692308  0.658537       156

    accuracy                       0.718424       863
   macro avg   0.713016  0.725948  0.717440       863
weighted avg   0.720320  0.718424  0.717043       863

[[179  36  36  37]
 [ 26 172   2   8]
 [ 23   8 161  19]
 [ 15   5  28 108]]
The best result ----------
WA: 74.0440%, UA: 74.1955%, macro f1: 73.6171%, weighted f1: 73.8711%
--------------------------
epoch: 18, lr: 0.0003774, loss: 0.5154
426.3548407000001
              precision    recall  f1-score   support

     neutral   0.705882  0.750000  0.727273       288
       happy   0.787037  0.817308  0.801887       208
         sad   0.800000  0.701422  0.747475       211
       angry   0.653846  0.653846  0.653846       156

    accuracy                       0.736964       863
   macro avg   0.736691  0.730644  0.732620       863
weighted avg   0.739047  0.736964  0.736923       863

[[216  33  16  23]
 [ 34 170   2   2]
 [ 27   7 148  29]
 [ 29   6  19 102]]
The best result ----------
WA: 74.0440%, UA: 74.1955%, macro f1: 73.6171%, weighted f1: 73.8711%
--------------------------
epoch: 19, lr: 0.0003585, loss: 0.5047
441.95070980000014
              precision    recall  f1-score   support

     neutral   0.685535  0.756944  0.719472       288
       happy   0.834286  0.701923  0.762402       208
         sad   0.802395  0.635071  0.708995       211
       angry   0.546798  0.711538  0.618384       156

    accuracy                       0.705678       863
   macro avg   0.717253  0.701369  0.702313       863
weighted avg   0.724880  0.705678  0.708984       863

[[218  23  13  34]
 [ 42 146   1  19]
 [ 34   4 134  39]
 [ 24   2  19 111]]
The best result ----------
WA: 74.0440%, UA: 74.1955%, macro f1: 73.6171%, weighted f1: 73.8711%
--------------------------
epoch: 20, lr: 0.0003406, loss: 0.5027
457.47696580000013
              precision    recall  f1-score   support

     neutral   0.755725  0.687500  0.720000       288
       happy   0.771300  0.826923  0.798144       208
         sad   0.770000  0.729858  0.749392       211
       angry   0.606742  0.692308  0.646707       156

    accuracy                       0.732329       863
   macro avg   0.725942  0.734147  0.728561       863
weighted avg   0.736038  0.732329  0.732771       863

[[198  38  18  34]
 [ 26 172   1   9]
 [ 21   9 154  27]
 [ 17   4  27 108]]
The best result ----------
WA: 74.0440%, UA: 74.1955%, macro f1: 73.6171%, weighted f1: 73.8711%
--------------------------
epoch: 21, lr: 0.0003235, loss: 0.506
473.11063120000017
              precision    recall  f1-score   support

     neutral   0.720848  0.708333  0.714536       288
       happy   0.759825  0.836538  0.796339       208
         sad   0.809524  0.644550  0.717678       211
       angry   0.612022  0.717949  0.660767       156

    accuracy                       0.725377       863
   macro avg   0.725555  0.726843  0.722330       863
weighted avg   0.732251  0.725377  0.725301       863

[[204  42  13  29]
 [ 27 174   0   7]
 [ 33   7 136  35]
 [ 19   6  19 112]]
The best result ----------
WA: 74.0440%, UA: 74.1955%, macro f1: 73.6171%, weighted f1: 73.8711%
--------------------------
epoch: 22, lr: 0.0003074, loss: 0.4953
488.66115230000025
              precision    recall  f1-score   support

     neutral   0.775862  0.625000  0.692308       288
       happy   0.758197  0.889423  0.818584       208
         sad   0.756098  0.734597  0.745192       211
       angry   0.626374  0.730769  0.674556       156

    accuracy                       0.734647       863
   macro avg   0.729132  0.744947  0.732660       863
weighted avg   0.739750  0.734647  0.732464       863

[[180  45  27  36]
 [ 18 185   0   5]
 [ 21   8 155  27]
 [ 13   6  23 114]]
The best result ----------
WA: 74.0440%, UA: 74.1955%, macro f1: 73.6171%, weighted f1: 73.8711%
--------------------------
epoch: 23, lr: 0.000292, loss: 0.4982
504.1969335000002
              precision    recall  f1-score   support

     neutral   0.766234  0.614583  0.682081       288
       happy   0.768889  0.831731  0.799076       208
         sad   0.769231  0.710900  0.738916       211
       angry   0.566038  0.769231  0.652174       156

    accuracy                       0.718424       863
   macro avg   0.717598  0.731611  0.718062       863
weighted avg   0.731418  0.718424  0.718769       863

[[177  40  23  48]
 [ 22 173   3  10]
 [ 18   9 150  34]
 [ 14   3  19 120]]
The best result ----------
WA: 74.0440%, UA: 74.1955%, macro f1: 73.6171%, weighted f1: 73.8711%
--------------------------
epoch: 24, lr: 0.0002774, loss: 0.5
519.8951800000003
              precision    recall  f1-score   support

     neutral   0.749141  0.756944  0.753022       288
       happy   0.817734  0.798077  0.807786       208
         sad   0.782383  0.715640  0.747525       211
       angry   0.625000  0.705128  0.662651       156

    accuracy                       0.747393       863
   macro avg   0.743565  0.743947  0.742746       863
weighted avg   0.751361  0.747393  0.748541       863

[[218  25  16  29]
 [ 29 166   3  10]
 [ 26   7 151  27]
 [ 18   5  23 110]]
The best result ----------
WA: 74.7393%, UA: 74.3947%, macro f1: 74.2746%, weighted f1: 74.8541%
--------------------------
epoch: 25, lr: 0.0002635, loss: 0.5057
535.4060405000002
              precision    recall  f1-score   support

     neutral   0.731293  0.746528  0.738832       288
       happy   0.823810  0.831731  0.827751       208
         sad   0.754808  0.744076  0.749403       211
       angry   0.655629  0.634615  0.644951       156

    accuracy                       0.746234       863
   macro avg   0.741385  0.739237  0.740234       863
weighted avg   0.745663  0.746234  0.745877       863

[[215  27  21  25]
 [ 27 173   3   5]
 [ 24   8 157  22]
 [ 28   2  27  99]]
The best result ----------
WA: 74.7393%, UA: 74.3947%, macro f1: 74.2746%, weighted f1: 74.8541%
--------------------------
epoch: 26, lr: 0.0002503, loss: 0.476
550.9105961000002
              precision    recall  f1-score   support

     neutral   0.708054  0.732639  0.720137       288
       happy   0.800948  0.812500  0.806683       208
         sad   0.751269  0.701422  0.725490       211
       angry   0.636943  0.641026  0.638978       156

    accuracy                       0.727694       863
   macro avg   0.724303  0.721897  0.722822       863
weighted avg   0.728155  0.727694  0.727634       863

[[211  32  21  24]
 [ 29 169   3   7]
 [ 30   7 148  26]
 [ 28   3  25 100]]
The best result ----------
WA: 74.7393%, UA: 74.3947%, macro f1: 74.2746%, weighted f1: 74.8541%
--------------------------
epoch: 27, lr: 0.0002378, loss: 0.5001
566.4118852000003
              precision    recall  f1-score   support

     neutral   0.703583  0.750000  0.726050       288
       happy   0.796296  0.826923  0.811321       208
         sad   0.751269  0.701422  0.725490       211
       angry   0.650350  0.596154  0.622074       156

    accuracy                       0.728853       863
   macro avg   0.725375  0.718625  0.721234       863
weighted avg   0.727965  0.728853  0.727670       863

[[216  33  19  20]
 [ 30 172   2   4]
 [ 29   8 148  26]
 [ 32   3  28  93]]
The best result ----------
WA: 74.7393%, UA: 74.3947%, macro f1: 74.2746%, weighted f1: 74.8541%
--------------------------
epoch: 28, lr: 0.0002259, loss: 0.5046
581.7917690000003
              precision    recall  f1-score   support

     neutral   0.682635  0.791667  0.733119       288
       happy   0.836735  0.788462  0.811881       208
         sad   0.764706  0.739336  0.751807       211
       angry   0.682171  0.564103  0.617544       156

    accuracy                       0.736964       863
   macro avg   0.741561  0.720892  0.728588       863
weighted avg   0.739758  0.736964  0.735780       863

[[228  22  18  20]
 [ 38 164   2   4]
 [ 34   4 156  17]
 [ 34   6  28  88]]
The best result ----------
WA: 74.7393%, UA: 74.3947%, macro f1: 74.2746%, weighted f1: 74.8541%
--------------------------
epoch: 29, lr: 0.0002146, loss: 0.489
597.1332404000002
              precision    recall  f1-score   support

     neutral   0.745387  0.701389  0.722719       288
       happy   0.765217  0.846154  0.803653       208
         sad   0.754717  0.758294  0.756501       211
       angry   0.686667  0.660256  0.673203       156

    accuracy                       0.742758       863
   macro avg   0.737997  0.741523  0.739019       863
weighted avg   0.741833  0.742758  0.741535       863

[[202  40  23  23]
 [ 26 176   3   3]
 [ 22   8 160  21]
 [ 21   6  26 103]]
The best result ----------
WA: 74.7393%, UA: 74.3947%, macro f1: 74.2746%, weighted f1: 74.8541%
--------------------------
epoch: 30, lr: 0.0002039, loss: 0.4915
612.4382478000002
              precision    recall  f1-score   support

     neutral   0.725275  0.687500  0.705882       288
       happy   0.760684  0.855769  0.805430       208
         sad   0.740909  0.772512  0.756381       211
       angry   0.683824  0.596154  0.636986       156

    accuracy                       0.732329       863
   macro avg   0.727673  0.727984  0.726170       863
weighted avg   0.730139  0.732329  0.729768       863

[[198  38  27  25]
 [ 26 178   1   3]
 [ 24   9 163  15]
 [ 25   9  29  93]]
The best result ----------
WA: 74.7393%, UA: 74.3947%, macro f1: 74.2746%, weighted f1: 74.8541%
--------------------------
epoch: 31, lr: 0.0001937, loss: 0.4907
627.7908742000002
              precision    recall  f1-score   support

     neutral   0.688073  0.781250  0.731707       288
       happy   0.857923  0.754808  0.803069       208
         sad   0.753488  0.767773  0.760563       211
       angry   0.652174  0.576923  0.612245       156

    accuracy                       0.734647       863
   macro avg   0.737915  0.720188  0.726896       863
weighted avg   0.738515  0.734647  0.734367       863

[[225  19  21  23]
 [ 41 157   3   7]
 [ 28   3 162  18]
 [ 33   4  29  90]]
The best result ----------
WA: 74.7393%, UA: 74.3947%, macro f1: 74.2746%, weighted f1: 74.8541%
--------------------------
epoch: 32, lr: 0.000184, loss: 0.4829
643.3144961000002
              precision    recall  f1-score   support

     neutral   0.689655  0.763889  0.724876       288
       happy   0.836842  0.764423  0.798995       208
         sad   0.771574  0.720379  0.745098       211
       angry   0.611465  0.615385  0.613419       156

    accuracy                       0.726535       863
   macro avg   0.727384  0.716019  0.720597       863
weighted avg   0.731025  0.726535  0.727537       863

[[220  24  17  27]
 [ 36 159   4   9]
 [ 29   5 152  25]
 [ 34   2  24  96]]
The best result ----------
WA: 74.7393%, UA: 74.3947%, macro f1: 74.2746%, weighted f1: 74.8541%
--------------------------
epoch: 33, lr: 0.0001748, loss: 0.4935
658.6524212000002
              precision    recall  f1-score   support

     neutral   0.733564  0.736111  0.734835       288
       happy   0.798122  0.817308  0.807601       208
         sad   0.778894  0.734597  0.756098       211
       angry   0.648148  0.673077  0.660377       156

    accuracy                       0.743917       863
   macro avg   0.739682  0.740273  0.739728       863
weighted avg   0.744767  0.743917  0.744112       863

[[212  29  20  27]
 [ 31 170   1   6]
 [ 23   9 155  24]
 [ 23   5  23 105]]
The best result ----------
WA: 74.7393%, UA: 74.3947%, macro f1: 74.2746%, weighted f1: 74.8541%
--------------------------
epoch: 34, lr: 0.0001661, loss: 0.4822
673.9362736000002
              precision    recall  f1-score   support

     neutral   0.804255  0.656250  0.722753       288
       happy   0.753086  0.879808  0.811530       208
         sad   0.751220  0.729858  0.740385       211
       angry   0.622222  0.717949  0.666667       156

    accuracy                       0.739282       863
   macro avg   0.732696  0.745966  0.735334       863
weighted avg   0.746050  0.739282  0.738323       863

[[189  42  24  33]
 [ 17 183   2   6]
 [ 18  10 154  29]
 [ 11   8  25 112]]
The best result ----------
WA: 74.7393%, UA: 74.3947%, macro f1: 74.2746%, weighted f1: 74.8541%
--------------------------
epoch: 35, lr: 0.0001578, loss: 0.4894
695.5229903000002
              precision    recall  f1-score   support

     neutral   0.711921  0.746528  0.728814       288
       happy   0.805825  0.798077  0.801932       208
         sad   0.772021  0.706161  0.737624       211
       angry   0.611111  0.634615  0.622642       156

    accuracy                       0.728853       863
   macro avg   0.725219  0.721345  0.722753       863
weighted avg   0.731025  0.728853  0.729399       863

[[215  28  17  28]
 [ 34 166   2   6]
 [ 26   7 149  29]
 [ 27   5  25  99]]
The best result ----------
WA: 74.7393%, UA: 74.3947%, macro f1: 74.2746%, weighted f1: 74.8541%
--------------------------
epoch: 36, lr: 0.0001499, loss: 0.4964
719.3369778000001
              precision    recall  f1-score   support

     neutral   0.739927  0.701389  0.720143       288
       happy   0.801980  0.778846  0.790244       208
         sad   0.762626  0.715640  0.738386       211
       angry   0.610526  0.743590  0.670520       156

    accuracy                       0.731170       863
   macro avg   0.728765  0.734866  0.729823       863
weighted avg   0.737042  0.731170  0.732529       863

[[202  30  23  33]
 [ 31 162   4  11]
 [ 24   6 151  30]
 [ 16   4  20 116]]
The best result ----------
WA: 74.7393%, UA: 74.3947%, macro f1: 74.2746%, weighted f1: 74.8541%
--------------------------
epoch: 37, lr: 0.0001424, loss: 0.4645
734.9624490000001
              precision    recall  f1-score   support

     neutral   0.717687  0.732639  0.725086       288
       happy   0.764444  0.826923  0.794457       208
         sad   0.776650  0.725118  0.750000       211
       angry   0.659864  0.621795  0.640264       156

    accuracy                       0.733488       863
   macro avg   0.729661  0.726619  0.727452       863
weighted avg   0.732920  0.733488  0.732564       863

[[211  36  18  23]
 [ 30 172   2   4]
 [ 25  10 153  23]
 [ 28   7  24  97]]
The best result ----------
WA: 74.7393%, UA: 74.3947%, macro f1: 74.2746%, weighted f1: 74.8541%
--------------------------
epoch: 38, lr: 0.0001353, loss: 0.4944
750.4738004000002
              precision    recall  f1-score   support

     neutral   0.712418  0.756944  0.734007       288
       happy   0.788991  0.826923  0.807512       208
         sad   0.757009  0.767773  0.762353       211
       angry   0.696000  0.557692  0.619217       156

    accuracy                       0.740440       863
   macro avg   0.738605  0.727333  0.730772       863
weighted avg   0.738808  0.740440  0.737903       863

[[218  30  19  21]
 [ 29 172   2   5]
 [ 28   9 162  12]
 [ 31   7  31  87]]
The best result ----------
WA: 74.7393%, UA: 74.3947%, macro f1: 74.2746%, weighted f1: 74.8541%
--------------------------
epoch: 39, lr: 0.0001285, loss: 0.4887
774.0858681000002
              precision    recall  f1-score   support

     neutral   0.718954  0.763889  0.740741       288
       happy   0.835052  0.778846  0.805970       208
         sad   0.753695  0.725118  0.739130       211
       angry   0.631250  0.647436  0.639241       156

    accuracy                       0.736964       863
   macro avg   0.734738  0.728822  0.731270       863
weighted avg   0.739576  0.736964  0.737721       863

[[220  24  20  24]
 [ 35 162   3   8]
 [ 25   6 153  27]
 [ 26   2  27 101]]
The best result ----------
WA: 74.7393%, UA: 74.3947%, macro f1: 74.2746%, weighted f1: 74.8541%
--------------------------
epoch: 40, lr: 0.0001221, loss: 0.4839
799.3710378000002
              precision    recall  f1-score   support

     neutral   0.776892  0.677083  0.723562       288
       happy   0.780702  0.855769  0.816514       208
         sad   0.782828  0.734597  0.757946       211
       angry   0.596774  0.711538  0.649123       156

    accuracy                       0.740440       863
   macro avg   0.734299  0.744747  0.736786       863
weighted avg   0.746703  0.740440  0.740916       863

[[195  35  18  40]
 [ 20 178   2   8]
 [ 20   9 155  27]
 [ 16   6  23 111]]
The best result ----------
WA: 74.7393%, UA: 74.3947%, macro f1: 74.2746%, weighted f1: 74.8541%
--------------------------
epoch: 41, lr: 0.000116, loss: 0.4717
824.3959109000001
              precision    recall  f1-score   support

     neutral   0.755319  0.739583  0.747368       288
       happy   0.795455  0.841346  0.817757       208
         sad   0.781726  0.729858  0.754902       211
       angry   0.634146  0.666667  0.650000       156

    accuracy                       0.748552       863
   macro avg   0.741661  0.744363  0.742507       863
weighted avg   0.749545  0.748552  0.748575       863

[[213  32  16  27]
 [ 23 175   2   8]
 [ 24   8 154  25]
 [ 22   5  25 104]]
The best result ----------
WA: 74.8552%, UA: 74.4363%, macro f1: 74.2507%, weighted f1: 74.8575%
--------------------------
epoch: 42, lr: 0.0001102, loss: 0.4791
849.3089938
              precision    recall  f1-score   support

     neutral   0.756272  0.732639  0.744268       288
       happy   0.794521  0.836538  0.814988       208
         sad   0.754808  0.744076  0.749403       211
       angry   0.636943  0.641026  0.638978       156

    accuracy                       0.743917       863
   macro avg   0.735636  0.738570  0.736909       863
weighted avg   0.743562  0.743917  0.743536       863

[[211  31  18  28]
 [ 23 174   4   7]
 [ 22  10 157  22]
 [ 23   4  29 100]]
The best result ----------
WA: 74.8552%, UA: 74.4363%, macro f1: 74.2507%, weighted f1: 74.8575%
--------------------------
epoch: 43, lr: 0.0001047, loss: 0.4869
874.2085034
              precision    recall  f1-score   support

     neutral   0.770370  0.722222  0.745520       288
       happy   0.790393  0.870192  0.828375       208
         sad   0.755869  0.763033  0.759434       211
       angry   0.668874  0.647436  0.657980       156

    accuracy                       0.754345       863
   macro avg   0.746377  0.750721  0.747827       863
weighted avg   0.753304  0.754345  0.753068       863

[[208  32  22  26]
 [ 21 181   2   4]
 [ 20  10 161  20]
 [ 21   6  28 101]]
The best result ----------
WA: 75.4345%, UA: 75.0721%, macro f1: 74.7827%, weighted f1: 75.3068%
--------------------------
epoch: 44, lr: 9.944e-05, loss: 0.4743
899.1592958
              precision    recall  f1-score   support

     neutral   0.757246  0.725694  0.741135       288
       happy   0.810427  0.822115  0.816229       208
         sad   0.738095  0.734597  0.736342       211
       angry   0.632530  0.673077  0.652174       156

    accuracy                       0.741599       863
   macro avg   0.734575  0.738871  0.736470       863
weighted avg   0.742837  0.741599  0.741981       863

[[209  27  24  28]
 [ 26 171   4   7]
 [ 22   8 155  26]
 [ 19   5  27 105]]
The best result ----------
WA: 75.4345%, UA: 75.0721%, macro f1: 74.7827%, weighted f1: 75.3068%
--------------------------
epoch: 45, lr: 9.447e-05, loss: 0.4838
921.2460899
              precision    recall  f1-score   support

     neutral   0.732394  0.722222  0.727273       288
       happy   0.815534  0.807692  0.811594       208
         sad   0.773196  0.710900  0.740741       211
       angry   0.620112  0.711538  0.662687       156

    accuracy                       0.738123       863
   macro avg   0.735309  0.738088  0.735574       863
weighted avg   0.742112  0.738123  0.739214       863

[[208  28  20  32]
 [ 29 168   4   7]
 [ 26   6 150  29]
 [ 21   4  20 111]]
The best result ----------
WA: 75.4345%, UA: 75.0721%, macro f1: 74.7827%, weighted f1: 75.3068%
--------------------------
epoch: 46, lr: 8.974e-05, loss: 0.4922
936.8492490000001
              precision    recall  f1-score   support

     neutral   0.744681  0.729167  0.736842       288
       happy   0.784404  0.822115  0.802817       208
         sad   0.792746  0.725118  0.757426       211
       angry   0.629412  0.685897  0.656442       156

    accuracy                       0.742758       863
   macro avg   0.737811  0.740574  0.738382       863
weighted avg   0.745170  0.742758  0.743242       863

[[210  33  16  29]
 [ 28 171   3   6]
 [ 21   9 153  28]
 [ 23   5  21 107]]
The best result ----------
WA: 75.4345%, UA: 75.0721%, macro f1: 74.7827%, weighted f1: 75.3068%
--------------------------
epoch: 47, lr: 8.526e-05, loss: 0.4689
952.6745799000003
              precision    recall  f1-score   support

     neutral   0.747368  0.739583  0.743455       288
       happy   0.783186  0.850962  0.815668       208
         sad   0.778894  0.734597  0.756098       211
       angry   0.673203  0.660256  0.666667       156

    accuracy                       0.750869       863
   macro avg   0.745663  0.746350  0.745472       863
weighted avg   0.750303  0.750869  0.750070       863

[[213  33  18  24]
 [ 23 177   4   4]
 [ 26   8 155  22]
 [ 23   8  22 103]]
The best result ----------
WA: 75.4345%, UA: 75.0721%, macro f1: 74.7827%, weighted f1: 75.3068%
--------------------------
epoch: 48, lr: 8.099e-05, loss: 0.4878
978.5927434000002
              precision    recall  f1-score   support

     neutral   0.728522  0.736111  0.732297       288
       happy   0.791855  0.841346  0.815851       208
         sad   0.774359  0.715640  0.743842       211
       angry   0.653846  0.653846  0.653846       156

    accuracy                       0.741599       863
   macro avg   0.737146  0.736736  0.736459       863
weighted avg   0.741495  0.741599  0.741077       863

[[212  30  19  27]
 [ 27 175   3   3]
 [ 27   9 151  24]
 [ 25   7  22 102]]
The best result ----------
WA: 75.4345%, UA: 75.0721%, macro f1: 74.7827%, weighted f1: 75.3068%
--------------------------
epoch: 49, lr: 7.694e-05, loss: 0.4739
1004.6276863000003
              precision    recall  f1-score   support

     neutral   0.747292  0.718750  0.732743       288
       happy   0.784141  0.855769  0.818391       208
         sad   0.745283  0.748815  0.747045       211
       angry   0.666667  0.628205  0.646865       156

    accuracy                       0.742758       863
   macro avg   0.735846  0.737885  0.736261       863
weighted avg   0.741108  0.742758  0.741359       863

[[207  34  22  25]
 [ 25 178   3   2]
 [ 22   9 158  22]
 [ 23   6  29  98]]
The best result ----------
WA: 75.4345%, UA: 75.0721%, macro f1: 74.7827%, weighted f1: 75.3068%
--------------------------
