epoch: 0, lr: 0.00095, loss: 1.178
21.7705723
              precision    recall  f1-score   support

     neutral   0.543641  0.751724  0.630970       290
       happy   0.614035  0.717949  0.661939       195
         sad   0.660377  0.696517  0.677966       201
       angry   0.818182  0.101695  0.180905       177

    accuracy                       0.597914       863
   macro avg   0.659059  0.566971  0.537945       863
weighted avg   0.643044  0.597914  0.556605       863

[[218  59  12   1]
 [ 53 140   2   0]
 [ 43  15 140   3]
 [ 87  14  58  18]]
The best result ----------
WA: 59.7914%, UA: 56.6971%, macro f1: 53.7945%, weighted f1: 55.6605%
--------------------------
epoch: 1, lr: 0.0009025, loss: 1.017
36.9340665
              precision    recall  f1-score   support

     neutral   0.763158  0.400000  0.524887       290
       happy   0.663636  0.748718  0.703614       195
         sad   0.602151  0.835821  0.700000       201
       angry   0.495283  0.593220  0.539846       177

    accuracy                       0.619930       863
   macro avg   0.631057  0.644440  0.617087       863
weighted avg   0.648230  0.619930  0.609125       863

[[116  63  43  68]
 [ 20 146   7  22]
 [  9   7 168  17]
 [  7   4  61 105]]
The best result ----------
WA: 61.9930%, UA: 64.4440%, macro f1: 61.7087%, weighted f1: 60.9125%
--------------------------
epoch: 2, lr: 0.0008574, loss: 0.9243
52.331104700000004
              precision    recall  f1-score   support

     neutral   0.710317  0.617241  0.660517       290
       happy   0.666667  0.820513  0.735632       195
         sad   0.772021  0.741294  0.756345       201
       angry   0.634831  0.638418  0.636620       177

    accuracy                       0.696408       863
   macro avg   0.695959  0.704366  0.697278       863
weighted avg   0.699343  0.696408  0.694907       863

[[179  65  12  34]
 [ 23 160   3   9]
 [ 22   8 149  22]
 [ 28   7  29 113]]
The best result ----------
WA: 69.6408%, UA: 70.4366%, macro f1: 69.7278%, weighted f1: 69.4907%
--------------------------
epoch: 3, lr: 0.0008145, loss: 0.8491
67.5792756
              precision    recall  f1-score   support

     neutral   0.586634  0.817241  0.682997       290
       happy   0.786667  0.605128  0.684058       195
         sad   0.819277  0.676617  0.741144       201
       angry   0.720280  0.581921  0.643750       177

    accuracy                       0.688297       863
   macro avg   0.728214  0.670227  0.687987       863
weighted avg   0.713428  0.688297  0.688730       863

[[237  27   8  18]
 [ 66 118   2   9]
 [ 49   3 136  13]
 [ 52   2  20 103]]
The best result ----------
WA: 69.6408%, UA: 70.4366%, macro f1: 69.7278%, weighted f1: 69.4907%
--------------------------
epoch: 4, lr: 0.0007738, loss: 0.7514
82.81930030000001
              precision    recall  f1-score   support

     neutral   0.763889  0.568966  0.652174       290
       happy   0.677551  0.851282  0.754545       195
         sad   0.608392  0.865672  0.714579       201
       angry   0.715517  0.468927  0.566553       177

    accuracy                       0.681344       863
   macro avg   0.691337  0.688711  0.671963       863
weighted avg   0.698243  0.681344  0.672279       863

[[165  61  42  22]
 [ 19 166   7   3]
 [ 14   5 174   8]
 [ 18  13  63  83]]
The best result ----------
WA: 69.6408%, UA: 70.4366%, macro f1: 69.7278%, weighted f1: 69.4907%
--------------------------
epoch: 5, lr: 0.0007351, loss: 0.6896
98.53938110000001
              precision    recall  f1-score   support

     neutral   0.691558  0.734483  0.712375       290
       happy   0.718447  0.758974  0.738155       195
         sad   0.696035  0.786070  0.738318       201
       angry   0.721311  0.497175  0.588629       177

    accuracy                       0.703360       863
   macro avg   0.706838  0.694175  0.694369       863
weighted avg   0.704779  0.703360  0.698862       863

[[213  43  15  19]
 [ 37 148   5   5]
 [ 26   7 158  10]
 [ 32   8  49  88]]
The best result ----------
WA: 69.6408%, UA: 70.4366%, macro f1: 69.7278%, weighted f1: 69.4907%
--------------------------
epoch: 6, lr: 0.0006983, loss: 0.636
114.17899110000002
              precision    recall  f1-score   support

     neutral   0.713115  0.600000  0.651685       290
       happy   0.779874  0.635897  0.700565       195
         sad   0.689076  0.815920  0.747153       201
       angry   0.540541  0.677966  0.601504       177

    accuracy                       0.674392       863
   macro avg   0.680651  0.682446  0.675227       863
weighted avg   0.687206  0.674392  0.674673       863

[[174  33  26  57]
 [ 41 124   7  23]
 [ 14   1 164  22]
 [ 15   1  41 120]]
The best result ----------
WA: 69.6408%, UA: 70.4366%, macro f1: 69.7278%, weighted f1: 69.4907%
--------------------------
epoch: 7, lr: 0.0006634, loss: 0.5983
129.72660080000003
              precision    recall  f1-score   support

     neutral   0.751196  0.541379  0.629259       290
       happy   0.720000  0.830769  0.771429       195
         sad   0.742857  0.776119  0.759124       201
       angry   0.607306  0.751412  0.671717       177

    accuracy                       0.704519       863
   macro avg   0.705340  0.724920  0.707882       863
weighted avg   0.712693  0.704519  0.700338       863

[[157  53  23  57]
 [ 20 162   5   8]
 [ 17   7 156  21]
 [ 15   3  26 133]]
The best result ----------
WA: 70.4519%, UA: 72.4920%, macro f1: 70.7882%, weighted f1: 70.0338%
--------------------------
epoch: 8, lr: 0.0006302, loss: 0.5851
145.51474750000003
              precision    recall  f1-score   support

     neutral   0.719858  0.700000  0.709790       290
       happy   0.718750  0.825641  0.768496       195
         sad   0.721698  0.761194  0.740920       201
       angry   0.765517  0.627119  0.689441       177

    accuracy                       0.727694       863
   macro avg   0.731456  0.728488  0.727162       863
weighted avg   0.729401  0.727694  0.726132       863

[[203  52  17  18]
 [ 27 161   4   3]
 [ 28   7 153  13]
 [ 24   4  38 111]]
The best result ----------
WA: 72.7694%, UA: 72.8488%, macro f1: 72.7162%, weighted f1: 72.6132%
--------------------------
epoch: 9, lr: 0.0005987, loss: 0.5777
160.87478740000003
              precision    recall  f1-score   support

     neutral   0.694444  0.689655  0.692042       290
       happy   0.690678  0.835897  0.756381       195
         sad   0.750000  0.761194  0.755556       201
       angry   0.785185  0.598870  0.679487       177

    accuracy                       0.720742       863
   macro avg   0.730077  0.721404  0.720866       863
weighted avg   0.725144  0.720742  0.718797       863

[[200  55  19  16]
 [ 23 163   3   6]
 [ 34   7 153   7]
 [ 31  11  29 106]]
The best result ----------
WA: 72.7694%, UA: 72.8488%, macro f1: 72.7162%, weighted f1: 72.6132%
--------------------------
epoch: 10, lr: 0.0005688, loss: 0.5484
176.2079185
              precision    recall  f1-score   support

     neutral   0.675090  0.644828  0.659612       290
       happy   0.751381  0.697436  0.723404       195
         sad   0.692661  0.751244  0.720764       201
       angry   0.614973  0.649718  0.631868       177

    accuracy                       0.682503       863
   macro avg   0.683526  0.685806  0.683912       863
weighted avg   0.684091  0.682503  0.682579       863

[[187  38  23  42]
 [ 41 136   8  10]
 [ 26   4 151  20]
 [ 23   3  36 115]]
The best result ----------
WA: 72.7694%, UA: 72.8488%, macro f1: 72.7162%, weighted f1: 72.6132%
--------------------------
epoch: 11, lr: 0.0005404, loss: 0.5465
191.69227600000002
              precision    recall  f1-score   support

     neutral   0.719844  0.637931  0.676417       290
       happy   0.695652  0.820513  0.752941       195
         sad   0.737327  0.796020  0.765550       201
       angry   0.716981  0.644068  0.678571       177

    accuracy                       0.717265       863
   macro avg   0.717451  0.724633  0.718370       863
weighted avg   0.717863  0.717265  0.714910       863

[[185  58  24  23]
 [ 24 160   2   9]
 [ 22   6 160  13]
 [ 26   6  31 114]]
The best result ----------
WA: 72.7694%, UA: 72.8488%, macro f1: 72.7162%, weighted f1: 72.6132%
--------------------------
epoch: 12, lr: 0.0005133, loss: 0.539
207.01370600000004
              precision    recall  f1-score   support

     neutral   0.745968  0.637931  0.687732       290
       happy   0.703057  0.825641  0.759434       195
         sad   0.738532  0.800995  0.768496       201
       angry   0.684524  0.649718  0.666667       177

    accuracy                       0.720742       863
   macro avg   0.718020  0.728571  0.720582       863
weighted avg   0.721938  0.720742  0.718424       863

[[185  52  23  30]
 [ 22 161   3   9]
 [ 16  10 161  14]
 [ 25   6  31 115]]
The best result ----------
WA: 72.7694%, UA: 72.8488%, macro f1: 72.7162%, weighted f1: 72.6132%
--------------------------
epoch: 13, lr: 0.0004877, loss: 0.5368
222.34700970000003
              precision    recall  f1-score   support

     neutral   0.712727  0.675862  0.693805       290
       happy   0.728155  0.769231  0.748130       195
         sad   0.687225  0.776119  0.728972       201
       angry   0.651613  0.570621  0.608434       177

    accuracy                       0.698725       863
   macro avg   0.694930  0.697958  0.694835       863
weighted avg   0.697739  0.698725  0.696761       863

[[196  45  20  29]
 [ 30 150   4  11]
 [ 24   7 156  14]
 [ 25   4  47 101]]
The best result ----------
WA: 72.7694%, UA: 72.8488%, macro f1: 72.7162%, weighted f1: 72.6132%
--------------------------
epoch: 14, lr: 0.0004633, loss: 0.5267
237.95742300000003
              precision    recall  f1-score   support

     neutral   0.702128  0.682759  0.692308       290
       happy   0.759162  0.743590  0.751295       195
         sad   0.726415  0.766169  0.745763       201
       angry   0.623596  0.627119  0.625352       177

    accuracy                       0.704519       863
   macro avg   0.702825  0.704909  0.703679       863
weighted avg   0.704565  0.704519  0.704354       863

[[198  39  17  36]
 [ 34 145   2  14]
 [ 24   6 154  17]
 [ 26   1  39 111]]
The best result ----------
WA: 72.7694%, UA: 72.8488%, macro f1: 72.7162%, weighted f1: 72.6132%
--------------------------
epoch: 15, lr: 0.0004401, loss: 0.5214
253.2150515
              precision    recall  f1-score   support

     neutral   0.684543  0.748276  0.714992       290
       happy   0.748815  0.810256  0.778325       195
         sad   0.766839  0.736318  0.751269       201
       angry   0.753521  0.604520  0.670846       177

    accuracy                       0.730012       863
   macro avg   0.738430  0.724843  0.728858       863
weighted avg   0.732380  0.730012  0.728697       863

[[217  44  12  17]
 [ 29 158   2   6]
 [ 35   6 148  12]
 [ 36   3  31 107]]
The best result ----------
WA: 72.7694%, UA: 72.8488%, macro f1: 72.7162%, weighted f1: 72.6132%
--------------------------
epoch: 16, lr: 0.0004181, loss: 0.51
268.85424820000003
              precision    recall  f1-score   support

     neutral   0.670886  0.731034  0.699670       290
       happy   0.701835  0.784615  0.740920       195
         sad   0.724638  0.746269  0.735294       201
       angry   0.754098  0.519774  0.615385       177

    accuracy                       0.703360       863
   macro avg   0.712864  0.695423  0.697817       863
weighted avg   0.707465  0.703360  0.700001       863

[[212  47  17  14]
 [ 34 153   1   7]
 [ 32  10 150   9]
 [ 38   8  39  92]]
The best result ----------
WA: 72.7694%, UA: 72.8488%, macro f1: 72.7162%, weighted f1: 72.6132%
--------------------------
epoch: 17, lr: 0.0003972, loss: 0.5247
284.4271097000001
              precision    recall  f1-score   support

     neutral   0.684932  0.689655  0.687285       290
       happy   0.721461  0.810256  0.763285       195
         sad   0.733668  0.726368  0.730000       201
       angry   0.705882  0.610169  0.654545       177

    accuracy                       0.709154       863
   macro avg   0.711486  0.709112  0.708779       863
weighted avg   0.708834  0.709154  0.707692       863

[[200  51  17  22]
 [ 28 158   1   8]
 [ 34   6 146  15]
 [ 30   4  35 108]]
The best result ----------
WA: 72.7694%, UA: 72.8488%, macro f1: 72.7162%, weighted f1: 72.6132%
--------------------------
epoch: 18, lr: 0.0003774, loss: 0.5055
299.7272362000001
              precision    recall  f1-score   support

     neutral   0.683333  0.706897  0.694915       290
       happy   0.692308  0.784615  0.735577       195
         sad   0.810056  0.721393  0.763158       201
       angry   0.699387  0.644068  0.670588       177

    accuracy                       0.714948       863
   macro avg   0.721271  0.714243  0.716060       863
weighted avg   0.718168  0.714948  0.715008       863

[[205  50  10  25]
 [ 33 153   0   9]
 [ 30  11 145  15]
 [ 32   7  24 114]]
The best result ----------
WA: 72.7694%, UA: 72.8488%, macro f1: 72.7162%, weighted f1: 72.6132%
--------------------------
epoch: 19, lr: 0.0003585, loss: 0.5144
315.78290750000014
              precision    recall  f1-score   support

     neutral   0.719101  0.662069  0.689408       290
       happy   0.712329  0.800000  0.753623       195
         sad   0.720721  0.796020  0.756501       201
       angry   0.716129  0.627119  0.668675       177

    accuracy                       0.717265       863
   macro avg   0.717070  0.721302  0.717052       863
weighted avg   0.717339  0.717265  0.715292       863

[[192  50  21  27]
 [ 30 156   2   7]
 [ 25   6 160  10]
 [ 20   7  39 111]]
The best result ----------
WA: 72.7694%, UA: 72.8488%, macro f1: 72.7162%, weighted f1: 72.6132%
--------------------------
epoch: 20, lr: 0.0003406, loss: 0.5014
333.89123010000014
              precision    recall  f1-score   support

     neutral   0.722222  0.627586  0.671587       290
       happy   0.711712  0.810256  0.757794       195
         sad   0.720721  0.796020  0.756501       201
       angry   0.700599  0.661017  0.680233       177

    accuracy                       0.714948       863
   macro avg   0.713813  0.723720  0.716529       863
weighted avg   0.715063  0.714948  0.712616       863

[[182  53  23  32]
 [ 27 158   2   8]
 [ 24   7 160  10]
 [ 19   4  37 117]]
The best result ----------
WA: 72.7694%, UA: 72.8488%, macro f1: 72.7162%, weighted f1: 72.6132%
--------------------------
epoch: 21, lr: 0.0003235, loss: 0.5116
350.22146940000016
              precision    recall  f1-score   support

     neutral   0.709677  0.606897  0.654275       290
       happy   0.632184  0.846154  0.723684       195
         sad   0.752525  0.741294  0.746867       201
       angry   0.692308  0.610169  0.648649       177

    accuracy                       0.692932       863
   macro avg   0.696674  0.701128  0.693369       863
weighted avg   0.698584  0.692932  0.690370       863

[[176  69  15  30]
 [ 23 165   2   5]
 [ 27  12 149  13]
 [ 22  15  32 108]]
The best result ----------
WA: 72.7694%, UA: 72.8488%, macro f1: 72.7162%, weighted f1: 72.6132%
--------------------------
epoch: 22, lr: 0.0003074, loss: 0.5029
366.21957830000014
              precision    recall  f1-score   support

     neutral   0.718254  0.624138  0.667897       290
       happy   0.654902  0.856410  0.742222       195
         sad   0.763158  0.721393  0.741688       201
       angry   0.692771  0.649718  0.670554       177

    accuracy                       0.704519       863
   macro avg   0.707271  0.712915  0.705590       863
weighted avg   0.709171  0.704519  0.702423       863

[[181  68  15  26]
 [ 19 167   1   8]
 [ 28  11 145  17]
 [ 24   9  29 115]]
The best result ----------
WA: 72.7694%, UA: 72.8488%, macro f1: 72.7162%, weighted f1: 72.6132%
--------------------------
epoch: 23, lr: 0.000292, loss: 0.4942
382.4127226000001
              precision    recall  f1-score   support

     neutral   0.718519  0.668966  0.692857       290
       happy   0.731132  0.794872  0.761671       195
         sad   0.708520  0.786070  0.745283       201
       angry   0.715190  0.638418  0.674627       177

    accuracy                       0.718424       863
   macro avg   0.718340  0.722081  0.718609       863
weighted avg   0.718357  0.718424  0.716877       863

[[194  44  25  27]
 [ 29 155   3   8]
 [ 24   9 158  10]
 [ 23   4  37 113]]
The best result ----------
WA: 72.7694%, UA: 72.8488%, macro f1: 72.7162%, weighted f1: 72.6132%
--------------------------
epoch: 24, lr: 0.0002774, loss: 0.5065
397.9113017000001
              precision    recall  f1-score   support

     neutral   0.714286  0.672414  0.692718       290
       happy   0.705607  0.774359  0.738386       195
         sad   0.733645  0.781095  0.756627       201
       angry   0.734568  0.672316  0.702065       177

    accuracy                       0.720742       863
   macro avg   0.722026  0.725046  0.722449       863
weighted avg   0.720994  0.720742  0.719839       863

[[195  53  21  21]
 [ 31 151   3  10]
 [ 26   6 157  12]
 [ 21   4  33 119]]
The best result ----------
WA: 72.7694%, UA: 72.8488%, macro f1: 72.7162%, weighted f1: 72.6132%
--------------------------
epoch: 25, lr: 0.0002635, loss: 0.484
413.38485290000006
              precision    recall  f1-score   support

     neutral   0.693662  0.679310  0.686411       290
       happy   0.730233  0.805128  0.765854       195
         sad   0.761194  0.761194  0.761194       201
       angry   0.717791  0.661017  0.688235       177

    accuracy                       0.723059       863
   macro avg   0.725720  0.726662  0.725424       863
weighted avg   0.722603  0.723059  0.722153       863

[[197  49  19  25]
 [ 27 157   2   9]
 [ 31   5 153  12]
 [ 29   4  27 117]]
The best result ----------
WA: 72.7694%, UA: 72.8488%, macro f1: 72.7162%, weighted f1: 72.6132%
--------------------------
epoch: 26, lr: 0.0002503, loss: 0.4886
428.7742438000001
              precision    recall  f1-score   support

     neutral   0.667722  0.727586  0.696370       290
       happy   0.737864  0.779487  0.758105       195
         sad   0.688312  0.791045  0.736111       201
       angry   0.781818  0.485876  0.599303       177

    accuracy                       0.704519       863
   macro avg   0.718929  0.695998  0.697472       863
weighted avg   0.711767  0.704519  0.699667       863

[[211  44  23  12]
 [ 36 152   2   5]
 [ 28   7 159   7]
 [ 41   3  47  86]]
The best result ----------
WA: 72.7694%, UA: 72.8488%, macro f1: 72.7162%, weighted f1: 72.6132%
--------------------------
epoch: 27, lr: 0.0002378, loss: 0.495
444.3425078000001
              precision    recall  f1-score   support

     neutral   0.708185  0.686207  0.697023       290
       happy   0.677966  0.820513  0.742459       195
         sad   0.768421  0.726368  0.746803       201
       angry   0.743590  0.655367  0.696697       177

    accuracy                       0.719583       863
   macro avg   0.724540  0.722114  0.720745       863
weighted avg   0.722648  0.719583  0.718817       863

[[199  58  14  19]
 [ 27 160   1   7]
 [ 31  10 146  14]
 [ 24   8  29 116]]
The best result ----------
WA: 72.7694%, UA: 72.8488%, macro f1: 72.7162%, weighted f1: 72.6132%
--------------------------
epoch: 28, lr: 0.0002259, loss: 0.4947
461.8980545000001
              precision    recall  f1-score   support

     neutral   0.695652  0.662069  0.678445       290
       happy   0.650980  0.851282  0.737778       195
         sad   0.757576  0.746269  0.751880       201
       angry   0.746269  0.564972  0.643087       177

    accuracy                       0.704519       863
   macro avg   0.712619  0.706148  0.702797       863
weighted avg   0.710362  0.704519  0.701703       863

[[192  64  16  18]
 [ 23 166   2   4]
 [ 28  11 150  12]
 [ 33  14  30 100]]
The best result ----------
WA: 72.7694%, UA: 72.8488%, macro f1: 72.7162%, weighted f1: 72.6132%
--------------------------
epoch: 29, lr: 0.0002146, loss: 0.495
477.82717810000014
              precision    recall  f1-score   support

     neutral   0.708633  0.679310  0.693662       290
       happy   0.701357  0.794872  0.745192       195
         sad   0.704036  0.781095  0.740566       201
       angry   0.716312  0.570621  0.635220       177

    accuracy                       0.706837       863
   macro avg   0.707585  0.706475  0.703660       863
weighted avg   0.707493  0.706837  0.704244       863

[[197  52  19  22]
 [ 30 155   3   7]
 [ 24   9 157  11]
 [ 27   5  44 101]]
The best result ----------
WA: 72.7694%, UA: 72.8488%, macro f1: 72.7162%, weighted f1: 72.6132%
--------------------------
epoch: 30, lr: 0.0002039, loss: 0.4897
493.53356520000006
              precision    recall  f1-score   support

     neutral   0.721374  0.651724  0.684783       290
       happy   0.621324  0.866667  0.723769       195
         sad   0.811429  0.706468  0.755319       201
       angry   0.707792  0.615819  0.658610       177

    accuracy                       0.705678       863
   macro avg   0.715480  0.710169  0.705620       863
weighted avg   0.716956  0.705678  0.704652       863

[[189  69   8  24]
 [ 20 169   0   6]
 [ 28  16 142  15]
 [ 25  18  25 109]]
The best result ----------
WA: 72.7694%, UA: 72.8488%, macro f1: 72.7162%, weighted f1: 72.6132%
--------------------------
epoch: 31, lr: 0.0001937, loss: 0.4831
509.32006010000003
              precision    recall  f1-score   support

     neutral   0.705479  0.710345  0.707904       290
       happy   0.719457  0.815385  0.764423       195
         sad   0.793296  0.706468  0.747368       201
       angry   0.678363  0.655367  0.666667       177

    accuracy                       0.721900       863
   macro avg   0.724149  0.721891  0.721590       863
weighted avg   0.723529  0.721900  0.721409       863

[[206  47  10  27]
 [ 26 159   1   9]
 [ 32   8 142  19]
 [ 28   7  26 116]]
The best result ----------
WA: 72.7694%, UA: 72.8488%, macro f1: 72.7162%, weighted f1: 72.6132%
--------------------------
epoch: 32, lr: 0.000184, loss: 0.4858
524.7654877
              precision    recall  f1-score   support

     neutral   0.697674  0.724138  0.710660       290
       happy   0.692308  0.830769  0.755245       195
         sad   0.727273  0.756219  0.741463       201
       angry   0.781513  0.525424  0.628378       177

    accuracy                       0.714948       863
   macro avg   0.724692  0.709137  0.708937       863
weighted avg   0.720551  0.714948  0.711033       863

[[210  51  16  13]
 [ 27 162   2   4]
 [ 32   8 152   9]
 [ 32  13  39  93]]
The best result ----------
WA: 72.7694%, UA: 72.8488%, macro f1: 72.7162%, weighted f1: 72.6132%
--------------------------
epoch: 33, lr: 0.0001748, loss: 0.4899
540.6952556
              precision    recall  f1-score   support

     neutral   0.706522  0.672414  0.689046       290
       happy   0.691630  0.805128  0.744076       195
         sad   0.750000  0.731343  0.740554       201
       angry   0.689024  0.638418  0.662757       177

    accuracy                       0.709154       863
   macro avg   0.709294  0.711826  0.709108       863
weighted avg   0.709695  0.709154  0.708085       863

[[195  53  16  26]
 [ 29 157   1   8]
 [ 30   7 147  17]
 [ 22  10  32 113]]
The best result ----------
WA: 72.7694%, UA: 72.8488%, macro f1: 72.7162%, weighted f1: 72.6132%
--------------------------
epoch: 34, lr: 0.0001661, loss: 0.472
557.0010997999999
              precision    recall  f1-score   support

     neutral   0.716981  0.655172  0.684685       290
       happy   0.686192  0.841026  0.755760       195
         sad   0.722488  0.751244  0.736585       201
       angry   0.693333  0.587571  0.636086       177

    accuracy                       0.705678       863
   macro avg   0.704749  0.708753  0.703279       863
weighted avg   0.706457  0.705678  0.702865       863

[[190  55  19  26]
 [ 22 164   2   7]
 [ 28   9 151  13]
 [ 25  11  37 104]]
The best result ----------
WA: 72.7694%, UA: 72.8488%, macro f1: 72.7162%, weighted f1: 72.6132%
--------------------------
epoch: 35, lr: 0.0001578, loss: 0.4915
573.7954729999999
              precision    recall  f1-score   support

     neutral   0.763713  0.624138  0.686907       290
       happy   0.660232  0.876923  0.753304       195
         sad   0.725581  0.776119  0.750000       201
       angry   0.703947  0.604520  0.650456       177

    accuracy                       0.712630       863
   macro avg   0.713368  0.720425  0.710167       863
weighted avg   0.719192  0.712630  0.709129       863

[[181  63  18  28]
 [ 16 171   3   5]
 [ 21  12 156  12]
 [ 19  13  38 107]]
The best result ----------
WA: 72.7694%, UA: 72.8488%, macro f1: 72.7162%, weighted f1: 72.6132%
--------------------------
epoch: 36, lr: 0.0001499, loss: 0.4672
590.2749782999999
              precision    recall  f1-score   support

     neutral   0.738462  0.662069  0.698182       290
       happy   0.663866  0.810256  0.729792       195
         sad   0.751196  0.781095  0.765854       201
       angry   0.743590  0.655367  0.696697       177

    accuracy                       0.721900       863
   macro avg   0.724278  0.727197  0.722631       863
weighted avg   0.725624  0.721900  0.720781       863

[[192  59  17  22]
 [ 27 158   3   7]
 [ 22  11 157  11]
 [ 19  10  32 116]]
The best result ----------
WA: 72.7694%, UA: 72.8488%, macro f1: 72.7162%, weighted f1: 72.6132%
--------------------------
epoch: 37, lr: 0.0001424, loss: 0.4928
606.9657325999999
              precision    recall  f1-score   support

     neutral   0.740000  0.637931  0.685185       290
       happy   0.689076  0.841026  0.757506       195
         sad   0.711111  0.796020  0.751174       201
       angry   0.733333  0.621469  0.672783       177

    accuracy                       0.717265       863
   macro avg   0.718380  0.724111  0.716662       863
weighted avg   0.720398  0.717265  0.714352       863

[[185  56  26  23]
 [ 21 164   3   7]
 [ 21  10 160  10]
 [ 23   8  36 110]]
The best result ----------
WA: 72.7694%, UA: 72.8488%, macro f1: 72.7162%, weighted f1: 72.6132%
--------------------------
epoch: 38, lr: 0.0001353, loss: 0.4771
623.4387323999999
              precision    recall  f1-score   support

     neutral   0.715328  0.675862  0.695035       290
       happy   0.668016  0.846154  0.746606       195
         sad   0.780105  0.741294  0.760204       201
       angry   0.741722  0.632768  0.682927       177

    accuracy                       0.720742       863
   macro avg   0.726293  0.724019  0.721193       863
weighted avg   0.725138  0.720742  0.719383       863

[[196  60  14  20]
 [ 22 165   2   6]
 [ 27  12 149  13]
 [ 29  10  26 112]]
The best result ----------
WA: 72.7694%, UA: 72.8488%, macro f1: 72.7162%, weighted f1: 72.6132%
--------------------------
epoch: 39, lr: 0.0001285, loss: 0.495
640.4159569999999
              precision    recall  f1-score   support

     neutral   0.717857  0.693103  0.705263       290
       happy   0.685950  0.851282  0.759725       195
         sad   0.728571  0.761194  0.744526       201
       angry   0.793893  0.587571  0.675325       177

    accuracy                       0.723059       863
   macro avg   0.731568  0.723288  0.721210       863
weighted avg   0.728738  0.723059  0.720573       863

[[201  55  21  13]
 [ 23 166   2   4]
 [ 28  10 153  10]
 [ 28  11  34 104]]
The best result ----------
WA: 72.7694%, UA: 72.8488%, macro f1: 72.7162%, weighted f1: 72.6132%
--------------------------
epoch: 40, lr: 0.0001221, loss: 0.4912
656.993524
              precision    recall  f1-score   support

     neutral   0.738956  0.634483  0.682746       290
       happy   0.676349  0.835897  0.747706       195
         sad   0.748744  0.741294  0.745000       201
       angry   0.689655  0.677966  0.683761       177

    accuracy                       0.713789       863
   macro avg   0.713426  0.722410  0.714803       863
weighted avg   0.716978  0.713789  0.712132       863

[[184  59  18  29]
 [ 22 163   1   9]
 [ 25  11 149  16]
 [ 18   8  31 120]]
The best result ----------
WA: 72.7694%, UA: 72.8488%, macro f1: 72.7162%, weighted f1: 72.6132%
--------------------------
epoch: 41, lr: 0.000116, loss: 0.4834
673.6059677
              precision    recall  f1-score   support

     neutral   0.716783  0.706897  0.711806       290
       happy   0.711712  0.810256  0.757794       195
         sad   0.757576  0.746269  0.751880       201
       angry   0.745223  0.661017  0.700599       177

    accuracy                       0.730012       863
   macro avg   0.732823  0.731110  0.730519       863
weighted avg   0.730971  0.730012  0.729232       863

[[205  51  15  19]
 [ 27 158   3   7]
 [ 28   9 150  14]
 [ 26   4  30 117]]
The best result ----------
WA: 73.0012%, UA: 73.1110%, macro f1: 73.0519%, weighted f1: 72.9232%
--------------------------
epoch: 42, lr: 0.0001102, loss: 0.469
691.1479343999999
              precision    recall  f1-score   support

     neutral   0.697987  0.717241  0.707483       290
       happy   0.674897  0.841026  0.748858       195
         sad   0.761905  0.716418  0.738462       201
       angry   0.796992  0.598870  0.683871       177

    accuracy                       0.720742       863
   macro avg   0.732945  0.718389  0.719668       863
weighted avg   0.727962  0.720742  0.719204       863

[[208  55  17  10]
 [ 24 164   1   6]
 [ 33  13 144  11]
 [ 33  11  27 106]]
The best result ----------
WA: 73.0012%, UA: 73.1110%, macro f1: 73.0519%, weighted f1: 72.9232%
--------------------------
epoch: 43, lr: 0.0001047, loss: 0.4897
708.0044775
              precision    recall  f1-score   support

     neutral   0.696751  0.665517  0.680776       290
       happy   0.677551  0.851282  0.754545       195
         sad   0.769634  0.731343  0.750000       201
       angry   0.733333  0.621469  0.672783       177

    accuracy                       0.713789       863
   macro avg   0.719317  0.717403  0.714526       863
weighted avg   0.716891  0.713789  0.711928       863

[[193  60  15  22]
 [ 21 166   1   7]
 [ 32  11 147  11]
 [ 31   8  28 110]]
The best result ----------
WA: 73.0012%, UA: 73.1110%, macro f1: 73.0519%, weighted f1: 72.9232%
--------------------------
epoch: 44, lr: 9.944e-05, loss: 0.4721
724.5351662
              precision    recall  f1-score   support

     neutral   0.703180  0.686207  0.694590       290
       happy   0.691983  0.841026  0.759259       195
         sad   0.795699  0.736318  0.764858       201
       angry   0.738854  0.655367  0.694611       177

    accuracy                       0.726535       863
   macro avg   0.732429  0.729730  0.728329       863
weighted avg   0.729515  0.726535  0.725573       863

[[199  56  15  20]
 [ 25 164   0   6]
 [ 29   9 148  15]
 [ 30   8  23 116]]
The best result ----------
WA: 73.0012%, UA: 73.1110%, macro f1: 73.0519%, weighted f1: 72.9232%
--------------------------
epoch: 45, lr: 9.447e-05, loss: 0.4686
741.210735
              precision    recall  f1-score   support

     neutral   0.732342  0.679310  0.704830       290
       happy   0.697095  0.861538  0.770642       195
         sad   0.740385  0.766169  0.753056       201
       angry   0.765517  0.627119  0.689441       177

    accuracy                       0.730012       863
   macro avg   0.733835  0.733534  0.729492       863
weighted avg   0.733055  0.730012  0.727777       863

[[197  54  20  19]
 [ 20 168   1   6]
 [ 27  11 154   9]
 [ 25   8  33 111]]
The best result ----------
WA: 73.0012%, UA: 73.3534%, macro f1: 72.9492%, weighted f1: 72.7777%
--------------------------
epoch: 46, lr: 8.974e-05, loss: 0.474
757.631516
              precision    recall  f1-score   support

     neutral   0.727626  0.644828  0.683729       290
       happy   0.677824  0.830769  0.746544       195
         sad   0.734300  0.756219  0.745098       201
       angry   0.737500  0.666667  0.700297       177

    accuracy                       0.717265       863
   macro avg   0.719313  0.724621  0.718917       863
weighted avg   0.719953  0.717265  0.715614       863

[[187  60  20  23]
 [ 24 162   2   7]
 [ 27  10 152  12]
 [ 19   7  33 118]]
The best result ----------
WA: 73.0012%, UA: 73.3534%, macro f1: 72.9492%, weighted f1: 72.7777%
--------------------------
epoch: 47, lr: 8.526e-05, loss: 0.4833
774.188008
              precision    recall  f1-score   support

     neutral   0.726937  0.679310  0.702317       290
       happy   0.689076  0.841026  0.757506       195
         sad   0.740196  0.751244  0.745679       201
       angry   0.760000  0.644068  0.697248       177

    accuracy                       0.725377       863
   macro avg   0.729052  0.728912  0.725687       863
weighted avg   0.728251  0.725377  0.723847       863

[[197  57  19  17]
 [ 22 164   2   7]
 [ 28  10 151  12]
 [ 24   7  32 114]]
The best result ----------
WA: 73.0012%, UA: 73.3534%, macro f1: 72.9492%, weighted f1: 72.7777%
--------------------------
epoch: 48, lr: 8.099e-05, loss: 0.4626
790.6631299000001
              precision    recall  f1-score   support

     neutral   0.705882  0.703448  0.704663       290
       happy   0.697872  0.841026  0.762791       195
         sad   0.783069  0.736318  0.758974       201
       angry   0.753333  0.638418  0.691131       177

    accuracy                       0.728853       863
   macro avg   0.735039  0.729803  0.729390       863
weighted avg   0.731782  0.728853  0.727672       863

[[204  53  14  19]
 [ 24 164   1   6]
 [ 31  10 148  12]
 [ 30   8  26 113]]
The best result ----------
WA: 73.0012%, UA: 73.3534%, macro f1: 72.9492%, weighted f1: 72.7777%
--------------------------
epoch: 49, lr: 7.694e-05, loss: 0.4698
807.6028581
              precision    recall  f1-score   support

     neutral   0.710623  0.668966  0.689165       290
       happy   0.673469  0.846154  0.750000       195
         sad   0.771574  0.756219  0.763819       201
       angry   0.763514  0.638418  0.695385       177

    accuracy                       0.723059       863
   macro avg   0.729795  0.727439  0.724592       863
weighted avg   0.727271  0.723059  0.721574       863

[[194  60  17  19]
 [ 23 165   2   5]
 [ 27  11 152  11]
 [ 29   9  26 113]]
The best result ----------
WA: 73.0012%, UA: 73.3534%, macro f1: 72.9492%, weighted f1: 72.7777%
--------------------------
