epoch: 0, lr: 0.00095, loss: 1.208
18.2672163
              precision    recall  f1-score   support

     neutral   0.669951  0.472222  0.553971       288
       happy   0.673307  0.757848  0.713080       223
         sad   0.593458  0.755952  0.664921       168
       angry   0.456410  0.483696  0.469657       184

    accuracy                       0.603708       863
   macro avg   0.598281  0.617429  0.600408       863
weighted avg   0.610398  0.603708  0.598707       863

[[136  69  16  67]
 [ 24 169  13  17]
 [ 13   6 127  22]
 [ 30   7  58  89]]
The best result ----------
WA: 60.3708%, UA: 61.7429%, macro f1: 60.0408%, weighted f1: 59.8707%
--------------------------
epoch: 1, lr: 0.0009025, loss: 1.076
33.5470306
              precision    recall  f1-score   support

     neutral   0.641509  0.472222  0.544000       288
       happy   0.475113  0.941704  0.631579       223
         sad   0.716049  0.690476  0.703030       168
       angry   0.808511  0.206522  0.329004       184

    accuracy                       0.579374       863
   macro avg   0.660296  0.577731  0.551903       863
weighted avg   0.648629  0.579374  0.551750       863

[[136 141   9   2]
 [ 10 210   3   0]
 [ 19  26 116   7]
 [ 47  65  34  38]]
The best result ----------
WA: 60.3708%, UA: 61.7429%, macro f1: 60.0408%, weighted f1: 59.8707%
--------------------------
epoch: 2, lr: 0.0008574, loss: 1.008
49.072672999999995
              precision    recall  f1-score   support

     neutral   0.718894  0.541667  0.617822       288
       happy   0.729167  0.627803  0.674699       223
         sad   0.674419  0.690476  0.682353       168
       angry   0.489362  0.750000  0.592275       184

    accuracy                       0.637312       863
   macro avg   0.652960  0.652486  0.641787       863
weighted avg   0.663952  0.637312  0.639634       863

[[156  44  18  70]
 [ 37 140  11  35]
 [ 10   3 116  39]
 [ 14   5  27 138]]
The best result ----------
WA: 63.7312%, UA: 65.2486%, macro f1: 64.1787%, weighted f1: 63.9634%
--------------------------
epoch: 3, lr: 0.0008145, loss: 0.9317
64.8752579
              precision    recall  f1-score   support

     neutral   0.696000  0.604167  0.646840       288
       happy   0.807292  0.695067  0.746988       223
         sad   0.858407  0.577381  0.690391       168
       angry   0.490260  0.820652  0.613821       184

    accuracy                       0.668598       863
   macro avg   0.712990  0.674317  0.674510       863
weighted avg   0.712508  0.668598  0.674157       863

[[174  30   6  78]
 [ 37 155   2  29]
 [ 18   3  97  50]
 [ 21   4   8 151]]
The best result ----------
WA: 66.8598%, UA: 67.4317%, macro f1: 67.4510%, weighted f1: 67.4157%
--------------------------
epoch: 4, lr: 0.0007738, loss: 0.8541
80.9853737
              precision    recall  f1-score   support

     neutral   0.645833  0.753472  0.695513       288
       happy   0.692607  0.798206  0.741667       223
         sad   0.900901  0.595238  0.716846       168
       angry   0.672956  0.581522  0.623907       184

    accuracy                       0.697567       863
   macro avg   0.728074  0.682110  0.694483       863
weighted avg   0.713356  0.697567  0.696325       863

[[217  49   1  21]
 [ 37 178   0   8]
 [ 34  11 100  23]
 [ 48  19  10 107]]
The best result ----------
WA: 69.7567%, UA: 68.2110%, macro f1: 69.4483%, weighted f1: 69.6325%
--------------------------
epoch: 5, lr: 0.0007351, loss: 0.7793
96.66837840000001
              precision    recall  f1-score   support

     neutral   0.690476  0.704861  0.697595       288
       happy   0.762332  0.762332  0.762332       223
         sad   0.757764  0.726190  0.741641       168
       angry   0.637838  0.641304  0.639566       184

    accuracy                       0.710313       863
   macro avg   0.712102  0.708672  0.710284       863
weighted avg   0.710920  0.710313  0.710525       863

[[203  39  11  35]
 [ 40 170   4   9]
 [ 18   5 122  23]
 [ 33   9  24 118]]
The best result ----------
WA: 71.0313%, UA: 70.8672%, macro f1: 71.0284%, weighted f1: 71.0525%
--------------------------
epoch: 6, lr: 0.0006983, loss: 0.7004
112.56244900000002
              precision    recall  f1-score   support

     neutral   0.759091  0.579861  0.657480       288
       happy   0.701195  0.789238  0.742616       223
         sad   0.625000  0.773810  0.691489       168
       angry   0.646739  0.646739  0.646739       184

    accuracy                       0.685979       863
   macro avg   0.683006  0.697412  0.684581       863
weighted avg   0.694073  0.685979  0.683810       863

[[167  49  35  37]
 [ 26 176  12   9]
 [  8  11 130  19]
 [ 19  15  31 119]]
The best result ----------
WA: 71.0313%, UA: 70.8672%, macro f1: 71.0284%, weighted f1: 71.0525%
--------------------------
epoch: 7, lr: 0.0006634, loss: 0.6653
128.41499290000002
              precision    recall  f1-score   support

     neutral   0.772021  0.517361  0.619543       288
       happy   0.746781  0.780269  0.763158       223
         sad   0.628866  0.726190  0.674033       168
       angry   0.563786  0.744565  0.641686       184

    accuracy                       0.674392       863
   macro avg   0.677863  0.692096  0.674605       863
weighted avg   0.693233  0.674392  0.671982       863

[[149  46  37  56]
 [ 22 174   9  18]
 [  9   5 122  32]
 [ 13   8  26 137]]
The best result ----------
WA: 71.0313%, UA: 70.8672%, macro f1: 71.0284%, weighted f1: 71.0525%
--------------------------
epoch: 8, lr: 0.0006302, loss: 0.6187
143.9887773
              precision    recall  f1-score   support

     neutral   0.718147  0.645833  0.680073       288
       happy   0.741667  0.798206  0.768898       223
         sad   0.677249  0.761905  0.717087       168
       angry   0.617143  0.586957  0.601671       184

    accuracy                       0.695249       863
   macro avg   0.688551  0.698225  0.691932       863
weighted avg   0.694728  0.695249  0.693515       863

[[186  40  23  39]
 [ 30 178   7   8]
 [ 14   6 128  20]
 [ 29  16  31 108]]
The best result ----------
WA: 71.0313%, UA: 70.8672%, macro f1: 71.0284%, weighted f1: 71.0525%
--------------------------
epoch: 9, lr: 0.0005987, loss: 0.5921
159.6238696
              precision    recall  f1-score   support

     neutral   0.680251  0.753472  0.714992       288
       happy   0.760369  0.739910  0.750000       223
         sad   0.768116  0.630952  0.692810       168
       angry   0.624339  0.641304  0.632708       184

    accuracy                       0.702202       863
   macro avg   0.708269  0.691410  0.697627       863
weighted avg   0.706137  0.702202  0.702176       863

[[217  32  11  28]
 [ 47 165   4   7]
 [ 20   6 106  36]
 [ 35  14  17 118]]
The best result ----------
WA: 71.0313%, UA: 70.8672%, macro f1: 71.0284%, weighted f1: 71.0525%
--------------------------
epoch: 10, lr: 0.0005688, loss: 0.5693
175.2928918
              precision    recall  f1-score   support

     neutral   0.713781  0.701389  0.707531       288
       happy   0.806931  0.730942  0.767059       223
         sad   0.612903  0.791667  0.690909       168
       angry   0.658385  0.576087  0.614493       184

    accuracy                       0.699884       863
   macro avg   0.698000  0.700021  0.694998       863
weighted avg   0.706402  0.699884  0.699840       863

[[202  28  32  26]
 [ 39 163   9  12]
 [ 13   5 133  17]
 [ 29   6  43 106]]
The best result ----------
WA: 71.0313%, UA: 70.8672%, macro f1: 71.0284%, weighted f1: 71.0525%
--------------------------
epoch: 11, lr: 0.0005404, loss: 0.5594
191.0323925
              precision    recall  f1-score   support

     neutral   0.744275  0.677083  0.709091       288
       happy   0.746032  0.843049  0.791579       223
         sad   0.633333  0.791667  0.703704       168
       angry   0.719424  0.543478  0.619195       184

    accuracy                       0.713789       863
   macro avg   0.710766  0.713819  0.705892       863
weighted avg   0.717834  0.713789  0.710190       863

[[195  44  28  21]
 [ 24 188   6   5]
 [ 14   8 133  13]
 [ 29  12  43 100]]
The best result ----------
WA: 71.3789%, UA: 71.3819%, macro f1: 70.5892%, weighted f1: 71.0190%
--------------------------
epoch: 12, lr: 0.0005133, loss: 0.5436
206.7784711
              precision    recall  f1-score   support

     neutral   0.685535  0.756944  0.719472       288
       happy   0.776786  0.780269  0.778523       223
         sad   0.726190  0.726190  0.726190       168
       angry   0.692810  0.576087  0.629080       184

    accuracy                       0.718424       863
   macro avg   0.720330  0.709873  0.713317       863
weighted avg   0.718580  0.718424  0.716766       863

[[218  34  18  18]
 [ 32 174   7  10]
 [ 21   6 122  19]
 [ 47  10  21 106]]
The best result ----------
WA: 71.8424%, UA: 70.9873%, macro f1: 71.3317%, weighted f1: 71.6766%
--------------------------
epoch: 13, lr: 0.0004877, loss: 0.5329
222.58437849999999
              precision    recall  f1-score   support

     neutral   0.703571  0.684028  0.693662       288
       happy   0.689531  0.856502  0.764000       223
         sad   0.712707  0.767857  0.739255       168
       angry   0.752000  0.510870  0.608414       184

    accuracy                       0.707995       863
   macro avg   0.714452  0.704814  0.701333       863
weighted avg   0.712047  0.707995  0.702537       863

[[197  54  20  17]
 [ 26 191   2   4]
 [ 15  14 129  10]
 [ 42  18  30  94]]
The best result ----------
WA: 71.8424%, UA: 70.9873%, macro f1: 71.3317%, weighted f1: 71.6766%
--------------------------
epoch: 14, lr: 0.0004633, loss: 0.5436
238.47063029999998
              precision    recall  f1-score   support

     neutral   0.710526  0.656250  0.682310       288
       happy   0.796020  0.717489  0.754717       223
         sad   0.630841  0.803571  0.706806       168
       angry   0.648352  0.641304  0.644809       184

    accuracy                       0.697567       863
   macro avg   0.696435  0.704654  0.697161       863
weighted avg   0.703849  0.697567  0.697793       863

[[189  33  35  31]
 [ 39 160   8  16]
 [ 13   3 135  17]
 [ 25   5  36 118]]
The best result ----------
WA: 71.8424%, UA: 70.9873%, macro f1: 71.3317%, weighted f1: 71.6766%
--------------------------
epoch: 15, lr: 0.0004401, loss: 0.5478
255.4311383
              precision    recall  f1-score   support

     neutral   0.690236  0.711806  0.700855       288
       happy   0.753138  0.807175  0.779221       223
         sad   0.708571  0.738095  0.723032       168
       angry   0.717105  0.592391  0.648810       184

    accuracy                       0.716107       863
   macro avg   0.717263  0.712367  0.712979       863
weighted avg   0.715788  0.716107  0.714325       863

[[205  42  24  17]
 [ 35 180   5   3]
 [ 17   4 124  23]
 [ 40  13  22 109]]
The best result ----------
WA: 71.6107%, UA: 71.2367%, macro f1: 71.2979%, weighted f1: 71.4325%
--------------------------
epoch: 16, lr: 0.0004181, loss: 0.5224
271.9363556
              precision    recall  f1-score   support

     neutral   0.704797  0.663194  0.683363       288
       happy   0.711027  0.838565  0.769547       223
         sad   0.697297  0.767857  0.730878       168
       angry   0.722222  0.565217  0.634146       184

    accuracy                       0.707995       863
   macro avg   0.708836  0.708709  0.704484       863
weighted avg   0.708662  0.707995  0.704389       863

[[191  49  29  19]
 [ 29 187   4   3]
 [ 15   6 129  18]
 [ 36  21  23 104]]
The best result ----------
WA: 71.6107%, UA: 71.2367%, macro f1: 71.2979%, weighted f1: 71.4325%
--------------------------
epoch: 17, lr: 0.0003972, loss: 0.5176
288.07115120000003
              precision    recall  f1-score   support

     neutral   0.744493  0.586806  0.656311       288
       happy   0.702206  0.856502  0.771717       223
         sad   0.612613  0.809524  0.697436       168
       angry   0.718310  0.554348  0.625767       184

    accuracy                       0.692932       863
   macro avg   0.694405  0.701795  0.687808       863
weighted avg   0.702310  0.692932  0.687625       863

[[169  56  38  25]
 [ 19 191   9   4]
 [ 13   8 136  11]
 [ 26  17  39 102]]
The best result ----------
WA: 71.6107%, UA: 71.2367%, macro f1: 71.2979%, weighted f1: 71.4325%
--------------------------
epoch: 18, lr: 0.0003774, loss: 0.5114
304.2935535000001
              precision    recall  f1-score   support

     neutral   0.754386  0.597222  0.666667       288
       happy   0.732558  0.847534  0.785863       223
         sad   0.577586  0.797619  0.670000       168
       angry   0.689655  0.543478  0.607903       184

    accuracy                       0.689455       863
   macro avg   0.688546  0.696463  0.682608       863
weighted avg   0.700527  0.689455  0.685587       863

[[172  48  42  26]
 [ 21 189  10   3]
 [  9   9 134  16]
 [ 26  12  46 100]]
The best result ----------
WA: 71.6107%, UA: 71.2367%, macro f1: 71.2979%, weighted f1: 71.4325%
--------------------------
epoch: 19, lr: 0.0003585, loss: 0.5073
320.4928391000001
              precision    recall  f1-score   support

     neutral   0.782609  0.562500  0.654545       288
       happy   0.697183  0.887892  0.781065       223
         sad   0.735484  0.678571  0.705882       168
       angry   0.599078  0.706522  0.648379       184

    accuracy                       0.699884       863
   macro avg   0.703589  0.708871  0.697468       863
weighted avg   0.712230  0.699884  0.695917       863

[[162  59  19  48]
 [ 14 198   4   7]
 [ 12  10 114  32]
 [ 19  17  18 130]]
The best result ----------
WA: 71.6107%, UA: 71.2367%, macro f1: 71.2979%, weighted f1: 71.4325%
--------------------------
epoch: 20, lr: 0.0003406, loss: 0.5127
336.73498430000006
              precision    recall  f1-score   support

     neutral   0.746667  0.583333  0.654971       288
       happy   0.687273  0.847534  0.759036       223
         sad   0.689840  0.767857  0.726761       168
       angry   0.659091  0.630435  0.644444       184

    accuracy                       0.697567       863
   macro avg   0.695717  0.707290  0.696303       863
weighted avg   0.701585  0.697567  0.693592       863

[[168  60  28  32]
 [ 23 189   3   8]
 [ 12   7 129  20]
 [ 22  19  27 116]]
The best result ----------
WA: 71.6107%, UA: 71.2367%, macro f1: 71.2979%, weighted f1: 71.4325%
--------------------------
epoch: 21, lr: 0.0003235, loss: 0.5151
353.1871887000001
              precision    recall  f1-score   support

     neutral   0.742081  0.569444  0.644401       288
       happy   0.704797  0.856502  0.773279       223
         sad   0.645833  0.738095  0.688889       168
       angry   0.648045  0.630435  0.639118       184

    accuracy                       0.689455       863
   macro avg   0.685189  0.698619  0.686422       863
weighted avg   0.693661  0.689455  0.685237       863

[[164  57  32  35]
 [ 23 191   6   3]
 [ 11   8 124  25]
 [ 23  15  30 116]]
The best result ----------
WA: 71.6107%, UA: 71.2367%, macro f1: 71.2979%, weighted f1: 71.4325%
--------------------------
epoch: 22, lr: 0.0003074, loss: 0.5079
369.8446377000001
              precision    recall  f1-score   support

     neutral   0.746988  0.645833  0.692737       288
       happy   0.733591  0.852018  0.788382       223
         sad   0.706215  0.744048  0.724638       168
       angry   0.651685  0.630435  0.640884       184

    accuracy                       0.714948       863
   macro avg   0.709620  0.718083  0.711660       863
weighted avg   0.715269  0.714948  0.712606       863

[[186  44  23  35]
 [ 22 190   3   8]
 [ 16   8 125  19]
 [ 25  17  26 116]]
The best result ----------
WA: 71.4948%, UA: 71.8083%, macro f1: 71.1660%, weighted f1: 71.2606%
--------------------------
epoch: 23, lr: 0.000292, loss: 0.5031
386.3816975000001
              precision    recall  f1-score   support

     neutral   0.728000  0.631944  0.676580       288
       happy   0.763713  0.811659  0.786957       223
         sad   0.644670  0.755952  0.695890       168
       angry   0.625698  0.608696  0.617080       184

    accuracy                       0.697567       863
   macro avg   0.690520  0.702063  0.694127       863
weighted avg   0.699195  0.697567  0.696175       863
