epoch: 0, lr: 0.00095, loss: 1.093
9.8906165
              precision    recall  f1-score   support

     neutral   0.640000  0.822857  0.720000       175
       happy   0.782609  0.796460  0.789474       113
         sad   0.512195  0.700000  0.591549        60
       angry   0.807692  0.210000  0.333333       100

    accuracy                       0.662946       448
   macro avg   0.685624  0.632329  0.608589       448
weighted avg   0.696285  0.662946  0.634011       448

[[144  19   7   5]
 [ 22  90   1   0]
 [ 18   0  42   0]
 [ 41   6  32  21]]
The best result ----------
WA: 66.2946%, UA: 63.2329%, macro f1: 60.8589%, weighted f1: 63.4011%
--------------------------
epoch: 1, lr: 0.0009025, loss: 0.9046
17.2666531
              precision    recall  f1-score   support

     neutral   0.823529  0.640000  0.720257       175
       happy   0.727273  0.920354  0.812500       113
         sad   0.521739  0.800000  0.631579        60
       angry   0.610390  0.470000  0.531073       100

    accuracy                       0.694196       448
   macro avg   0.670733  0.707588  0.673852       448
weighted avg   0.711256  0.694196  0.689419       448

[[112  29  11  23]
 [  4 104   1   4]
 [  8   1  48   3]
 [ 12   9  32  47]]
The best result ----------
WA: 69.4196%, UA: 70.7588%, macro f1: 67.3852%, weighted f1: 68.9419%
--------------------------
epoch: 2, lr: 0.0008574, loss: 0.818
24.657995299999996
              precision    recall  f1-score   support

     neutral   0.849206  0.611429  0.710963       175
       happy   0.845455  0.823009  0.834081       113
         sad   0.777778  0.583333  0.666667        60
       angry   0.514970  0.860000  0.644195       100

    accuracy                       0.716518       448
   macro avg   0.746852  0.719443  0.713976       448
weighted avg   0.764087  0.716518  0.721181       448

[[107  13   5  50]
 [  8  93   0  12]
 [  5   1  35  19]
 [  6   3   5  86]]
The best result ----------
WA: 71.6518%, UA: 71.9443%, macro f1: 71.3976%, weighted f1: 72.1181%
--------------------------
epoch: 3, lr: 0.0008145, loss: 0.7454
32.054913199999994
              precision    recall  f1-score   support

     neutral   0.822368  0.714286  0.764526       175
       happy   0.872727  0.849558  0.860987       113
         sad   0.651515  0.716667  0.682540        60
       angry   0.608333  0.730000  0.663636       100

    accuracy                       0.752232       448
   macro avg   0.738736  0.752627  0.742922       448
weighted avg   0.764413  0.752232  0.755356       448

[[125  10  12  28]
 [  8  96   0   9]
 [  6   1  43  10]
 [ 13   3  11  73]]
The best result ----------
WA: 75.2232%, UA: 75.2627%, macro f1: 74.2922%, weighted f1: 75.5356%
--------------------------
epoch: 4, lr: 0.0007738, loss: 0.6506
39.43929429999999
              precision    recall  f1-score   support

     neutral   0.882353  0.600000  0.714286       175
       happy   0.811475  0.876106  0.842553       113
         sad   0.525773  0.850000  0.649682        60
       angry   0.581818  0.640000  0.609524       100

    accuracy                       0.712054       448
   macro avg   0.700355  0.741527  0.704011       448
weighted avg   0.749635  0.712054  0.714602       448

[[105  17  19  34]
 [  5  99   4   5]
 [  1   1  51   7]
 [  8   5  23  64]]
The best result ----------
WA: 75.2232%, UA: 75.2627%, macro f1: 74.2922%, weighted f1: 75.5356%
--------------------------
epoch: 5, lr: 0.0007351, loss: 0.6169
46.8337581
              precision    recall  f1-score   support

     neutral   0.756219  0.868571  0.808511       175
       happy   0.881818  0.858407  0.869955       113
         sad   0.745763  0.733333  0.739496        60
       angry   0.756410  0.590000  0.662921       100

    accuracy                       0.785714       448
   macro avg   0.785053  0.762578  0.770221       448
weighted avg   0.786541  0.785714  0.782268       448

[[152   8   2  13]
 [ 12  97   2   2]
 [ 12   0  44   4]
 [ 25   5  11  59]]
The best result ----------
WA: 78.5714%, UA: 76.2578%, macro f1: 77.0221%, weighted f1: 78.2268%
--------------------------
epoch: 6, lr: 0.0006983, loss: 0.5598
54.2246686
              precision    recall  f1-score   support

     neutral   0.820988  0.760000  0.789318       175
       happy   0.824000  0.911504  0.865546       113
         sad   0.918919  0.566667  0.701031        60
       angry   0.653226  0.810000  0.723214       100

    accuracy                       0.783482       448
   macro avg   0.804283  0.762043  0.769777       448
weighted avg   0.797416  0.783482  0.781966       448

[[133  14   2  26]
 [  6 103   0   4]
 [ 10   3  34  13]
 [ 13   5   1  81]]
The best result ----------
WA: 78.5714%, UA: 76.2578%, macro f1: 77.0221%, weighted f1: 78.2268%
--------------------------
epoch: 7, lr: 0.0006634, loss: 0.5493
61.6184698
              precision    recall  f1-score   support

     neutral   0.746032  0.805714  0.774725       175
       happy   0.879630  0.840708  0.859729       113
         sad   0.716667  0.716667  0.716667        60
       angry   0.725275  0.660000  0.691099       100

    accuracy                       0.770089       448
   macro avg   0.766901  0.755772  0.760555       448
weighted avg   0.771163  0.770089  0.769724       448

[[141  10   9  15]
 [ 13  95   2   3]
 [ 10   0  43   7]
 [ 25   3   6  66]]
The best result ----------
WA: 78.5714%, UA: 76.2578%, macro f1: 77.0221%, weighted f1: 78.2268%
--------------------------
epoch: 8, lr: 0.0006302, loss: 0.5355
69.0371748
              precision    recall  f1-score   support

     neutral   0.812081  0.691429  0.746914       175
       happy   0.762963  0.911504  0.830645       113
         sad   0.878788  0.483333  0.623656        60
       angry   0.633588  0.830000  0.718615       100

    accuracy                       0.750000       448
   macro avg   0.771855  0.729067  0.729957       448
weighted avg   0.768783  0.750000  0.745209       448

[[121  23   2  29]
 [  6 103   0   4]
 [ 12   4  29  15]
 [ 10   5   2  83]]
The best result ----------
WA: 78.5714%, UA: 76.2578%, macro f1: 77.0221%, weighted f1: 78.2268%
--------------------------
epoch: 9, lr: 0.0005987, loss: 0.4889
76.432297
              precision    recall  f1-score   support

     neutral   0.854167  0.702857  0.771160       175
       happy   0.685897  0.946903  0.795539       113
         sad   0.853659  0.583333  0.693069        60
       angry   0.710280  0.760000  0.734300       100

    accuracy                       0.761161       448
   macro avg   0.776001  0.748273  0.748517       448
weighted avg   0.779538  0.761161  0.758623       448

[[123  31   2  19]
 [  5 107   0   1]
 [  8   6  35  11]
 [  8  12   4  76]]
The best result ----------
WA: 78.5714%, UA: 76.2578%, macro f1: 77.0221%, weighted f1: 78.2268%
--------------------------
epoch: 10, lr: 0.0005688, loss: 0.4977
83.81132170000001
              precision    recall  f1-score   support

     neutral   0.839695  0.628571  0.718954       175
       happy   0.648810  0.964602  0.775801       113
         sad   0.880952  0.616667  0.725490        60
       angry   0.682243  0.730000  0.705314       100

    accuracy                       0.734375       448
   macro avg   0.762925  0.734960  0.731390       448
weighted avg   0.761927  0.734375  0.731123       448

[[110  39   3  23]
 [  3 109   0   1]
 [  7   6  37  10]
 [ 11  14   2  73]]
The best result ----------
WA: 78.5714%, UA: 76.2578%, macro f1: 77.0221%, weighted f1: 78.2268%
--------------------------
epoch: 11, lr: 0.0005404, loss: 0.4974
91.1822729
              precision    recall  f1-score   support

     neutral   0.737113  0.817143  0.775068       175
       happy   0.889908  0.858407  0.873874       113
         sad   0.861111  0.516667  0.645833        60
       angry   0.669725  0.730000  0.698565       100

    accuracy                       0.767857       448
   macro avg   0.789464  0.730554  0.748335       448
weighted avg   0.777218  0.767857  0.765605       448

[[143  10   1  21]
 [ 12  97   1   3]
 [ 16   1  31  12]
 [ 23   1   3  73]]
The best result ----------
WA: 78.5714%, UA: 76.2578%, macro f1: 77.0221%, weighted f1: 78.2268%
--------------------------
epoch: 12, lr: 0.0005133, loss: 0.4795
98.55435759999999
              precision    recall  f1-score   support

     neutral   0.737374  0.834286  0.782842       175
       happy   0.811024  0.911504  0.858333       113
         sad   0.837838  0.516667  0.639175        60
       angry   0.779070  0.670000  0.720430       100

    accuracy                       0.774554       448
   macro avg   0.791326  0.733114  0.750195       448
weighted avg   0.778713  0.774554  0.768711       448

[[146  17   2  10]
 [  9 103   1   0]
 [ 17   3  31   9]
 [ 26   4   3  67]]
The best result ----------
WA: 78.5714%, UA: 76.2578%, macro f1: 77.0221%, weighted f1: 78.2268%
--------------------------
epoch: 13, lr: 0.0004877, loss: 0.4787
105.92945839999999
              precision    recall  f1-score   support

     neutral   0.770492  0.805714  0.787709       175
       happy   0.808000  0.893805  0.848739       113
         sad   0.804348  0.616667  0.698113        60
       angry   0.744681  0.700000  0.721649       100

    accuracy                       0.779018       448
   macro avg   0.781880  0.754047  0.764053       448
weighted avg   0.778725  0.779018  0.776358       448

[[141  17   3  14]
 [  8 101   1   3]
 [ 14   2  37   7]
 [ 20   5   5  70]]
The best result ----------
WA: 78.5714%, UA: 76.2578%, macro f1: 77.0221%, weighted f1: 78.2268%
--------------------------
epoch: 14, lr: 0.0004633, loss: 0.4759
113.39400709999998
              precision    recall  f1-score   support

     neutral   0.756614  0.817143  0.785714       175
       happy   0.804688  0.911504  0.854772       113
         sad   0.608108  0.750000  0.671642        60
       angry   0.807018  0.460000  0.585987       100

    accuracy                       0.752232       448
   macro avg   0.744107  0.734662  0.724529       448
weighted avg   0.760101  0.752232  0.743273       448

[[143  17   9   6]
 [  9 103   1   0]
 [  8   2  45   5]
 [ 29   6  19  46]]
The best result ----------
WA: 78.5714%, UA: 76.2578%, macro f1: 77.0221%, weighted f1: 78.2268%
--------------------------
epoch: 15, lr: 0.0004401, loss: 0.4616
120.76654529999998
              precision    recall  f1-score   support

     neutral   0.775862  0.771429  0.773639       175
       happy   0.821138  0.893805  0.855932       113
         sad   0.937500  0.500000  0.652174        60
       angry   0.663866  0.790000  0.721461       100

    accuracy                       0.770089       448
   macro avg   0.799591  0.738808  0.750802       448
weighted avg   0.783931  0.770089  0.766481       448

[[135  15   0  25]
 [  8 101   1   3]
 [ 16   2  30  12]
 [ 15   5   1  79]]
The best result ----------
WA: 78.5714%, UA: 76.2578%, macro f1: 77.0221%, weighted f1: 78.2268%
--------------------------
epoch: 16, lr: 0.0004181, loss: 0.4683
128.14480909999997
              precision    recall  f1-score   support

     neutral   0.746114  0.822857  0.782609       175
       happy   0.790698  0.902655  0.842975       113
         sad   0.860465  0.616667  0.718447        60
       angry   0.783133  0.650000  0.710383       100

    accuracy                       0.776786       448
   macro avg   0.795102  0.748045  0.763603       448
weighted avg   0.780937  0.776786  0.773120       448

[[144  17   2  12]
 [ 11 102   0   0]
 [ 15   2  37   6]
 [ 23   8   4  65]]
The best result ----------
WA: 78.5714%, UA: 76.2578%, macro f1: 77.0221%, weighted f1: 78.2268%
--------------------------
epoch: 17, lr: 0.0003972, loss: 0.4638
135.52478599999998
              precision    recall  f1-score   support

     neutral   0.730159  0.788571  0.758242       175
       happy   0.737589  0.920354  0.818898       113
         sad   0.842105  0.533333  0.653061        60
       angry   0.800000  0.640000  0.711111       100

    accuracy                       0.754464       448
   macro avg   0.777463  0.720565  0.735328       448
weighted avg   0.762615  0.754464  0.748934       448

[[138  26   3   8]
 [  8 104   1   0]
 [ 18   2  32   8]
 [ 25   9   2  64]]
The best result ----------
WA: 78.5714%, UA: 76.2578%, macro f1: 77.0221%, weighted f1: 78.2268%
--------------------------
epoch: 18, lr: 0.0003774, loss: 0.446
142.90555799999996
              precision    recall  f1-score   support

     neutral   0.744681  0.800000  0.771350       175
       happy   0.798450  0.911504  0.851240       113
         sad   0.864865  0.533333  0.659794        60
       angry   0.744681  0.700000  0.721649       100

    accuracy                       0.770089       448
   macro avg   0.788169  0.736209  0.751008       448
weighted avg   0.774339  0.770089  0.765466       448

[[140  19   1  15]
 [  9 103   1   0]
 [ 17   2  32   9]
 [ 22   5   3  70]]
The best result ----------
WA: 78.5714%, UA: 76.2578%, macro f1: 77.0221%, weighted f1: 78.2268%
--------------------------
epoch: 19, lr: 0.0003585, loss: 0.4612
150.27594059999996
              precision    recall  f1-score   support

     neutral   0.751323  0.811429  0.780220       175
       happy   0.798450  0.911504  0.851240       113
         sad   0.888889  0.533333  0.666667        60
       angry   0.755319  0.710000  0.731959       100

    accuracy                       0.776786       448
   macro avg   0.798495  0.741567  0.757521       448
weighted avg   0.782526  0.776786  0.772153       448

[[142  17   2  14]
 [  9 103   1   0]
 [ 17   2  32   9]
 [ 21   7   1  71]]
The best result ----------
WA: 78.5714%, UA: 76.2578%, macro f1: 77.0221%, weighted f1: 78.2268%
--------------------------
epoch: 20, lr: 0.0003406, loss: 0.465
157.64710439999993
              precision    recall  f1-score   support

     neutral   0.721698  0.874286  0.790698       175
       happy   0.844828  0.867257  0.855895       113
         sad   0.846154  0.550000  0.666667        60
       angry   0.753086  0.610000  0.674033       100

    accuracy                       0.770089       448
   macro avg   0.791441  0.725386  0.746823       448
weighted avg   0.776430  0.770089  0.764490       448

[[153  11   1  10]
 [ 12  98   1   2]
 [ 17   2  33   8]
 [ 30   5   4  61]]
The best result ----------
WA: 78.5714%, UA: 76.2578%, macro f1: 77.0221%, weighted f1: 78.2268%
--------------------------
epoch: 21, lr: 0.0003235, loss: 0.4573
165.01810859999992
              precision    recall  f1-score   support

     neutral   0.733010  0.862857  0.792651       175
       happy   0.900000  0.876106  0.887892       113
         sad   0.904762  0.633333  0.745098        60
       angry   0.755556  0.680000  0.715789       100

    accuracy                       0.794643       448
   macro avg   0.823332  0.763074  0.785358       448
weighted avg   0.803165  0.794643  0.793149       448

[[151   8   0  16]
 [ 12  99   1   1]
 [ 16   1  38   5]
 [ 27   2   3  68]]
The best result ----------
WA: 79.4643%, UA: 76.3074%, macro f1: 78.5358%, weighted f1: 79.3149%
--------------------------
epoch: 22, lr: 0.0003074, loss: 0.4541
172.3917801999999
              precision    recall  f1-score   support

     neutral   0.763158  0.828571  0.794521       175
       happy   0.812500  0.920354  0.863071       113
         sad   0.840909  0.616667  0.711538        60
       angry   0.755814  0.650000  0.698925       100

    accuracy                       0.783482       448
   macro avg   0.793095  0.753898  0.767014       448
weighted avg   0.784377  0.783482  0.779359       448

[[145  17   0  13]
 [  8 104   1   0]
 [ 14   1  37   8]
 [ 23   6   6  65]]
The best result ----------
WA: 79.4643%, UA: 76.3074%, macro f1: 78.5358%, weighted f1: 79.3149%
--------------------------
epoch: 23, lr: 0.000292, loss: 0.4449
179.76024289999992
              precision    recall  f1-score   support

     neutral   0.714932  0.902857  0.797980       175
       happy   0.868421  0.876106  0.872247       113
         sad   0.967742  0.500000  0.659341        60
       angry   0.792683  0.650000  0.714286       100

    accuracy                       0.785714       448
   macro avg   0.835945  0.732241  0.760963       448
weighted avg   0.804861  0.785714  0.779463       448

[[158  10   0   7]
 [ 13  99   1   0]
 [ 18   2  30  10]
 [ 32   3   0  65]]
The best result ----------
WA: 79.4643%, UA: 76.3074%, macro f1: 78.5358%, weighted f1: 79.3149%
--------------------------
epoch: 24, lr: 0.0002774, loss: 0.4397
187.1400678999999
              precision    recall  f1-score   support

     neutral   0.771429  0.771429  0.771429       175
       happy   0.831933  0.876106  0.853448       113
         sad   0.860465  0.616667  0.718447        60
       angry   0.693694  0.770000  0.729858       100

    accuracy                       0.776786       448
   macro avg   0.789380  0.758550  0.768295       448
weighted avg   0.781263  0.776786  0.775742       448

[[135  15   2  23]
 [ 10  99   1   3]
 [ 14   1  37   8]
 [ 16   4   3  77]]
The best result ----------
WA: 79.4643%, UA: 76.3074%, macro f1: 78.5358%, weighted f1: 79.3149%
--------------------------
epoch: 25, lr: 0.0002635, loss: 0.4425
194.5209144999999
              precision    recall  f1-score   support

     neutral   0.753927  0.822857  0.786885       175
       happy   0.809524  0.902655  0.853556       113
         sad   0.833333  0.583333  0.686275        60
       angry   0.775281  0.690000  0.730159       100

    accuracy                       0.781250       448
   macro avg   0.793016  0.749711  0.764219       448
weighted avg   0.783351  0.781250  0.777565       448

[[144  16   3  12]
 [  9 102   1   1]
 [ 16   2  35   7]
 [ 22   6   3  69]]
The best result ----------
WA: 79.4643%, UA: 76.3074%, macro f1: 78.5358%, weighted f1: 79.3149%
--------------------------
epoch: 26, lr: 0.0002503, loss: 0.4485
201.8990434999999
              precision    recall  f1-score   support

     neutral   0.750000  0.840000  0.792453       175
       happy   0.833333  0.884956  0.858369       113
         sad   0.820513  0.533333  0.646465        60
       angry   0.763441  0.710000  0.735751       100

    accuracy                       0.781250       448
   macro avg   0.791822  0.742072  0.758259       448
weighted avg   0.783463  0.781250  0.776870       448

[[147  14   3  11]
 [ 10 100   1   2]
 [ 18   1  32   9]
 [ 21   5   3  71]]
The best result ----------
WA: 79.4643%, UA: 76.3074%, macro f1: 78.5358%, weighted f1: 79.3149%
--------------------------
epoch: 27, lr: 0.0002378, loss: 0.4702
209.2781801999999
              precision    recall  f1-score   support

     neutral   0.796610  0.805714  0.801136       175
       happy   0.830645  0.911504  0.869198       113
         sad   0.826087  0.633333  0.716981        60
       angry   0.742574  0.750000  0.746269       100

    accuracy                       0.796875       448
   macro avg   0.798979  0.775138  0.783396       448
weighted avg   0.797081  0.796875  0.794786       448

[[141  13   4  17]
 [  9 103   1   0]
 [ 12   1  38   9]
 [ 15   7   3  75]]
The best result ----------
WA: 79.6875%, UA: 77.5138%, macro f1: 78.3396%, weighted f1: 79.4786%
--------------------------
epoch: 28, lr: 0.0002259, loss: 0.4333
216.6622103999999
              precision    recall  f1-score   support

     neutral   0.752525  0.851429  0.798928       175
       happy   0.870690  0.893805  0.882096       113
         sad   0.972222  0.583333  0.729167        60
       angry   0.744898  0.730000  0.737374       100

    accuracy                       0.799107       448
   macro avg   0.835084  0.764642  0.786891       448
weighted avg   0.810051  0.799107  0.796823       448

[[149  11   0  15]
 [  9 101   0   3]
 [ 17   1  35   7]
 [ 23   3   1  73]]
The best result ----------
WA: 79.6875%, UA: 77.5138%, macro f1: 78.3396%, weighted f1: 79.4786%
--------------------------
epoch: 29, lr: 0.0002146, loss: 0.435
224.0441554999999
              precision    recall  f1-score   support

     neutral   0.732719  0.908571  0.811224       175
       happy   0.858333  0.911504  0.884120       113
         sad   0.900000  0.600000  0.720000        60
       angry   0.887324  0.630000  0.736842       100

    accuracy                       0.805804       448
   macro avg   0.844594  0.762519  0.788047       448
weighted avg   0.821317  0.805804  0.800790       448

[[159  11   2   3]
 [ 10 103   0   0]
 [ 17   2  36   5]
 [ 31   4   2  63]]
The best result ----------
WA: 79.6875%, UA: 77.5138%, macro f1: 78.3396%, weighted f1: 79.4786%
--------------------------
epoch: 30, lr: 0.0002039, loss: 0.4388
231.4159231999999
              precision    recall  f1-score   support

     neutral   0.760870  0.800000  0.779944       175
       happy   0.801527  0.929204  0.860656       113
         sad   0.914286  0.533333  0.673684        60
       angry   0.724490  0.710000  0.717172       100

    accuracy                       0.776786       448
   macro avg   0.800293  0.743134  0.757864       448
weighted avg   0.783551  0.776786  0.772059       448

[[140  18   1  16]
 [  7 105   0   1]
 [ 16   2  32  10]
 [ 21   6   2  71]]
The best result ----------
WA: 79.6875%, UA: 77.5138%, macro f1: 78.3396%, weighted f1: 79.4786%
--------------------------
epoch: 31, lr: 0.0001937, loss: 0.4259
238.79230299999995
              precision    recall  f1-score   support

     neutral   0.743590  0.828571  0.783784       175
       happy   0.803030  0.938053  0.865306       113
         sad   0.914286  0.533333  0.673684        60
       angry   0.802326  0.690000  0.741935       100

    accuracy                       0.785714       448
   macro avg   0.815808  0.747489  0.766177       448
weighted avg   0.794554  0.785714  0.780260       448

[[145  18   2  10]
 [  7 106   0   0]
 [ 18   3  32   7]
 [ 25   5   1  69]]
The best result ----------
WA: 79.6875%, UA: 77.5138%, macro f1: 78.3396%, weighted f1: 79.4786%
--------------------------
epoch: 32, lr: 0.000184, loss: 0.4289
246.17311809999995
              precision    recall  f1-score   support

     neutral   0.761905  0.822857  0.791209       175
       happy   0.818898  0.920354  0.866667       113
         sad   0.900000  0.600000  0.720000        60
       angry   0.760870  0.700000  0.729167       100

    accuracy                       0.790179       448
   macro avg   0.810418  0.760803  0.776761       448
weighted avg   0.794544  0.790179  0.786856       448

[[144  16   1  14]
 [  8 104   1   0]
 [ 15   1  36   8]
 [ 22   6   2  70]]
The best result ----------
WA: 79.6875%, UA: 77.5138%, macro f1: 78.3396%, weighted f1: 79.4786%
--------------------------
epoch: 33, lr: 0.0001748, loss: 0.4332
253.55575039999997
              precision    recall  f1-score   support

     neutral   0.723301  0.851429  0.782152       175
       happy   0.844262  0.911504  0.876596       113
         sad   0.894737  0.566667  0.693878        60
       angry   0.792683  0.650000  0.714286       100

    accuracy                       0.783482       448
   macro avg   0.813746  0.744900  0.766728       448
weighted avg   0.792259  0.783482  0.779003       448

[[149  13   2  11]
 [ 10 103   0   0]
 [ 18   2  34   6]
 [ 29   4   2  65]]
The best result ----------
WA: 79.6875%, UA: 77.5138%, macro f1: 78.3396%, weighted f1: 79.4786%
--------------------------
epoch: 34, lr: 0.0001661, loss: 0.4554
260.94274089999993
              precision    recall  f1-score   support

     neutral   0.744792  0.817143  0.779292       175
       happy   0.800000  0.920354  0.855967       113
         sad   0.853659  0.583333  0.693069        60
       angry   0.776471  0.660000  0.713514       100

    accuracy                       0.776786       448
   macro avg   0.793730  0.745208  0.760460       448
weighted avg   0.780369  0.776786  0.772401       448

[[143  17   3  12]
 [  8 104   1   0]
 [ 16   2  35   7]
 [ 25   7   2  66]]
The best result ----------
WA: 79.6875%, UA: 77.5138%, macro f1: 78.3396%, weighted f1: 79.4786%
--------------------------
epoch: 35, lr: 0.0001578, loss: 0.4441
268.3141727
              precision    recall  f1-score   support

     neutral   0.721698  0.874286  0.790698       175
       happy   0.842975  0.902655  0.871795       113
         sad   0.888889  0.533333  0.666667        60
       angry   0.797468  0.630000  0.703911       100

    accuracy                       0.781250       448
   macro avg   0.812758  0.735068  0.758267       448
weighted avg   0.791593  0.781250  0.775170       448

[[153  12   2   8]
 [ 11 102   0   0]
 [ 18   2  32   8]
 [ 30   5   2  63]]
The best result ----------
WA: 79.6875%, UA: 77.5138%, macro f1: 78.3396%, weighted f1: 79.4786%
--------------------------
epoch: 36, lr: 0.0001499, loss: 0.4274
275.6878547
              precision    recall  f1-score   support

     neutral   0.735294  0.857143  0.791557       175
       happy   0.798450  0.911504  0.851240       113
         sad   0.897436  0.583333  0.707071        60
       angry   0.828947  0.630000  0.715909       100

    accuracy                       0.783482       448
   macro avg   0.815032  0.745495  0.766444       448
weighted avg   0.793844  0.783482  0.778410       448

[[150  17   1   7]
 [  9 103   1   0]
 [ 17   2  35   6]
 [ 28   7   2  63]]
The best result ----------
WA: 79.6875%, UA: 77.5138%, macro f1: 78.3396%, weighted f1: 79.4786%
--------------------------
epoch: 37, lr: 0.0001424, loss: 0.4269
283.07795930000003
              precision    recall  f1-score   support

     neutral   0.740741  0.800000  0.769231       175
       happy   0.768116  0.938053  0.844622       113
         sad   0.891892  0.550000  0.680412        60
       angry   0.785714  0.660000  0.717391       100

    accuracy                       0.770089       448
   macro avg   0.796616  0.737013  0.752914       448
weighted avg   0.777928  0.770089  0.764780       448

[[140  22   2  11]
 [  7 106   0   0]
 [ 17   3  33   7]
 [ 25   7   2  66]]
The best result ----------
WA: 79.6875%, UA: 77.5138%, macro f1: 78.3396%, weighted f1: 79.4786%
--------------------------
epoch: 38, lr: 0.0001353, loss: 0.4185
290.4675882
              precision    recall  f1-score   support

     neutral   0.743316  0.794286  0.767956       175
       happy   0.764286  0.946903  0.845850       113
         sad   0.941176  0.533333  0.680851        60
       angry   0.770115  0.670000  0.716578       100

    accuracy                       0.770089       448
   macro avg   0.804723  0.736130  0.752809       448
weighted avg   0.781086  0.770089  0.764469       448

[[139  23   1  12]
 [  6 107   0   0]
 [ 18   2  32   8]
 [ 24   8   1  67]]
The best result ----------
WA: 79.6875%, UA: 77.5138%, macro f1: 78.3396%, weighted f1: 79.4786%
--------------------------
epoch: 39, lr: 0.0001285, loss: 0.4236
297.8494974
              precision    recall  f1-score   support

     neutral   0.710280  0.868571  0.781491       175
       happy   0.838710  0.920354  0.877637       113
         sad   0.941176  0.533333  0.680851        60
       angry   0.802632  0.610000  0.693182       100

    accuracy                       0.779018       448
   macro avg   0.823200  0.733065  0.758290       448
weighted avg   0.794212  0.779018  0.772552       448

[[152  14   1   8]
 [  9 104   0   0]
 [ 19   2  32   7]
 [ 34   4   1  61]]
The best result ----------
WA: 79.6875%, UA: 77.5138%, macro f1: 78.3396%, weighted f1: 79.4786%
--------------------------
epoch: 40, lr: 0.0001221, loss: 0.408
305.2318308
              precision    recall  f1-score   support

     neutral   0.731343  0.840000  0.781915       175
       happy   0.838710  0.920354  0.877637       113
         sad   0.948718  0.616667  0.747475        60
       angry   0.785714  0.660000  0.717391       100

    accuracy                       0.790179       448
   macro avg   0.826121  0.759255  0.781105       448
weighted avg   0.799674  0.790179  0.787044       448

[[147  14   1  13]
 [  9 104   0   0]
 [ 16   2  37   5]
 [ 29   4   1  66]]
The best result ----------
WA: 79.6875%, UA: 77.5138%, macro f1: 78.3396%, weighted f1: 79.4786%
--------------------------
epoch: 41, lr: 0.000116, loss: 0.4395
312.601111
              precision    recall  f1-score   support

     neutral   0.743590  0.828571  0.783784       175
       happy   0.822581  0.902655  0.860759       113
         sad   0.921053  0.583333  0.714286        60
       angry   0.758242  0.690000  0.722513       100

    accuracy                       0.783482       448
   macro avg   0.811366  0.751140  0.770336       448
weighted avg   0.790552  0.783482  0.780215       448

[[145  15   1  14]
 [ 10 102   0   1]
 [ 17   1  35   7]
 [ 23   6   2  69]]
The best result ----------
WA: 79.6875%, UA: 77.5138%, macro f1: 78.3396%, weighted f1: 79.4786%
--------------------------
epoch: 42, lr: 0.0001102, loss: 0.4202
319.9709179
              precision    recall  f1-score   support

     neutral   0.729469  0.862857  0.790576       175
       happy   0.837398  0.911504  0.872881       113
         sad   0.921053  0.583333  0.714286        60
       angry   0.787500  0.630000  0.700000       100

    accuracy                       0.785714       448
   macro avg   0.818855  0.746924  0.769436       448
weighted avg   0.795304  0.785714  0.780901       448

[[151  13   1  10]
 [ 10 103   0   0]
 [ 17   1  35   7]
 [ 29   6   2  63]]
The best result ----------
WA: 79.6875%, UA: 77.5138%, macro f1: 78.3396%, weighted f1: 79.4786%
--------------------------
epoch: 43, lr: 0.0001047, loss: 0.4192
327.35022660000004
              precision    recall  f1-score   support

     neutral   0.746193  0.840000  0.790323       175
       happy   0.812500  0.920354  0.863071       113
         sad   0.918919  0.566667  0.701031        60
       angry   0.790698  0.680000  0.731183       100

    accuracy                       0.787946       448
   macro avg   0.817077  0.751755  0.771402       448
weighted avg   0.795985  0.787946  0.783512       448

[[147  17   1  10]
 [  9 104   0   0]
 [ 16   2  34   8]
 [ 25   5   2  68]]
The best result ----------
WA: 79.6875%, UA: 77.5138%, macro f1: 78.3396%, weighted f1: 79.4786%
--------------------------
epoch: 44, lr: 9.944e-05, loss: 0.4246
334.737051
              precision    recall  f1-score   support

     neutral   0.722772  0.834286  0.774536       175
       happy   0.811475  0.876106  0.842553       113
         sad   0.894737  0.566667  0.693878        60
       angry   0.755814  0.650000  0.698925       100

    accuracy                       0.767857       448
   macro avg   0.796200  0.731765  0.752473       448
weighted avg   0.775552  0.767857  0.764012       448

[[146  16   1  12]
 [ 11  99   1   2]
 [ 17   2  34   7]
 [ 28   5   2  65]]
The best result ----------
WA: 79.6875%, UA: 77.5138%, macro f1: 78.3396%, weighted f1: 79.4786%
--------------------------
epoch: 45, lr: 9.447e-05, loss: 0.4209
342.12944749999997
              precision    recall  f1-score   support

     neutral   0.711009  0.885714  0.788804       175
       happy   0.827869  0.893805  0.859574       113
         sad   0.911765  0.516667  0.659574        60
       angry   0.824324  0.610000  0.701149       100

    accuracy                       0.776786       448
   macro avg   0.818742  0.726547  0.752276       448
weighted avg   0.792665  0.776786  0.769781       448

[[155  14   1   5]
 [ 12 101   0   0]
 [ 19   2  31   8]
 [ 32   5   2  61]]
The best result ----------
WA: 79.6875%, UA: 77.5138%, macro f1: 78.3396%, weighted f1: 79.4786%
--------------------------
epoch: 46, lr: 8.974e-05, loss: 0.4252
349.52545619999995
              precision    recall  f1-score   support

     neutral   0.752632  0.817143  0.783562       175
       happy   0.783582  0.929204  0.850202       113
         sad   0.897436  0.583333  0.707071        60
       angry   0.800000  0.680000  0.735135       100

    accuracy                       0.783482       448
   macro avg   0.808412  0.752420  0.768992       448
weighted avg   0.790405  0.783482  0.779317       448

[[143  21   1  10]
 [  8 105   0   0]
 [ 16   2  35   7]
 [ 23   6   3  68]]
The best result ----------
WA: 79.6875%, UA: 77.5138%, macro f1: 78.3396%, weighted f1: 79.4786%
--------------------------
epoch: 47, lr: 8.526e-05, loss: 0.4248
356.9258393999999
              precision    recall  f1-score   support

     neutral   0.736041  0.828571  0.779570       175
       happy   0.776119  0.920354  0.842105       113
         sad   0.942857  0.550000  0.694737        60
       angry   0.792683  0.650000  0.714286       100

    accuracy                       0.774554       448
   macro avg   0.811925  0.737231  0.757674       448
weighted avg   0.786492  0.774554  0.769409       448

[[145  20   1   9]
 [  9 104   0   0]
 [ 17   2  33   8]
 [ 26   8   1  65]]
The best result ----------
WA: 79.6875%, UA: 77.5138%, macro f1: 78.3396%, weighted f1: 79.4786%
--------------------------
epoch: 48, lr: 8.099e-05, loss: 0.4151
364.31791939999994
              precision    recall  f1-score   support

     neutral   0.755208  0.828571  0.790191       175
       happy   0.812500  0.920354  0.863071       113
         sad   0.833333  0.666667  0.740741        60
       angry   0.825000  0.660000  0.733333       100

    accuracy                       0.792411       448
   macro avg   0.806510  0.768898  0.781834       448
weighted avg   0.795701  0.792411  0.789259       448

[[145  18   3   9]
 [  8 104   1   0]
 [ 14   1  40   5]
 [ 25   5   4  66]]
The best result ----------
WA: 79.6875%, UA: 77.5138%, macro f1: 78.3396%, weighted f1: 79.4786%
--------------------------
epoch: 49, lr: 7.694e-05, loss: 0.4232
371.71541389999993
              precision    recall  f1-score   support

     neutral   0.735577  0.874286  0.798956       175
       happy   0.852459  0.920354  0.885106       113
         sad   0.941176  0.533333  0.680851        60
       angry   0.809524  0.680000  0.739130       100

    accuracy                       0.796875       448
   macro avg   0.834684  0.751993  0.776011       448
weighted avg   0.809100  0.796875  0.791514       448

[[153  12   1   9]
 [  9 104   0   0]
 [ 19   2  32   7]
 [ 27   4   1  68]]
The best result ----------
WA: 79.6875%, UA: 77.5138%, macro f1: 78.3396%, weighted f1: 79.4786%
--------------------------
