epoch: 0, lr: 0.00095, loss: 1.162
19.2238482
              precision    recall  f1-score   support

     neutral   0.696203  0.568966  0.626186       290
       happy   0.668203  0.751295  0.707317       193
         sad   0.636792  0.692308  0.663391       195
       angry   0.497462  0.529730  0.513089       185

    accuracy                       0.629200       863
   macro avg   0.624665  0.635575  0.627496       863
weighted avg   0.633913  0.629200  0.628492       863

[[165  61  15  49]
 [ 28 145   6  14]
 [ 19   5 135  36]
 [ 25   6  56  98]]
The best result ----------
WA: 62.9200%, UA: 63.5575%, macro f1: 62.7496%, weighted f1: 62.8492%
--------------------------
epoch: 1, lr: 0.0009025, loss: 1.028
35.836096299999994
              precision    recall  f1-score   support

     neutral   0.752941  0.441379  0.556522       290
       happy   0.535385  0.901554  0.671815       193
         sad   0.747826  0.441026  0.554839       195
       angry   0.498024  0.681081  0.575342       185

    accuracy                       0.595597       863
   macro avg   0.633544  0.616260  0.589629       863
weighted avg   0.648485  0.595597  0.585960       863

[[128 112   6  44]
 [  8 174   5   6]
 [ 12  20  86  77]
 [ 22  19  18 126]]
The best result ----------
WA: 62.9200%, UA: 63.5575%, macro f1: 62.7496%, weighted f1: 62.8492%
--------------------------
epoch: 2, lr: 0.0008574, loss: 0.9561
52.4517635
              precision    recall  f1-score   support

     neutral   0.714286  0.603448  0.654206       290
       happy   0.650794  0.849741  0.737079       193
         sad   0.640553  0.712821  0.674757       195
       angry   0.630872  0.508108  0.562874       185

    accuracy                       0.662804       863
   macro avg   0.659126  0.668529  0.657229       863
weighted avg   0.665545  0.662804  0.657804       863

[[175  67  21  27]
 [ 18 164   7   4]
 [ 22  10 139  24]
 [ 30  11  50  94]]
The best result ----------
WA: 66.2804%, UA: 66.8529%, macro f1: 65.7229%, weighted f1: 65.7804%
--------------------------
epoch: 3, lr: 0.0008145, loss: 0.8892
69.0816657
              precision    recall  f1-score   support

     neutral   0.866667  0.313793  0.460759       290
       happy   0.666667  0.818653  0.734884       193
         sad   0.607759  0.723077  0.660422       195
       angry   0.480969  0.751351  0.586498       185

    accuracy                       0.612978       863
   macro avg   0.655515  0.651719  0.610641       863
weighted avg   0.680756  0.612978  0.594133       863

[[ 91  71  39  89]
 [  9 158  10  16]
 [  5   4 141  45]
 [  0   4  42 139]]
The best result ----------
WA: 66.2804%, UA: 66.8529%, macro f1: 65.7229%, weighted f1: 65.7804%
--------------------------
epoch: 4, lr: 0.0007738, loss: 0.7905
85.70594940000001
              precision    recall  f1-score   support

     neutral   0.745690  0.596552  0.662835       290
       happy   0.702703  0.808290  0.751807       193
         sad   0.690476  0.743590  0.716049       195
       angry   0.603015  0.648649  0.625000       185

    accuracy                       0.688297       863
   macro avg   0.685471  0.699270  0.688923       863
weighted avg   0.693015  0.688297  0.686646       863

[[173  57  16  44]
 [ 19 156   8  10]
 [ 22   3 145  25]
 [ 18   6  41 120]]
The best result ----------
WA: 68.8297%, UA: 69.9270%, macro f1: 68.8923%, weighted f1: 68.6646%
--------------------------
epoch: 5, lr: 0.0007351, loss: 0.7308
102.30959370000001
              precision    recall  f1-score   support

     neutral   0.793333  0.410345  0.540909       290
       happy   0.701493  0.730570  0.715736       193
         sad   0.732620  0.702564  0.717277       195
       angry   0.470769  0.827027  0.600000       185

    accuracy                       0.637312       863
   macro avg   0.674554  0.667626  0.643481       863
weighted avg   0.689928  0.637312  0.632526       863

[[119  57  20  94]
 [ 12 141   6  34]
 [ 11   3 137  44]
 [  8   0  24 153]]
The best result ----------
WA: 68.8297%, UA: 69.9270%, macro f1: 68.8923%, weighted f1: 68.6646%
--------------------------
epoch: 6, lr: 0.0006983, loss: 0.6688
118.91401060000001
              precision    recall  f1-score   support

     neutral   0.702703  0.717241  0.709898       290
       happy   0.739726  0.839378  0.786408       193
         sad   0.691943  0.748718  0.719212       195
       angry   0.744526  0.551351  0.633540       185

    accuracy                       0.716107       863
   macro avg   0.719724  0.714172  0.712264       863
weighted avg   0.717517  0.716107  0.712744       863

[[208  51  17  14]
 [ 18 162   8   5]
 [ 31   2 146  16]
 [ 39   4  40 102]]
The best result ----------
WA: 71.6107%, UA: 71.4172%, macro f1: 71.2264%, weighted f1: 71.2744%
--------------------------
epoch: 7, lr: 0.0006634, loss: 0.6334
135.5158645
              precision    recall  f1-score   support

     neutral   0.737705  0.620690  0.674157       290
       happy   0.732719  0.823834  0.775610       193
         sad   0.586331  0.835897  0.689218       195
       angry   0.709677  0.475676  0.569579       185

    accuracy                       0.683662       863
   macro avg   0.691608  0.689024  0.677141       863
weighted avg   0.696378  0.683662  0.677831       863

[[180  41  43  26]
 [ 20 159  12   2]
 [ 18   6 163   8]
 [ 26  11  60  88]]
The best result ----------
WA: 71.6107%, UA: 71.4172%, macro f1: 71.2264%, weighted f1: 71.2744%
--------------------------
epoch: 8, lr: 0.0006302, loss: 0.6107
152.1457927
              precision    recall  f1-score   support

     neutral   0.734375  0.648276  0.688645       290
       happy   0.714286  0.751295  0.732323       193
         sad   0.727749  0.712821  0.720207       195
       angry   0.624413  0.718919  0.668342       185

    accuracy                       0.701043       863
   macro avg   0.700206  0.707828  0.702379       863
weighted avg   0.704813  0.701043  0.701192       863

[[188  44  20  38]
 [ 31 145   8   9]
 [ 18   5 139  33]
 [ 19   9  24 133]]
The best result ----------
WA: 71.6107%, UA: 71.4172%, macro f1: 71.2264%, weighted f1: 71.2744%
--------------------------
epoch: 9, lr: 0.0005987, loss: 0.5938
168.66346409999997
              precision    recall  f1-score   support

     neutral   0.736264  0.693103  0.714032       290
       happy   0.692982  0.818653  0.750594       193
         sad   0.723958  0.712821  0.718346       195
       angry   0.652941  0.600000  0.625352       185

    accuracy                       0.705678       863
   macro avg   0.701536  0.706144  0.702081       863
weighted avg   0.705942  0.705678  0.704173       863

[[201  49  14  26]
 [ 20 158   7   8]
 [ 26   5 139  25]
 [ 26  16  32 111]]
The best result ----------
WA: 71.6107%, UA: 71.4172%, macro f1: 71.2264%, weighted f1: 71.2744%
--------------------------
epoch: 10, lr: 0.0005688, loss: 0.5696
185.33763449999995
              precision    recall  f1-score   support

     neutral   0.720472  0.631034  0.672794       290
       happy   0.713004  0.823834  0.764423       193
         sad   0.721951  0.758974  0.740000       195
       angry   0.674033  0.659459  0.666667       185

    accuracy                       0.709154       863
   macro avg   0.707365  0.718326  0.710971       863
weighted avg   0.709181  0.709154  0.707158       863

[[183  51  26  30]
 [ 21 159   6   7]
 [ 21   4 148  22]
 [ 29   9  25 122]]
The best result ----------
WA: 71.6107%, UA: 71.4172%, macro f1: 71.2264%, weighted f1: 71.2744%
--------------------------
epoch: 11, lr: 0.0005404, loss: 0.5706
202.06644949999995
              precision    recall  f1-score   support

     neutral   0.714286  0.655172  0.683453       290
       happy   0.705128  0.854922  0.772834       193
         sad   0.693396  0.753846  0.722359       195
       angry   0.741722  0.605405  0.666667       185

    accuracy                       0.711472       863
   macro avg   0.713633  0.717337  0.711328       863
weighted avg   0.713399  0.711472  0.708635       863

[[190  56  24  20]
 [ 17 165   7   4]
 [ 27   6 147  15]
 [ 32   7  34 112]]
The best result ----------
WA: 71.6107%, UA: 71.4172%, macro f1: 71.2264%, weighted f1: 71.2744%
--------------------------
epoch: 12, lr: 0.0005133, loss: 0.5526
218.77211219999995
              precision    recall  f1-score   support

     neutral   0.698582  0.679310  0.688811       290
       happy   0.740196  0.782383  0.760705       193
         sad   0.640816  0.805128  0.713636       195
       angry   0.719697  0.513514  0.599369       185

    accuracy                       0.695249       863
   macro avg   0.699823  0.695084  0.690630       863
weighted avg   0.699362  0.695249  0.691325       863

[[197  43  28  22]
 [ 27 151   9   6]
 [ 26   3 157   9]
 [ 32   7  51  95]]
The best result ----------
WA: 71.6107%, UA: 71.4172%, macro f1: 71.2264%, weighted f1: 71.2744%
--------------------------
epoch: 13, lr: 0.0004877, loss: 0.5513
235.46823129999993
              precision    recall  f1-score   support

     neutral   0.773504  0.624138  0.690840       290
       happy   0.727679  0.844560  0.781775       193
         sad   0.723618  0.738462  0.730964       195
       angry   0.621359  0.691892  0.654731       185

    accuracy                       0.713789       863
   macro avg   0.711540  0.724763  0.714578       863
weighted avg   0.719369  0.713789  0.712502       863

[[181  48  21  40]
 [ 13 163   7  10]
 [ 19   4 144  28]
 [ 21   9  27 128]]
The best result ----------
WA: 71.3789%, UA: 72.4763%, macro f1: 71.4578%, weighted f1: 71.2502%
--------------------------
epoch: 14, lr: 0.0004633, loss: 0.5344
252.17760899999993
              precision    recall  f1-score   support

     neutral   0.787440  0.562069  0.655936       290
       happy   0.682731  0.880829  0.769231       193
         sad   0.711443  0.733333  0.722222       195
       angry   0.626214  0.697297  0.659847       185

    accuracy                       0.701043       863
   macro avg   0.701957  0.718382  0.701809       863
weighted avg   0.712289  0.701043  0.697089       863

[[163  63  23  41]
 [ 12 170   4   7]
 [ 17   6 143  29]
 [ 15  10  31 129]]
The best result ----------
WA: 71.3789%, UA: 72.4763%, macro f1: 71.4578%, weighted f1: 71.2502%
--------------------------
epoch: 15, lr: 0.0004401, loss: 0.5397
268.95322739999995
              precision    recall  f1-score   support

     neutral   0.700637  0.758621  0.728477       290
       happy   0.760766  0.823834  0.791045       193
         sad   0.683721  0.753846  0.717073       195
       angry   0.728000  0.491892  0.587097       185

    accuracy                       0.714948       863
   macro avg   0.718281  0.707048  0.705923       863
weighted avg   0.716128  0.714948  0.709585       863

[[220  40  16  14]
 [ 25 159   6   3]
 [ 28   3 147  17]
 [ 41   7  46  91]]
The best result ----------
WA: 71.3789%, UA: 72.4763%, macro f1: 71.4578%, weighted f1: 71.2502%
--------------------------
epoch: 16, lr: 0.0004181, loss: 0.5348
285.6525800999999
              precision    recall  f1-score   support

     neutral   0.719557  0.672414  0.695187       290
       happy   0.716157  0.849741  0.777251       193
         sad   0.734807  0.682051  0.707447       195
       angry   0.664835  0.654054  0.659401       185

    accuracy                       0.710313       863
   macro avg   0.708839  0.714565  0.709821       863
weighted avg   0.710512  0.710313  0.708638       863

[[195  52  17  26]
 [ 17 164   5   7]
 [ 29   5 133  28]
 [ 30   8  26 121]]
The best result ----------
WA: 71.3789%, UA: 72.4763%, macro f1: 71.4578%, weighted f1: 71.2502%
--------------------------
epoch: 17, lr: 0.0003972, loss: 0.5116
302.3569491999999
              precision    recall  f1-score   support

     neutral   0.730216  0.700000  0.714789       290
       happy   0.720000  0.839378  0.775120       193
         sad   0.693780  0.743590  0.717822       195
       angry   0.735099  0.600000  0.660714       185

    accuracy                       0.719583       863
   macro avg   0.719774  0.720742  0.717111       863
weighted avg   0.720745  0.719583  0.717375       863

[[203  47  20  20]
 [ 22 162   5   4]
 [ 27   7 145  16]
 [ 26   9  39 111]]
The best result ----------
WA: 71.9583%, UA: 72.0742%, macro f1: 71.7111%, weighted f1: 71.7375%
--------------------------
epoch: 18, lr: 0.0003774, loss: 0.5076
319.0542412999999
              precision    recall  f1-score   support

     neutral   0.755814  0.672414  0.711679       290
       happy   0.728507  0.834197  0.777778       193
         sad   0.688073  0.769231  0.726392       195
       angry   0.698795  0.627027  0.660969       185

    accuracy                       0.720742       863
   macro avg   0.717797  0.725717  0.719204       863
weighted avg   0.722178  0.720742  0.718915       863

[[195  46  22  27]
 [ 22 161   5   5]
 [ 20   7 150  18]
 [ 21   7  41 116]]
The best result ----------
WA: 72.0742%, UA: 72.5717%, macro f1: 71.9204%, weighted f1: 71.8915%
--------------------------
epoch: 19, lr: 0.0003585, loss: 0.5102
335.75638469999984
              precision    recall  f1-score   support

     neutral   0.762097  0.651724  0.702602       290
       happy   0.780749  0.756477  0.768421       193
         sad   0.644068  0.779487  0.705336       195
       angry   0.593750  0.616216  0.604775       185

    accuracy                       0.696408       863
   macro avg   0.695166  0.700976  0.695284       863
weighted avg   0.703510  0.696408  0.696968       863

[[189  34  21  46]
 [ 25 146  10  12]
 [ 21   2 152  20]
 [ 13   5  53 114]]
The best result ----------
WA: 72.0742%, UA: 72.5717%, macro f1: 71.9204%, weighted f1: 71.8915%
--------------------------
epoch: 20, lr: 0.0003406, loss: 0.501
352.3350217999998
              precision    recall  f1-score   support

     neutral   0.763566  0.679310  0.718978       290
       happy   0.720000  0.839378  0.775120       193
         sad   0.744444  0.687179  0.714667       195
       angry   0.640000  0.691892  0.664935       185

    accuracy                       0.719583       863
   macro avg   0.717003  0.724440  0.718425       863
weighted avg   0.723014  0.719583  0.718974       863

[[197  47  14  32]
 [ 18 162   6   7]
 [ 22   6 134  33]
 [ 21  10  26 128]]
The best result ----------
WA: 72.0742%, UA: 72.5717%, macro f1: 71.9204%, weighted f1: 71.8915%
--------------------------
epoch: 21, lr: 0.0003235, loss: 0.5173
368.9308821999998
              precision    recall  f1-score   support

     neutral   0.755274  0.617241  0.679317       290
       happy   0.710407  0.813472  0.758454       193
         sad   0.718750  0.707692  0.713178       195
       angry   0.615023  0.708108  0.658291       185

    accuracy                       0.701043       863
   macro avg   0.699864  0.711628  0.702310       863
weighted avg   0.706922  0.701043  0.700159       863

[[179  49  19  43]
 [ 19 157   8   9]
 [ 22   5 138  30]
 [ 17  10  27 131]]
The best result ----------
WA: 72.0742%, UA: 72.5717%, macro f1: 71.9204%, weighted f1: 71.8915%
--------------------------
epoch: 22, lr: 0.0003074, loss: 0.5027
385.5189804999998
              precision    recall  f1-score   support

     neutral   0.706294  0.696552  0.701389       290
       happy   0.770833  0.766839  0.768831       193
         sad   0.707447  0.682051  0.694517       195
       angry   0.624365  0.664865  0.643979       185

    accuracy                       0.702202       863
   macro avg   0.702235  0.702577  0.702179       863
weighted avg   0.703425  0.702202  0.702612       863

[[202  37  17  34]
 [ 27 148   8  10]
 [ 27   5 133  30]
 [ 30   2  30 123]]
The best result ----------
WA: 72.0742%, UA: 72.5717%, macro f1: 71.9204%, weighted f1: 71.8915%
--------------------------
epoch: 23, lr: 0.000292, loss: 0.5101
402.1060343999998
              precision    recall  f1-score   support

     neutral   0.729537  0.706897  0.718039       290
       happy   0.736607  0.854922  0.791367       193
         sad   0.728723  0.702564  0.715405       195
       angry   0.688235  0.632432  0.659155       185

    accuracy                       0.723059       863
   macro avg   0.720776  0.724204  0.720991       863
weighted avg   0.722081  0.723059  0.721220       863

[[205  44  18  23]
 [ 17 165   6   5]
 [ 27   6 137  25]
 [ 32   9  27 117]]
The best result ----------
WA: 72.3059%, UA: 72.4204%, macro f1: 72.0991%, weighted f1: 72.1220%
--------------------------
epoch: 24, lr: 0.0002774, loss: 0.5014
418.73652159999983
              precision    recall  f1-score   support

     neutral   0.771784  0.641379  0.700565       290
       happy   0.746544  0.839378  0.790244       193
         sad   0.668067  0.815385  0.734411       195
       angry   0.682635  0.616216  0.647727       185

    accuracy                       0.719583       863
   macro avg   0.717257  0.728090  0.718237       863
weighted avg   0.723593  0.719583  0.716942       863

[[186  43  26  35]
 [ 17 162   8   6]
 [ 19   5 159  12]
 [ 19   7  45 114]]
The best result ----------
WA: 71.9583%, UA: 72.8090%, macro f1: 71.8237%, weighted f1: 71.6942%
--------------------------
epoch: 25, lr: 0.0002635, loss: 0.4946
435.4449889999998
              precision    recall  f1-score   support

     neutral   0.758893  0.662069  0.707182       290
       happy   0.728889  0.849741  0.784689       193
         sad   0.696682  0.753846  0.724138       195
       angry   0.683908  0.643243  0.662953       185

    accuracy                       0.720742       863
   macro avg   0.717093  0.727225  0.719740       863
weighted avg   0.722052  0.720742  0.718866       863

[[192  49  21  28]
 [ 16 164   7   6]
 [ 21   6 147  21]
 [ 24   6  36 119]]
The best result ----------
WA: 72.0742%, UA: 72.7225%, macro f1: 71.9740%, weighted f1: 71.8866%
--------------------------
epoch: 26, lr: 0.0002503, loss: 0.4836
452.1458483999998
              precision    recall  f1-score   support

     neutral   0.726316  0.713793  0.720000       290
       happy   0.741784  0.818653  0.778325       193
         sad   0.732323  0.743590  0.737913       195
       angry   0.694611  0.627027  0.659091       185

    accuracy                       0.725377       863
   macro avg   0.723758  0.725766  0.723832       863
weighted avg   0.724336  0.725377  0.724034       863

[[207  43  15  25]
 [ 23 158   6   6]
 [ 25   5 145  20]
 [ 30   7  32 116]]
The best result ----------
WA: 72.5377%, UA: 72.5766%, macro f1: 72.3832%, weighted f1: 72.4034%
--------------------------
epoch: 27, lr: 0.0002378, loss: 0.4921
468.8798801999998
              precision    recall  f1-score   support

     neutral   0.732342  0.679310  0.704830       290
       happy   0.738095  0.803109  0.769231       193
         sad   0.722513  0.707692  0.715026       195
       angry   0.621762  0.648649  0.634921       185

    accuracy                       0.706837       863
   macro avg   0.703678  0.709690  0.706002       863
weighted avg   0.707703  0.706837  0.706550       863

[[197  44  12  37]
 [ 22 155   7   9]
 [ 25   5 138  27]
 [ 25   6  34 120]]
The best result ----------
WA: 72.5377%, UA: 72.5766%, macro f1: 72.3832%, weighted f1: 72.4034%
--------------------------
epoch: 28, lr: 0.0002259, loss: 0.5004
485.5638955999998
              precision    recall  f1-score   support

     neutral   0.756757  0.675862  0.714026       290
       happy   0.736842  0.870466  0.798100       193
         sad   0.712919  0.764103  0.737624       195
       angry   0.718563  0.648649  0.681818       185

    accuracy                       0.733488       863
   macro avg   0.731270  0.739770  0.732892       863
weighted avg   0.734210  0.733488  0.731256       863

[[196  48  19  27]
 [ 14 168   6   5]
 [ 26   5 149  15]
 [ 23   7  35 120]]
The best result ----------
WA: 73.3488%, UA: 73.9770%, macro f1: 73.2892%, weighted f1: 73.1256%
--------------------------
epoch: 29, lr: 0.0002146, loss: 0.492
502.2359787999999
              precision    recall  f1-score   support

     neutral   0.762931  0.610345  0.678161       290
       happy   0.701245  0.875648  0.778802       193
         sad   0.719212  0.748718  0.733668       195
       angry   0.673797  0.681081  0.677419       185

    accuracy                       0.716107       863
   macro avg   0.714296  0.728948  0.717013       863
weighted avg   0.720149  0.716107  0.713051       863

[[177  58  22  33]
 [ 11 169   6   7]
 [ 22   6 146  21]
 [ 22   8  29 126]]
The best result ----------
WA: 73.3488%, UA: 73.9770%, macro f1: 73.2892%, weighted f1: 73.1256%
--------------------------
epoch: 30, lr: 0.0002039, loss: 0.4877
518.9260468999998
              precision    recall  f1-score   support

     neutral   0.747126  0.672414  0.707804       290
       happy   0.701681  0.865285  0.774942       193
         sad   0.743455  0.728205  0.735751       195
       angry   0.693642  0.648649  0.670391       185

    accuracy                       0.723059       863
   macro avg   0.721476  0.728638  0.722222       863
weighted avg   0.724668  0.723059  0.721113       863

[[195  54  15  26]
 [ 14 167   6   6]
 [ 26   6 142  21]
 [ 26  11  28 120]]
The best result ----------
WA: 73.3488%, UA: 73.9770%, macro f1: 73.2892%, weighted f1: 73.1256%
--------------------------
epoch: 31, lr: 0.0001937, loss: 0.5039
535.7013439999998
              precision    recall  f1-score   support

     neutral   0.773663  0.648276  0.705441       290
       happy   0.719828  0.865285  0.785882       193
         sad   0.750000  0.723077  0.736292       195
       angry   0.640000  0.691892  0.664935       185

    accuracy                       0.723059       863
   macro avg   0.720873  0.732132  0.723138       863
weighted avg   0.727623  0.723059  0.721719       863

[[188  49  14  39]
 [ 14 167   5   7]
 [ 24   4 141  26]
 [ 17  12  28 128]]
The best result ----------
WA: 73.3488%, UA: 73.9770%, macro f1: 73.2892%, weighted f1: 73.1256%
--------------------------
epoch: 32, lr: 0.000184, loss: 0.4843
552.3981427999998
              precision    recall  f1-score   support

     neutral   0.756863  0.665517  0.708257       290
       happy   0.716157  0.849741  0.777251       193
         sad   0.720000  0.738462  0.729114       195
       angry   0.664804  0.643243  0.653846       185

    accuracy                       0.718424       863
   macro avg   0.714456  0.724241  0.717117       863
weighted avg   0.719696  0.718424  0.716735       863

[[193  51  15  31]
 [ 15 164   8   6]
 [ 22   6 144  23]
 [ 25   8  33 119]]
The best result ----------
WA: 73.3488%, UA: 73.9770%, macro f1: 73.2892%, weighted f1: 73.1256%
--------------------------
epoch: 33, lr: 0.0001748, loss: 0.4934
569.1043142999999
              precision    recall  f1-score   support

     neutral   0.735294  0.689655  0.711744       290
       happy   0.733032  0.839378  0.782609       193
         sad   0.735000  0.753846  0.744304       195
       angry   0.705882  0.648649  0.676056       185

    accuracy                       0.728853       863
   macro avg   0.727302  0.732882  0.728678       863
weighted avg   0.728417  0.728853  0.727299       863

[[200  47  17  26]
 [ 20 162   6   5]
 [ 26   3 147  19]
 [ 26   9  30 120]]
The best result ----------
WA: 73.3488%, UA: 73.9770%, macro f1: 73.2892%, weighted f1: 73.1256%
--------------------------
epoch: 34, lr: 0.0001661, loss: 0.503
585.7878346
              precision    recall  f1-score   support

     neutral   0.754032  0.644828  0.695167       290
       happy   0.696721  0.880829  0.778032       193
         sad   0.700000  0.717949  0.708861       195
       angry   0.684211  0.632432  0.657303       185

    accuracy                       0.711472       863
   macro avg   0.708741  0.719009  0.709841       863
weighted avg   0.714039  0.711472  0.708676       863

[[187  56  21  26]
 [ 12 170   5   6]
 [ 26   7 140  22]
 [ 23  11  34 117]]
The best result ----------
WA: 73.3488%, UA: 73.9770%, macro f1: 73.2892%, weighted f1: 73.1256%
--------------------------
epoch: 35, lr: 0.0001578, loss: 0.4823
602.4713715
              precision    recall  f1-score   support

     neutral   0.786885  0.662069  0.719101       290
       happy   0.735931  0.880829  0.801887       193
         sad   0.738462  0.738462  0.738462       195
       angry   0.663212  0.691892  0.677249       185

    accuracy                       0.734647       863
   macro avg   0.731122  0.743313  0.734175       863
weighted avg   0.738037  0.734647  0.733018       863

[[192  48  15  35]
 [  9 170   7   7]
 [ 22   6 144  23]
 [ 21   7  29 128]]
The best result ----------
WA: 73.4647%, UA: 74.3313%, macro f1: 73.4175%, weighted f1: 73.3018%
--------------------------
epoch: 36, lr: 0.0001499, loss: 0.4863
619.1757316000001
              precision    recall  f1-score   support

     neutral   0.765873  0.665517  0.712177       290
       happy   0.734783  0.875648  0.799054       193
         sad   0.737705  0.692308  0.714286       195
       angry   0.671717  0.718919  0.694517       185

    accuracy                       0.730012       863
   macro avg   0.727519  0.738098  0.730009       863
weighted avg   0.732371  0.730012  0.728297       863

[[193  48  19  30]
 [ 12 169   6   6]
 [ 27   4 135  29]
 [ 20   9  23 133]]
The best result ----------
WA: 73.4647%, UA: 74.3313%, macro f1: 73.4175%, weighted f1: 73.3018%
--------------------------
epoch: 37, lr: 0.0001424, loss: 0.489
645.9300229
              precision    recall  f1-score   support

     neutral   0.757202  0.634483  0.690432       290
       happy   0.673077  0.906736  0.772627       193
         sad   0.731183  0.697436  0.713911       195
       angry   0.672414  0.632432  0.651811       185

    accuracy                       0.709154       863
   macro avg   0.708469  0.717772  0.707195       863
weighted avg   0.714333  0.709154  0.705840       863

[[184  63  16  27]
 [  8 175   5   5]
 [ 26   8 136  25]
 [ 25  14  29 117]]
The best result ----------
WA: 73.4647%, UA: 74.3313%, macro f1: 73.4175%, weighted f1: 73.3018%
--------------------------
epoch: 38, lr: 0.0001353, loss: 0.474
682.8776343
              precision    recall  f1-score   support

     neutral   0.773279  0.658621  0.711359       290
       happy   0.713080  0.875648  0.786047       193
         sad   0.710784  0.743590  0.726817       195
       angry   0.680000  0.643243  0.661111       185

    accuracy                       0.723059       863
   macro avg   0.719286  0.730275  0.721334       863
weighted avg   0.725699  0.723059  0.720783       863

[[191  52  18  29]
 [ 12 169   7   5]
 [ 21   7 145  22]
 [ 23   9  34 119]]
The best result ----------
WA: 73.4647%, UA: 74.3313%, macro f1: 73.4175%, weighted f1: 73.3018%
--------------------------
epoch: 39, lr: 0.0001285, loss: 0.4795
719.8049741
              precision    recall  f1-score   support

     neutral   0.785088  0.617241  0.691120       290
       happy   0.711864  0.870466  0.783217       193
         sad   0.677273  0.764103  0.718072       195
       angry   0.659218  0.637838  0.648352       185

    accuracy                       0.711472       863
   macro avg   0.708361  0.722412  0.710190       863
weighted avg   0.717368  0.711472  0.708638       863

[[179  56  22  33]
 [ 10 168   8   7]
 [ 20   5 149  21]
 [ 19   7  41 118]]
The best result ----------
WA: 73.4647%, UA: 74.3313%, macro f1: 73.4175%, weighted f1: 73.3018%
--------------------------
epoch: 40, lr: 0.0001221, loss: 0.4745
756.7647100999999
              precision    recall  f1-score   support

     neutral   0.747212  0.693103  0.719141       290
       happy   0.721030  0.870466  0.788732       193
         sad   0.755208  0.743590  0.749354       195
       angry   0.686391  0.627027  0.655367       185

    accuracy                       0.730012       863
   macro avg   0.727460  0.733547  0.728149       863
weighted avg   0.730125  0.730012  0.727860       863

[[201  50  11  28]
 [ 17 168   4   4]
 [ 24   5 145  21]
 [ 27  10  32 116]]
The best result ----------
WA: 73.4647%, UA: 74.3313%, macro f1: 73.4175%, weighted f1: 73.3018%
--------------------------
epoch: 41, lr: 0.000116, loss: 0.4638
793.7424029999999
              precision    recall  f1-score   support

     neutral   0.772908  0.668966  0.717190       290
       happy   0.745455  0.849741  0.794189       193
         sad   0.699029  0.738462  0.718204       195
       angry   0.650538  0.654054  0.652291       185

    accuracy                       0.721900       863
   macro avg   0.716982  0.727806  0.720469       863
weighted avg   0.723843  0.721900  0.720727       863

[[194  42  18  36]
 [ 16 164   7   6]
 [ 22   6 144  23]
 [ 19   8  37 121]]
The best result ----------
WA: 73.4647%, UA: 74.3313%, macro f1: 73.4175%, weighted f1: 73.3018%
--------------------------
epoch: 42, lr: 0.0001102, loss: 0.4676
830.7115730999998
              precision    recall  f1-score   support

     neutral   0.756863  0.665517  0.708257       290
       happy   0.697959  0.886010  0.780822       193
         sad   0.736041  0.743590  0.739796       195
       angry   0.704819  0.632432  0.666667       185

    accuracy                       0.725377       863
   macro avg   0.723920  0.731887  0.723885       863
weighted avg   0.727828  0.725377  0.722696       863

[[193  57  15  25]
 [ 12 171   4   6]
 [ 24   8 145  18]
 [ 26   9  33 117]]
The best result ----------
WA: 73.4647%, UA: 74.3313%, macro f1: 73.4175%, weighted f1: 73.3018%
--------------------------
epoch: 43, lr: 0.0001047, loss: 0.4693
867.6805482999998
              precision    recall  f1-score   support

     neutral   0.789030  0.644828  0.709677       290
       happy   0.697581  0.896373  0.784580       193
         sad   0.739362  0.712821  0.725849       195
       angry   0.657895  0.675676  0.666667       185

    accuracy                       0.723059       863
   macro avg   0.720967  0.732424  0.721693       863
weighted avg   0.729244  0.723059  0.720862       863

[[187  55  16  32]
 [ 10 173   3   7]
 [ 22   8 139  26]
 [ 18  12  30 125]]
The best result ----------
WA: 73.4647%, UA: 74.3313%, macro f1: 73.4175%, weighted f1: 73.3018%
--------------------------
epoch: 44, lr: 9.944e-05, loss: 0.4702
904.6505555999998
              precision    recall  f1-score   support

     neutral   0.777328  0.662069  0.715084       290
       happy   0.700405  0.896373  0.786364       193
         sad   0.738693  0.753846  0.746193       195
       angry   0.717647  0.659459  0.687324       185

    accuracy                       0.734647       863
   macro avg   0.733518  0.742937  0.733741       863
weighted avg   0.738602  0.734647  0.732103       863

[[192  57  16  25]
 [ 11 173   5   4]
 [ 23   6 147  19]
 [ 21  11  31 122]]
The best result ----------
WA: 73.4647%, UA: 74.3313%, macro f1: 73.4175%, weighted f1: 73.3018%
--------------------------
epoch: 45, lr: 9.447e-05, loss: 0.4787
941.6272983999997
              precision    recall  f1-score   support

     neutral   0.773585  0.706897  0.738739       290
       happy   0.748899  0.880829  0.809524       193
         sad   0.717073  0.753846  0.735000       195
       angry   0.692771  0.621622  0.655271       185

    accuracy                       0.738123       863
   macro avg   0.733082  0.740798  0.734633       863
weighted avg   0.737971  0.738123  0.735831       863

[[205  42  17  26]
 [ 12 170   6   5]
 [ 22   6 147  20]
 [ 26   9  35 115]]
The best result ----------
WA: 73.8123%, UA: 74.0798%, macro f1: 73.4633%, weighted f1: 73.5831%
--------------------------
epoch: 46, lr: 8.974e-05, loss: 0.4791
978.6002073999998
              precision    recall  f1-score   support

     neutral   0.786008  0.658621  0.716698       290
       happy   0.700405  0.896373  0.786364       193
         sad   0.725389  0.717949  0.721649       195
       angry   0.677778  0.659459  0.668493       185

    accuracy                       0.725377       863
   macro avg   0.722395  0.733100  0.723301       863
weighted avg   0.729965  0.725377  0.723063       863

[[191  55  16  28]
 [ 12 173   3   5]
 [ 22   8 140  25]
 [ 18  11  34 122]]
The best result ----------
WA: 73.8123%, UA: 74.0798%, macro f1: 73.4633%, weighted f1: 73.5831%
--------------------------
epoch: 47, lr: 8.526e-05, loss: 0.4772
1015.5625210999999
              precision    recall  f1-score   support

     neutral   0.750958  0.675862  0.711434       290
       happy   0.714286  0.880829  0.788863       193
         sad   0.741935  0.707692  0.724409       195
       angry   0.679775  0.654054  0.666667       185

    accuracy                       0.724218       863
   macro avg   0.721739  0.729609  0.722843       863
weighted avg   0.725459  0.724218  0.722085       863

[[196  53  14  27]
 [ 14 170   5   4]
 [ 25   6 138  26]
 [ 26   9  29 121]]
The best result ----------
WA: 73.8123%, UA: 74.0798%, macro f1: 73.4633%, weighted f1: 73.5831%
--------------------------
epoch: 48, lr: 8.099e-05, loss: 0.4836
1052.5216217
              precision    recall  f1-score   support

     neutral   0.758364  0.703448  0.729875       290
       happy   0.727660  0.886010  0.799065       193
         sad   0.708134  0.758974  0.732673       195
       angry   0.706667  0.572973  0.632836       185

    accuracy                       0.728853       863
   macro avg   0.725206  0.730351  0.723612       863
weighted avg   0.729065  0.728853  0.725179       863

[[204  46  16  24]
 [ 13 171   5   4]
 [ 23   8 148  16]
 [ 29  10  40 106]]
The best result ----------
WA: 73.8123%, UA: 74.0798%, macro f1: 73.4633%, weighted f1: 73.5831%
--------------------------
epoch: 49, lr: 7.694e-05, loss: 0.4751
1089.4657775
              precision    recall  f1-score   support

     neutral   0.775591  0.679310  0.724265       290
       happy   0.731602  0.875648  0.797170       193
         sad   0.726368  0.748718  0.737374       195
       angry   0.677966  0.648649  0.662983       185

    accuracy                       0.732329       863
   macro avg   0.727882  0.738081  0.730448       863
weighted avg   0.733703  0.732329  0.730394       863

[[197  47  16  30]
 [ 13 169   5   6]
 [ 22   6 146  21]
 [ 22   9  34 120]]
The best result ----------
WA: 73.8123%, UA: 74.0798%, macro f1: 73.4633%, weighted f1: 73.5831%
--------------------------
