epoch: 0, lr: 0.00095, loss: 1.148
60.135896800000005
              precision    recall  f1-score   support

     neutral   0.804348  0.259649  0.392573       285
       happy   0.507163  0.903061  0.649541       196
         sad   0.649123  0.675799  0.662192       219
       angry   0.438144  0.521472  0.476190       163

    accuracy                       0.560834       863
   macro avg   0.599695  0.589995  0.545124       863
weighted avg   0.628295  0.560834  0.535148       863

[[ 74 122  30  59]
 [  7 177   5   7]
 [  3  25 148  43]
 [  8  25  45  85]]
The best result ----------
WA: 56.0834%, UA: 58.9995%, macro f1: 54.5124%, weighted f1: 53.5148%
--------------------------
epoch: 1, lr: 0.0009025, loss: 1.072
117.98459910000003
              precision    recall  f1-score   support

     neutral   0.766917  0.357895  0.488038       285
       happy   0.554487  0.882653  0.681102       196
         sad   0.600694  0.789954  0.682446       219
       angry   0.538462  0.429448  0.477816       163

    accuracy                       0.600232       863
   macro avg   0.615140  0.614987  0.582351       863
weighted avg   0.633340  0.600232  0.579289       863

[[102  98  48  37]
 [  9 173   9   5]
 [ 10  18 173  18]
 [ 12  23  58  70]]
The best result ----------
WA: 60.0232%, UA: 61.4987%, macro f1: 58.2351%, weighted f1: 57.9289%
--------------------------
epoch: 2, lr: 0.0008574, loss: 1.02
176.58190950000002
              precision    recall  f1-score   support

     neutral   0.692661  0.529825  0.600398       285
       happy   0.723757  0.668367  0.694960       196
         sad   0.634058  0.799087  0.707071       219
       angry   0.510638  0.588957  0.547009       163

    accuracy                       0.640788       863
   macro avg   0.640278  0.646559  0.637359       863
weighted avg   0.650472  0.640788  0.638860       863

[[151  39  44  51]
 [ 38 131  12  15]
 [ 12   6 175  26]
 [ 17   5  45  96]]
The best result ----------
WA: 64.0788%, UA: 64.6559%, macro f1: 63.7359%, weighted f1: 63.8860%
--------------------------
epoch: 3, lr: 0.0008145, loss: 0.9611
234.23045710000002
              precision    recall  f1-score   support

     neutral   0.782258  0.340351  0.474328       285
       happy   0.642570  0.816327  0.719101       196
         sad   0.544343  0.812785  0.652015       219
       angry   0.515337  0.515337  0.515337       163

    accuracy                       0.601390       863
   macro avg   0.621127  0.621200  0.590195       863
weighted avg   0.639743  0.601390  0.582756       863

[[ 97  64  74  50]
 [ 11 160  18   7]
 [  7  12 178  22]
 [  9  13  57  84]]
The best result ----------
WA: 64.0788%, UA: 64.6559%, macro f1: 63.7359%, weighted f1: 63.8860%
--------------------------
epoch: 4, lr: 0.0007738, loss: 0.9004
292.0453575
              precision    recall  f1-score   support

     neutral   0.663430  0.719298  0.690236       285
       happy   0.677725  0.729592  0.702703       196
         sad   0.740741  0.730594  0.735632       219
       angry   0.606299  0.472393  0.531034       163

    accuracy                       0.677868       863
   macro avg   0.672049  0.662969  0.664901       863
weighted avg   0.675505  0.677868  0.674518       863

[[205  45  14  21]
 [ 41 143   6   6]
 [ 27   9 160  23]
 [ 36  14  36  77]]
The best result ----------
WA: 67.7868%, UA: 66.2969%, macro f1: 66.4901%, weighted f1: 67.4518%
--------------------------
epoch: 5, lr: 0.0007351, loss: 0.8166
349.8475399
              precision    recall  f1-score   support

     neutral   0.729839  0.635088  0.679174       285
       happy   0.647287  0.852041  0.735683       196
         sad   0.883562  0.589041  0.706849       219
       angry   0.545024  0.705521  0.614973       163

    accuracy                       0.685979       863
   macro avg   0.701428  0.695423  0.684170       863
weighted avg   0.715192  0.685979  0.686905       863

[[181  61   5  38]
 [ 19 167   0  10]
 [ 25  17 129  48]
 [ 23  13  12 115]]
The best result ----------
WA: 68.5979%, UA: 69.5423%, macro f1: 68.4170%, weighted f1: 68.6905%
--------------------------
epoch: 6, lr: 0.0006983, loss: 0.7423
407.5204549
              precision    recall  f1-score   support

     neutral   0.665323  0.578947  0.619137       285
       happy   0.760000  0.581633  0.658960       196
         sad   0.602007  0.821918  0.694981       219
       angry   0.566265  0.576687  0.571429       163

    accuracy                       0.640788       863
   macro avg   0.648399  0.639796  0.636126       863
weighted avg   0.652048  0.640788  0.638417       863

[[165  26  56  38]
 [ 52 114  16  14]
 [ 16   3 180  20]
 [ 15   7  47  94]]
The best result ----------
WA: 68.5979%, UA: 69.5423%, macro f1: 68.4170%, weighted f1: 68.6905%
--------------------------
epoch: 7, lr: 0.0006634, loss: 0.7002
465.3435185
              precision    recall  f1-score   support

     neutral   0.755981  0.554386  0.639676       285
       happy   0.581169  0.913265  0.710317       196
         sad   0.878981  0.630137  0.734043       219
       angry   0.603175  0.699387  0.647727       163

    accuracy                       0.682503       863
   macro avg   0.704826  0.699294  0.682941       863
weighted avg   0.718630  0.682503  0.681187       863

[[158  82   6  39]
 [ 12 179   0   5]
 [ 20  30 138  31]
 [ 19  17  13 114]]
The best result ----------
WA: 68.2503%, UA: 69.9294%, macro f1: 68.2941%, weighted f1: 68.1187%
--------------------------
epoch: 8, lr: 0.0006302, loss: 0.6474
523.1292516999999
              precision    recall  f1-score   support

     neutral   0.724806  0.656140  0.688766       285
       happy   0.723005  0.785714  0.753056       196
         sad   0.834225  0.712329  0.768473       219
       angry   0.560976  0.705521  0.625000       163

    accuracy                       0.709154       863
   macro avg   0.710753  0.714926  0.708824       863
weighted avg   0.721220  0.709154  0.711550       863

[[187  45  10  43]
 [ 28 154   2  12]
 [ 21   7 156  35]
 [ 22   7  19 115]]
The best result ----------
WA: 70.9154%, UA: 71.4926%, macro f1: 70.8824%, weighted f1: 71.1550%
--------------------------
epoch: 9, lr: 0.0005987, loss: 0.6308
580.9936367999999
              precision    recall  f1-score   support

     neutral   0.655385  0.747368  0.698361       285
       happy   0.816993  0.637755  0.716332       196
         sad   0.762791  0.748858  0.755760       219
       angry   0.558824  0.582822  0.570571       163

    accuracy                       0.691773       863
   macro avg   0.698498  0.679201  0.685256       863
weighted avg   0.701106  0.691773  0.692872       863

[[213  19  16  37]
 [ 54 125   4  13]
 [ 27   3 164  25]
 [ 31   6  31  95]]
The best result ----------
WA: 70.9154%, UA: 71.4926%, macro f1: 70.8824%, weighted f1: 71.1550%
--------------------------
epoch: 10, lr: 0.0005688, loss: 0.5988
638.4006406999998
              precision    recall  f1-score   support

     neutral   0.738776  0.635088  0.683019       285
       happy   0.777202  0.765306  0.771208       196
         sad   0.768473  0.712329  0.739336       219
       angry   0.509009  0.693252  0.587013       163

    accuracy                       0.695249       863
   macro avg   0.698365  0.701494  0.695144       863
weighted avg   0.711642  0.695249  0.699206       863

[[181  29  17  58]
 [ 28 150   2  16]
 [ 21   7 156  35]
 [ 15   7  28 113]]
The best result ----------
WA: 70.9154%, UA: 71.4926%, macro f1: 70.8824%, weighted f1: 71.1550%
--------------------------
epoch: 11, lr: 0.0005404, loss: 0.5968
696.2579397999998
              precision    recall  f1-score   support

     neutral   0.726562  0.652632  0.687616       285
       happy   0.708333  0.867347  0.779817       196
         sad   0.721519  0.780822  0.750000       219
       angry   0.630769  0.503067  0.559727       163

    accuracy                       0.705678       863
   macro avg   0.696796  0.700967  0.694290       863
weighted avg   0.703049  0.705678  0.700232       863

[[186  48  23  28]
 [ 19 170   3   4]
 [ 22  10 171  16]
 [ 29  12  40  82]]
The best result ----------
WA: 70.9154%, UA: 71.4926%, macro f1: 70.8824%, weighted f1: 71.1550%
--------------------------
epoch: 12, lr: 0.0005133, loss: 0.5679
753.8037313999998
              precision    recall  f1-score   support

     neutral   0.776119  0.547368  0.641975       285
       happy   0.751152  0.831633  0.789346       196
         sad   0.733051  0.789954  0.760440       219
       angry   0.574163  0.736196  0.645161       163

    accuracy                       0.709154       863
   macro avg   0.708621  0.726288  0.709231       863
weighted avg   0.721375  0.709154  0.706109       863

[[156  39  34  56]
 [ 21 163   4   8]
 [ 13   8 173  25]
 [ 11   7  25 120]]
The best result ----------
WA: 70.9154%, UA: 72.6288%, macro f1: 70.9231%, weighted f1: 70.6109%
--------------------------
epoch: 13, lr: 0.0004877, loss: 0.5829
811.3000238999998
              precision    recall  f1-score   support

     neutral   0.716216  0.743860  0.729776       285
       happy   0.763547  0.790816  0.776942       196
         sad   0.710843  0.808219  0.756410       219
       angry   0.721739  0.509202  0.597122       163

    accuracy                       0.726535       863
   macro avg   0.728086  0.713024  0.715063       863
weighted avg   0.726645  0.726535  0.722192       863

[[212  31  24  18]
 [ 31 155   6   4]
 [ 23   9 177  10]
 [ 30   8  42  83]]
The best result ----------
WA: 72.6535%, UA: 71.3024%, macro f1: 71.5063%, weighted f1: 72.2192%
--------------------------
epoch: 14, lr: 0.0004633, loss: 0.5554
868.8372617999999
              precision    recall  f1-score   support

     neutral   0.764444  0.603509  0.674510       285
       happy   0.702479  0.867347  0.776256       196
         sad   0.803922  0.748858  0.775414       219
       angry   0.583333  0.687117  0.630986       163

    accuracy                       0.716107       863
   macro avg   0.713545  0.726708  0.714291       863
weighted avg   0.726182  0.716107  0.715003       863

[[172  47  22  44]
 [ 18 170   1   7]
 [ 16  10 164  29]
 [ 19  15  17 112]]
The best result ----------
WA: 71.6107%, UA: 72.6708%, macro f1: 71.4291%, weighted f1: 71.5003%
--------------------------
epoch: 15, lr: 0.0004401, loss: 0.5398
927.0590685999998
              precision    recall  f1-score   support

     neutral   0.743243  0.578947  0.650888       285
       happy   0.694215  0.857143  0.767123       196
         sad   0.768519  0.757991  0.763218       219
       angry   0.568306  0.638037  0.601156       163

    accuracy                       0.698725       863
   macro avg   0.693571  0.708029  0.695596       863
weighted avg   0.705481  0.698725  0.696399       863

[[165  52  18  50]
 [ 20 168   2   6]
 [ 20  10 166  23]
 [ 17  12  30 104]]
The best result ----------
WA: 71.6107%, UA: 72.6708%, macro f1: 71.4291%, weighted f1: 71.5003%
--------------------------
epoch: 16, lr: 0.0004181, loss: 0.5351
985.2815752999998
              precision    recall  f1-score   support

     neutral   0.741935  0.645614  0.690432       285
       happy   0.710638  0.852041  0.774942       196
         sad   0.813830  0.698630  0.751843       219
       angry   0.578125  0.680982  0.625352       163

    accuracy                       0.712630       863
   macro avg   0.711132  0.719317  0.710642       863
weighted avg   0.722132  0.712630  0.712917       863

[[184  45  12  44]
 [ 20 167   1   8]
 [ 24  13 153  29]
 [ 20  10  22 111]]
The best result ----------
WA: 71.6107%, UA: 72.6708%, macro f1: 71.4291%, weighted f1: 71.5003%
--------------------------
epoch: 17, lr: 0.0003972, loss: 0.5224
1043.0374579
              precision    recall  f1-score   support

     neutral   0.700348  0.705263  0.702797       285
       happy   0.667984  0.862245  0.752784       196
         sad   0.813131  0.735160  0.772182       219
       angry   0.680000  0.521472  0.590278       163

    accuracy                       0.713789       863
   macro avg   0.715366  0.706035  0.704510       863
weighted avg   0.717775  0.713789  0.710505       863

[[201  53  12  19]
 [ 21 169   1   5]
 [ 29  13 161  16]
 [ 36  18  24  85]]
The best result ----------
WA: 71.6107%, UA: 72.6708%, macro f1: 71.4291%, weighted f1: 71.5003%
--------------------------
epoch: 18, lr: 0.0003774, loss: 0.5297
1100.4219033
              precision    recall  f1-score   support

     neutral   0.769231  0.561404  0.649087       285
       happy   0.685714  0.857143  0.761905       196
         sad   0.854749  0.698630  0.768844       219
       angry   0.519481  0.736196  0.609137       163

    accuracy                       0.696408       863
   macro avg   0.707294  0.713343  0.697243       863
weighted avg   0.724793  0.696408  0.697554       863

[[160  50  11  64]
 [ 18 168   0  10]
 [ 19  10 153  37]
 [ 11  17  15 120]]
The best result ----------
WA: 71.6107%, UA: 72.6708%, macro f1: 71.4291%, weighted f1: 71.5003%
--------------------------
epoch: 19, lr: 0.0003585, loss: 0.5209
1157.7743541999998
              precision    recall  f1-score   support

     neutral   0.727915  0.722807  0.725352       285
       happy   0.693966  0.821429  0.752336       196
         sad   0.803922  0.748858  0.775414       219
       angry   0.673611  0.595092  0.631922       163

    accuracy                       0.727694       863
   macro avg   0.724853  0.722047  0.721256       863
weighted avg   0.729236  0.727694  0.726538       863

[[206  44  11  24]
 [ 27 161   1   7]
 [ 27  12 164  16]
 [ 23  15  28  97]]
The best result ----------
WA: 72.7694%, UA: 72.2047%, macro f1: 72.1256%, weighted f1: 72.6538%
--------------------------
epoch: 20, lr: 0.0003406, loss: 0.5098
1215.0217230999997
              precision    recall  f1-score   support

     neutral   0.730337  0.684211  0.706522       285
       happy   0.703863  0.836735  0.764569       196
         sad   0.800995  0.735160  0.766667       219
       angry   0.611111  0.607362  0.609231       163

    accuracy                       0.717265       863
   macro avg   0.711576  0.715867  0.711747       863
weighted avg   0.719736  0.717265  0.716592       863

[[195  45  11  34]
 [ 26 164   0   6]
 [ 22  13 161  23]
 [ 24  11  29  99]]
The best result ----------
WA: 72.7694%, UA: 72.2047%, macro f1: 72.1256%, weighted f1: 72.6538%
--------------------------
epoch: 21, lr: 0.0003235, loss: 0.5161
1272.3881381999997
              precision    recall  f1-score   support

     neutral   0.724138  0.736842  0.730435       285
       happy   0.726457  0.826531  0.773270       196
         sad   0.852071  0.657534  0.742268       219
       angry   0.613260  0.680982  0.645349       163

    accuracy                       0.726535       863
   macro avg   0.728982  0.725472  0.722830       863
weighted avg   0.736188  0.726535  0.727095       863

[[210  40   7  28]
 [ 29 162   0   5]
 [ 27  11 144  37]
 [ 24  10  18 111]]
The best result ----------
WA: 72.6535%, UA: 72.5472%, macro f1: 72.2830%, weighted f1: 72.7095%
--------------------------
epoch: 22, lr: 0.0003074, loss: 0.5089
1329.7454085999998
              precision    recall  f1-score   support

     neutral   0.712121  0.659649  0.684882       285
       happy   0.662835  0.882653  0.757112       196
         sad   0.773333  0.794521  0.783784       219
       angry   0.725664  0.503067  0.594203       163

    accuracy                       0.714948       863
   macro avg   0.718488  0.709973  0.704995       863
weighted avg   0.719019  0.714948  0.709257       863

[[188  60  17  20]
 [ 20 173   0   3]
 [ 26  11 174   8]
 [ 30  17  34  82]]
The best result ----------
WA: 72.6535%, UA: 72.5472%, macro f1: 72.2830%, weighted f1: 72.7095%
--------------------------
epoch: 23, lr: 0.000292, loss: 0.5152
1387.0459549999998
              precision    recall  f1-score   support

     neutral   0.718147  0.652632  0.683824       285
       happy   0.735160  0.821429  0.775904       196
         sad   0.751073  0.799087  0.774336       219
       angry   0.638158  0.595092  0.615873       163

    accuracy                       0.717265       863
   macro avg   0.710634  0.717060  0.712484       863
weighted avg   0.715258  0.717265  0.714871       863
