epoch: 0, lr: 0.00095, loss: 1.114
9.825112599999999
              precision    recall  f1-score   support

     neutral   0.694118  0.719512  0.706587       164
       happy   0.761290  0.867647  0.810997       136
         sad   0.392157  0.851064  0.536913        47
       angry   0.809524  0.168317  0.278689       101

    accuracy                       0.654018       448
   macro avg   0.664272  0.651635  0.583296       448
weighted avg   0.708848  0.654018  0.624014       448

[[118  31  12   3]
 [ 15 118   2   1]
 [  7   0  40   0]
 [ 30   6  48  17]]
The best result ----------
WA: 65.4018%, UA: 65.1635%, macro f1: 58.3296%, weighted f1: 62.4014%
--------------------------
epoch: 1, lr: 0.0009025, loss: 0.9457
17.0958632
              precision    recall  f1-score   support

     neutral   0.718232  0.792683  0.753623       164
       happy   0.765432  0.911765  0.832215       136
         sad   0.744681  0.744681  0.744681        47
       angry   0.879310  0.504950  0.641509       101

    accuracy                       0.758929       448
   macro avg   0.776914  0.738520  0.743007       448
weighted avg   0.771650  0.758929  0.751268       448

[[130  29   1   4]
 [ 11 124   1   0]
 [  8   1  35   3]
 [ 32   8  10  51]]
The best result ----------
WA: 75.8929%, UA: 73.8520%, macro f1: 74.3007%, weighted f1: 75.1268%
--------------------------
epoch: 2, lr: 0.0008574, loss: 0.8429
24.3515344
              precision    recall  f1-score   support

     neutral   0.708108  0.798780  0.750716       164
       happy   0.826389  0.875000  0.850000       136
         sad   0.853659  0.744681  0.795455        47
       angry   0.782051  0.603960  0.681564       101

    accuracy                       0.772321       448
   macro avg   0.792552  0.755605  0.769434       448
weighted avg   0.775955  0.772321  0.769959       448

[[131  19   1  13]
 [ 16 119   1   0]
 [  8   0  35   4]
 [ 30   6   4  61]]
The best result ----------
WA: 77.2321%, UA: 75.5605%, macro f1: 76.9434%, weighted f1: 76.9959%
--------------------------
epoch: 3, lr: 0.0008145, loss: 0.7643
31.622333599999997
              precision    recall  f1-score   support

     neutral   0.815217  0.457317  0.585938       164
       happy   0.840580  0.852941  0.846715       136
         sad   0.780000  0.829787  0.804124        47
       angry   0.541667  0.900990  0.676580       101

    accuracy                       0.716518       448
   macro avg   0.744366  0.760259  0.728339       448
weighted avg   0.757551  0.716518  0.708427       448

[[ 75  19   6  64]
 [ 12 116   1   7]
 [  1   1  39   6]
 [  4   2   4  91]]
The best result ----------
WA: 77.2321%, UA: 75.5605%, macro f1: 76.9434%, weighted f1: 76.9959%
--------------------------
epoch: 4, lr: 0.0007738, loss: 0.687
38.9216367
              precision    recall  f1-score   support

     neutral   0.578544  0.920732  0.710588       164
       happy   0.918033  0.411765  0.568528       136
         sad   0.698113  0.787234  0.740000        47
       angry   0.794521  0.574257  0.666667       101

    accuracy                       0.674107       448
   macro avg   0.747303  0.673497  0.671446       448
weighted avg   0.742838  0.674107  0.660646       448

[[151   2   2   9]
 [ 77  56   1   2]
 [  6   0  37   4]
 [ 27   3  13  58]]
The best result ----------
WA: 77.2321%, UA: 75.5605%, macro f1: 76.9434%, weighted f1: 76.9959%
--------------------------
epoch: 5, lr: 0.0007351, loss: 0.6218
46.2414719
              precision    recall  f1-score   support

     neutral   0.652174  0.731707  0.689655       164
       happy   0.930233  0.588235  0.720721       136
         sad   0.850000  0.723404  0.781609        47
       angry   0.615942  0.841584  0.711297       101

    accuracy                       0.712054       448
   macro avg   0.762087  0.721233  0.725821       448
weighted avg   0.749170  0.712054  0.713612       448

[[120   4   2  38]
 [ 50  80   0   6]
 [  4   0  34   9]
 [ 10   2   4  85]]
The best result ----------
WA: 77.2321%, UA: 75.5605%, macro f1: 76.9434%, weighted f1: 76.9959%
--------------------------
epoch: 6, lr: 0.0006983, loss: 0.5799
53.560654299999996
              precision    recall  f1-score   support

     neutral   0.729167  0.853659  0.786517       164
       happy   0.875969  0.830882  0.852830       136
         sad   0.916667  0.702128  0.795181        47
       angry   0.791209  0.712871  0.750000       101

    accuracy                       0.799107       448
   macro avg   0.828253  0.774885  0.796132       448
weighted avg   0.807390  0.799107  0.799324       448

[[140  12   0  12]
 [ 21 113   1   1]
 [  8   0  33   6]
 [ 23   4   2  72]]
The best result ----------
WA: 79.9107%, UA: 77.4885%, macro f1: 79.6132%, weighted f1: 79.9324%
--------------------------
epoch: 7, lr: 0.0006634, loss: 0.5455
60.87632809999999
              precision    recall  f1-score   support

     neutral   0.699531  0.908537  0.790451       164
       happy   0.875000  0.823529  0.848485       136
         sad   0.891892  0.702128  0.785714        47
       angry   0.857143  0.594059  0.701754       101

    accuracy                       0.790179       448
   macro avg   0.830891  0.757063  0.781601       448
weighted avg   0.808512  0.790179  0.787575       448

[[149  10   0   5]
 [ 23 112   0   1]
 [  9   1  33   4]
 [ 32   5   4  60]]
The best result ----------
WA: 79.9107%, UA: 77.4885%, macro f1: 79.6132%, weighted f1: 79.9324%
--------------------------
epoch: 8, lr: 0.0006302, loss: 0.5182
68.1661939
              precision    recall  f1-score   support

     neutral   0.796875  0.621951  0.698630       164
       happy   0.805195  0.911765  0.855172       136
         sad   0.878788  0.617021  0.725000        47
       angry   0.624060  0.821782  0.709402       101

    accuracy                       0.754464       448
   macro avg   0.776229  0.743130  0.747051       448
weighted avg   0.769034  0.754464  0.751347       448

[[102  22   0  40]
 [  9 124   0   3]
 [  9   2  29   7]
 [  8   6   4  83]]
The best result ----------
WA: 79.9107%, UA: 77.4885%, macro f1: 79.6132%, weighted f1: 79.9324%
--------------------------
epoch: 9, lr: 0.0005987, loss: 0.5216
75.4706738
              precision    recall  f1-score   support

     neutral   0.831081  0.750000  0.788462       164
       happy   0.775000  0.911765  0.837838       136
         sad   0.727273  0.851064  0.784314        47
       angry   0.811765  0.683168  0.741935       101

    accuracy                       0.794643       448
   macro avg   0.786280  0.798999  0.788137       448
weighted avg   0.798811  0.794643  0.792526       448

[[123  25   2  14]
 [ 11 124   1   0]
 [  4   1  40   2]
 [ 10  10  12  69]]
The best result ----------
WA: 79.4643%, UA: 79.8999%, macro f1: 78.8137%, weighted f1: 79.2526%
--------------------------
epoch: 10, lr: 0.0005688, loss: 0.5009
82.7981813
              precision    recall  f1-score   support

     neutral   0.832215  0.756098  0.792332       164
       happy   0.786164  0.919118  0.847458       136
         sad   0.800000  0.765957  0.782609        47
       angry   0.800000  0.752475  0.775510       101

    accuracy                       0.805804       448
   macro avg   0.804595  0.798412  0.799477       448
weighted avg   0.807593  0.805804  0.804254       448

[[124  21   2  17]
 [ 10 125   1   0]
 [  6   3  36   2]
 [  9  10   6  76]]
The best result ----------
WA: 80.5804%, UA: 79.8412%, macro f1: 79.9477%, weighted f1: 80.4254%
--------------------------
epoch: 11, lr: 0.0005404, loss: 0.4968
90.10646569999999
              precision    recall  f1-score   support

     neutral   0.842466  0.750000  0.793548       164
       happy   0.801282  0.919118  0.856164       136
         sad   0.875000  0.744681  0.804598        47
       angry   0.745283  0.782178  0.763285       101

    accuracy                       0.808036       448
   macro avg   0.816008  0.798994  0.804399       448
weighted avg   0.811467  0.808036  0.806893       448

[[123  21   1  19]
 [  8 125   1   2]
 [  5   1  35   6]
 [ 10   9   3  79]]
The best result ----------
WA: 80.8036%, UA: 79.8994%, macro f1: 80.4399%, weighted f1: 80.6893%
--------------------------
epoch: 12, lr: 0.0005133, loss: 0.5006
97.4071695
              precision    recall  f1-score   support

     neutral   0.798780  0.798780  0.798780       164
       happy   0.863309  0.882353  0.872727       136
         sad   0.666667  0.851064  0.747664        47
       angry   0.764706  0.643564  0.698925       101

    accuracy                       0.794643       448
   macro avg   0.773366  0.793940  0.779524       448
weighted avg   0.796827  0.794643  0.793354       448

[[131  12   6  15]
 [ 12 120   2   2]
 [  3   1  40   3]
 [ 18   6  12  65]]
The best result ----------
WA: 80.8036%, UA: 79.8994%, macro f1: 80.4399%, weighted f1: 80.6893%
--------------------------
epoch: 13, lr: 0.0004877, loss: 0.4924
104.74393659999998
              precision    recall  f1-score   support

     neutral   0.808917  0.774390  0.791277       164
       happy   0.753012  0.919118  0.827815       136
         sad   0.857143  0.765957  0.808989        47
       angry   0.831325  0.683168  0.750000       101

    accuracy                       0.796875       448
   macro avg   0.812599  0.785658  0.794520       448
weighted avg   0.802057  0.796875  0.794921       448

[[127  26   1  10]
 [ 10 125   1   0]
 [  5   2  36   4]
 [ 15  13   4  69]]
The best result ----------
WA: 80.8036%, UA: 79.8994%, macro f1: 80.4399%, weighted f1: 80.6893%
--------------------------
epoch: 14, lr: 0.0004633, loss: 0.4942
112.04891109999998
              precision    recall  f1-score   support

     neutral   0.761905  0.878049  0.815864       164
       happy   0.851064  0.882353  0.866426       136
         sad   0.755102  0.787234  0.770833        47
       angry   0.869565  0.594059  0.705882       101

    accuracy                       0.805804       448
   macro avg   0.809409  0.785424  0.789751       448
weighted avg   0.812529  0.805804  0.801694       448

[[144  13   2   5]
 [ 15 120   1   0]
 [  5   1  37   4]
 [ 25   7   9  60]]
The best result ----------
WA: 80.8036%, UA: 79.8994%, macro f1: 80.4399%, weighted f1: 80.6893%
--------------------------
epoch: 15, lr: 0.0004401, loss: 0.4613
119.3566421
              precision    recall  f1-score   support

     neutral   0.714976  0.902439  0.797844       164
       happy   0.921739  0.779412  0.844622       136
         sad   0.902439  0.787234  0.840909        47
       angry   0.800000  0.673267  0.731183       101

    accuracy                       0.801339       448
   macro avg   0.834789  0.785588  0.803639       448
weighted avg   0.816579  0.801339  0.801534       448

[[148   5   0  11]
 [ 27 106   0   3]
 [  7   0  37   3]
 [ 25   4   4  68]]
The best result ----------
WA: 80.8036%, UA: 79.8994%, macro f1: 80.4399%, weighted f1: 80.6893%
--------------------------
epoch: 16, lr: 0.0004181, loss: 0.4759
126.6559438
              precision    recall  f1-score   support

     neutral   0.658228  0.951220  0.778055       164
       happy   0.913793  0.779412  0.841270       136
         sad   0.853659  0.744681  0.795455        47
       angry   0.907407  0.485149  0.632258       101

    accuracy                       0.772321       448
   macro avg   0.833272  0.740115  0.761759       448
weighted avg   0.812490  0.772321  0.766201       448

[[156   5   0   3]
 [ 29 106   1   0]
 [ 10   0  35   2]
 [ 42   5   5  49]]
The best result ----------
WA: 80.8036%, UA: 79.8994%, macro f1: 80.4399%, weighted f1: 80.6893%
--------------------------
epoch: 17, lr: 0.0003972, loss: 0.4824
133.960604
              precision    recall  f1-score   support

     neutral   0.706468  0.865854  0.778082       164
       happy   0.818182  0.860294  0.838710       136
         sad   0.809524  0.723404  0.764045        47
       angry   0.870968  0.534653  0.662577       101

    accuracy                       0.774554       448
   macro avg   0.801285  0.746051  0.760853       448
weighted avg   0.788279  0.774554  0.768974       448

[[142  17   1   4]
 [ 18 117   1   0]
 [  8   1  34   4]
 [ 33   8   6  54]]
The best result ----------
WA: 80.8036%, UA: 79.8994%, macro f1: 80.4399%, weighted f1: 80.6893%
--------------------------
epoch: 18, lr: 0.0003774, loss: 0.4588
141.267687
              precision    recall  f1-score   support

     neutral   0.733333  0.871951  0.796657       164
       happy   0.900826  0.801471  0.848249       136
         sad   0.719298  0.872340  0.788462        47
       angry   0.853333  0.633663  0.727273       101

    accuracy                       0.796875       448
   macro avg   0.801698  0.794856  0.790160       448
weighted avg   0.809761  0.796875  0.795817       448

[[143   8   4   9]
 [ 26 109   1   0]
 [  4   0  41   2]
 [ 22   4  11  64]]
The best result ----------
WA: 80.8036%, UA: 79.8994%, macro f1: 80.4399%, weighted f1: 80.6893%
--------------------------
epoch: 19, lr: 0.0003585, loss: 0.4657
148.59765860000002
              precision    recall  f1-score   support

     neutral   0.814570  0.750000  0.780952       164
       happy   0.726257  0.955882  0.825397       136
         sad   0.755102  0.787234  0.770833        47
       angry   0.840580  0.574257  0.682353       101

    accuracy                       0.776786       448
   macro avg   0.784127  0.766843  0.764884       448
weighted avg   0.787385  0.776786  0.771154       448

[[123  33   1   7]
 [  5 130   0   1]
 [  4   3  37   3]
 [ 19  13  11  58]]
The best result ----------
WA: 80.8036%, UA: 79.8994%, macro f1: 80.4399%, weighted f1: 80.6893%
--------------------------
epoch: 20, lr: 0.0003406, loss: 0.4713
155.9001383
              precision    recall  f1-score   support

     neutral   0.790419  0.804878  0.797583       164
       happy   0.814570  0.904412  0.857143       136
         sad   0.844444  0.808511  0.826087        47
       angry   0.776471  0.653465  0.709677       101

    accuracy                       0.801339       448
   macro avg   0.806476  0.792816  0.797623       448
weighted avg   0.800274  0.801339  0.798836       448

[[132  17   1  14]
 [ 11 123   0   2]
 [  5   1  38   3]
 [ 19  10   6  66]]
The best result ----------
WA: 80.8036%, UA: 79.8994%, macro f1: 80.4399%, weighted f1: 80.6893%
--------------------------
epoch: 21, lr: 0.0003235, loss: 0.443
163.2074082
              precision    recall  f1-score   support

     neutral   0.779661  0.841463  0.809384       164
       happy   0.805195  0.911765  0.855172       136
         sad   0.764706  0.829787  0.795918        47
       angry   0.863636  0.564356  0.682635       101

    accuracy                       0.799107       448
   macro avg   0.803300  0.786843  0.785777       448
weighted avg   0.804775  0.799107  0.793296       448

[[138  17   2   7]
 [ 11 124   1   0]
 [  5   1  39   2]
 [ 23  12   9  57]]
The best result ----------
WA: 80.8036%, UA: 79.8994%, macro f1: 80.4399%, weighted f1: 80.6893%
--------------------------
epoch: 22, lr: 0.0003074, loss: 0.4638
170.5168271
              precision    recall  f1-score   support

     neutral   0.814815  0.804878  0.809816       164
       happy   0.882353  0.882353  0.882353       136
         sad   0.719298  0.872340  0.788462        47
       angry   0.774194  0.712871  0.742268       101

    accuracy                       0.814732       448
   macro avg   0.797665  0.818111  0.805725       448
weighted avg   0.816139  0.814732  0.814367       448

[[132  10   4  18]
 [ 14 120   1   1]
 [  3   1  41   2]
 [ 13   5  11  72]]
The best result ----------
WA: 81.4732%, UA: 81.8111%, macro f1: 80.5725%, weighted f1: 81.4367%
--------------------------
epoch: 23, lr: 0.000292, loss: 0.4319
177.82911289999998
              precision    recall  f1-score   support

     neutral   0.807229  0.817073  0.812121       164
       happy   0.796178  0.919118  0.853242       136
         sad   0.860465  0.787234  0.822222        47
       angry   0.829268  0.673267  0.743169       101

    accuracy                       0.812500       448
   macro avg   0.823285  0.799173  0.807689       448
weighted avg   0.814428  0.812500  0.810119       448

[[134  20   2   8]
 [ 10 125   0   1]
 [  4   1  37   5]
 [ 18  11   4  68]]
The best result ----------
WA: 81.4732%, UA: 81.8111%, macro f1: 80.5725%, weighted f1: 81.4367%
--------------------------
epoch: 24, lr: 0.0002774, loss: 0.4382
185.1333488
              precision    recall  f1-score   support

     neutral   0.810976  0.810976  0.810976       164
       happy   0.824324  0.897059  0.859155       136
         sad   0.787234  0.787234  0.787234        47
       angry   0.786517  0.693069  0.736842       101

    accuracy                       0.808036       448
   macro avg   0.802263  0.797084  0.798552       448
weighted avg   0.807023  0.808036  0.806398       448

[[133  14   2  15]
 [ 13 122   0   1]
 [  5   2  37   3]
 [ 13  10   8  70]]
The best result ----------
WA: 81.4732%, UA: 81.8111%, macro f1: 80.5725%, weighted f1: 81.4367%
--------------------------
epoch: 25, lr: 0.0002635, loss: 0.4295
192.44324849999998
              precision    recall  f1-score   support

     neutral   0.790960  0.853659  0.821114       164
       happy   0.858156  0.889706  0.873646       136
         sad   0.891892  0.702128  0.785714        47
       angry   0.784946  0.722772  0.752577       101

    accuracy                       0.819196       448
   macro avg   0.831489  0.792066  0.808263       448
weighted avg   0.820592  0.819196  0.817896       448

[[140  11   0  13]
 [ 13 121   1   1]
 [  7   1  33   6]
 [ 17   8   3  73]]
The best result ----------
WA: 81.4732%, UA: 81.8111%, macro f1: 80.5725%, weighted f1: 81.4367%
--------------------------
epoch: 26, lr: 0.0002503, loss: 0.4364
199.7632937
              precision    recall  f1-score   support

     neutral   0.770053  0.878049  0.820513       164
       happy   0.830986  0.867647  0.848921       136
         sad   0.650794  0.872340  0.745455        47
       angry   0.910714  0.504950  0.649682       101

    accuracy                       0.790179       448
   macro avg   0.790637  0.780747  0.766142       448
weighted avg   0.807751  0.790179  0.782749       448

[[144  12   4   4]
 [ 17 118   1   0]
 [  3   2  41   1]
 [ 23  10  17  51]]
The best result ----------
WA: 81.4732%, UA: 81.8111%, macro f1: 80.5725%, weighted f1: 81.4367%
--------------------------
epoch: 27, lr: 0.0002378, loss: 0.4443
207.07629569999997
              precision    recall  f1-score   support

     neutral   0.757895  0.878049  0.813559       164
       happy   0.835616  0.897059  0.865248       136
         sad   0.782609  0.765957  0.774194        47
       angry   0.909091  0.594059  0.718563       101

    accuracy                       0.808036       448
   macro avg   0.821303  0.783781  0.792891       448
weighted avg   0.818168  0.808036  0.803704       448

[[144  14   2   4]
 [ 13 122   1   0]
 [  8   1  36   2]
 [ 25   9   7  60]]
The best result ----------
WA: 81.4732%, UA: 81.8111%, macro f1: 80.5725%, weighted f1: 81.4367%
--------------------------
epoch: 28, lr: 0.0002259, loss: 0.4257
214.38403609999997
              precision    recall  f1-score   support

     neutral   0.783626  0.817073  0.800000       164
       happy   0.827586  0.882353  0.854093       136
         sad   0.868421  0.702128  0.776471        47
       angry   0.765957  0.712871  0.738462       101

    accuracy                       0.801339       448
   macro avg   0.811398  0.778606  0.792256       448
weighted avg   0.801884  0.801339  0.800079       448

[[134  15   1  14]
 [ 15 120   0   1]
 [  5   2  33   7]
 [ 17   8   4  72]]
The best result ----------
WA: 81.4732%, UA: 81.8111%, macro f1: 80.5725%, weighted f1: 81.4367%
--------------------------
epoch: 29, lr: 0.0002146, loss: 0.4327
221.68924909999996
              precision    recall  f1-score   support

     neutral   0.755435  0.847561  0.798851       164
       happy   0.855072  0.867647  0.861314       136
         sad   0.813953  0.744681  0.777778        47
       angry   0.807229  0.663366  0.728261       101

    accuracy                       0.801339       448
   macro avg   0.807922  0.780814  0.791551       448
weighted avg   0.803498  0.801339  0.799688       448

[[139  11   3  11]
 [ 17 118   1   0]
 [  5   2  35   5]
 [ 23   7   4  67]]
The best result ----------
WA: 81.4732%, UA: 81.8111%, macro f1: 80.5725%, weighted f1: 81.4367%
--------------------------
epoch: 30, lr: 0.0002039, loss: 0.4318
228.99232609999996
              precision    recall  f1-score   support

     neutral   0.760870  0.853659  0.804598       164
       happy   0.815789  0.911765  0.861111       136
         sad   0.787234  0.787234  0.787234        47
       angry   0.876923  0.564356  0.686747       101

    accuracy                       0.799107       448
   macro avg   0.810204  0.779253  0.784922       448
weighted avg   0.806471  0.799107  0.793363       448

[[140  16   3   5]
 [ 11 124   1   0]
 [  5   2  37   3]
 [ 28  10   6  57]]
The best result ----------
WA: 81.4732%, UA: 81.8111%, macro f1: 80.5725%, weighted f1: 81.4367%
--------------------------
epoch: 31, lr: 0.0001937, loss: 0.435
236.30328339999997
              precision    recall  f1-score   support

     neutral   0.766304  0.859756  0.810345       164
       happy   0.832168  0.875000  0.853047       136
         sad   0.780000  0.829787  0.804124        47
       angry   0.859155  0.603960  0.709302       101

    accuracy                       0.803571       448
   macro avg   0.809407  0.792126  0.794204       448
weighted avg   0.808668  0.803571  0.799876       448

[[141  12   3   8]
 [ 16 119   1   0]
 [  4   2  39   2]
 [ 23  10   7  61]]
The best result ----------
WA: 81.4732%, UA: 81.8111%, macro f1: 80.5725%, weighted f1: 81.4367%
--------------------------
epoch: 32, lr: 0.000184, loss: 0.4275
243.61085099999994
              precision    recall  f1-score   support

     neutral   0.743719  0.902439  0.815427       164
       happy   0.845070  0.882353  0.863309       136
         sad   0.833333  0.744681  0.786517        47
       angry   0.907692  0.584158  0.710843       101

    accuracy                       0.808036       448
   macro avg   0.832454  0.778408  0.794024       448
weighted avg   0.820855  0.808036  0.803352       448

[[148  11   2   3]
 [ 15 120   1   0]
 [  7   2  35   3]
 [ 29   9   4  59]]
The best result ----------
WA: 81.4732%, UA: 81.8111%, macro f1: 80.5725%, weighted f1: 81.4367%
--------------------------
epoch: 33, lr: 0.0001748, loss: 0.4156
250.92545459999994
              precision    recall  f1-score   support

     neutral   0.767442  0.804878  0.785714       164
       happy   0.777778  0.926471  0.845638       136
         sad   0.764706  0.829787  0.795918        47
       angry   0.857143  0.534653  0.658537       101

    accuracy                       0.783482       448
   macro avg   0.791767  0.773947  0.771452       448
weighted avg   0.790515  0.783482  0.776304       448

[[132  23   3   6]
 [  9 126   0   1]
 [  4   2  39   2]
 [ 27  11   9  54]]
The best result ----------
WA: 81.4732%, UA: 81.8111%, macro f1: 80.5725%, weighted f1: 81.4367%
--------------------------
epoch: 34, lr: 0.0001661, loss: 0.4297
258.24190939999994
              precision    recall  f1-score   support

     neutral   0.770492  0.859756  0.812680       164
       happy   0.858156  0.889706  0.873646       136
         sad   0.795918  0.829787  0.812500        47
       angry   0.826667  0.613861  0.704545       101

    accuracy                       0.810268       448
   macro avg   0.812808  0.798278  0.800843       448
weighted avg   0.812436  0.810268  0.806790       448

[[141  11   3   9]
 [ 14 121   1   0]
 [  3   1  39   4]
 [ 25   8   6  62]]
The best result ----------
WA: 81.4732%, UA: 81.8111%, macro f1: 80.5725%, weighted f1: 81.4367%
--------------------------
epoch: 35, lr: 0.0001578, loss: 0.4197
265.5570159999999
              precision    recall  f1-score   support

     neutral   0.789773  0.847561  0.817647       164
       happy   0.859259  0.852941  0.856089       136
         sad   0.826087  0.808511  0.817204        47
       angry   0.813187  0.732673  0.770833       101

    accuracy                       0.819196       448
   macro avg   0.822076  0.810422  0.815443       448
weighted avg   0.819955  0.819196  0.818716       448

[[139  12   2  11]
 [ 18 116   1   1]
 [  3   1  38   5]
 [ 16   6   5  74]]
The best result ----------
WA: 81.4732%, UA: 81.8111%, macro f1: 80.5725%, weighted f1: 81.4367%
--------------------------
epoch: 36, lr: 0.0001499, loss: 0.435
272.87003229999993
              precision    recall  f1-score   support

     neutral   0.748691  0.871951  0.805634       164
       happy   0.839161  0.882353  0.860215       136
         sad   0.800000  0.765957  0.782609        47
       angry   0.840580  0.574257  0.682353       101

    accuracy                       0.796875       448
   macro avg   0.807108  0.773630  0.782703       448
weighted avg   0.802254  0.796875  0.791994       448

[[143  12   2   7]
 [ 15 120   1   0]
 [  5   2  36   4]
 [ 28   9   6  58]]
The best result ----------
WA: 81.4732%, UA: 81.8111%, macro f1: 80.5725%, weighted f1: 81.4367%
--------------------------
epoch: 37, lr: 0.0001424, loss: 0.4346
280.18351449999994
              precision    recall  f1-score   support

     neutral   0.786127  0.829268  0.807122       164
       happy   0.823129  0.889706  0.855124       136
         sad   0.829787  0.829787  0.829787        47
       angry   0.814815  0.653465  0.725275       101

    accuracy                       0.808036       448
   macro avg   0.813465  0.800557  0.804327       448
weighted avg   0.808408  0.808036  0.805619       448

[[136  15   2  11]
 [ 14 121   1   0]
 [  3   1  39   4]
 [ 20  10   5  66]]
The best result ----------
WA: 81.4732%, UA: 81.8111%, macro f1: 80.5725%, weighted f1: 81.4367%
--------------------------
epoch: 38, lr: 0.0001353, loss: 0.4356
287.4932189
              precision    recall  f1-score   support

     neutral   0.762431  0.841463  0.800000       164
       happy   0.845070  0.882353  0.863309       136
         sad   0.787234  0.787234  0.787234        47
       angry   0.820513  0.633663  0.715084       101

    accuracy                       0.801339       448
   macro avg   0.803812  0.786178  0.791407       448
weighted avg   0.803214  0.801339  0.798736       448

[[138  15   3   8]
 [ 14 120   2   0]
 [  4   0  37   6]
 [ 25   7   5  64]]
The best result ----------
WA: 81.4732%, UA: 81.8111%, macro f1: 80.5725%, weighted f1: 81.4367%
--------------------------
epoch: 39, lr: 0.0001285, loss: 0.4176
294.7986316
              precision    recall  f1-score   support

     neutral   0.759358  0.865854  0.809117       164
       happy   0.858156  0.889706  0.873646       136
         sad   0.844444  0.808511  0.826087        47
       angry   0.840000  0.623762  0.715909       101

    accuracy                       0.812500       448
   macro avg   0.825490  0.796958  0.806190       448
weighted avg   0.816457  0.812500  0.809473       448

[[142  12   2   8]
 [ 14 121   1   0]
 [  5   0  38   4]
 [ 26   8   4  63]]
The best result ----------
WA: 81.4732%, UA: 81.8111%, macro f1: 80.5725%, weighted f1: 81.4367%
--------------------------
epoch: 40, lr: 0.0001221, loss: 0.4242
302.1080701
              precision    recall  f1-score   support

     neutral   0.767568  0.865854  0.813754       164
       happy   0.857143  0.882353  0.869565       136
         sad   0.812500  0.829787  0.821053        47
       angry   0.840000  0.623762  0.715909       101

    accuracy                       0.812500       448
   macro avg   0.819303  0.800439  0.805070       448
weighted avg   0.815804  0.812500  0.809403       448

[[142  12   2   8]
 [ 15 120   1   0]
 [  4   0  39   4]
 [ 24   8   6  63]]
The best result ----------
WA: 81.4732%, UA: 81.8111%, macro f1: 80.5725%, weighted f1: 81.4367%
--------------------------
epoch: 41, lr: 0.000116, loss: 0.4325
309.4103078
              precision    recall  f1-score   support

     neutral   0.737113  0.871951  0.798883       164
       happy   0.855072  0.867647  0.861314       136
         sad   0.791667  0.808511  0.800000        47
       angry   0.838235  0.564356  0.674556       101

    accuracy                       0.794643       448
   macro avg   0.805522  0.778116  0.783688       448
weighted avg   0.801443  0.794643  0.789923       448

[[143  12   2   7]
 [ 17 118   1   0]
 [  5   0  38   4]
 [ 29   8   7  57]]
The best result ----------
WA: 81.4732%, UA: 81.8111%, macro f1: 80.5725%, weighted f1: 81.4367%
--------------------------
epoch: 42, lr: 0.0001102, loss: 0.4113
316.7109713
              precision    recall  f1-score   support

     neutral   0.763441  0.865854  0.811429       164
       happy   0.856115  0.875000  0.865455       136
         sad   0.809524  0.723404  0.764045        47
       angry   0.790123  0.633663  0.703297       101

    accuracy                       0.801339       448
   macro avg   0.804801  0.774480  0.786056       448
weighted avg   0.802424  0.801339  0.798480       448

[[142  10   2  10]
 [ 16 119   1   0]
 [  4   2  34   7]
 [ 24   8   5  64]]
The best result ----------
WA: 81.4732%, UA: 81.8111%, macro f1: 80.5725%, weighted f1: 81.4367%
--------------------------
epoch: 43, lr: 0.0001047, loss: 0.4232
324.0029929
              precision    recall  f1-score   support

     neutral   0.755208  0.884146  0.814607       164
       happy   0.886364  0.860294  0.873134       136
         sad   0.809524  0.723404  0.764045        47
       angry   0.804878  0.653465  0.721311       101

    accuracy                       0.808036       448
   macro avg   0.813993  0.780328  0.793274       448
weighted avg   0.811919  0.808036  0.806036       448

[[145   9   2   8]
 [ 17 117   1   1]
 [  5   1  34   7]
 [ 25   5   5  66]]
The best result ----------
WA: 81.4732%, UA: 81.8111%, macro f1: 80.5725%, weighted f1: 81.4367%
--------------------------
epoch: 44, lr: 9.944e-05, loss: 0.4308
331.2922198
              precision    recall  f1-score   support

     neutral   0.757895  0.878049  0.813559       164
       happy   0.856115  0.875000  0.865455       136
         sad   0.813953  0.744681  0.777778        47
       angry   0.815789  0.613861  0.700565       101

    accuracy                       0.803571       448
   macro avg   0.810938  0.777898  0.789339       448
weighted avg   0.806645  0.803571  0.800085       448

[[144  11   2   7]
 [ 15 119   1   1]
 [  5   1  35   6]
 [ 26   8   5  62]]
The best result ----------
WA: 81.4732%, UA: 81.8111%, macro f1: 80.5725%, weighted f1: 81.4367%
--------------------------
epoch: 45, lr: 9.447e-05, loss: 0.4382
338.62706990000004
              precision    recall  f1-score   support

     neutral   0.788571  0.841463  0.814159       164
       happy   0.848276  0.904412  0.875445       136
         sad   0.780000  0.829787  0.804124        47
       angry   0.820513  0.633663  0.715084       101

    accuracy                       0.812500       448
   macro avg   0.809340  0.802331  0.802203       448
weighted avg   0.812998  0.812500  0.809375       448

[[138  12   4  10]
 [ 12 123   1   0]
 [  3   1  39   4]
 [ 22   9   6  64]]
The best result ----------
WA: 81.4732%, UA: 81.8111%, macro f1: 80.5725%, weighted f1: 81.4367%
--------------------------
epoch: 46, lr: 8.974e-05, loss: 0.4415
345.91787250000004
              precision    recall  f1-score   support

     neutral   0.780220  0.865854  0.820809       164
       happy   0.857143  0.882353  0.869565       136
         sad   0.808511  0.808511  0.808511        47
       angry   0.822785  0.643564  0.722222       101

    accuracy                       0.814732       448
   macro avg   0.817165  0.800070  0.805277       448
weighted avg   0.816136  0.814732  0.812094       448

[[142  12   2   8]
 [ 14 120   1   1]
 [  3   1  38   5]
 [ 23   7   6  65]]
The best result ----------
WA: 81.4732%, UA: 81.8111%, macro f1: 80.5725%, weighted f1: 81.4367%
--------------------------
epoch: 47, lr: 8.526e-05, loss: 0.4204
353.2116361
              precision    recall  f1-score   support

     neutral   0.762162  0.859756  0.808023       164
       happy   0.846154  0.889706  0.867384       136
         sad   0.829268  0.723404  0.772727        47
       angry   0.797468  0.623762  0.700000       101

    accuracy                       0.801339       448
   macro avg   0.808763  0.774157  0.787033       448
weighted avg   0.802659  0.801339  0.797987       448

[[141  12   2   9]
 [ 14 121   1   0]
 [  5   1  34   7]
 [ 25   9   4  63]]
The best result ----------
WA: 81.4732%, UA: 81.8111%, macro f1: 80.5725%, weighted f1: 81.4367%
--------------------------
epoch: 48, lr: 8.099e-05, loss: 0.4204
360.5042567
              precision    recall  f1-score   support

     neutral   0.767956  0.847561  0.805797       164
       happy   0.845070  0.882353  0.863309       136
         sad   0.818182  0.765957  0.791209        47
       angry   0.839506  0.673267  0.747253       101

    accuracy                       0.810268       448
   macro avg   0.817679  0.792285  0.801892       448
weighted avg   0.812766  0.810268  0.808527       448

[[139  13   3   9]
 [ 15 120   1   0]
 [  6   1  36   4]
 [ 21   8   4  68]]
The best result ----------
WA: 81.4732%, UA: 81.8111%, macro f1: 80.5725%, weighted f1: 81.4367%
--------------------------
epoch: 49, lr: 7.694e-05, loss: 0.423
367.7995893
              precision    recall  f1-score   support

     neutral   0.750000  0.878049  0.808989       164
       happy   0.874074  0.867647  0.870849       136
         sad   0.833333  0.744681  0.786517        47
       angry   0.835443  0.653465  0.733333       101

    accuracy                       0.810268       448
   macro avg   0.823213  0.785961  0.799922       448
weighted avg   0.815671  0.810268  0.808354       448

[[144  10   2   8]
 [ 17 118   1   0]
 [  7   0  35   5]
 [ 24   7   4  66]]
The best result ----------
WA: 81.4732%, UA: 81.8111%, macro f1: 80.5725%, weighted f1: 81.4367%
--------------------------
