epoch: 0, lr: 0.00095, loss: 1.109
10.4616446
              precision    recall  f1-score   support

     neutral   0.669856  0.790960  0.725389       177
       happy   0.771654  0.882883  0.823529       111
         sad   0.482353  0.732143  0.581560        56
       angry   0.814815  0.211538  0.335878       104

    accuracy                       0.671875       448
   macro avg   0.684669  0.654381  0.616589       448
weighted avg   0.705292  0.671875  0.641304       448

[[140  23  12   2]
 [ 10  98   3   0]
 [ 11   1  41   3]
 [ 48   5  29  22]]
The best result ----------
WA: 67.1875%, UA: 65.4381%, macro f1: 61.6589%, weighted f1: 64.1304%
--------------------------
epoch: 1, lr: 0.0009025, loss: 0.9104
18.1170415
              precision    recall  f1-score   support

     neutral   0.723404  0.768362  0.745205       177
       happy   0.710526  0.972973  0.821293       111
         sad   0.567164  0.678571  0.617886        56
       angry   0.829268  0.326923  0.468966       104

    accuracy                       0.705357       448
   macro avg   0.707591  0.686707  0.663337       448
weighted avg   0.725259  0.705357  0.684015       448

[[136  31   5   5]
 [  2 108   1   0]
 [ 14   2  38   2]
 [ 36  11  23  34]]
The best result ----------
WA: 70.5357%, UA: 68.6707%, macro f1: 66.3337%, weighted f1: 68.4015%
--------------------------
epoch: 2, lr: 0.0008574, loss: 0.8251
26.029542699999997
              precision    recall  f1-score   support

     neutral   0.711340  0.779661  0.743935       177
       happy   0.690323  0.963964  0.804511       111
         sad   1.000000  0.339286  0.506667        56
       angry   0.700000  0.538462  0.608696       104

    accuracy                       0.714286       448
   macro avg   0.775416  0.655343  0.665952       448
weighted avg   0.739583  0.714286  0.697891       448

[[138  30   0   9]
 [  4 107   0   0]
 [ 18   4  19  15]
 [ 34  14   0  56]]
The best result ----------
WA: 70.5357%, UA: 68.6707%, macro f1: 66.3337%, weighted f1: 68.4015%
--------------------------
epoch: 3, lr: 0.0008145, loss: 0.7643
33.85131129999999
              precision    recall  f1-score   support

     neutral   0.659836  0.909605  0.764846       177
       happy   0.858407  0.873874  0.866071       111
         sad   0.818182  0.482143  0.606742        56
       angry   0.706897  0.394231  0.506173       104

    accuracy                       0.727679       448
   macro avg   0.760830  0.664963  0.685958       448
weighted avg   0.739754  0.727679  0.710114       448

[[161  11   0   5]
 [ 13  97   1   0]
 [ 15   2  27  12]
 [ 55   3   5  41]]
The best result ----------
WA: 72.7679%, UA: 66.4963%, macro f1: 68.5958%, weighted f1: 71.0114%
--------------------------
epoch: 4, lr: 0.0007738, loss: 0.6881
41.54758199999999
              precision    recall  f1-score   support

     neutral   0.818182  0.711864  0.761329       177
       happy   0.739437  0.945946  0.830040       111
         sad   0.833333  0.535714  0.652174        56
       angry   0.637931  0.711538  0.672727       104

    accuracy                       0.747768       448
   macro avg   0.757221  0.726266  0.729068       448
weighted avg   0.758721  0.747768  0.744141       448

[[126  22   1  28]
 [  5 105   1   0]
 [  6   6  30  14]
 [ 17   9   4  74]]
The best result ----------
WA: 74.7768%, UA: 72.6266%, macro f1: 72.9068%, weighted f1: 74.4141%
--------------------------
epoch: 5, lr: 0.0007351, loss: 0.6285
49.117256899999994
              precision    recall  f1-score   support

     neutral   0.812500  0.661017  0.728972       177
       happy   0.698718  0.981982  0.816479       111
         sad   0.700000  0.625000  0.660377        56
       angry   0.683673  0.644231  0.663366       104

    accuracy                       0.732143       448
   macro avg   0.723723  0.728057  0.717299       448
weighted avg   0.740340  0.732143  0.726849       448

[[117  31   7  22]
 [  1 109   1   0]
 [  9   3  35   9]
 [ 17  13   7  67]]
The best result ----------
WA: 74.7768%, UA: 72.6266%, macro f1: 72.9068%, weighted f1: 74.4141%
--------------------------
epoch: 6, lr: 0.0006983, loss: 0.5995
56.74560929999999
              precision    recall  f1-score   support

     neutral   0.697248  0.858757  0.769620       177
       happy   0.855932  0.909910  0.882096       111
         sad   0.900000  0.482143  0.627907        56
       angry   0.731707  0.576923  0.645161       104

    accuracy                       0.758929       448
   macro avg   0.796222  0.706933  0.731196       448
weighted avg   0.769908  0.758929  0.750882       448

[[152  11   1  13]
 [  9 101   1   0]
 [ 18   2  27   9]
 [ 39   4   1  60]]
The best result ----------
WA: 74.7768%, UA: 72.6266%, macro f1: 72.9068%, weighted f1: 74.4141%
--------------------------
epoch: 7, lr: 0.0006634, loss: 0.5411
64.60287749999999
              precision    recall  f1-score   support

     neutral   0.755435  0.785311  0.770083       177
       happy   0.787402  0.900901  0.840336       111
         sad   0.794118  0.482143  0.600000        56
       angry   0.679612  0.673077  0.676329       104

    accuracy                       0.750000       448
   macro avg   0.754141  0.710358  0.721687       448
weighted avg   0.750589  0.750000  0.744465       448

[[139  17   2  19]
 [  8 100   1   2]
 [ 15   2  27  12]
 [ 22   8   4  70]]
The best result ----------
WA: 74.7768%, UA: 72.6266%, macro f1: 72.9068%, weighted f1: 74.4141%
--------------------------
epoch: 8, lr: 0.0006302, loss: 0.5514
72.82033139999999
              precision    recall  f1-score   support

     neutral   0.732984  0.790960  0.760870       177
       happy   0.764286  0.963964  0.852590       111
         sad   0.848485  0.500000  0.629213        56
       angry   0.690476  0.557692  0.617021       104

    accuracy                       0.743304       448
   macro avg   0.759058  0.703154  0.714923       448
weighted avg   0.745309  0.743304  0.733744       448

[[140  18   2  17]
 [  3 107   1   0]
 [ 16   3  28   9]
 [ 32  12   2  58]]
The best result ----------
WA: 74.7768%, UA: 72.6266%, macro f1: 72.9068%, weighted f1: 74.4141%
--------------------------
epoch: 9, lr: 0.0005987, loss: 0.5052
80.84333639999998
              precision    recall  f1-score   support

     neutral   0.720812  0.802260  0.759358       177
       happy   0.801653  0.873874  0.836207       111
         sad   0.857143  0.535714  0.659341        56
       angry   0.715789  0.653846  0.683417       104

    accuracy                       0.752232       448
   macro avg   0.773849  0.716424  0.734581       448
weighted avg   0.756717  0.752232  0.748267       448

[[142  15   1  19]
 [ 12  97   1   1]
 [ 16   3  30   7]
 [ 27   6   3  68]]
The best result ----------
WA: 74.7768%, UA: 72.6266%, macro f1: 72.9068%, weighted f1: 74.4141%
--------------------------
epoch: 10, lr: 0.0005688, loss: 0.501
88.57124229999998
              precision    recall  f1-score   support

     neutral   0.748718  0.824859  0.784946       177
       happy   0.838983  0.891892  0.864629       111
         sad   0.780488  0.571429  0.659794        56
       angry   0.723404  0.653846  0.686869       104

    accuracy                       0.770089       448
   macro avg   0.772898  0.735506  0.749059       448
weighted avg   0.769178  0.770089  0.766277       448

[[146  12   1  18]
 [ 11  99   1   0]
 [ 14   2  32   8]
 [ 24   5   7  68]]
The best result ----------
WA: 77.0089%, UA: 73.5506%, macro f1: 74.9059%, weighted f1: 76.6277%
--------------------------
epoch: 11, lr: 0.0005404, loss: 0.5028
96.33038749999997
              precision    recall  f1-score   support

     neutral   0.713004  0.898305  0.795000       177
       happy   0.859813  0.828829  0.844037       111
         sad   0.838710  0.464286  0.597701        56
       angry   0.712644  0.596154  0.649215       104

    accuracy                       0.756696       448
   macro avg   0.781043  0.696893  0.721488       448
weighted avg   0.765008  0.756696  0.748644       448

[[159   7   1  10]
 [ 16  92   1   2]
 [ 16   1  26  13]
 [ 32   7   3  62]]
The best result ----------
WA: 77.0089%, UA: 73.5506%, macro f1: 74.9059%, weighted f1: 76.6277%
--------------------------
epoch: 12, lr: 0.0005133, loss: 0.4755
104.01749859999998
              precision    recall  f1-score   support

     neutral   0.728643  0.819209  0.771277       177
       happy   0.766423  0.945946  0.846774       111
         sad   0.672727  0.660714  0.666667        56
       angry   0.824561  0.451923  0.583851       104

    accuracy                       0.745536       448
   macro avg   0.748089  0.719448  0.717142       448
weighted avg   0.753281  0.745536  0.733397       448

[[145  18   5   9]
 [  5 105   1   0]
 [ 16   2  37   1]
 [ 33  12  12  47]]
The best result ----------
WA: 77.0089%, UA: 73.5506%, macro f1: 74.9059%, weighted f1: 76.6277%
--------------------------
epoch: 13, lr: 0.0004877, loss: 0.479
111.70108379999998
              precision    recall  f1-score   support

     neutral   0.792683  0.734463  0.762463       177
       happy   0.814516  0.909910  0.859574       111
         sad   0.633333  0.678571  0.655172        56
       angry   0.710000  0.682692  0.696078       104

    accuracy                       0.758929       448
   macro avg   0.737633  0.751409  0.743322       448
weighted avg   0.758980  0.758929  0.757702       448

[[130  17   9  21]
 [  7 101   2   1]
 [ 10   1  38   7]
 [ 17   5  11  71]]
The best result ----------
WA: 75.8929%, UA: 75.1409%, macro f1: 74.3322%, weighted f1: 75.7702%
--------------------------
epoch: 14, lr: 0.0004633, loss: 0.4755
119.37000359999998
              precision    recall  f1-score   support

     neutral   0.709360  0.813559  0.757895       177
       happy   0.771654  0.882883  0.823529       111
         sad   0.911765  0.553571  0.688889        56
       angry   0.750000  0.605769  0.670213       104

    accuracy                       0.750000       448
   macro avg   0.785694  0.713946  0.735131       448
weighted avg   0.759529  0.750000  0.745176       448

[[144  20   0  13]
 [ 11  98   1   1]
 [ 15   3  31   7]
 [ 33   6   2  63]]
The best result ----------
WA: 75.8929%, UA: 75.1409%, macro f1: 74.3322%, weighted f1: 75.7702%
--------------------------
epoch: 15, lr: 0.0004401, loss: 0.4544
127.0214391
              precision    recall  f1-score   support

     neutral   0.756906  0.774011  0.765363       177
       happy   0.741007  0.927928  0.824000       111
         sad   0.958333  0.410714  0.575000        56
       angry   0.711538  0.711538  0.711538       104

    accuracy                       0.752232       448
   macro avg   0.791946  0.706048  0.718975       448
weighted avg   0.767613  0.752232  0.743601       448

[[137  22   0  18]
 [  7 103   1   0]
 [ 16   5  23  12]
 [ 21   9   0  74]]
The best result ----------
WA: 75.8929%, UA: 75.1409%, macro f1: 74.3322%, weighted f1: 75.7702%
--------------------------
epoch: 16, lr: 0.0004181, loss: 0.47
134.6224011
              precision    recall  f1-score   support

     neutral   0.752632  0.807910  0.779292       177
       happy   0.785714  0.891892  0.835443       111
         sad   0.829787  0.696429  0.757282        56
       angry   0.776471  0.634615  0.698413       104

    accuracy                       0.774554       448
   macro avg   0.786151  0.757711  0.767607       448
weighted avg   0.776007  0.774554  0.771677       448

[[143  19   1  14]
 [ 11  99   1   0]
 [ 10   2  39   5]
 [ 26   6   6  66]]
The best result ----------
WA: 77.4554%, UA: 75.7711%, macro f1: 76.7607%, weighted f1: 77.1677%
--------------------------
epoch: 17, lr: 0.0003972, loss: 0.4501
142.24024149999997
              precision    recall  f1-score   support

     neutral   0.725888  0.807910  0.764706       177
       happy   0.683544  0.972973  0.802974       111
         sad   0.838710  0.464286  0.597701        56
       angry   0.806452  0.480769  0.602410       104

    accuracy                       0.729911       448
   macro avg   0.763648  0.681484  0.691948       448
weighted avg   0.748202  0.729911  0.715636       448

[[143  29   0   5]
 [  2 108   1   0]
 [ 18   5  26   7]
 [ 34  16   4  50]]
The best result ----------
WA: 77.4554%, UA: 75.7711%, macro f1: 76.7607%, weighted f1: 77.1677%
--------------------------
epoch: 18, lr: 0.0003774, loss: 0.4623
149.87817489999995
              precision    recall  f1-score   support

     neutral   0.730769  0.858757  0.789610       177
       happy   0.824000  0.927928  0.872881       111
         sad   0.828571  0.517857  0.637363        56
       angry   0.787500  0.605769  0.684783       104

    accuracy                       0.774554       448
   macro avg   0.792710  0.727578  0.746159       448
weighted avg   0.779264  0.774554  0.766876       448

[[152  15   0  10]
 [  7 103   1   0]
 [ 18   2  29   7]
 [ 31   5   5  63]]
The best result ----------
WA: 77.4554%, UA: 75.7711%, macro f1: 76.7607%, weighted f1: 77.1677%
--------------------------
epoch: 19, lr: 0.0003585, loss: 0.4707
157.47537769999994
              precision    recall  f1-score   support

     neutral   0.753927  0.813559  0.782609       177
       happy   0.757576  0.900901  0.823045       111
         sad   0.783784  0.517857  0.623656        56
       angry   0.750000  0.634615  0.687500       104

    accuracy                       0.756696       448
   macro avg   0.761322  0.716733  0.729202       448
weighted avg   0.757651  0.756696  0.750680       448

[[144  19   3  11]
 [  9 100   1   1]
 [ 13   4  29  10]
 [ 25   9   4  66]]
The best result ----------
WA: 77.4554%, UA: 75.7711%, macro f1: 76.7607%, weighted f1: 77.1677%
--------------------------
epoch: 20, lr: 0.0003406, loss: 0.4506
165.03801419999994
              precision    recall  f1-score   support

     neutral   0.721154  0.847458  0.779221       177
       happy   0.766917  0.918919  0.836066       111
         sad   0.935484  0.517857  0.666667        56
       angry   0.776316  0.567308  0.655556       104

    accuracy                       0.758929       448
   macro avg   0.799968  0.712885  0.734377       448
weighted avg   0.772089  0.758929  0.750528       448

[[150  17   0  10]
 [  8 102   1   0]
 [ 17   3  29   7]
 [ 33  11   1  59]]
The best result ----------
WA: 77.4554%, UA: 75.7711%, macro f1: 76.7607%, weighted f1: 77.1677%
--------------------------
epoch: 21, lr: 0.0003235, loss: 0.4459
172.58650189999992
              precision    recall  f1-score   support

     neutral   0.724490  0.802260  0.761394       177
       happy   0.778626  0.918919  0.842975       111
         sad   0.815789  0.553571  0.659574        56
       angry   0.710843  0.567308  0.631016       104

    accuracy                       0.745536       448
   macro avg   0.757437  0.710514  0.723740       448
weighted avg   0.746148  0.745536  0.738613       448

[[142  19   1  15]
 [  8 102   1   0]
 [ 14   2  31   9]
 [ 32   8   5  59]]
The best result ----------
WA: 77.4554%, UA: 75.7711%, macro f1: 76.7607%, weighted f1: 77.1677%
--------------------------
epoch: 22, lr: 0.0003074, loss: 0.4558
180.12920699999992
              precision    recall  f1-score   support

     neutral   0.681223  0.881356  0.768473       177
       happy   0.818182  0.891892  0.853448       111
         sad   0.812500  0.464286  0.590909        56
       angry   0.803030  0.509615  0.623529       104

    accuracy                       0.745536       448
   macro avg   0.778734  0.686787  0.709090       448
weighted avg   0.759843  0.745536  0.733684       448

[[156  14   1   6]
 [ 11  99   1   0]
 [ 21   2  26   7]
 [ 41   6   4  53]]
The best result ----------
WA: 77.4554%, UA: 75.7711%, macro f1: 76.7607%, weighted f1: 77.1677%
--------------------------
epoch: 23, lr: 0.000292, loss: 0.4457
187.69771489999994
              precision    recall  f1-score   support

     neutral   0.727273  0.858757  0.787565       177
       happy   0.801587  0.909910  0.852321       111
         sad   0.903226  0.500000  0.643678        56
       angry   0.768293  0.605769  0.677419       104

    accuracy                       0.767857       448
   macro avg   0.800095  0.718609  0.740246       448
weighted avg   0.777202  0.767857  0.760054       448

[[152  16   0   9]
 [  8 101   1   1]
 [ 17   2  28   9]
 [ 32   7   2  63]]
The best result ----------
WA: 77.4554%, UA: 75.7711%, macro f1: 76.7607%, weighted f1: 77.1677%
--------------------------
epoch: 24, lr: 0.0002774, loss: 0.4358
195.25869599999993
              precision    recall  f1-score   support

     neutral   0.700893  0.887006  0.783042       177
       happy   0.809917  0.882883  0.844828       111
         sad   0.882353  0.535714  0.666667        56
       angry   0.811594  0.538462  0.647399       104

    accuracy                       0.761161       448
   macro avg   0.801189  0.711016  0.735484       448
weighted avg   0.776287  0.761161  0.752315       448

[[157  12   0   8]
 [ 12  98   1   0]
 [ 18   3  30   5]
 [ 37   8   3  56]]
The best result ----------
WA: 77.4554%, UA: 75.7711%, macro f1: 76.7607%, weighted f1: 77.1677%
--------------------------
epoch: 25, lr: 0.0002635, loss: 0.4403
202.85058339999995
              precision    recall  f1-score   support

     neutral   0.748691  0.807910  0.777174       177
       happy   0.776119  0.936937  0.848980       111
         sad   0.843750  0.482143  0.613636        56
       angry   0.747253  0.653846  0.697436       104

    accuracy                       0.763393       448
   macro avg   0.778953  0.720209  0.734306       448
weighted avg   0.767035  0.763393  0.756012       448

[[143  20   1  13]
 [  6 104   1   0]
 [ 16   3  27  10]
 [ 26   7   3  68]]
The best result ----------
WA: 77.4554%, UA: 75.7711%, macro f1: 76.7607%, weighted f1: 77.1677%
--------------------------
epoch: 26, lr: 0.0002503, loss: 0.4253
210.41688609999994
              precision    recall  f1-score   support

     neutral   0.726829  0.841808  0.780105       177
       happy   0.741007  0.927928  0.824000       111
         sad   0.882353  0.535714  0.666667        56
       angry   0.785714  0.528846  0.632184       104

    accuracy                       0.752232       448
   macro avg   0.783976  0.708574  0.725739       448
weighted avg   0.763452  0.752232  0.742462       448

[[149  20   0   8]
 [  7 103   1   0]
 [ 15   4  30   7]
 [ 34  12   3  55]]
The best result ----------
WA: 77.4554%, UA: 75.7711%, macro f1: 76.7607%, weighted f1: 77.1677%
--------------------------
epoch: 27, lr: 0.0002378, loss: 0.4402
217.97315119999993
              precision    recall  f1-score   support

     neutral   0.751269  0.836158  0.791444       177
       happy   0.753623  0.936937  0.835341       111
         sad   0.804348  0.660714  0.725490        56
       angry   0.850746  0.548077  0.666667       104

    accuracy                       0.772321       448
   macro avg   0.789997  0.745472  0.754736       448
weighted avg   0.781580  0.772321  0.765110       448

[[148  22   1   6]
 [  6 104   1   0]
 [ 14   1  37   4]
 [ 29  11   7  57]]
The best result ----------
WA: 77.4554%, UA: 75.7711%, macro f1: 76.7607%, weighted f1: 77.1677%
--------------------------
epoch: 28, lr: 0.0002259, loss: 0.4223
225.5319868999999
              precision    recall  f1-score   support

     neutral   0.705069  0.864407  0.776650       177
       happy   0.771654  0.882883  0.823529       111
         sad   0.896552  0.464286  0.611765        56
       angry   0.773333  0.557692  0.648045       104

    accuracy                       0.747768       448
   macro avg   0.786652  0.692317  0.714997       448
weighted avg   0.761349  0.747768  0.737800       448

[[153  16   1   7]
 [ 12  98   1   0]
 [ 17   3  26  10]
 [ 35  10   1  58]]
The best result ----------
WA: 77.4554%, UA: 75.7711%, macro f1: 76.7607%, weighted f1: 77.1677%
--------------------------
epoch: 29, lr: 0.0002146, loss: 0.4436
233.0783763999999
              precision    recall  f1-score   support

     neutral   0.747525  0.853107  0.796834       177
       happy   0.814516  0.909910  0.859574       111
         sad   0.885714  0.553571  0.681319        56
       angry   0.770115  0.644231  0.701571       104

    accuracy                       0.781250       448
   macro avg   0.804468  0.740205  0.759824       448
weighted avg   0.786641  0.781250  0.775825       448

[[151  14   0  12]
 [  9 101   1   0]
 [ 16   1  31   8]
 [ 26   8   3  67]]
The best result ----------
WA: 77.4554%, UA: 75.7711%, macro f1: 76.7607%, weighted f1: 77.1677%
--------------------------
epoch: 30, lr: 0.0002039, loss: 0.4334
240.63509479999988
              precision    recall  f1-score   support

     neutral   0.742574  0.847458  0.791557       177
       happy   0.741007  0.927928  0.824000       111
         sad   0.870968  0.482143  0.620690        56
       angry   0.815789  0.596154  0.688889       104

    accuracy                       0.763393       448
   macro avg   0.792585  0.713421  0.731284       448
weighted avg   0.775232  0.763393  0.754403       448

[[150  20   1   6]
 [  7 103   1   0]
 [ 17   4  27   8]
 [ 28  12   2  62]]
The best result ----------
WA: 77.4554%, UA: 75.7711%, macro f1: 76.7607%, weighted f1: 77.1677%
--------------------------
epoch: 31, lr: 0.0001937, loss: 0.435
248.18734219999988
              precision    recall  f1-score   support

     neutral   0.735577  0.864407  0.794805       177
       happy   0.808000  0.909910  0.855932       111
         sad   0.852941  0.517857  0.644444        56
       angry   0.790123  0.615385  0.691892       104

    accuracy                       0.774554       448
   macro avg   0.796660  0.726890  0.746768       448
weighted avg   0.780854  0.774554  0.767265       448

[[153  16   0   8]
 [  9 101   1   0]
 [ 17   1  29   9]
 [ 29   7   4  64]]
The best result ----------
WA: 77.4554%, UA: 75.7711%, macro f1: 76.7607%, weighted f1: 77.1677%
--------------------------
epoch: 32, lr: 0.000184, loss: 0.4263
255.74574089999987
              precision    recall  f1-score   support

     neutral   0.727700  0.875706  0.794872       177
       happy   0.796875  0.918919  0.853556       111
         sad   0.935484  0.517857  0.666667        56
       angry   0.802632  0.586538  0.677778       104

    accuracy                       0.774554       448
   macro avg   0.815672  0.724755  0.748218       448
weighted avg   0.788207  0.774554  0.766204       448

[[155  15   0   7]
 [  8 102   1   0]
 [ 17   2  29   8]
 [ 33   9   1  61]]
The best result ----------
WA: 77.4554%, UA: 75.7711%, macro f1: 76.7607%, weighted f1: 77.1677%
--------------------------
epoch: 33, lr: 0.0001748, loss: 0.4265
263.3193856999999
              precision    recall  f1-score   support

     neutral   0.726829  0.841808  0.780105       177
       happy   0.780303  0.927928  0.847737       111
         sad   0.892857  0.446429  0.595238        56
       angry   0.746988  0.596154  0.663102       104

    accuracy                       0.756696       448
   macro avg   0.786744  0.703080  0.721545       448
weighted avg   0.765512  0.756696  0.746592       448

[[149  17   1  10]
 [  7 103   1   0]
 [ 18   2  25  11]
 [ 31  10   1  62]]
The best result ----------
WA: 77.4554%, UA: 75.7711%, macro f1: 76.7607%, weighted f1: 77.1677%
--------------------------
epoch: 34, lr: 0.0001661, loss: 0.4284
270.9559394999999
              precision    recall  f1-score   support

     neutral   0.696833  0.870056  0.773869       177
       happy   0.803279  0.882883  0.841202       111
         sad   0.928571  0.464286  0.619048        56
       angry   0.779221  0.576923  0.662983       104

    accuracy                       0.754464       448
   macro avg   0.801976  0.698537  0.724276       448
weighted avg   0.771300  0.754464  0.745458       448

[[154  15   0   8]
 [ 11  98   1   1]
 [ 20   2  26   8]
 [ 36   7   1  60]]
The best result ----------
WA: 77.4554%, UA: 75.7711%, macro f1: 76.7607%, weighted f1: 77.1677%
--------------------------
epoch: 35, lr: 0.0001578, loss: 0.4136
278.5309834999999
              precision    recall  f1-score   support

     neutral   0.730000  0.824859  0.774536       177
       happy   0.789062  0.909910  0.845188       111
         sad   0.871795  0.607143  0.715789        56
       angry   0.765432  0.596154  0.670270       104

    accuracy                       0.765625       448
   macro avg   0.789072  0.734516  0.751446       448
weighted avg   0.770583  0.765625  0.760493       448

[[146  17   2  12]
 [  9 101   1   0]
 [ 13   2  34   7]
 [ 32   8   2  62]]
The best result ----------
WA: 77.4554%, UA: 75.7711%, macro f1: 76.7607%, weighted f1: 77.1677%
--------------------------
epoch: 36, lr: 0.0001499, loss: 0.4193
286.1007420999999
              precision    recall  f1-score   support

     neutral   0.711628  0.864407  0.780612       177
       happy   0.786260  0.927928  0.851240       111
         sad   0.925926  0.446429  0.602410        56
       angry   0.773333  0.557692  0.648045       104

    accuracy                       0.756696       448
   macro avg   0.799287  0.699114  0.720577       448
weighted avg   0.771231  0.756696  0.745062       448

[[153  16   0   8]
 [  7 103   1   0]
 [ 20   2  25   9]
 [ 35  10   1  58]]
The best result ----------
WA: 77.4554%, UA: 75.7711%, macro f1: 76.7607%, weighted f1: 77.1677%
--------------------------
epoch: 37, lr: 0.0001424, loss: 0.4318
293.6856377999999
              precision    recall  f1-score   support

     neutral   0.725888  0.807910  0.764706       177
       happy   0.737589  0.936937  0.825397       111
         sad   0.920000  0.410714  0.567901        56
       angry   0.729412  0.596154  0.656085       104

    accuracy                       0.741071       448
   macro avg   0.778222  0.687929  0.703522       448
weighted avg   0.753869  0.741071  0.729927       448

[[143  23   0  11]
 [  6 104   1   0]
 [ 18   3  23  12]
 [ 30  11   1  62]]
The best result ----------
WA: 77.4554%, UA: 75.7711%, macro f1: 76.7607%, weighted f1: 77.1677%
--------------------------
epoch: 38, lr: 0.0001353, loss: 0.4122
301.26307409999987
              precision    recall  f1-score   support

     neutral   0.711628  0.864407  0.780612       177
       happy   0.808000  0.909910  0.855932       111
         sad   0.903226  0.500000  0.643678        56
       angry   0.792208  0.586538  0.674033       104

    accuracy                       0.765625       448
   macro avg   0.803765  0.715214  0.738564       448
weighted avg   0.778162  0.765625  0.757416       448

[[153  16   0   8]
 [  9 101   1   0]
 [ 19   1  28   8]
 [ 34   7   2  61]]
The best result ----------
WA: 77.4554%, UA: 75.7711%, macro f1: 76.7607%, weighted f1: 77.1677%
--------------------------
epoch: 39, lr: 0.0001285, loss: 0.4362
308.82799619999986
              precision    recall  f1-score   support

     neutral   0.710280  0.858757  0.777494       177
       happy   0.772727  0.918919  0.839506       111
         sad   0.896552  0.464286  0.611765        56
       angry   0.780822  0.548077  0.644068       104

    accuracy                       0.752232       448
   macro avg   0.790095  0.697510  0.718208       448
weighted avg   0.765412  0.752232  0.741168       448

[[152  18   0   7]
 [  8 102   1   0]
 [ 19   2  26   9]
 [ 35  10   2  57]]
The best result ----------
WA: 77.4554%, UA: 75.7711%, macro f1: 76.7607%, weighted f1: 77.1677%
--------------------------
epoch: 40, lr: 0.0001221, loss: 0.4282
316.39245459999984
              precision    recall  f1-score   support

     neutral   0.730000  0.824859  0.774536       177
       happy   0.764706  0.936937  0.842105       111
         sad   0.941176  0.571429  0.711111        56
       angry   0.769231  0.576923  0.659341       104

    accuracy                       0.763393       448
   macro avg   0.801278  0.727537  0.746773       448
weighted avg   0.774103  0.763393  0.756608       448

[[146  20   0  11]
 [  6 104   1   0]
 [ 15   2  32   7]
 [ 33  10   1  60]]
The best result ----------
WA: 77.4554%, UA: 75.7711%, macro f1: 76.7607%, weighted f1: 77.1677%
--------------------------
epoch: 41, lr: 0.000116, loss: 0.4164
324.10013699999985
              precision    recall  f1-score   support

     neutral   0.706422  0.870056  0.779747       177
       happy   0.809524  0.918919  0.860759       111
         sad   0.928571  0.464286  0.619048        56
       angry   0.789474  0.576923  0.666667       104

    accuracy                       0.763393       448
   macro avg   0.808498  0.707546  0.731555       448
weighted avg   0.779016  0.763393  0.753481       448

[[154  16   0   7]
 [  8 102   1   0]
 [ 20   1  26   9]
 [ 36   7   1  60]]
The best result ----------
WA: 77.4554%, UA: 75.7711%, macro f1: 76.7607%, weighted f1: 77.1677%
--------------------------
epoch: 42, lr: 0.0001102, loss: 0.4325
333.3117424999998
              precision    recall  f1-score   support

     neutral   0.719048  0.853107  0.780362       177
       happy   0.768657  0.927928  0.840816       111
         sad   0.920000  0.410714  0.567901        56
       angry   0.759494  0.576923  0.655738       104

    accuracy                       0.752232       448
   macro avg   0.791800  0.692168  0.711204       448
weighted avg   0.765847  0.752232  0.739852       448

[[151  16   0  10]
 [  7 103   1   0]
 [ 20   4  23   9]
 [ 32  11   1  60]]
The best result ----------
WA: 77.4554%, UA: 75.7711%, macro f1: 76.7607%, weighted f1: 77.1677%
--------------------------
epoch: 43, lr: 0.0001047, loss: 0.4324
348.6209271999998
              precision    recall  f1-score   support

     neutral   0.748744  0.841808  0.792553       177
       happy   0.796875  0.918919  0.853556       111
         sad   0.903226  0.500000  0.643678        56
       angry   0.777778  0.673077  0.721649       104

    accuracy                       0.779018       448
   macro avg   0.806656  0.733451  0.752859       448
weighted avg   0.786719  0.779018  0.772599       448

[[149  17   0  11]
 [  8 102   1   0]
 [ 17   2  28   9]
 [ 25   7   2  70]]
The best result ----------
WA: 77.4554%, UA: 75.7711%, macro f1: 76.7607%, weighted f1: 77.1677%
--------------------------
epoch: 44, lr: 9.944e-05, loss: 0.4236
356.32031819999986
              precision    recall  f1-score   support

     neutral   0.725000  0.819209  0.769231       177
       happy   0.734266  0.945946  0.826772       111
         sad   0.900000  0.482143  0.627907        56
       angry   0.786667  0.567308  0.659218       104

    accuracy                       0.750000       448
   macro avg   0.786483  0.703651  0.720782       448
weighted avg   0.763486  0.750000  0.740283       448

[[145  24   1   7]
 [  5 105   1   0]
 [ 18   2  27   9]
 [ 32  12   1  59]]
The best result ----------
WA: 77.4554%, UA: 75.7711%, macro f1: 76.7607%, weighted f1: 77.1677%
--------------------------
epoch: 45, lr: 9.447e-05, loss: 0.4414
363.93622849999986
              precision    recall  f1-score   support

     neutral   0.719048  0.853107  0.780362       177
       happy   0.777778  0.945946  0.853659       111
         sad   0.931034  0.482143  0.635294        56
       angry   0.770270  0.548077  0.640449       104

    accuracy                       0.758929       448
   macro avg   0.799533  0.707318  0.727441       448
weighted avg   0.771988  0.758929  0.747909       448

[[151  18   0   8]
 [  5 105   1   0]
 [ 18   2  27   9]
 [ 36  10   1  57]]
The best result ----------
WA: 77.4554%, UA: 75.7711%, macro f1: 76.7607%, weighted f1: 77.1677%
--------------------------
epoch: 46, lr: 8.974e-05, loss: 0.4261
371.55064089999985
              precision    recall  f1-score   support

     neutral   0.716981  0.858757  0.781491       177
       happy   0.772727  0.918919  0.839506       111
         sad   0.931034  0.482143  0.635294        56
       angry   0.800000  0.576923  0.670391       104

    accuracy                       0.761161       448
   macro avg   0.805186  0.709185  0.731671       448
weighted avg   0.776822  0.761161  0.751800       448

[[152  17   0   8]
 [  8 102   1   0]
 [ 19   3  27   7]
 [ 33  10   1  60]]
The best result ----------
WA: 77.4554%, UA: 75.7711%, macro f1: 76.7607%, weighted f1: 77.1677%
--------------------------
epoch: 47, lr: 8.526e-05, loss: 0.4297
379.28145059999986
              precision    recall  f1-score   support

     neutral   0.708738  0.824859  0.762402       177
       happy   0.776119  0.936937  0.848980       111
         sad   0.900000  0.482143  0.627907        56
       angry   0.782051  0.586538  0.670330       104

    accuracy                       0.754464       448
   macro avg   0.791727  0.707619  0.727405       448
weighted avg   0.766360  0.754464  0.745667       448

[[146  20   1  10]
 [  6 104   1   0]
 [ 20   2  27   7]
 [ 34   8   1  61]]
The best result ----------
WA: 77.4554%, UA: 75.7711%, macro f1: 76.7607%, weighted f1: 77.1677%
--------------------------
epoch: 48, lr: 8.099e-05, loss: 0.4154
386.88242299999985
              precision    recall  f1-score   support

     neutral   0.702326  0.853107  0.770408       177
       happy   0.796875  0.918919  0.853556       111
         sad   0.866667  0.464286  0.604651        56
       angry   0.773333  0.557692  0.648045       104

    accuracy                       0.752232       448
   macro avg   0.784800  0.698501  0.719165       448
weighted avg   0.762778  0.752232  0.741884       448

[[151  17   2   7]
 [  8 102   1   0]
 [ 18   2  26  10]
 [ 38   7   1  58]]
The best result ----------
WA: 77.4554%, UA: 75.7711%, macro f1: 76.7607%, weighted f1: 77.1677%
--------------------------
epoch: 49, lr: 7.694e-05, loss: 0.4179
394.45214669999984
              precision    recall  f1-score   support

     neutral   0.735000  0.830508  0.779841       177
       happy   0.780303  0.927928  0.847737       111
         sad   0.848485  0.500000  0.629213        56
       angry   0.771084  0.615385  0.684492       104

    accuracy                       0.763393       448
   macro avg   0.783718  0.718455  0.735321       448
weighted avg   0.768787  0.763393  0.755700       448

[[147  19   2   9]
 [  7 103   1   0]
 [ 16   2  28  10]
 [ 30   8   2  64]]
The best result ----------
WA: 77.4554%, UA: 75.7711%, macro f1: 76.7607%, weighted f1: 77.1677%
--------------------------
