epoch: 0, lr: 0.00095, loss: 1.186
30.2537149
              precision    recall  f1-score   support

     neutral   0.764706  0.282609  0.412698       276
       happy   0.721893  0.598039  0.654155       204
         sad   0.599099  0.682051  0.637890       195
       angry   0.329730  0.648936  0.437276       188

    accuracy                       0.527231       863
   macro avg   0.603857  0.552909  0.535505       863
weighted avg   0.622409  0.527231  0.526013       863

[[ 78  43  20 135]
 [ 15 122  11  56]
 [  5   0 133  57]
 [  4   4  58 122]]
The best result ----------
WA: 52.7231%, UA: 55.2909%, macro f1: 53.5505%, weighted f1: 52.6013%
--------------------------
epoch: 1, lr: 0.0009025, loss: 1.061
53.7702948
              precision    recall  f1-score   support

     neutral   0.864865  0.231884  0.365714       276
       happy   0.555891  0.901961  0.687850       204
         sad   0.638393  0.733333  0.682578       195
       angry   0.508547  0.632979  0.563981       188

    accuracy                       0.590962       863
   macro avg   0.641924  0.625039  0.575031       863
weighted avg   0.663034  0.590962  0.556651       863

[[ 64 113  29  70]
 [  1 184   5  14]
 [  4  17 143  31]
 [  5  17  47 119]]
The best result ----------
WA: 59.0962%, UA: 62.5039%, macro f1: 57.5031%, weighted f1: 55.6651%
--------------------------
epoch: 2, lr: 0.0008574, loss: 0.9811
78.9448342
              precision    recall  f1-score   support

     neutral   0.802395  0.485507  0.604966       276
       happy   0.685841  0.759804  0.720930       204
         sad   0.718310  0.784615  0.750000       195
       angry   0.525292  0.718085  0.606742       188

    accuracy                       0.668598       863
   macro avg   0.682959  0.687003  0.670659       863
weighted avg   0.695478  0.668598  0.665536       863

[[134  53  23  66]
 [ 12 155   4  33]
 [  8  11 153  23]
 [ 13   7  33 135]]
The best result ----------
WA: 66.8598%, UA: 68.7003%, macro f1: 67.0659%, weighted f1: 66.5536%
--------------------------
epoch: 3, lr: 0.0008145, loss: 0.8868
99.8326556
              precision    recall  f1-score   support

     neutral   0.761468  0.601449  0.672065       276
       happy   0.658730  0.813725  0.728070       204
         sad   0.741379  0.661538  0.699187       195
       angry   0.561644  0.654255  0.604423       188

    accuracy                       0.676709       863
   macro avg   0.680805  0.682742  0.675936       863
weighted avg   0.689113  0.676709  0.676697       863

[[166  60  12  38]
 [ 10 166   6  22]
 [ 18  12 129  36]
 [ 24  14  27 123]]
The best result ----------
WA: 67.6709%, UA: 68.2742%, macro f1: 67.5936%, weighted f1: 67.6697%
--------------------------
epoch: 4, lr: 0.0007738, loss: 0.8034
120.21334179999998
              precision    recall  f1-score   support

     neutral   0.775229  0.612319  0.684211       276
       happy   0.664234  0.892157  0.761506       204
         sad   0.644898  0.810256  0.718182       195
       angry   0.674603  0.452128  0.541401       188

    accuracy                       0.688297       863
   macro avg   0.689741  0.691715  0.676325       863
weighted avg   0.697622  0.688297  0.679048       863

[[169  67  18  22]
 [  9 182   6   7]
 [ 15  10 158  12]
 [ 25  15  63  85]]
The best result ----------
WA: 68.8297%, UA: 69.1715%, macro f1: 67.6325%, weighted f1: 67.9048%
--------------------------
epoch: 5, lr: 0.0007351, loss: 0.7098
140.6539087
              precision    recall  f1-score   support

     neutral   0.791262  0.590580  0.676349       276
       happy   0.713656  0.794118  0.751740       204
         sad   0.619231  0.825641  0.707692       195
       angry   0.588235  0.531915  0.558659       188

    accuracy                       0.679027       863
   macro avg   0.678096  0.685563  0.673610       863
weighted avg   0.689817  0.679027  0.675614       863

[[163  51  31  31]
 [ 12 162  12  18]
 [  8   5 161  21]
 [ 23   9  56 100]]
The best result ----------
WA: 68.8297%, UA: 69.1715%, macro f1: 67.6325%, weighted f1: 67.9048%
--------------------------
epoch: 6, lr: 0.0006983, loss: 0.6587
163.9596742
              precision    recall  f1-score   support

     neutral   0.795122  0.590580  0.677755       276
       happy   0.735537  0.872549  0.798206       204
         sad   0.692308  0.784615  0.735577       195
       angry   0.610256  0.632979  0.621410       188

    accuracy                       0.710313       863
   macro avg   0.708306  0.720181  0.708237       863
weighted avg   0.717534  0.710313  0.707018       863

[[163  46  23  44]
 [ 11 178   7   8]
 [ 12   6 153  24]
 [ 19  12  38 119]]
The best result ----------
WA: 71.0313%, UA: 72.0181%, macro f1: 70.8237%, weighted f1: 70.7018%
--------------------------
epoch: 7, lr: 0.0006634, loss: 0.6052
190.3673953
              precision    recall  f1-score   support

     neutral   0.674740  0.706522  0.690265       276
       happy   0.706383  0.813725  0.756264       204
         sad   0.707317  0.743590  0.725000       195
       angry   0.656716  0.468085  0.546584       188

    accuracy                       0.688297       863
   macro avg   0.686289  0.682981  0.679528       863
weighted avg   0.685655  0.688297  0.682415       863

[[195  47  14  20]
 [ 27 166   7   4]
 [ 21   7 145  22]
 [ 46  15  39  88]]
The best result ----------
WA: 71.0313%, UA: 72.0181%, macro f1: 70.8237%, weighted f1: 70.7018%
--------------------------
epoch: 8, lr: 0.0006302, loss: 0.5782
216.9549905
              precision    recall  f1-score   support

     neutral   0.796954  0.568841  0.663848       276
       happy   0.714286  0.857843  0.779510       204
         sad   0.600746  0.825641  0.695464       195
       angry   0.666667  0.542553  0.598240       188

    accuracy                       0.689455       863
   macro avg   0.694663  0.698719  0.684266       863
weighted avg   0.704696  0.689455  0.684040       863

[[157  53  40  26]
 [  9 175  11   9]
 [ 10   8 161  16]
 [ 21   9  56 102]]
The best result ----------
WA: 71.0313%, UA: 72.0181%, macro f1: 70.8237%, weighted f1: 70.7018%
--------------------------
epoch: 9, lr: 0.0005987, loss: 0.5792
243.15005740000004
              precision    recall  f1-score   support

     neutral   0.668790  0.760870  0.711864       276
       happy   0.715447  0.862745  0.782222       204
         sad   0.743316  0.712821  0.727749       195
       angry   0.750000  0.462766  0.572368       188

    accuracy                       0.709154       863
   macro avg   0.719388  0.699800  0.698551       863
weighted avg   0.714350  0.709154  0.701697       863

[[210  44  10  12]
 [ 23 176   3   2]
 [ 28  13 139  15]
 [ 53  13  35  87]]
The best result ----------
WA: 71.0313%, UA: 72.0181%, macro f1: 70.8237%, weighted f1: 70.7018%
--------------------------
epoch: 10, lr: 0.0005688, loss: 0.5483
266.61385430000007
              precision    recall  f1-score   support

     neutral   0.748000  0.677536  0.711027       276
       happy   0.704000  0.862745  0.775330       204
         sad   0.753927  0.738462  0.746114       195
       angry   0.680233  0.622340  0.650000       188

    accuracy                       0.723059       863
   macro avg   0.721540  0.725271  0.720618       863
weighted avg   0.724175  0.723059  0.720861       863

[[187  47  16  26]
 [ 16 176   5   7]
 [ 15  14 144  22]
 [ 32  13  26 117]]
The best result ----------
WA: 72.3059%, UA: 72.5271%, macro f1: 72.0618%, weighted f1: 72.0861%
--------------------------
epoch: 11, lr: 0.0005404, loss: 0.5416
289.3836156000001
              precision    recall  f1-score   support

     neutral   0.708487  0.695652  0.702011       276
       happy   0.713115  0.852941  0.776786       204
         sad   0.755435  0.712821  0.733509       195
       angry   0.676829  0.590426  0.630682       188

    accuracy                       0.713789       863
   macro avg   0.713466  0.712960  0.710747       863
weighted avg   0.713293  0.713789  0.711265       863

[[192  52   9  23]
 [ 18 174   4   8]
 [ 23  11 139  22]
 [ 38   7  32 111]]
The best result ----------
WA: 72.3059%, UA: 72.5271%, macro f1: 72.0618%, weighted f1: 72.0861%
--------------------------
epoch: 12, lr: 0.0005133, loss: 0.5317
312.14275160000005
              precision    recall  f1-score   support

     neutral   0.752137  0.637681  0.690196       276
       happy   0.722222  0.828431  0.771689       204
         sad   0.677966  0.820513  0.742459       195
       angry   0.654088  0.553191  0.599424       188

    accuracy                       0.705678       863
   macro avg   0.701603  0.709954  0.700942       863
weighted avg   0.706947  0.705678  0.701495       863

[[176  45  26  29]
 [ 15 169   7  13]
 [ 11  11 160  13]
 [ 32   9  43 104]]
The best result ----------
WA: 72.3059%, UA: 72.5271%, macro f1: 72.0618%, weighted f1: 72.0861%
--------------------------
epoch: 13, lr: 0.0004877, loss: 0.5329
336.10977340000005
              precision    recall  f1-score   support

     neutral   0.742857  0.659420  0.698656       276
       happy   0.723140  0.857843  0.784753       204
         sad   0.744186  0.656410  0.697548       195
       angry   0.612745  0.664894  0.637755       188

    accuracy                       0.706837       863
   macro avg   0.705732  0.709642  0.704678       863
weighted avg   0.710152  0.706837  0.705491       863

[[182  51  15  28]
 [ 11 175   3  15]
 [ 22   9 128  36]
 [ 30   7  26 125]]
The best result ----------
WA: 72.3059%, UA: 72.5271%, macro f1: 72.0618%, weighted f1: 72.0861%
--------------------------
epoch: 14, lr: 0.0004633, loss: 0.5208
357.3387473
              precision    recall  f1-score   support

     neutral   0.731061  0.699275  0.714815       276
       happy   0.775701  0.813725  0.794258       204
         sad   0.684211  0.800000  0.737589       195
       angry   0.668790  0.558511  0.608696       188

    accuracy                       0.718424       863
   macro avg   0.714940  0.717878  0.713839       863
weighted avg   0.717461  0.718424  0.715622       863

[[193  34  26  23]
 [ 18 166   3  17]
 [ 20   7 156  12]
 [ 33   7  43 105]]
The best result ----------
WA: 72.3059%, UA: 72.5271%, macro f1: 72.0618%, weighted f1: 72.0861%
--------------------------
epoch: 15, lr: 0.0004401, loss: 0.5204
380.7444172
              precision    recall  f1-score   support

     neutral   0.702422  0.735507  0.718584       276
       happy   0.783920  0.764706  0.774194       204
         sad   0.784211  0.764103  0.774026       195
       angry   0.648649  0.638298  0.643432       188

    accuracy                       0.727694       863
   macro avg   0.729800  0.725653  0.727559       863
weighted avg   0.728453  0.727694  0.727885       863

[[203  33  13  27]
 [ 27 156   3  18]
 [ 22   4 149  20]
 [ 37   6  25 120]]
The best result ----------
WA: 72.7694%, UA: 72.5653%, macro f1: 72.7559%, weighted f1: 72.7885%
--------------------------
epoch: 16, lr: 0.0004181, loss: 0.5182
403.0551798
              precision    recall  f1-score   support

     neutral   0.739837  0.659420  0.697318       276
       happy   0.732218  0.857843  0.790068       204
         sad   0.737624  0.764103  0.750630       195
       angry   0.681818  0.638298  0.659341       188

    accuracy                       0.725377       863
   macro avg   0.722874  0.729916  0.724339       863
weighted avg   0.724897  0.725377  0.723016       863

[[182  50  17  27]
 [ 15 175   4  10]
 [ 19   8 149  19]
 [ 30   6  32 120]]
The best result ----------
WA: 72.5377%, UA: 72.9916%, macro f1: 72.4339%, weighted f1: 72.3016%
--------------------------
epoch: 17, lr: 0.0003972, loss: 0.5048
425.1222584
              precision    recall  f1-score   support

     neutral   0.770642  0.608696  0.680162       276
       happy   0.697761  0.916667  0.792373       204
         sad   0.740196  0.774359  0.756892       195
       angry   0.682081  0.627660  0.653740       188

    accuracy                       0.723059       863
   macro avg   0.722670  0.731845  0.720792       863
weighted avg   0.727242  0.723059  0.718269       863

[[168  61  16  31]
 [ 11 187   3   3]
 [ 16   7 151  21]
 [ 23  13  34 118]]
The best result ----------
WA: 72.5377%, UA: 72.9916%, macro f1: 72.4339%, weighted f1: 72.3016%
--------------------------
epoch: 18, lr: 0.0003774, loss: 0.504
447.2635646
              precision    recall  f1-score   support

     neutral   0.738956  0.666667  0.700952       276
       happy   0.761468  0.813725  0.786730       204
         sad   0.665289  0.825641  0.736842       195
       angry   0.681818  0.558511  0.614035       188

    accuracy                       0.713789       863
   macro avg   0.711883  0.716136  0.709640       863
weighted avg   0.715185  0.713789  0.710404       863

[[184  41  26  25]
 [ 22 166   6  10]
 [ 15   5 161  14]
 [ 28   6  49 105]]
The best result ----------
WA: 72.5377%, UA: 72.9916%, macro f1: 72.4339%, weighted f1: 72.3016%
--------------------------
epoch: 19, lr: 0.0003585, loss: 0.4992
469.2406547
              precision    recall  f1-score   support

     neutral   0.741445  0.706522  0.723562       276
       happy   0.764151  0.794118  0.778846       204
         sad   0.702222  0.810256  0.752381       195
       angry   0.680982  0.590426  0.632479       188

    accuracy                       0.725377       863
   macro avg   0.722200  0.725330  0.721817       863
weighted avg   0.724778  0.725377  0.723300       863

[[195  38  20  23]
 [ 23 162   5  14]
 [ 16   6 158  15]
 [ 29   6  42 111]]
The best result ----------
WA: 72.5377%, UA: 72.9916%, macro f1: 72.4339%, weighted f1: 72.3016%
--------------------------
epoch: 20, lr: 0.0003406, loss: 0.4944
491.1099417
              precision    recall  f1-score   support

     neutral   0.744275  0.706522  0.724907       276
       happy   0.754310  0.857843  0.802752       204
         sad   0.708333  0.784615  0.744526       195
       angry   0.718954  0.585106  0.645161       188

    accuracy                       0.733488       863
   macro avg   0.731468  0.733522  0.729337       863
weighted avg   0.733010  0.733488  0.730369       863

[[195  42  23  16]
 [ 17 175   5   7]
 [ 17   5 153  20]
 [ 33  10  35 110]]
The best result ----------
WA: 73.3488%, UA: 73.3522%, macro f1: 72.9337%, weighted f1: 73.0369%
--------------------------
epoch: 21, lr: 0.0003235, loss: 0.5014
512.8121867
              precision    recall  f1-score   support

     neutral   0.680272  0.724638  0.701754       276
       happy   0.738938  0.818627  0.776744       204
         sad   0.764398  0.748718  0.756477       195
       angry   0.730263  0.590426  0.652941       188

    accuracy                       0.723059       863
   macro avg   0.728468  0.720602  0.721979       863
weighted avg   0.724039  0.723059  0.721212       863

[[200  46  13  17]
 [ 27 167   2   8]
 [ 28   5 146  16]
 [ 39   8  30 111]]
The best result ----------
WA: 73.3488%, UA: 73.3522%, macro f1: 72.9337%, weighted f1: 73.0369%
--------------------------
epoch: 22, lr: 0.0003074, loss: 0.4933
535.8365296
              precision    recall  f1-score   support

     neutral   0.695364  0.760870  0.726644       276
       happy   0.759091  0.818627  0.787736       204
         sad   0.713592  0.753846  0.733167       195
       angry   0.718519  0.515957  0.600619       188

    accuracy                       0.719583       863
   macro avg   0.721641  0.712325  0.712041       863
weighted avg   0.719591  0.719583  0.715105       863

[[210  38  15  13]
 [ 27 167   4   6]
 [ 22   7 147  19]
 [ 43   8  40  97]]
The best result ----------
WA: 73.3488%, UA: 73.3522%, macro f1: 72.9337%, weighted f1: 73.0369%
--------------------------
epoch: 23, lr: 0.000292, loss: 0.4841
557.8238497
              precision    recall  f1-score   support

     neutral   0.751037  0.655797  0.700193       276
       happy   0.773756  0.838235  0.804706       204
         sad   0.673640  0.825641  0.741935       195
       angry   0.672840  0.579787  0.622857       188

    accuracy                       0.720742       863
   macro avg   0.717818  0.724865  0.717423       863
weighted avg   0.721884  0.720742  0.717483       863
