epoch: 0, lr: 0.00095, loss: 1.179
19.8869435
              precision    recall  f1-score   support

     neutral   0.693182  0.405316  0.511530       301
       happy   0.571906  0.868020  0.689516       197
         sad   0.781513  0.484375  0.598071       192
       angry   0.423792  0.658960  0.515837       173

    accuracy                       0.579374       863
   macro avg   0.617598  0.604168  0.578739       863
weighted avg   0.631147  0.579374  0.572277       863

[[122  99   5  75]
 [ 11 171   0  15]
 [ 19  15  93  65]
 [ 24  14  21 114]]
The best result ----------
WA: 57.9374%, UA: 60.4168%, macro f1: 57.8739%, weighted f1: 57.2277%
--------------------------
epoch: 1, lr: 0.0009025, loss: 1.042
36.3117061
              precision    recall  f1-score   support

     neutral   0.782857  0.455150  0.575630       301
       happy   0.558360  0.898477  0.688716       197
         sad   0.699387  0.593750  0.642254       192
       angry   0.504808  0.606936  0.551181       173

    accuracy                       0.617613       863
   macro avg   0.636353  0.638578  0.614445       863
weighted avg   0.657301  0.617613  0.611366       863

[[137  95  15  54]
 [  8 177   5   7]
 [ 14  22 114  42]
 [ 16  23  29 105]]
The best result ----------
WA: 61.7613%, UA: 63.8578%, macro f1: 61.4445%, weighted f1: 61.1366%
--------------------------
epoch: 2, lr: 0.0008574, loss: 0.974
56.9297301
              precision    recall  f1-score   support

     neutral   0.703422  0.614618  0.656028       301
       happy   0.612782  0.827411  0.704104       197
         sad   0.598253  0.713542  0.650831       192
       angry   0.542857  0.329480  0.410072       173

    accuracy                       0.628042       863
   macro avg   0.614329  0.621263  0.605259       863
weighted avg   0.627146  0.628042  0.616541       863

[[185  69  23  24]
 [ 19 163   8   7]
 [ 22  16 137  17]
 [ 37  18  61  57]]
The best result ----------
WA: 61.7613%, UA: 63.8578%, macro f1: 61.4445%, weighted f1: 61.1366%
--------------------------
epoch: 3, lr: 0.0008145, loss: 0.8916
73.8223911
              precision    recall  f1-score   support

     neutral   0.686992  0.561462  0.617916       301
       happy   0.745763  0.670051  0.705882       197
         sad   0.637131  0.786458  0.703963       192
       angry   0.536946  0.630058  0.579787       173

    accuracy                       0.650058       863
   macro avg   0.651708  0.662007  0.651887       863
weighted avg   0.659236  0.650058  0.649497       863

[[169  40  37  55]
 [ 36 132  13  16]
 [ 16   2 151  23]
 [ 25   3  36 109]]
The best result ----------
WA: 65.0058%, UA: 66.2007%, macro f1: 65.1887%, weighted f1: 64.9497%
--------------------------
epoch: 4, lr: 0.0007738, loss: 0.7993
90.28984580000001
              precision    recall  f1-score   support

     neutral   0.759804  0.514950  0.613861       301
       happy   0.722222  0.791878  0.755448       197
         sad   0.754601  0.640625  0.692958       192
       angry   0.457143  0.739884  0.565121       173

    accuracy                       0.651217       863
   macro avg   0.673443  0.671834  0.656847       863
weighted avg   0.689395  0.651217  0.654009       863

[[155  46   9  91]
 [ 15 156   8  18]
 [ 16  10 123  43]
 [ 18   4  23 128]]
The best result ----------
WA: 65.1217%, UA: 67.1834%, macro f1: 65.6847%, weighted f1: 65.4009%
--------------------------
epoch: 5, lr: 0.0007351, loss: 0.7261
106.7275407
              precision    recall  f1-score   support

     neutral   0.725869  0.624585  0.671429       301
       happy   0.665323  0.837563  0.741573       197
         sad   0.707602  0.630208  0.666667       192
       angry   0.578378  0.618497  0.597765       173

    accuracy                       0.673233       863
   macro avg   0.669293  0.677713  0.669358       863
weighted avg   0.678417  0.673233  0.671614       863

[[188  56  15  42]
 [ 18 165   6   8]
 [ 25  18 121  28]
 [ 28   9  29 107]]
The best result ----------
WA: 67.3233%, UA: 67.7713%, macro f1: 66.9358%, weighted f1: 67.1614%
--------------------------
epoch: 6, lr: 0.0006983, loss: 0.6697
122.77566920000002
              precision    recall  f1-score   support

     neutral   0.661765  0.747508  0.702028       301
       happy   0.800000  0.629442  0.704545       197
         sad   0.775000  0.645833  0.704545       192
       angry   0.572115  0.687861  0.624672       173

    accuracy                       0.685979       863
   macro avg   0.702220  0.677661  0.683948       863
weighted avg   0.700541  0.685979  0.687656       863

[[225  25  14  37]
 [ 51 124   6  16]
 [ 27   5 124  36]
 [ 37   1  16 119]]
The best result ----------
WA: 68.5979%, UA: 67.7661%, macro f1: 68.3948%, weighted f1: 68.7656%
--------------------------
epoch: 7, lr: 0.0006634, loss: 0.6392
150.67758300000003
              precision    recall  f1-score   support

     neutral   0.712766  0.667774  0.689537       301
       happy   0.750000  0.761421  0.755668       197
         sad   0.733696  0.703125  0.718085       192
       angry   0.558376  0.635838  0.594595       173

    accuracy                       0.690614       863
   macro avg   0.688709  0.692040  0.689471       863
weighted avg   0.694972  0.690614  0.691952       863

[[201  42  16  42]
 [ 21 150   9  17]
 [ 25   4 135  28]
 [ 35   4  24 110]]
The best result ----------
WA: 69.0614%, UA: 69.2040%, macro f1: 68.9471%, weighted f1: 69.1952%
--------------------------
epoch: 8, lr: 0.0006302, loss: 0.5959
181.86195850000001
              precision    recall  f1-score   support

     neutral   0.735683  0.554817  0.632576       301
       happy   0.776596  0.741117  0.758442       197
         sad   0.712766  0.697917  0.705263       192
       angry   0.488462  0.734104  0.586605       173

    accuracy                       0.665122       863
   macro avg   0.678377  0.681989  0.670721       863
weighted avg   0.690365  0.665122  0.668264       863

[[167  38  25  71]
 [ 23 146   7  21]
 [ 13   4 134  41]
 [ 24   0  22 127]]
The best result ----------
WA: 69.0614%, UA: 69.2040%, macro f1: 68.9471%, weighted f1: 69.1952%
--------------------------
epoch: 9, lr: 0.0005987, loss: 0.5968
213.1754277
              precision    recall  f1-score   support

     neutral   0.785366  0.534884  0.636364       301
       happy   0.669323  0.852792  0.750000       197
         sad   0.666667  0.770833  0.714976       192
       angry   0.578378  0.618497  0.597765       173

    accuracy                       0.676709       863
   macro avg   0.674933  0.694252  0.674776       863
weighted avg   0.690975  0.676709  0.672056       863

[[161  64  32  44]
 [ 10 168  11   8]
 [ 11   7 148  26]
 [ 23  12  31 107]]
The best result ----------
WA: 69.0614%, UA: 69.2040%, macro f1: 68.9471%, weighted f1: 69.1952%
--------------------------
epoch: 10, lr: 0.0005688, loss: 0.5632
244.3326577
              precision    recall  f1-score   support

     neutral   0.720430  0.667774  0.693103       301
       happy   0.688797  0.842640  0.757991       197
         sad   0.728324  0.656250  0.690411       192
       angry   0.611765  0.601156  0.606414       173

    accuracy                       0.691773       863
   macro avg   0.687329  0.691955  0.686980       863
weighted avg   0.693182  0.691773  0.689938       863

[[201  53  14  33]
 [ 21 166   7   3]
 [ 26  10 126  30]
 [ 31  12  26 104]]
The best result ----------
WA: 69.1773%, UA: 69.1955%, macro f1: 68.6980%, weighted f1: 68.9938%
--------------------------
epoch: 11, lr: 0.0005404, loss: 0.5653
276.05068960000006
              precision    recall  f1-score   support

     neutral   0.735178  0.617940  0.671480       301
       happy   0.725664  0.832487  0.775414       197
         sad   0.690000  0.718750  0.704082       192
       angry   0.614130  0.653179  0.633053       173

    accuracy                       0.696408       863
   macro avg   0.691243  0.705589  0.696007       863
weighted avg   0.698689  0.696408  0.694755       863

[[186  48  28  39]
 [ 19 164   8   6]
 [ 21   7 138  26]
 [ 27   7  26 113]]
The best result ----------
WA: 69.6408%, UA: 70.5589%, macro f1: 69.6007%, weighted f1: 69.4755%
--------------------------
epoch: 12, lr: 0.0005133, loss: 0.5444
307.635126
              precision    recall  f1-score   support

     neutral   0.716981  0.631229  0.671378       301
       happy   0.725581  0.791878  0.757282       197
         sad   0.708333  0.708333  0.708333       192
       angry   0.596859  0.658960  0.626374       173

    accuracy                       0.690614       863
   macro avg   0.686939  0.697600  0.690842       863
weighted avg   0.692940  0.690614  0.690188       863

[[190  48  19  44]
 [ 24 156  10   7]
 [ 24   6 136  26]
 [ 27   5  27 114]]
The best result ----------
WA: 69.6408%, UA: 70.5589%, macro f1: 69.6007%, weighted f1: 69.4755%
--------------------------
epoch: 13, lr: 0.0004877, loss: 0.5413
338.907181
              precision    recall  f1-score   support

     neutral   0.679641  0.754153  0.714961       301
       happy   0.770833  0.751269  0.760925       197
         sad   0.737968  0.718750  0.728232       192
       angry   0.660000  0.572254  0.613003       173

    accuracy                       0.709154       863
   macro avg   0.712110  0.699107  0.704280       863
weighted avg   0.709497  0.709154  0.707967       863

[[227  35  13  26]
 [ 37 148   8   4]
 [ 29   4 138  21]
 [ 41   5  28  99]]
The best result ----------
WA: 70.9154%, UA: 69.9107%, macro f1: 70.4280%, weighted f1: 70.7967%
--------------------------
epoch: 14, lr: 0.0004633, loss: 0.5412
361.4701387
              precision    recall  f1-score   support

     neutral   0.784404  0.568106  0.658960       301
       happy   0.740909  0.827411  0.781775       197
         sad   0.587302  0.770833  0.666667       192
       angry   0.560694  0.560694  0.560694       173

    accuracy                       0.670915       863
   macro avg   0.668327  0.681761  0.667024       863
weighted avg   0.685778  0.670915  0.669011       863

[[171  46  42  42]
 [ 16 163  11   7]
 [ 12   5 148  27]
 [ 19   6  51  97]]
The best result ----------
WA: 70.9154%, UA: 69.9107%, macro f1: 70.4280%, weighted f1: 70.7967%
--------------------------
epoch: 15, lr: 0.0004401, loss: 0.5395
392.9612267
              precision    recall  f1-score   support

     neutral   0.713781  0.671096  0.691781       301
       happy   0.724771  0.802030  0.761446       197
         sad   0.751553  0.630208  0.685552       192
       angry   0.577114  0.670520  0.620321       173

    accuracy                       0.691773       863
   macro avg   0.691805  0.693464  0.689775       863
weighted avg   0.697296  0.691773  0.691973       863

[[202  47  11  41]
 [ 23 158   7   9]
 [ 29   7 121  35]
 [ 29   6  22 116]]
The best result ----------
WA: 70.9154%, UA: 69.9107%, macro f1: 70.4280%, weighted f1: 70.7967%
--------------------------
epoch: 16, lr: 0.0004181, loss: 0.5172
424.7770761
              precision    recall  f1-score   support

     neutral   0.749020  0.634551  0.687050       301
       happy   0.670833  0.817259  0.736842       197
         sad   0.695000  0.723958  0.709184       192
       angry   0.625000  0.606936  0.615836       173

    accuracy                       0.690614       863
   macro avg   0.684963  0.695676  0.687228       863
weighted avg   0.694292  0.690614  0.689065       863

[[191  56  19  35]
 [ 22 161  10   4]
 [ 17  12 139  24]
 [ 25  11  32 105]]
The best result ----------
WA: 70.9154%, UA: 69.9107%, macro f1: 70.4280%, weighted f1: 70.7967%
--------------------------
epoch: 17, lr: 0.0003972, loss: 0.527
456.9192383
              precision    recall  f1-score   support

     neutral   0.754032  0.621262  0.681239       301
       happy   0.652985  0.888325  0.752688       197
         sad   0.645161  0.729167  0.684597       192
       angry   0.669231  0.502890  0.574257       173

    accuracy                       0.682503       863
   macro avg   0.680352  0.685411  0.673195       863
weighted avg   0.689745  0.682503  0.676850       863

[[187  65  26  23]
 [ 11 175  10   1]
 [ 20  13 140  19]
 [ 30  15  41  87]]
The best result ----------
WA: 70.9154%, UA: 69.9107%, macro f1: 70.4280%, weighted f1: 70.7967%
--------------------------
epoch: 18, lr: 0.0003774, loss: 0.5177
488.18059949999997
              precision    recall  f1-score   support

     neutral   0.714801  0.657807  0.685121       301
       happy   0.697778  0.796954  0.744076       197
         sad   0.694175  0.744792  0.718593       192
       angry   0.645161  0.578035  0.609756       173

    accuracy                       0.692932       863
   macro avg   0.687979  0.694397  0.689386       863
weighted avg   0.692366  0.692932  0.690918       863

[[198  53  21  29]
 [ 25 157  11   4]
 [ 22   5 143  22]
 [ 32  10  31 100]]
The best result ----------
WA: 70.9154%, UA: 69.9107%, macro f1: 70.4280%, weighted f1: 70.7967%
--------------------------
epoch: 19, lr: 0.0003585, loss: 0.5076
519.9069274
              precision    recall  f1-score   support

     neutral   0.726236  0.634551  0.677305       301
       happy   0.675000  0.822335  0.741419       197
         sad   0.734807  0.692708  0.713137       192
       angry   0.631285  0.653179  0.642045       173

    accuracy                       0.694090       863
   macro avg   0.691832  0.700694  0.693476       863
weighted avg   0.697413  0.694090  0.692844       863

[[191  57  17  36]
 [ 21 162   9   5]
 [ 27   7 133  25]
 [ 24  14  22 113]]
The best result ----------
WA: 70.9154%, UA: 69.9107%, macro f1: 70.4280%, weighted f1: 70.7967%
--------------------------
epoch: 20, lr: 0.0003406, loss: 0.516
551.4826313
              precision    recall  f1-score   support

     neutral   0.741573  0.657807  0.697183       301
       happy   0.757282  0.791878  0.774194       197
         sad   0.682692  0.739583  0.710000       192
       angry   0.598901  0.630058  0.614085       173

    accuracy                       0.701043       863
   macro avg   0.695112  0.704832  0.698865       863
weighted avg   0.703459  0.701043  0.700956       863

[[198  42  24  37]
 [ 20 156  10  11]
 [ 21   4 142  25]
 [ 28   4  32 109]]
The best result ----------
WA: 70.9154%, UA: 69.9107%, macro f1: 70.4280%, weighted f1: 70.7967%
--------------------------
epoch: 21, lr: 0.0003235, loss: 0.5124
582.9837497
              precision    recall  f1-score   support

     neutral   0.693333  0.691030  0.692180       301
       happy   0.725581  0.791878  0.757282       197
         sad   0.790419  0.687500  0.735376       192
       angry   0.613260  0.641618  0.627119       173

    accuracy                       0.703360       863
   macro avg   0.705648  0.703007  0.702989       863
weighted avg   0.706242  0.703360  0.703609       863

[[208  46   9  38]
 [ 25 156   9   7]
 [ 30   5 132  25]
 [ 37   8  17 111]]
The best result ----------
WA: 70.9154%, UA: 69.9107%, macro f1: 70.4280%, weighted f1: 70.7967%
--------------------------
epoch: 22, lr: 0.0003074, loss: 0.5072
614.8546868
              precision    recall  f1-score   support

     neutral   0.717857  0.667774  0.691910       301
       happy   0.717489  0.812183  0.761905       197
         sad   0.740541  0.713542  0.726790       192
       angry   0.594286  0.601156  0.597701       173

    accuracy                       0.697567       863
   macro avg   0.692543  0.698664  0.694577       863
weighted avg   0.698048  0.697567  0.696763       863

[[201  47  13  40]
 [ 21 160   9   7]
 [ 25   6 137  24]
 [ 33  10  26 104]]
The best result ----------
WA: 70.9154%, UA: 69.9107%, macro f1: 70.4280%, weighted f1: 70.7967%
--------------------------
epoch: 23, lr: 0.000292, loss: 0.5149
646.1110891999999
              precision    recall  f1-score   support

     neutral   0.760148  0.684385  0.720280       301
       happy   0.720524  0.837563  0.774648       197
         sad   0.713568  0.739583  0.726343       192
       angry   0.670732  0.635838  0.652819       173

    accuracy                       0.721900       863
   macro avg   0.716243  0.724343  0.718522       863
weighted avg   0.722815  0.721900  0.720516       863

[[206  49  18  28]
 [ 19 165  10   3]
 [ 19   8 142  23]
 [ 27   7  29 110]]
The best result ----------
WA: 72.1900%, UA: 72.4343%, macro f1: 71.8522%, weighted f1: 72.0516%
--------------------------
epoch: 24, lr: 0.0002774, loss: 0.4967
677.4281755999999
              precision    recall  f1-score   support

     neutral   0.695364  0.697674  0.696517       301
       happy   0.711009  0.786802  0.746988       197
         sad   0.822086  0.697917  0.754930       192
       angry   0.644444  0.670520  0.657224       173

    accuracy                       0.712630       863
   macro avg   0.718226  0.713228  0.713915       863
weighted avg   0.716921  0.712630  0.713157       863

[[210  45  10  36]
 [ 30 155   7   5]
 [ 27   8 134  23]
 [ 35  10  12 116]]
The best result ----------
WA: 72.1900%, UA: 72.4343%, macro f1: 71.8522%, weighted f1: 72.0516%
--------------------------
epoch: 25, lr: 0.0002635, loss: 0.5137
709.0088672999999
              precision    recall  f1-score   support

     neutral   0.702532  0.737542  0.719611       301
       happy   0.708920  0.766497  0.736585       197
         sad   0.801282  0.651042  0.718391       192
       angry   0.640449  0.658960  0.649573       173

    accuracy                       0.709154       863
   macro avg   0.713296  0.703510  0.706040       863
weighted avg   0.713515  0.709154  0.709174       863

[[222  43   6  30]
 [ 32 151   7   7]
 [ 29  11 125  27]
 [ 33   8  18 114]]
The best result ----------
WA: 72.1900%, UA: 72.4343%, macro f1: 71.8522%, weighted f1: 72.0516%
--------------------------
epoch: 26, lr: 0.0002503, loss: 0.4959
740.4598427
              precision    recall  f1-score   support

     neutral   0.726950  0.681063  0.703259       301
       happy   0.700000  0.817259  0.754098       197
         sad   0.796407  0.692708  0.740947       192
       angry   0.635870  0.676301  0.655462       173

    accuracy                       0.713789       863
   macro avg   0.714807  0.716833  0.713442       863
weighted avg   0.717993  0.713789  0.713668       863

[[205  52   9  35]
 [ 23 161   7   6]
 [ 25   8 133  26]
 [ 29   9  18 117]]
The best result ----------
WA: 72.1900%, UA: 72.4343%, macro f1: 71.8522%, weighted f1: 72.0516%
--------------------------
epoch: 27, lr: 0.0002378, loss: 0.4899
771.900888
              precision    recall  f1-score   support

     neutral   0.721429  0.671096  0.695353       301
       happy   0.736111  0.807107  0.769976       197
         sad   0.769697  0.661458  0.711485       192
       angry   0.594059  0.693642  0.640000       173

    accuracy                       0.704519       863
   macro avg   0.705324  0.708326  0.704203       863
weighted avg   0.709986  0.704519  0.704880       863

[[202  41  15  43]
 [ 23 159   8   7]
 [ 25   8 127  32]
 [ 30   8  15 120]]
The best result ----------
WA: 72.1900%, UA: 72.4343%, macro f1: 71.8522%, weighted f1: 72.0516%
--------------------------
epoch: 28, lr: 0.0002259, loss: 0.4864
788.4279604000001
              precision    recall  f1-score   support

     neutral   0.759690  0.651163  0.701252       301
       happy   0.700820  0.868020  0.775510       197
         sad   0.734043  0.718750  0.726316       192
       angry   0.635838  0.635838  0.635838       173

    accuracy                       0.712630       863
   macro avg   0.707598  0.718443  0.709729       863
weighted avg   0.715718  0.712630  0.710666       863

[[196  51  17  37]
 [ 13 171   9   4]
 [ 22  10 138  22]
 [ 27  12  24 110]]
The best result ----------
WA: 72.1900%, UA: 72.4343%, macro f1: 71.8522%, weighted f1: 72.0516%
--------------------------
epoch: 29, lr: 0.0002146, loss: 0.5075
804.9629448000001
              precision    recall  f1-score   support

     neutral   0.752852  0.657807  0.702128       301
       happy   0.690763  0.873096  0.771300       197
         sad   0.757225  0.682292  0.717808       192
       angry   0.646067  0.664740  0.655271       173

    accuracy                       0.713789       863
   macro avg   0.711727  0.719484  0.711627       863
weighted avg   0.718245  0.713789  0.712013       863

[[198  56  12  35]
 [ 12 172   8   5]
 [ 24  14 131  23]
 [ 29   7  22 115]]
The best result ----------
WA: 72.1900%, UA: 72.4343%, macro f1: 71.8522%, weighted f1: 72.0516%
--------------------------
epoch: 30, lr: 0.0002039, loss: 0.4812
821.4559228
              precision    recall  f1-score   support

     neutral   0.695082  0.704319  0.699670       301
       happy   0.696035  0.802030  0.745283       197
         sad   0.751381  0.708333  0.729223       192
       angry   0.666667  0.578035  0.619195       173

    accuracy                       0.702202       863
   macro avg   0.702291  0.698179  0.698343       863
weighted avg   0.702129  0.702202  0.700525       863

[[212  52  12  25]
 [ 27 158   7   5]
 [ 29   7 136  20]
 [ 37  10  26 100]]
The best result ----------
WA: 72.1900%, UA: 72.4343%, macro f1: 71.8522%, weighted f1: 72.0516%
--------------------------
epoch: 31, lr: 0.0001937, loss: 0.4972
838.7034303000002
              precision    recall  f1-score   support

     neutral   0.679128  0.724252  0.700965       301
       happy   0.720721  0.812183  0.763723       197
         sad   0.734463  0.677083  0.704607       192
       angry   0.678322  0.560694  0.613924       173

    accuracy                       0.701043       863
   macro avg   0.703158  0.693553  0.695805       863
weighted avg   0.700772  0.701043  0.698653       863

[[218  43  13  27]
 [ 27 160   9   1]
 [ 35   9 130  18]
 [ 41  10  25  97]]
The best result ----------
WA: 72.1900%, UA: 72.4343%, macro f1: 71.8522%, weighted f1: 72.0516%
--------------------------
epoch: 32, lr: 0.000184, loss: 0.486
855.4106470000002
              precision    recall  f1-score   support

     neutral   0.721649  0.697674  0.709459       301
       happy   0.750000  0.807107  0.777506       197
         sad   0.728723  0.713542  0.721053       192
       angry   0.639535  0.635838  0.637681       173

    accuracy                       0.713789       863
   macro avg   0.709977  0.713540  0.711425       863
weighted avg   0.713234  0.713789  0.713183       863

[[210  41  17  33]
 [ 23 159   9   6]
 [ 26   6 137  23]
 [ 32   6  25 110]]
The best result ----------
WA: 72.1900%, UA: 72.4343%, macro f1: 71.8522%, weighted f1: 72.0516%
--------------------------
epoch: 33, lr: 0.0001748, loss: 0.4764
871.3502772000002
              precision    recall  f1-score   support

     neutral   0.716216  0.704319  0.710218       301
       happy   0.708520  0.802030  0.752381       197
         sad   0.737705  0.703125  0.720000       192
       angry   0.658385  0.612717  0.634731       173

    accuracy                       0.707995       863
   macro avg   0.705207  0.705548  0.704332       863
weighted avg   0.707647  0.707995  0.706886       863

[[212  46  13  30]
 [ 26 158  10   3]
 [ 25  10 135  22]
 [ 33   9  25 106]]
The best result ----------
WA: 72.1900%, UA: 72.4343%, macro f1: 71.8522%, weighted f1: 72.0516%
--------------------------
epoch: 34, lr: 0.0001661, loss: 0.4929
887.2055516000001
              precision    recall  f1-score   support

     neutral   0.711921  0.714286  0.713101       301
       happy   0.712329  0.791878  0.750000       197
         sad   0.746032  0.734375  0.740157       192
       angry   0.673203  0.595376  0.631902       173

    accuracy                       0.712630       863
   macro avg   0.710871  0.708979  0.708790       863
weighted avg   0.711841  0.712630  0.711266       863

[[215  43  12  31]
 [ 27 156   9   5]
 [ 26  11 141  14]
 [ 34   9  27 103]]
The best result ----------
WA: 72.1900%, UA: 72.4343%, macro f1: 71.8522%, weighted f1: 72.0516%
--------------------------
epoch: 35, lr: 0.0001578, loss: 0.477
903.5626848000002
              precision    recall  f1-score   support

     neutral   0.728625  0.651163  0.687719       301
       happy   0.664000  0.842640  0.742729       197
         sad   0.736264  0.697917  0.716578       192
       angry   0.641975  0.601156  0.620896       173

    accuracy                       0.695249       863
   macro avg   0.692716  0.698219  0.691980       863
weighted avg   0.698202  0.695249  0.693301       863

[[196  60  12  33]
 [ 18 166   9   4]
 [ 25  12 134  21]
 [ 30  12  27 104]]
The best result ----------
WA: 72.1900%, UA: 72.4343%, macro f1: 71.8522%, weighted f1: 72.0516%
--------------------------
epoch: 36, lr: 0.0001499, loss: 0.4847
919.6635529000002
              precision    recall  f1-score   support

     neutral   0.726316  0.687708  0.706485       301
       happy   0.710407  0.796954  0.751196       197
         sad   0.803797  0.661458  0.725714       192
       angry   0.597990  0.687861  0.639785       173

    accuracy                       0.706837       863
   macro avg   0.709628  0.708495  0.705795       863
weighted avg   0.714198  0.706837  0.707598       863

[[207  45   8  41]
 [ 23 157   7  10]
 [ 26  10 127  29]
 [ 29   9  16 119]]
The best result ----------
WA: 72.1900%, UA: 72.4343%, macro f1: 71.8522%, weighted f1: 72.0516%
--------------------------
epoch: 37, lr: 0.0001424, loss: 0.4944
935.5301539000002
              precision    recall  f1-score   support

     neutral   0.736842  0.697674  0.716724       301
       happy   0.699588  0.862944  0.772727       197
         sad   0.740113  0.682292  0.710027       192
       angry   0.664557  0.606936  0.634441       173

    accuracy                       0.713789       863
   macro avg   0.710275  0.712462  0.708480       863
weighted avg   0.714575  0.713789  0.711523       863

[[210  50  13  28]
 [ 15 170   9   3]
 [ 26  13 131  22]
 [ 34  10  24 105]]
The best result ----------
WA: 72.1900%, UA: 72.4343%, macro f1: 71.8522%, weighted f1: 72.0516%
--------------------------
epoch: 38, lr: 0.0001353, loss: 0.4789
951.4896785000003
              precision    recall  f1-score   support

     neutral   0.727891  0.710963  0.719328       301
       happy   0.714286  0.837563  0.771028       197
         sad   0.740331  0.697917  0.718499       192
       angry   0.662420  0.601156  0.630303       173

    accuracy                       0.714948       863
   macro avg   0.711232  0.711900  0.709789       863
weighted avg   0.714429  0.714948  0.713099       863

[[214  47  13  27]
 [ 19 165   8   5]
 [ 27  10 134  21]
 [ 34   9  26 104]]
The best result ----------
WA: 72.1900%, UA: 72.4343%, macro f1: 71.8522%, weighted f1: 72.0516%
--------------------------
epoch: 39, lr: 0.0001285, loss: 0.4769
967.3029361000004
              precision    recall  f1-score   support

     neutral   0.710611  0.734219  0.722222       301
       happy   0.760976  0.791878  0.776119       197
         sad   0.758621  0.687500  0.721311       192
       angry   0.647399  0.647399  0.647399       173

    accuracy                       0.719583       863
   macro avg   0.719402  0.715249  0.716763       863
weighted avg   0.720117  0.719583  0.719324       863

[[221  37  15  28]
 [ 26 156   8   7]
 [ 29   5 132  26]
 [ 35   7  19 112]]
The best result ----------
WA: 72.1900%, UA: 72.4343%, macro f1: 71.8522%, weighted f1: 72.0516%
--------------------------
epoch: 40, lr: 0.0001221, loss: 0.476
983.0975955000004
              precision    recall  f1-score   support

     neutral   0.710438  0.700997  0.705686       301
       happy   0.696203  0.837563  0.760369       197
         sad   0.738636  0.677083  0.706522       192
       angry   0.666667  0.589595  0.625767       173

    accuracy                       0.704519       863
   macro avg   0.702986  0.701310  0.699586       863
weighted avg   0.704687  0.704519  0.702334       863

[[211  51  12  27]
 [ 20 165   9   3]
 [ 31  10 130  21]
 [ 35  11  25 102]]
The best result ----------
WA: 72.1900%, UA: 72.4343%, macro f1: 71.8522%, weighted f1: 72.0516%
--------------------------
epoch: 41, lr: 0.000116, loss: 0.4767
998.8887396000005
              precision    recall  f1-score   support

     neutral   0.729452  0.707641  0.718381       301
       happy   0.730594  0.812183  0.769231       197
         sad   0.773256  0.692708  0.730769       192
       angry   0.644444  0.670520  0.657224       173

    accuracy                       0.720742       863
   macro avg   0.719436  0.720763  0.718901       863
weighted avg   0.722417  0.720742  0.720485       863

[[213  45  11  32]
 [ 22 160   9   6]
 [ 30   3 133  26]
 [ 27  11  19 116]]
The best result ----------
WA: 72.1900%, UA: 72.4343%, macro f1: 71.8522%, weighted f1: 72.0516%
--------------------------
epoch: 42, lr: 0.0001102, loss: 0.4794
1014.8086875000006
              precision    recall  f1-score   support

     neutral   0.735507  0.674419  0.703640       301
       happy   0.693617  0.827411  0.754630       197
         sad   0.781818  0.671875  0.722689       192
       angry   0.625668  0.676301  0.650000       173

    accuracy                       0.709154       863
   macro avg   0.709153  0.712501  0.707740       863
weighted avg   0.714229  0.709154  0.708765       863

[[203  52  11  35]
 [ 19 163   9   6]
 [ 25   9 129  29]
 [ 29  11  16 117]]
The best result ----------
WA: 72.1900%, UA: 72.4343%, macro f1: 71.8522%, weighted f1: 72.0516%
--------------------------
epoch: 43, lr: 0.0001047, loss: 0.467
1030.6266379000008
              precision    recall  f1-score   support

     neutral   0.745387  0.671096  0.706294       301
       happy   0.711864  0.852792  0.775982       197
         sad   0.796178  0.651042  0.716332       192
       angry   0.618090  0.710983  0.661290       173

    accuracy                       0.716107       863
   macro avg   0.717880  0.721478  0.714974       863
weighted avg   0.723517  0.716107  0.715413       863

[[202  53  10  36]
 [ 15 168   8   6]
 [ 28   5 125  34]
 [ 26  10  14 123]]
The best result ----------
WA: 72.1900%, UA: 72.4343%, macro f1: 71.8522%, weighted f1: 72.0516%
--------------------------
epoch: 44, lr: 9.944e-05, loss: 0.4842
1046.4331801000008
              precision    recall  f1-score   support

     neutral   0.710000  0.707641  0.708819       301
       happy   0.704545  0.786802  0.743405       197
         sad   0.786982  0.692708  0.736842       192
       angry   0.660920  0.664740  0.662824       173

    accuracy                       0.713789       863
   macro avg   0.715612  0.712973  0.712973       863
weighted avg   0.716043  0.713789  0.713728       863

[[213  46  12  30]
 [ 28 155   8   6]
 [ 28   8 133  23]
 [ 31  11  16 115]]
The best result ----------
WA: 72.1900%, UA: 72.4343%, macro f1: 71.8522%, weighted f1: 72.0516%
--------------------------
epoch: 45, lr: 9.447e-05, loss: 0.4847
1062.2411928000008
              precision    recall  f1-score   support

     neutral   0.719178  0.697674  0.708263       301
       happy   0.705357  0.802030  0.750594       197
         sad   0.742105  0.734375  0.738220       192
       angry   0.662420  0.601156  0.630303       173

    accuracy                       0.710313       863
   macro avg   0.707265  0.708809  0.706845       863
weighted avg   0.709746  0.710313  0.708963       863

[[210  48  15  28]
 [ 24 158   9   6]
 [ 26   6 141  19]
 [ 32  12  25 104]]
The best result ----------
WA: 72.1900%, UA: 72.4343%, macro f1: 71.8522%, weighted f1: 72.0516%
--------------------------
epoch: 46, lr: 8.974e-05, loss: 0.487
1078.158118900001
              precision    recall  f1-score   support

     neutral   0.726351  0.714286  0.720268       301
       happy   0.731818  0.817259  0.772182       197
         sad   0.743169  0.708333  0.725333       192
       angry   0.658537  0.624277  0.640950       173

    accuracy                       0.718424       863
   macro avg   0.714969  0.716039  0.714683       863
weighted avg   0.717747  0.718424  0.717345       863

[[215  42  15  29]
 [ 23 161   9   4]
 [ 26   7 136  23]
 [ 32  10  23 108]]
The best result ----------
WA: 72.1900%, UA: 72.4343%, macro f1: 71.8522%, weighted f1: 72.0516%
--------------------------
epoch: 47, lr: 8.526e-05, loss: 0.4729
1094.0797475000008
              precision    recall  f1-score   support

     neutral   0.740876  0.674419  0.706087       301
       happy   0.723214  0.822335  0.769596       197
         sad   0.755556  0.708333  0.731183       192
       angry   0.632432  0.676301  0.653631       173

    accuracy                       0.716107       863
   macro avg   0.713020  0.720347  0.715124       863
weighted avg   0.718371  0.716107  0.715652       863

[[203  46  16  36]
 [ 19 162   8   8]
 [ 24   8 136  24]
 [ 28   8  20 117]]
The best result ----------
WA: 72.1900%, UA: 72.4343%, macro f1: 71.8522%, weighted f1: 72.0516%
--------------------------
epoch: 48, lr: 8.099e-05, loss: 0.4879
1109.979124900001
              precision    recall  f1-score   support

     neutral   0.744755  0.707641  0.725724       301
       happy   0.717391  0.837563  0.772834       197
         sad   0.770115  0.697917  0.732240       192
       angry   0.653179  0.653179  0.653179       173

    accuracy                       0.724218       863
   macro avg   0.721360  0.724075  0.720994       863
weighted avg   0.725793  0.724218  0.723385       863

[[213  45  11  32]
 [ 17 165   7   8]
 [ 27  11 134  20]
 [ 29   9  22 113]]
The best result ----------
WA: 72.4218%, UA: 72.4075%, macro f1: 72.0994%, weighted f1: 72.3385%
--------------------------
epoch: 49, lr: 7.694e-05, loss: 0.4742
1126.233162800001
              precision    recall  f1-score   support

     neutral   0.738182  0.674419  0.704861       301
       happy   0.692623  0.857868  0.766440       197
         sad   0.754190  0.703125  0.727763       192
       angry   0.672727  0.641618  0.656805       173

    accuracy                       0.716107       863
   macro avg   0.714430  0.719258  0.713967       863
weighted avg   0.718222  0.716107  0.714380       863

[[203  55  14  29]
 [ 16 169   9   3]
 [ 24  11 135  22]
 [ 32   9  21 111]]
The best result ----------
WA: 72.4218%, UA: 72.4075%, macro f1: 72.0994%, weighted f1: 72.3385%
--------------------------
