epoch: 0, lr: 0.00095, loss: 1.199
53.690813
              precision    recall  f1-score   support

     neutral   0.596899  0.557971  0.576779       276
       happy   0.695876  0.652174  0.673317       207
         sad   0.492711  0.857868  0.625926       197
       angry   0.485294  0.180328  0.262948       183

    accuracy                       0.568946       863
   macro avg   0.567695  0.562085  0.534742       863
weighted avg   0.573191  0.568946  0.544605       863

[[154  42  58  22]
 [ 54 135  11   7]
 [ 12  10 169   6]
 [ 38   7 105  33]]
The best result ----------
WA: 56.8946%, UA: 56.2085%, macro f1: 53.4742%, weighted f1: 54.4605%
--------------------------
epoch: 1, lr: 0.0009025, loss: 1.077
104.648537
              precision    recall  f1-score   support

     neutral   0.746341  0.554348  0.636175       276
       happy   0.713043  0.792271  0.750572       207
         sad   0.581081  0.873096  0.697769       197
       angry   0.560606  0.404372  0.469841       183

    accuracy                       0.652375       863
   macro avg   0.650268  0.656022  0.638589       863
weighted avg   0.661245  0.652375  0.642403       863

[[153  49  38  36]
 [ 23 164   8  12]
 [  5  10 172  10]
 [ 24   7  78  74]]
The best result ----------
WA: 65.2375%, UA: 65.6022%, macro f1: 63.8589%, weighted f1: 64.2403%
--------------------------
epoch: 2, lr: 0.0008574, loss: 1.01
154.9238772
              precision    recall  f1-score   support

     neutral   0.776224  0.402174  0.529833       276
       happy   0.539326  0.927536  0.682060       207
         sad   0.552288  0.857868  0.671968       197
       angry   0.758621  0.240437  0.365145       183

    accuracy                       0.597914       863
   macro avg   0.656614  0.607004  0.562252       863
weighted avg   0.664550  0.597914  0.563870       863

[[111 114  41  10]
 [  9 192   6   0]
 [  5  19 169   4]
 [ 18  31  90  44]]
The best result ----------
WA: 65.2375%, UA: 65.6022%, macro f1: 63.8589%, weighted f1: 64.2403%
--------------------------
epoch: 3, lr: 0.0008145, loss: 0.9418
206.31262089999998
              precision    recall  f1-score   support

     neutral   0.736842  0.608696  0.666667       276
       happy   0.770950  0.666667  0.715026       207
         sad   0.712329  0.791878  0.750000       197
       angry   0.544304  0.704918  0.614286       183

    accuracy                       0.684820       863
   macro avg   0.691106  0.693040  0.686495       863
weighted avg   0.698600  0.684820  0.686182       863

[[168  32  17  59]
 [ 35 138   9  25]
 [ 10   7 156  24]
 [ 15   2  37 129]]
The best result ----------
WA: 68.4820%, UA: 69.3040%, macro f1: 68.6495%, weighted f1: 68.6182%
--------------------------
epoch: 4, lr: 0.0007738, loss: 0.8788
257.28999749999997
              precision    recall  f1-score   support

     neutral   0.711297  0.615942  0.660194       276
       happy   0.750000  0.724638  0.737101       207
         sad   0.728205  0.720812  0.724490       197
       angry   0.563319  0.704918  0.626214       183

    accuracy                       0.684820       863
   macro avg   0.688205  0.691577  0.687000       863
weighted avg   0.693061  0.684820  0.686112       863

[[170  35  20  51]
 [ 38 150   7  12]
 [  8  10 142  37]
 [ 23   5  26 129]]
The best result ----------
WA: 68.4820%, UA: 69.3040%, macro f1: 68.6495%, weighted f1: 68.6182%
--------------------------
epoch: 5, lr: 0.0007351, loss: 0.8098
308.1078927
              precision    recall  f1-score   support

     neutral   0.719368  0.659420  0.688091       276
       happy   0.728643  0.700483  0.714286       207
         sad   0.697248  0.771574  0.732530       197
       angry   0.601036  0.633880  0.617021       183

    accuracy                       0.689455       863
   macro avg   0.686574  0.691339  0.687982       863
weighted avg   0.691451  0.689455  0.689448       863

[[182  35  20  39]
 [ 42 145   6  14]
 [ 11  10 152  24]
 [ 18   9  40 116]]
The best result ----------
WA: 68.9455%, UA: 69.1339%, macro f1: 68.7982%, weighted f1: 68.9448%
--------------------------
epoch: 6, lr: 0.0006983, loss: 0.7473
359.38284319999997
              precision    recall  f1-score   support

     neutral   0.739496  0.637681  0.684825       276
       happy   0.768041  0.719807  0.743142       207
         sad   0.710526  0.685279  0.697674       197
       angry   0.535270  0.704918  0.608491       183

    accuracy                       0.682503       863
   macro avg   0.688333  0.686921  0.683533       863
weighted avg   0.696423  0.682503  0.685559       863

[[176  29  19  52]
 [ 34 149   7  17]
 [ 11   8 135  43]
 [ 17   8  29 129]]
The best result ----------
WA: 68.9455%, UA: 69.1339%, macro f1: 68.7982%, weighted f1: 68.9448%
--------------------------
epoch: 7, lr: 0.0006634, loss: 0.6977
410.1681048
              precision    recall  f1-score   support

     neutral   0.771739  0.514493  0.617391       276
       happy   0.625874  0.864734  0.726166       207
         sad   0.662162  0.746193  0.701671       197
       angry   0.614035  0.573770  0.593220       183

    accuracy                       0.663963       863
   macro avg   0.668453  0.674798  0.659612       863
weighted avg   0.678297  0.663963  0.657595       863

[[142  73  26  35]
 [ 18 179   4   6]
 [ 10  15 147  25]
 [ 14  19  45 105]]
The best result ----------
WA: 68.9455%, UA: 69.1339%, macro f1: 68.7982%, weighted f1: 68.9448%
--------------------------
epoch: 8, lr: 0.0006302, loss: 0.6687
459.8247436
              precision    recall  f1-score   support

     neutral   0.640118  0.786232  0.705691       276
       happy   0.753846  0.710145  0.731343       207
         sad   0.707921  0.725888  0.716792       197
       angry   0.692913  0.480874  0.567742       183

    accuracy                       0.689455       863
   macro avg   0.698700  0.675785  0.680392       863
weighted avg   0.694070  0.689455  0.685126       863

[[217  30  13  16]
 [ 48 147   4   8]
 [ 29  10 143  15]
 [ 45   8  42  88]]
The best result ----------
WA: 68.9455%, UA: 69.1339%, macro f1: 68.7982%, weighted f1: 68.9448%
--------------------------
epoch: 9, lr: 0.0005987, loss: 0.6474
553.4552675
              precision    recall  f1-score   support

     neutral   0.757447  0.644928  0.696673       276
       happy   0.697368  0.768116  0.731034       207
         sad   0.650224  0.736041  0.690476       197
       angry   0.615819  0.595628  0.605556       183

    accuracy                       0.684820       863
   macro avg   0.680215  0.686178  0.680935       863
weighted avg   0.688528  0.684820  0.684179       863

[[178  47  26  25]
 [ 29 159   9  10]
 [ 10   9 145  33]
 [ 18  13  43 109]]
The best result ----------
WA: 68.9455%, UA: 69.1339%, macro f1: 68.7982%, weighted f1: 68.9448%
--------------------------
epoch: 10, lr: 0.0005688, loss: 0.6234
651.0986632
              precision    recall  f1-score   support

     neutral   0.689781  0.684783  0.687273       276
       happy   0.727700  0.748792  0.738095       207
         sad   0.717277  0.695431  0.706186       197
       angry   0.621622  0.628415  0.625000       183

    accuracy                       0.690614       863
   macro avg   0.689095  0.689355  0.689138       863
weighted avg   0.690700  0.690614  0.690575       863

[[189  41  16  30]
 [ 34 155   8  10]
 [ 22   8 137  30]
 [ 29   9  30 115]]
The best result ----------
WA: 68.9455%, UA: 69.1339%, macro f1: 68.7982%, weighted f1: 68.9448%
--------------------------
epoch: 11, lr: 0.0005404, loss: 0.6032
1398.7612728
              precision    recall  f1-score   support

     neutral   0.719149  0.612319  0.661448       276
       happy   0.716738  0.806763  0.759091       207
         sad   0.754491  0.639594  0.692308       197
       angry   0.548246  0.683060  0.608273       183

    accuracy                       0.680185       863
   macro avg   0.684656  0.685434  0.680280       863
weighted avg   0.690398  0.680185  0.680637       863
