epoch: 0, lr: 0.00095, loss: 1.168
18.4719993
              precision    recall  f1-score   support

     neutral   0.588629  0.644689  0.615385       273
       happy   0.753521  0.548718  0.635015       195
         sad   0.765517  0.511521  0.613260       217
       angry   0.436823  0.679775  0.531868       178

    accuracy                       0.596756       863
   macro avg   0.636123  0.596176  0.598882       863
weighted avg   0.639054  0.596756  0.602060       863

[[176  27   7  63]
 [ 67 107   1  20]
 [ 27   6 111  73]
 [ 29   2  26 121]]
The best result ----------
WA: 59.6756%, UA: 59.6176%, macro f1: 59.8882%, weighted f1: 60.2060%
--------------------------
epoch: 1, lr: 0.0009025, loss: 1.057
34.43733780000001
              precision    recall  f1-score   support

     neutral   0.764045  0.498168  0.603104       273
       happy   0.615917  0.912821  0.735537       195
         sad   0.709091  0.718894  0.713959       217
       angry   0.568182  0.561798  0.564972       178

    accuracy                       0.660487       863
   macro avg   0.664309  0.672920  0.654393       863
weighted avg   0.676358  0.660487  0.653037       863

[[136  76  25  36]
 [  8 178   2   7]
 [ 10  18 156  33]
 [ 24  17  37 100]]
The best result ----------
WA: 66.0487%, UA: 67.2920%, macro f1: 65.4393%, weighted f1: 65.3037%
--------------------------
epoch: 2, lr: 0.0008574, loss: 0.9885
50.43997540000001
              precision    recall  f1-score   support

     neutral   0.734807  0.487179  0.585903       273
       happy   0.698198  0.794872  0.743405       195
         sad   0.483010  0.917051  0.632750       217
       angry   0.791667  0.213483  0.336283       178

    accuracy                       0.608343       863
   macro avg   0.676920  0.603146  0.574585       863
weighted avg   0.674949  0.608343  0.581785       863

[[133  51  81   8]
 [ 19 155  20   1]
 [ 10   7 199   1]
 [ 19   9 112  38]]
The best result ----------
WA: 66.0487%, UA: 67.2920%, macro f1: 65.4393%, weighted f1: 65.3037%
--------------------------
epoch: 3, lr: 0.0008145, loss: 0.912
66.4213374
              precision    recall  f1-score   support

     neutral   0.748634  0.501832  0.600877       273
       happy   0.608209  0.835897  0.704104       195
         sad   0.634328  0.783410  0.701031       217
       angry   0.562500  0.455056  0.503106       178

    accuracy                       0.638470       863
   macro avg   0.638418  0.644049  0.627279       863
weighted avg   0.649771  0.638470  0.629219       863

[[137  72  29  35]
 [ 26 163   3   3]
 [  8  14 170  25]
 [ 12  19  66  81]]
The best result ----------
WA: 66.0487%, UA: 67.2920%, macro f1: 65.4393%, weighted f1: 65.3037%
--------------------------
epoch: 4, lr: 0.0007738, loss: 0.8546
82.4532858
              precision    recall  f1-score   support

     neutral   0.607143  0.747253  0.669951       273
       happy   0.730570  0.723077  0.726804       195
         sad   0.703196  0.709677  0.706422       217
       angry   0.686957  0.443820  0.539249       178

    accuracy                       0.669757       863
   macro avg   0.681966  0.655957  0.660607       863
weighted avg   0.675647  0.669757  0.665010       863

[[204  37  16  16]
 [ 48 141   4   2]
 [ 38   7 154  18]
 [ 46   8  45  79]]
The best result ----------
WA: 66.0487%, UA: 67.2920%, macro f1: 65.4393%, weighted f1: 65.3037%
--------------------------
epoch: 5, lr: 0.0007351, loss: 0.7924
98.4341128
              precision    recall  f1-score   support

     neutral   0.594752  0.747253  0.662338       273
       happy   0.705584  0.712821  0.709184       195
         sad   0.764103  0.686636  0.723301       217
       angry   0.710938  0.511236  0.594771       178

    accuracy                       0.675550       863
   macro avg   0.693844  0.664486  0.672398       863
weighted avg   0.686342  0.675550  0.674316       863

[[204  42  13  14]
 [ 51 139   2   3]
 [ 41   7 149  20]
 [ 47   9  31  91]]
The best result ----------
WA: 67.5550%, UA: 66.4486%, macro f1: 67.2398%, weighted f1: 67.4316%
--------------------------
epoch: 6, lr: 0.0006983, loss: 0.7247
114.4581485
              precision    recall  f1-score   support

     neutral   0.743421  0.413919  0.531765       273
       happy   0.579288  0.917949  0.710317       195
         sad   0.702929  0.774194  0.736842       217
       angry   0.588957  0.539326  0.563050       178

    accuracy                       0.644264       863
   macro avg   0.653649  0.661347  0.635494       863
weighted avg   0.664293  0.644264  0.630129       863

[[113  94  25  41]
 [  9 179   1   6]
 [ 13  16 168  20]
 [ 17  20  45  96]]
The best result ----------
WA: 67.5550%, UA: 66.4486%, macro f1: 67.2398%, weighted f1: 67.4316%
--------------------------
epoch: 7, lr: 0.0006634, loss: 0.6758
130.4327529
              precision    recall  f1-score   support

     neutral   0.680180  0.553114  0.610101       273
       happy   0.573379  0.861538  0.688525       195
         sad   0.811321  0.594470  0.686170       217
       angry   0.576720  0.612360  0.594005       178

    accuracy                       0.645423       863
   macro avg   0.660400  0.655370  0.644700       863
weighted avg   0.667683  0.645423  0.643629       863

[[151  75   8  39]
 [ 19 168   1   7]
 [ 29  25 129  34]
 [ 23  25  21 109]]
The best result ----------
WA: 67.5550%, UA: 66.4486%, macro f1: 67.2398%, weighted f1: 67.4316%
--------------------------
epoch: 8, lr: 0.0006302, loss: 0.6374
146.4205049
              precision    recall  f1-score   support

     neutral   0.677686  0.600733  0.636893       273
       happy   0.727273  0.738462  0.732824       195
         sad   0.680672  0.746544  0.712088       217
       angry   0.567568  0.589888  0.578512       178

    accuracy                       0.666280       863
   macro avg   0.663300  0.668906  0.665079       863
weighted avg   0.666929  0.666280  0.665436       863

[[164  43  28  38]
 [ 31 144   5  15]
 [ 21   7 162  27]
 [ 26   4  43 105]]
The best result ----------
WA: 67.5550%, UA: 66.4486%, macro f1: 67.2398%, weighted f1: 67.4316%
--------------------------
epoch: 9, lr: 0.0005987, loss: 0.6173
162.4183404
              precision    recall  f1-score   support

     neutral   0.672932  0.655678  0.664193       273
       happy   0.661355  0.851282  0.744395       195
         sad   0.811111  0.672811  0.735516       217
       angry   0.674699  0.629213  0.651163       178

    accuracy                       0.698725       863
   macro avg   0.705024  0.702246  0.698817       863
weighted avg   0.705425  0.698725  0.697562       863

[[179  61   9  24]
 [ 20 166   2   7]
 [ 36  12 146  23]
 [ 31  12  23 112]]
The best result ----------
WA: 69.8725%, UA: 70.2246%, macro f1: 69.8817%, weighted f1: 69.7562%
--------------------------
epoch: 10, lr: 0.0005688, loss: 0.605
178.4457855
              precision    recall  f1-score   support

     neutral   0.671937  0.622711  0.646388       273
       happy   0.785311  0.712821  0.747312       195
         sad   0.754717  0.737327  0.745921       217
       angry   0.561086  0.696629  0.621554       178

    accuracy                       0.687138       863
   macro avg   0.693263  0.692372  0.690294       863
weighted avg   0.695505  0.687138  0.689097       863

[[170  30  14  59]
 [ 38 139   6  12]
 [ 27   4 160  26]
 [ 18   4  32 124]]
The best result ----------
WA: 69.8725%, UA: 70.2246%, macro f1: 69.8817%, weighted f1: 69.7562%
--------------------------
epoch: 11, lr: 0.0005404, loss: 0.5719
194.4173505
              precision    recall  f1-score   support

     neutral   0.639456  0.688645  0.663139       273
       happy   0.719807  0.764103  0.741294       195
         sad   0.735577  0.705069  0.720000       217
       angry   0.610390  0.528090  0.566265       178

    accuracy                       0.676709       863
   macro avg   0.676307  0.671477  0.672674       863
weighted avg   0.675786  0.676709  0.675115       863

[[188  41  16  28]
 [ 33 149   5   8]
 [ 33   7 153  24]
 [ 40  10  34  94]]
The best result ----------
WA: 69.8725%, UA: 70.2246%, macro f1: 69.8817%, weighted f1: 69.7562%
--------------------------
epoch: 12, lr: 0.0005133, loss: 0.5688
210.41981819999998
              precision    recall  f1-score   support

     neutral   0.700375  0.684982  0.692593       273
       happy   0.727679  0.835897  0.778043       195
         sad   0.768868  0.751152  0.759907       217
       angry   0.687500  0.617978  0.650888       178

    accuracy                       0.721900       863
   macro avg   0.721105  0.722502  0.720357       863
weighted avg   0.721111  0.721900  0.720225       863

[[187  44  15  27]
 [ 25 163   4   3]
 [ 27   7 163  20]
 [ 28  10  30 110]]
The best result ----------
WA: 72.1900%, UA: 72.2502%, macro f1: 72.0357%, weighted f1: 72.0225%
--------------------------
epoch: 13, lr: 0.0004877, loss: 0.5607
226.40049639999998
              precision    recall  f1-score   support

     neutral   0.732719  0.582418  0.648980       273
       happy   0.725664  0.841026  0.779097       195
         sad   0.823529  0.709677  0.762376       217
       angry   0.575107  0.752809  0.652068       178

    accuracy                       0.707995       863
   macro avg   0.714255  0.721482  0.710630       863
weighted avg   0.721450  0.707995  0.707531       863

[[159  47  11  56]
 [ 21 164   2   8]
 [ 23   5 154  35]
 [ 14  10  20 134]]
The best result ----------
WA: 72.1900%, UA: 72.2502%, macro f1: 72.0357%, weighted f1: 72.0225%
--------------------------
epoch: 14, lr: 0.0004633, loss: 0.5481
242.44943949999998
              precision    recall  f1-score   support

     neutral   0.705179  0.648352  0.675573       273
       happy   0.748768  0.779487  0.763819       195
         sad   0.713656  0.746544  0.729730       217
       angry   0.604396  0.617978  0.611111       178

    accuracy                       0.696408       863
   macro avg   0.693000  0.698090  0.695058       863
weighted avg   0.696373  0.696408  0.695834       863

[[177  38  18  40]
 [ 25 152   9   9]
 [ 25   7 162  23]
 [ 24   6  38 110]]
The best result ----------
WA: 72.1900%, UA: 72.2502%, macro f1: 72.0357%, weighted f1: 72.0225%
--------------------------
epoch: 15, lr: 0.0004401, loss: 0.5286
258.5944305
              precision    recall  f1-score   support

     neutral   0.694215  0.615385  0.652427       273
       happy   0.752475  0.779487  0.765743       195
         sad   0.757009  0.746544  0.751740       217
       angry   0.604878  0.696629  0.647520       178

    accuracy                       0.702202       863
   macro avg   0.702144  0.709511  0.704357       863
weighted avg   0.704742  0.702202  0.701991       863

[[168  38  20  47]
 [ 32 152   3   8]
 [ 21   8 162  26]
 [ 21   4  29 124]]
The best result ----------
WA: 72.1900%, UA: 72.2502%, macro f1: 72.0357%, weighted f1: 72.0225%
--------------------------
epoch: 16, lr: 0.0004181, loss: 0.5437
274.6511659
              precision    recall  f1-score   support

     neutral   0.708000  0.648352  0.676864       273
       happy   0.658915  0.871795  0.750552       195
         sad   0.745283  0.728111  0.736597       217
       angry   0.664336  0.533708  0.591900       178

    accuracy                       0.695249       863
   macro avg   0.694133  0.695491  0.688978       863
weighted avg   0.697278  0.695249  0.691010       863

[[177  58  16  22]
 [ 18 170   3   4]
 [ 26  11 158  22]
 [ 29  19  35  95]]
The best result ----------
WA: 72.1900%, UA: 72.2502%, macro f1: 72.0357%, weighted f1: 72.0225%
--------------------------
epoch: 17, lr: 0.0003972, loss: 0.5307
290.68263820000004
              precision    recall  f1-score   support

     neutral   0.684211  0.666667  0.675325       273
       happy   0.693966  0.825641  0.754098       195
         sad   0.775510  0.700461  0.736077       217
       angry   0.650888  0.617978  0.634006       178

    accuracy                       0.701043       863
   macro avg   0.701143  0.702687  0.699877       863
weighted avg   0.702499  0.701043  0.699878       863

[[182  51  15  25]
 [ 27 161   2   5]
 [ 26  10 152  29]
 [ 31  10  27 110]]
The best result ----------
WA: 72.1900%, UA: 72.2502%, macro f1: 72.0357%, weighted f1: 72.0225%
--------------------------
epoch: 18, lr: 0.0003774, loss: 0.5129
306.7353981
              precision    recall  f1-score   support

     neutral   0.710744  0.630037  0.667961       273
       happy   0.671756  0.902564  0.770241       195
         sad   0.736111  0.732719  0.734411       217
       angry   0.664336  0.533708  0.591900       178

    accuracy                       0.697567       863
   macro avg   0.695737  0.699757  0.691128       863
weighted avg   0.698741  0.697567  0.692092       863

[[172  57  17  27]
 [ 15 176   2   2]
 [ 23  16 159  19]
 [ 32  13  38  95]]
The best result ----------
WA: 72.1900%, UA: 72.2502%, macro f1: 72.0357%, weighted f1: 72.0225%
--------------------------
epoch: 19, lr: 0.0003585, loss: 0.5197
322.7547164
              precision    recall  f1-score   support

     neutral   0.654110  0.699634  0.676106       273
       happy   0.779661  0.707692  0.741935       195
         sad   0.785714  0.709677  0.745763       217
       angry   0.616162  0.685393  0.648936       178

    accuracy                       0.701043       863
   macro avg   0.708912  0.700599  0.703185       863
weighted avg   0.707743  0.701043  0.702892       863

[[191  29  13  40]
 [ 48 138   3   6]
 [ 28   5 154  30]
 [ 25   5  26 122]]
The best result ----------
WA: 72.1900%, UA: 72.2502%, macro f1: 72.0357%, weighted f1: 72.0225%
--------------------------
epoch: 20, lr: 0.0003406, loss: 0.5271
338.7925934
              precision    recall  f1-score   support

     neutral   0.696429  0.714286  0.705244       273
       happy   0.736111  0.815385  0.773723       195
         sad   0.719828  0.769585  0.743875       217
       angry   0.681481  0.516854  0.587859       178

    accuracy                       0.710313       863
   macro avg   0.708462  0.704027  0.702675       863
weighted avg   0.708196  0.710313  0.706220       863

[[195  37  19  22]
 [ 29 159   4   3]
 [ 24   8 167  18]
 [ 32  12  42  92]]
The best result ----------
WA: 72.1900%, UA: 72.2502%, macro f1: 72.0357%, weighted f1: 72.0225%
--------------------------
epoch: 21, lr: 0.0003235, loss: 0.5203
354.8312712
              precision    recall  f1-score   support

     neutral   0.693182  0.670330  0.681564       273
       happy   0.755000  0.774359  0.764557       195
         sad   0.782178  0.728111  0.754177       217
       angry   0.619289  0.685393  0.650667       178

    accuracy                       0.711472       863
   macro avg   0.712412  0.714548  0.712741       863
weighted avg   0.714287  0.711472  0.712202       863

[[183  37  15  38]
 [ 31 151   4   9]
 [ 26   5 158  28]
 [ 24   7  25 122]]
The best result ----------
WA: 72.1900%, UA: 72.2502%, macro f1: 72.0357%, weighted f1: 72.0225%
--------------------------
epoch: 22, lr: 0.0003074, loss: 0.5062
370.8960837
              precision    recall  f1-score   support

     neutral   0.691176  0.688645  0.689908       273
       happy   0.699588  0.871795  0.776256       195
         sad   0.817680  0.682028  0.743719       217
       angry   0.676647  0.634831  0.655072       178

    accuracy                       0.717265       863
   macro avg   0.721273  0.719325  0.716239       863
weighted avg   0.721889  0.717265  0.715764       863

[[188  51   8  26]
 [ 21 170   2   2]
 [ 33  10 148  26]
 [ 30  12  23 113]]
The best result ----------
WA: 72.1900%, UA: 72.2502%, macro f1: 72.0357%, weighted f1: 72.0225%
--------------------------
epoch: 23, lr: 0.000292, loss: 0.5057
386.9391339
              precision    recall  f1-score   support

     neutral   0.676157  0.695971  0.685921       273
       happy   0.761194  0.784615  0.772727       195
         sad   0.817204  0.700461  0.754342       217
       angry   0.620513  0.679775  0.648794       178

    accuracy                       0.713789       863
   macro avg   0.718767  0.715206  0.715446       863
weighted avg   0.719361  0.713789  0.715082       863

[[190  35  10  38]
 [ 32 153   2   8]
 [ 31   6 152  28]
 [ 28   7  22 121]]
The best result ----------
WA: 72.1900%, UA: 72.2502%, macro f1: 72.0357%, weighted f1: 72.0225%
--------------------------
epoch: 24, lr: 0.0002774, loss: 0.5043
402.9606796
              precision    recall  f1-score   support

     neutral   0.661290  0.750916  0.703259       273
       happy   0.724771  0.810256  0.765133       195
         sad   0.836066  0.705069  0.765000       217
       angry   0.697368  0.595506  0.642424       178

    accuracy                       0.720742       863
   macro avg   0.729874  0.715437  0.718954       863
weighted avg   0.727022  0.720742  0.720217       863

[[205  39   7  22]
 [ 30 158   2   5]
 [ 36   9 153  19]
 [ 39  12  21 106]]
The best result ----------
WA: 72.1900%, UA: 72.2502%, macro f1: 72.0357%, weighted f1: 72.0225%
--------------------------
epoch: 25, lr: 0.0002635, loss: 0.5016
419.0028273
              precision    recall  f1-score   support

     neutral   0.738532  0.589744  0.655804       273
       happy   0.638686  0.897436  0.746269       195
         sad   0.747619  0.723502  0.735363       217
       angry   0.670807  0.606742  0.637168       178

    accuracy                       0.696408       863
   macro avg   0.698911  0.704356  0.693651       863
weighted avg   0.704288  0.696408  0.692406       863

[[161  70  18  24]
 [ 13 175   2   5]
 [ 23  13 157  24]
 [ 21  16  33 108]]
The best result ----------
WA: 72.1900%, UA: 72.2502%, macro f1: 72.0357%, weighted f1: 72.0225%
--------------------------
epoch: 26, lr: 0.0002503, loss: 0.5041
435.07451899999995
              precision    recall  f1-score   support

     neutral   0.696429  0.714286  0.705244       273
       happy   0.775510  0.779487  0.777494       195
         sad   0.778325  0.728111  0.752381       217
       angry   0.635870  0.657303  0.646409       178

    accuracy                       0.720742       863
   macro avg   0.721533  0.719797  0.720382       863
weighted avg   0.722400  0.720742  0.721287       863

[[195  33  14  31]
 [ 31 152   3   9]
 [ 28   4 158  27]
 [ 26   7  28 117]]
The best result ----------
WA: 72.1900%, UA: 72.2502%, macro f1: 72.0357%, weighted f1: 72.0225%
--------------------------
epoch: 27, lr: 0.0002378, loss: 0.502
451.1067242
              precision    recall  f1-score   support

     neutral   0.712000  0.652015  0.680688       273
       happy   0.669388  0.841026  0.745455       195
         sad   0.755869  0.741935  0.748837       217
       angry   0.683871  0.595506  0.636637       178

    accuracy                       0.705678       863
   macro avg   0.705282  0.707620  0.702904       863
weighted avg   0.707600  0.705678  0.703373       863

[[178  53  17  25]
 [ 23 164   2   6]
 [ 25  13 161  18]
 [ 24  15  33 106]]
The best result ----------
WA: 72.1900%, UA: 72.2502%, macro f1: 72.0357%, weighted f1: 72.0225%
--------------------------
epoch: 28, lr: 0.0002259, loss: 0.4884
467.15260299999994
              precision    recall  f1-score   support

     neutral   0.730612  0.655678  0.691120       273
       happy   0.708861  0.861538  0.777778       195
         sad   0.755869  0.741935  0.748837       217
       angry   0.654762  0.617978  0.635838       178

    accuracy                       0.716107       863
   macro avg   0.712526  0.719282  0.713393       863
weighted avg   0.716403  0.716107  0.713811       863

[[179  52  16  26]
 [ 20 168   2   5]
 [ 21   8 161  27]
 [ 25   9  34 110]]
The best result ----------
WA: 72.1900%, UA: 72.2502%, macro f1: 72.0357%, weighted f1: 72.0225%
--------------------------
epoch: 29, lr: 0.0002146, loss: 0.499
483.1766590999999
              precision    recall  f1-score   support

     neutral   0.691729  0.673993  0.682746       273
       happy   0.677419  0.861538  0.758465       195
         sad   0.815217  0.691244  0.748130       217
       angry   0.678788  0.629213  0.653061       178

    accuracy                       0.711472       863
   macro avg   0.715788  0.713997  0.710600       863
weighted avg   0.716878  0.711472  0.710173       863

[[184  53   8  28]
 [ 22 168   2   3]
 [ 33  12 150  22]
 [ 27  15  24 112]]
The best result ----------
WA: 72.1900%, UA: 72.2502%, macro f1: 72.0357%, weighted f1: 72.0225%
--------------------------
epoch: 30, lr: 0.0002039, loss: 0.4885
499.23564119999986
              precision    recall  f1-score   support

     neutral   0.683099  0.710623  0.696589       273
       happy   0.724771  0.810256  0.765133       195
         sad   0.813953  0.645161  0.719794       217
       angry   0.608466  0.646067  0.626703       178

    accuracy                       0.703360       863
   macro avg   0.707572  0.703027  0.702055       863
weighted avg   0.710024  0.703360  0.703497       863

[[194  41   4  34]
 [ 29 158   2   6]
 [ 33  10 140  34]
 [ 28   9  26 115]]
The best result ----------
WA: 72.1900%, UA: 72.2502%, macro f1: 72.0357%, weighted f1: 72.0225%
--------------------------
epoch: 31, lr: 0.0001937, loss: 0.4905
515.2453034999999
              precision    recall  f1-score   support

     neutral   0.734440  0.648352  0.688716       273
       happy   0.731278  0.851282  0.786730       195
         sad   0.816667  0.677419  0.740554       217
       angry   0.595349  0.719101  0.651399       178

    accuracy                       0.716107       863
   macro avg   0.719433  0.724039  0.716850       863
weighted avg   0.725713  0.716107  0.716201       863

[[177  40   9  47]
 [ 22 166   2   5]
 [ 24  11 147  35]
 [ 18  10  22 128]]
The best result ----------
WA: 72.1900%, UA: 72.2502%, macro f1: 72.0357%, weighted f1: 72.0225%
--------------------------
epoch: 32, lr: 0.000184, loss: 0.4938
531.2749024999998
              precision    recall  f1-score   support

     neutral   0.697674  0.659341  0.677966       273
       happy   0.713043  0.841026  0.771765       195
         sad   0.800000  0.718894  0.757282       217
       angry   0.672222  0.679775  0.675978       178

    accuracy                       0.719583       863
   macro avg   0.720735  0.724759  0.720748       863
weighted avg   0.721627  0.719583  0.718694       863

[[180  47  13  33]
 [ 25 164   2   4]
 [ 28  11 156  22]
 [ 25   8  24 121]]
The best result ----------
WA: 72.1900%, UA: 72.2502%, macro f1: 72.0357%, weighted f1: 72.0225%
--------------------------
epoch: 33, lr: 0.0001748, loss: 0.4906
547.3319066999999
              precision    recall  f1-score   support

     neutral   0.750000  0.604396  0.669371       273
       happy   0.704918  0.882051  0.783599       195
         sad   0.783920  0.718894  0.750000       217
       angry   0.620000  0.696629  0.656085       178

    accuracy                       0.714948       863
   macro avg   0.714709  0.725493  0.714764       863
weighted avg   0.721529  0.714948  0.712715       863

[[165  49  14  45]
 [ 16 172   2   5]
 [ 23  12 156  26]
 [ 16  11  27 124]]
The best result ----------
WA: 72.1900%, UA: 72.2502%, macro f1: 72.0357%, weighted f1: 72.0225%
--------------------------
epoch: 34, lr: 0.0001661, loss: 0.4865
563.5928490999999
              precision    recall  f1-score   support

     neutral   0.686869  0.747253  0.715789       273
       happy   0.740741  0.820513  0.778589       195
         sad   0.816216  0.695853  0.751244       217
       angry   0.678788  0.629213  0.653061       178

    accuracy                       0.726535       863
   macro avg   0.730653  0.723208  0.724671       863
weighted avg   0.729899  0.726535  0.725956       863

[[204  34  10  25]
 [ 27 160   2   6]
 [ 34  10 151  22]
 [ 32  12  22 112]]
The best result ----------
WA: 72.6535%, UA: 72.3208%, macro f1: 72.4671%, weighted f1: 72.5956%
--------------------------
epoch: 35, lr: 0.0001578, loss: 0.484
3808.9195961
              precision    recall  f1-score   support

     neutral   0.722433  0.695971  0.708955       273
       happy   0.751131  0.851282  0.798077       195
         sad   0.772947  0.737327  0.754717       217
       angry   0.656977  0.634831  0.645714       178

    accuracy                       0.728853       863
   macro avg   0.725872  0.729853  0.726866       863
weighted avg   0.728118  0.728853  0.727556       863

[[190  38  13  32]
 [ 23 166   2   4]
 [ 26   8 160  23]
 [ 24   9  32 113]]
The best result ----------
WA: 72.8853%, UA: 72.9853%, macro f1: 72.6866%, weighted f1: 72.7556%
--------------------------
epoch: 36, lr: 0.0001499, loss: 0.4895
6871.1206762
              precision    recall  f1-score   support

     neutral   0.691489  0.714286  0.702703       273
       happy   0.727679  0.835897  0.778043       195
         sad   0.832370  0.663594  0.738462       217
       angry   0.652174  0.674157  0.662983       178

    accuracy                       0.720742       863
   macro avg   0.725928  0.721984  0.720548       863
weighted avg   0.726982  0.720742  0.720525       863

[[195  39   6  33]
 [ 25 163   2   5]
 [ 37  10 144  26]
 [ 25  12  21 120]]
The best result ----------
WA: 72.8853%, UA: 72.9853%, macro f1: 72.6866%, weighted f1: 72.7556%
--------------------------
epoch: 37, lr: 0.0001424, loss: 0.4865
6887.5276246
              precision    recall  f1-score   support

     neutral   0.674740  0.714286  0.693950       273
       happy   0.711207  0.846154  0.772834       195
         sad   0.804348  0.682028  0.738155       217
       angry   0.677215  0.601124  0.636905       178

    accuracy                       0.712630       863
   macro avg   0.716878  0.710898  0.710461       863
weighted avg   0.716080  0.712630  0.711123       863

[[195  44   8  26]
 [ 25 165   2   3]
 [ 36  11 148  22]
 [ 33  12  26 107]]
The best result ----------
WA: 72.8853%, UA: 72.9853%, macro f1: 72.6866%, weighted f1: 72.7556%
--------------------------
epoch: 38, lr: 0.0001353, loss: 0.4812
6903.916576600001
              precision    recall  f1-score   support

     neutral   0.681979  0.706960  0.694245       273
       happy   0.737557  0.835897  0.783654       195
         sad   0.768844  0.705069  0.735577       217
       angry   0.656250  0.589888  0.621302       178

    accuracy                       0.711472       863
   macro avg   0.711157  0.709453  0.708694       863
weighted avg   0.711072  0.711472  0.709795       863

[[193  41  13  26]
 [ 26 163   2   4]
 [ 30   9 153  25]
 [ 34   8  31 105]]
The best result ----------
WA: 72.8853%, UA: 72.9853%, macro f1: 72.6866%, weighted f1: 72.7556%
--------------------------
epoch: 39, lr: 0.0001285, loss: 0.5052
6920.284199600001
              precision    recall  f1-score   support

     neutral   0.708812  0.677656  0.692884       273
       happy   0.743119  0.830769  0.784504       195
         sad   0.802083  0.709677  0.753056       217
       angry   0.625000  0.674157  0.648649       178

    accuracy                       0.719583       863
   macro avg   0.719754  0.723065  0.719773       863
weighted avg   0.722730  0.719583  0.719592       863

[[185  40   9  39]
 [ 26 162   2   5]
 [ 27   8 154  28]
 [ 23   8  27 120]]
The best result ----------
WA: 72.8853%, UA: 72.9853%, macro f1: 72.6866%, weighted f1: 72.7556%
--------------------------
epoch: 40, lr: 0.0001221, loss: 0.4785
6936.684778900001
              precision    recall  f1-score   support

     neutral   0.727642  0.655678  0.689788       273
       happy   0.732456  0.856410  0.789598       195
         sad   0.796875  0.705069  0.748166       217
       angry   0.593909  0.657303  0.624000       178

    accuracy                       0.713789       863
   macro avg   0.712721  0.718615  0.712888       863
weighted avg   0.718555  0.713789  0.713451       863

[[179  42   9  43]
 [ 19 167   2   7]
 [ 25   9 153  30]
 [ 23  10  28 117]]
The best result ----------
WA: 72.8853%, UA: 72.9853%, macro f1: 72.6866%, weighted f1: 72.7556%
--------------------------
epoch: 41, lr: 0.000116, loss: 0.4748
6953.078824100001
              precision    recall  f1-score   support

     neutral   0.683099  0.710623  0.696589       273
       happy   0.709957  0.841026  0.769953       195
         sad   0.819209  0.668203  0.736041       217
       angry   0.660819  0.634831  0.647564       178

    accuracy                       0.713789       863
   macro avg   0.718271  0.713671  0.712537       863
weighted avg   0.718797  0.713789  0.712974       863

[[194  44   9  26]
 [ 25 164   2   4]
 [ 33  11 145  28]
 [ 32  12  21 113]]
The best result ----------
WA: 72.8853%, UA: 72.9853%, macro f1: 72.6866%, weighted f1: 72.7556%
--------------------------
epoch: 42, lr: 0.0001102, loss: 0.4853
6969.4866201
              precision    recall  f1-score   support

     neutral   0.712687  0.699634  0.706100       273
       happy   0.730942  0.835897  0.779904       195
         sad   0.772947  0.737327  0.754717       217
       angry   0.678788  0.629213  0.653061       178

    accuracy                       0.725377       863
   macro avg   0.723841  0.725518  0.723446       863
weighted avg   0.724972  0.725377  0.724061       863

[[191  42  14  26]
 [ 26 163   2   4]
 [ 26   8 160  23]
 [ 25  10  31 112]]
The best result ----------
WA: 72.8853%, UA: 72.9853%, macro f1: 72.6866%, weighted f1: 72.7556%
--------------------------
epoch: 43, lr: 0.0001047, loss: 0.4785
6985.872106700001
              precision    recall  f1-score   support

     neutral   0.716000  0.655678  0.684512       273
       happy   0.719149  0.866667  0.786047       195
         sad   0.784211  0.686636  0.732187       217
       angry   0.632979  0.668539  0.650273       178

    accuracy                       0.713789       863
   macro avg   0.713085  0.719380  0.713255       863
weighted avg   0.716739  0.713789  0.712380       863

[[179  46  12  36]
 [ 21 169   2   3]
 [ 28  10 149  30]
 [ 22  10  27 119]]
The best result ----------
WA: 72.8853%, UA: 72.9853%, macro f1: 72.6866%, weighted f1: 72.7556%
--------------------------
epoch: 44, lr: 9.944e-05, loss: 0.4677
7002.259615000001
              precision    recall  f1-score   support

     neutral   0.733068  0.673993  0.702290       273
       happy   0.711207  0.846154  0.772834       195
         sad   0.784689  0.755760  0.769953       217
       angry   0.672515  0.646067  0.659026       178

    accuracy                       0.727694       863
   macro avg   0.725370  0.730494  0.726026       863
weighted avg   0.728619  0.727694  0.726320       863

[[184  46  13  30]
 [ 23 165   2   5]
 [ 23   9 164  21]
 [ 21  12  30 115]]
The best result ----------
WA: 72.8853%, UA: 72.9853%, macro f1: 72.6866%, weighted f1: 72.7556%
--------------------------
epoch: 45, lr: 9.447e-05, loss: 0.4597
7018.637197100001
              precision    recall  f1-score   support

     neutral   0.708333  0.684982  0.696462       273
       happy   0.734234  0.835897  0.781775       195
         sad   0.795918  0.718894  0.755448       217
       angry   0.657459  0.668539  0.662953       178

    accuracy                       0.724218       863
   macro avg   0.723986  0.727078  0.724159       863
weighted avg   0.725716  0.724218  0.723659       863

[[187  41  12  33]
 [ 26 163   2   4]
 [ 27   9 156  25]
 [ 24   9  26 119]]
The best result ----------
WA: 72.8853%, UA: 72.9853%, macro f1: 72.6866%, weighted f1: 72.7556%
--------------------------
epoch: 46, lr: 8.974e-05, loss: 0.4655
7035.069997900001
              precision    recall  f1-score   support

     neutral   0.709677  0.725275  0.717391       273
       happy   0.771845  0.815385  0.793017       195
         sad   0.796791  0.686636  0.737624       217
       angry   0.643979  0.691011  0.666667       178

    accuracy                       0.728853       863
   macro avg   0.730573  0.729577  0.728675       863
weighted avg   0.732078  0.728853  0.729105       863

[[198  31  11  33]
 [ 27 159   2   7]
 [ 31   9 149  28]
 [ 23   7  25 123]]
The best result ----------
WA: 72.8853%, UA: 72.9853%, macro f1: 72.6866%, weighted f1: 72.7556%
--------------------------
epoch: 47, lr: 8.526e-05, loss: 0.4783
7051.481804100001
              precision    recall  f1-score   support

     neutral   0.734375  0.688645  0.710775       273
       happy   0.708333  0.871795  0.781609       195
         sad   0.792746  0.705069  0.746341       217
       angry   0.683908  0.668539  0.676136       178

    accuracy                       0.730012       863
   macro avg   0.729841  0.733512  0.728716       863
weighted avg   0.732759  0.730012  0.728579       863

[[188  47  12  26]
 [ 19 170   2   4]
 [ 26  13 153  25]
 [ 23  10  26 119]]
The best result ----------
WA: 73.0012%, UA: 73.3512%, macro f1: 72.8716%, weighted f1: 72.8579%
--------------------------
epoch: 48, lr: 8.099e-05, loss: 0.4786
7067.8843622
              precision    recall  f1-score   support

     neutral   0.722008  0.684982  0.703008       273
       happy   0.710084  0.866667  0.780600       195
         sad   0.786458  0.695853  0.738386       217
       angry   0.683908  0.668539  0.676136       178

    accuracy                       0.725377       863
   macro avg   0.725615  0.729010  0.724533       863
weighted avg   0.727661  0.725377  0.723894       863

[[187  45  13  28]
 [ 21 169   2   3]
 [ 26  16 151  24]
 [ 25   8  26 119]]
The best result ----------
WA: 73.0012%, UA: 73.3512%, macro f1: 72.8716%, weighted f1: 72.8579%
--------------------------
epoch: 49, lr: 7.694e-05, loss: 0.4788
7084.3431691000005
              precision    recall  f1-score   support

     neutral   0.718876  0.655678  0.685824       273
       happy   0.667939  0.897436  0.765864       195
         sad   0.780749  0.672811  0.722772       217
       angry   0.684848  0.634831  0.658892       178

    accuracy                       0.710313       863
   macro avg   0.713103  0.715189  0.708338       863
weighted avg   0.715906  0.710313  0.707645       863

[[179  56  13  25]
 [ 15 175   2   3]
 [ 27  20 146  24]
 [ 28  11  26 113]]
The best result ----------
WA: 73.0012%, UA: 73.3512%, macro f1: 72.8716%, weighted f1: 72.8579%
--------------------------
