epoch: 0, lr: 0.00095, loss: 1.169
35.479370700000004
              precision    recall  f1-score   support

     neutral   0.585678  0.765886  0.663768       299
       happy   0.721429  0.594118  0.651613       170
         sad   0.606742  0.767773  0.677824       211
       angry   0.692308  0.245902  0.362903       183

    accuracy                       0.622248       863
   macro avg   0.651539  0.593420  0.589027       863
weighted avg   0.640180  0.622248  0.601012       863

[[229  31  32   7]
 [ 57 101   7   5]
 [ 38   3 162   8]
 [ 67   5  66  45]]
The best result ----------
WA: 62.2248%, UA: 59.3420%, macro f1: 58.9027%, weighted f1: 60.1012%
--------------------------
epoch: 1, lr: 0.0009025, loss: 1.038
66.9815821
              precision    recall  f1-score   support

     neutral   0.713080  0.565217  0.630597       299
       happy   0.548736  0.894118  0.680089       170
         sad   0.683036  0.725118  0.703448       211
       angry   0.736000  0.502732  0.597403       183

    accuracy                       0.655852       863
   macro avg   0.670213  0.671796  0.652884       863
weighted avg   0.678221  0.655852  0.651119       863

[[169  95  22  13]
 [  8 152   4   6]
 [ 28  16 153  14]
 [ 32  14  45  92]]
The best result ----------
WA: 65.5852%, UA: 67.1796%, macro f1: 65.2884%, weighted f1: 65.1119%
--------------------------
epoch: 2, lr: 0.0008574, loss: 0.9613
98.3738906
              precision    recall  f1-score   support

     neutral   0.755102  0.494983  0.597980       299
       happy   0.703030  0.682353  0.692537       170
         sad   0.599338  0.857820  0.705653       211
       angry   0.620000  0.677596  0.647520       183

    accuracy                       0.659328       863
   macro avg   0.669368  0.678188  0.660922       863
weighted avg   0.678112  0.659328  0.653437       863

[[148  38  65  48]
 [ 23 116  16  15]
 [ 11   6 181  13]
 [ 14   5  40 124]]
The best result ----------
WA: 65.9328%, UA: 67.8188%, macro f1: 66.0922%, weighted f1: 65.3437%
--------------------------
epoch: 3, lr: 0.0008145, loss: 0.891
129.81548199999997
              precision    recall  f1-score   support

     neutral   0.737226  0.675585  0.705061       299
       happy   0.728324  0.741176  0.734694       170
         sad   0.655431  0.829384  0.732218       211
       angry   0.697987  0.568306  0.626506       183

    accuracy                       0.703360       863
   macro avg   0.704742  0.703613  0.699620       863
weighted avg   0.707153  0.703360  0.700880       863

[[202  35  37  25]
 [ 25 126   9  10]
 [ 20   6 175  10]
 [ 27   6  46 104]]
The best result ----------
WA: 70.3360%, UA: 70.3613%, macro f1: 69.9620%, weighted f1: 70.0880%
--------------------------
epoch: 4, lr: 0.0007738, loss: 0.8199
160.7937987
              precision    recall  f1-score   support

     neutral   0.811429  0.474916  0.599156       299
       happy   0.596708  0.852941  0.702179       170
         sad   0.699153  0.781991  0.738255       211
       angry   0.626794  0.715847  0.668367       183

    accuracy                       0.675550       863
   macro avg   0.683521  0.706424  0.676989       863
weighted avg   0.702528  0.675550  0.668136       863

[[142  75  33  49]
 [  8 145   7  10]
 [ 13  14 165  19]
 [ 12   9  31 131]]
The best result ----------
WA: 70.3360%, UA: 70.3613%, macro f1: 69.9620%, weighted f1: 70.0880%
--------------------------
epoch: 5, lr: 0.0007351, loss: 0.7394
191.7218225
              precision    recall  f1-score   support

     neutral   0.727273  0.668896  0.696864       299
       happy   0.648780  0.782353  0.709333       170
         sad   0.775510  0.720379  0.746929       211
       angry   0.705882  0.721311  0.713514       183

    accuracy                       0.714948       863
   macro avg   0.714361  0.723235  0.716660       863
weighted avg   0.719069  0.714948  0.715092       863

[[200  56  19  24]
 [ 22 133   3  12]
 [ 30  10 152  19]
 [ 23   6  22 132]]
The best result ----------
WA: 71.4948%, UA: 72.3235%, macro f1: 71.6660%, weighted f1: 71.5092%
--------------------------
epoch: 6, lr: 0.0006983, loss: 0.6852
222.80528850000002
              precision    recall  f1-score   support

     neutral   0.775956  0.474916  0.589212       299
       happy   0.605809  0.858824  0.710462       170
         sad   0.580645  0.853081  0.690979       211
       angry   0.751938  0.530055  0.621795       183

    accuracy                       0.654693       863
   macro avg   0.678587  0.679219  0.653112       863
weighted avg   0.689594  0.654693  0.644887       863

[[142  74  64  19]
 [ 11 146  10   3]
 [ 11  10 180  10]
 [ 19  11  56  97]]
The best result ----------
WA: 71.4948%, UA: 72.3235%, macro f1: 71.6660%, weighted f1: 71.5092%
--------------------------
epoch: 7, lr: 0.0006634, loss: 0.6402
238.92843780000004
              precision    recall  f1-score   support

     neutral   0.748092  0.655518  0.698752       299
       happy   0.686869  0.800000  0.739130       170
         sad   0.676000  0.800948  0.733189       211
       angry   0.732026  0.612022  0.666667       183

    accuracy                       0.710313       863
   macro avg   0.710747  0.717122  0.709435       863
weighted avg   0.714999  0.710313  0.708322       863

[[196  44  37  22]
 [ 20 136   7   7]
 [ 20  10 169  12]
 [ 26   8  37 112]]
The best result ----------
WA: 71.4948%, UA: 72.3235%, macro f1: 71.6660%, weighted f1: 71.5092%
--------------------------
epoch: 8, lr: 0.0006302, loss: 0.6034
264.04863630000006
              precision    recall  f1-score   support

     neutral   0.736842  0.608696  0.666667       299
       happy   0.636771  0.835294  0.722646       170
         sad   0.728111  0.748815  0.738318       211
       angry   0.681818  0.655738  0.668524       183

    accuracy                       0.697567       863
   macro avg   0.695886  0.712136  0.699039       863
weighted avg   0.703327  0.697567  0.695606       863

[[182  59  29  29]
 [ 13 142   7   8]
 [ 22  12 158  19]
 [ 30  10  23 120]]
The best result ----------
WA: 71.4948%, UA: 72.3235%, macro f1: 71.6660%, weighted f1: 71.5092%
--------------------------
epoch: 9, lr: 0.0005987, loss: 0.5875
294.6786915
              precision    recall  f1-score   support

     neutral   0.781991  0.551839  0.647059       299
       happy   0.652778  0.829412  0.730570       170
         sad   0.682609  0.744076  0.712018       211
       angry   0.621359  0.699454  0.658098       183

    accuracy                       0.684820       863
   macro avg   0.684684  0.706195  0.686936       863
weighted avg   0.698177  0.684820  0.681733       863

[[165  58  35  41]
 [ 12 141   7  10]
 [ 15  12 157  27]
 [ 19   5  31 128]]
The best result ----------
WA: 71.4948%, UA: 72.3235%, macro f1: 71.6660%, weighted f1: 71.5092%
--------------------------
epoch: 10, lr: 0.0005688, loss: 0.5803
315.85075100000006
              precision    recall  f1-score   support

     neutral   0.698529  0.635452  0.665499       299
       happy   0.708995  0.788235  0.746518       170
         sad   0.696581  0.772512  0.732584       211
       angry   0.684524  0.628415  0.655271       183

    accuracy                       0.697567       863
   macro avg   0.697157  0.706153  0.699968       863
weighted avg   0.697145  0.697567  0.695692       863

[[190  44  36  29]
 [ 23 134   6   7]
 [ 23   8 163  17]
 [ 36   3  29 115]]
The best result ----------
WA: 71.4948%, UA: 72.3235%, macro f1: 71.6660%, weighted f1: 71.5092%
--------------------------
epoch: 11, lr: 0.0005404, loss: 0.5499
335.74750560000007
              precision    recall  f1-score   support

     neutral   0.781818  0.575251  0.662813       299
       happy   0.686869  0.800000  0.739130       170
         sad   0.635294  0.767773  0.695279       211
       angry   0.621053  0.644809  0.632708       183

    accuracy                       0.681344       863
   macro avg   0.681258  0.696958  0.682483       863
weighted avg   0.693199  0.681344  0.679401       863

[[172  44  45  38]
 [ 14 136   9  11]
 [ 13  13 162  23]
 [ 21   5  39 118]]
The best result ----------
WA: 71.4948%, UA: 72.3235%, macro f1: 71.6660%, weighted f1: 71.5092%
--------------------------
epoch: 12, lr: 0.0005133, loss: 0.5546
366.70012920000005
              precision    recall  f1-score   support

     neutral   0.747934  0.605351  0.669131       299
       happy   0.606061  0.823529  0.698254       170
         sad   0.758454  0.744076  0.751196       211
       angry   0.683060  0.683060  0.683060       183

    accuracy                       0.698725       863
   macro avg   0.698877  0.714004  0.700410       863
weighted avg   0.708802  0.698725  0.697886       863

[[181  68  22  28]
 [ 15 140   4  11]
 [ 19  16 157  19]
 [ 27   7  24 125]]
The best result ----------
WA: 71.4948%, UA: 72.3235%, macro f1: 71.6660%, weighted f1: 71.5092%
--------------------------
epoch: 13, lr: 0.0004877, loss: 0.55
388.55076560000003
              precision    recall  f1-score   support

     neutral   0.762452  0.665552  0.710714       299
       happy   0.638767  0.852941  0.730479       170
         sad   0.764103  0.706161  0.733990       211
       angry   0.700000  0.688525  0.694215       183

    accuracy                       0.717265       863
   macro avg   0.716330  0.728295  0.717349       863
weighted avg   0.725248  0.717265  0.716800       863

[[199  54  23  23]
 [ 13 145   4   8]
 [ 24  15 149  23]
 [ 25  13  19 126]]
The best result ----------
WA: 71.7265%, UA: 72.8295%, macro f1: 71.7349%, weighted f1: 71.6800%
--------------------------
epoch: 14, lr: 0.0004633, loss: 0.5346
419.8834914
              precision    recall  f1-score   support

     neutral   0.797030  0.538462  0.642715       299
       happy   0.575875  0.870588  0.693208       170
         sad   0.686441  0.767773  0.724832       211
       angry   0.672619  0.617486  0.643875       183

    accuracy                       0.676709       863
   macro avg   0.682991  0.698577  0.676157       863
weighted avg   0.700045  0.676709  0.672985       863

[[161  78  32  28]
 [  7 148   6   9]
 [ 14  17 162  18]
 [ 20  14  36 113]]
The best result ----------
WA: 71.7265%, UA: 72.8295%, macro f1: 71.7349%, weighted f1: 71.6800%
--------------------------
epoch: 15, lr: 0.0004401, loss: 0.5397
450.97885610000003
              precision    recall  f1-score   support

     neutral   0.853403  0.545151  0.665306       299
       happy   0.688679  0.858824  0.764398       170
         sad   0.748792  0.734597  0.741627       211
       angry   0.584980  0.808743  0.678899       183

    accuracy                       0.709154       863
   macro avg   0.718964  0.736829  0.712557       863
weighted avg   0.738458  0.709154  0.706368       863

[[163  49  27  60]
 [  5 146   8  11]
 [ 12  10 155  34]
 [ 11   7  17 148]]
The best result ----------
WA: 70.9154%, UA: 73.6829%, macro f1: 71.2557%, weighted f1: 70.6368%
--------------------------
epoch: 16, lr: 0.0004181, loss: 0.5209
481.83829010000005
              precision    recall  f1-score   support

     neutral   0.817308  0.568562  0.670611       299
       happy   0.676329  0.823529  0.742706       170
         sad   0.675000  0.767773  0.718404       211
       angry   0.639423  0.726776  0.680307       183

    accuracy                       0.701043       863
   macro avg   0.702015  0.721660  0.703007       863
weighted avg   0.717022  0.701043  0.698554       863

[[170  46  41  42]
 [ 11 140  10   9]
 [ 13  12 162  24]
 [ 14   9  27 133]]
The best result ----------
WA: 70.9154%, UA: 73.6829%, macro f1: 71.2557%, weighted f1: 70.6368%
--------------------------
epoch: 17, lr: 0.0003972, loss: 0.5354
512.8437434
              precision    recall  f1-score   support

     neutral   0.799180  0.652174  0.718232       299
       happy   0.637931  0.870588  0.736318       170
         sad   0.770000  0.729858  0.749392       211
       angry   0.721925  0.737705  0.729730       183

    accuracy                       0.732329       863
   macro avg   0.732259  0.747581  0.733418       863
weighted avg   0.743900  0.732329  0.731851       863

[[195  60  20  24]
 [ 10 148   4   8]
 [ 21  16 154  20]
 [ 18   8  22 135]]
The best result ----------
WA: 73.2329%, UA: 74.7581%, macro f1: 73.3418%, weighted f1: 73.1851%
--------------------------
epoch: 18, lr: 0.0003774, loss: 0.5135
544.5779351
              precision    recall  f1-score   support

     neutral   0.756863  0.645485  0.696751       299
       happy   0.665158  0.864706  0.751918       170
         sad   0.663866  0.748815  0.703786       211
       angry   0.724832  0.590164  0.650602       183

    accuracy                       0.702202       863
   macro avg   0.702680  0.712292  0.700764       863
weighted avg   0.709269  0.702202  0.699552       863

[[193  52  34  20]
 [  8 147   8   7]
 [ 24  15 158  14]
 [ 30   7  38 108]]
The best result ----------
WA: 73.2329%, UA: 74.7581%, macro f1: 73.3418%, weighted f1: 73.1851%
--------------------------
epoch: 19, lr: 0.0003585, loss: 0.5247
576.0452809
              precision    recall  f1-score   support

     neutral   0.799107  0.598662  0.684512       299
       happy   0.615385  0.894118  0.729017       170
         sad   0.691983  0.777251  0.732143       211
       angry   0.735484  0.622951  0.674556       183

    accuracy                       0.705678       863
   macro avg   0.710490  0.723245  0.705057       863
weighted avg   0.723233  0.705678  0.702813       863

[[179  68  31  21]
 [  8 152   5   5]
 [ 16  16 164  15]
 [ 21  11  37 114]]
The best result ----------
WA: 73.2329%, UA: 74.7581%, macro f1: 73.3418%, weighted f1: 73.1851%
--------------------------
epoch: 20, lr: 0.0003406, loss: 0.5284
607.8464095999999
              precision    recall  f1-score   support

     neutral   0.827103  0.591973  0.690058       299
       happy   0.682028  0.870588  0.764858       170
         sad   0.720721  0.758294  0.739030       211
       angry   0.671429  0.770492  0.717557       183

    accuracy                       0.725377       863
   macro avg   0.725320  0.747837  0.727876       863
weighted avg   0.739504  0.725377  0.722597       863

[[177  51  33  38]
 [  7 148   7   8]
 [ 14  14 160  23]
 [ 16   4  22 141]]
The best result ----------
WA: 73.2329%, UA: 74.7581%, macro f1: 73.3418%, weighted f1: 73.1851%
--------------------------
epoch: 21, lr: 0.0003235, loss: 0.5098
639.0379408999999
              precision    recall  f1-score   support

     neutral   0.749035  0.648829  0.695341       299
       happy   0.645740  0.847059  0.732824       170
         sad   0.746341  0.725118  0.735577       211
       angry   0.755682  0.726776  0.740947       183

    accuracy                       0.723059       863
   macro avg   0.724199  0.736946  0.726172       863
weighted avg   0.729438  0.723059  0.722233       863

[[194  57  28  20]
 [ 13 144   7   6]
 [ 24  17 153  17]
 [ 28   5  17 133]]
The best result ----------
WA: 73.2329%, UA: 74.7581%, macro f1: 73.3418%, weighted f1: 73.1851%
--------------------------
epoch: 22, lr: 0.0003074, loss: 0.4912
670.0007693999999
              precision    recall  f1-score   support

     neutral   0.818182  0.541806  0.651911       299
       happy   0.590734  0.900000  0.713287       170
         sad   0.724771  0.748815  0.736597       211
       angry   0.691489  0.710383  0.700809       183

    accuracy                       0.698725       863
   macro avg   0.706294  0.725251  0.700651       863
weighted avg   0.723674  0.698725  0.695076       863

[[162  79  27  31]
 [  5 153   5   7]
 [ 15  18 158  20]
 [ 16   9  28 130]]
The best result ----------
WA: 73.2329%, UA: 74.7581%, macro f1: 73.3418%, weighted f1: 73.1851%
--------------------------
epoch: 23, lr: 0.000292, loss: 0.5162
700.9516241999999
              precision    recall  f1-score   support

     neutral   0.741036  0.622074  0.676364       299
       happy   0.612766  0.847059  0.711111       170
         sad   0.729858  0.729858  0.729858       211
       angry   0.710843  0.644809  0.676218       183

    accuracy                       0.697567       863
   macro avg   0.698626  0.710950  0.698388       863
weighted avg   0.706633  0.697567  0.696257       863

[[186  65  25  23]
 [ 13 144   6   7]
 [ 22  17 154  18]
 [ 30   9  26 118]]
The best result ----------
WA: 73.2329%, UA: 74.7581%, macro f1: 73.3418%, weighted f1: 73.1851%
--------------------------
epoch: 24, lr: 0.0002774, loss: 0.515
732.0889625999998
              precision    recall  f1-score   support

     neutral   0.766917  0.682274  0.722124       299
       happy   0.671233  0.864706  0.755784       170
         sad   0.680672  0.767773  0.721604       211
       angry   0.750000  0.573770  0.650155       183

    accuracy                       0.716107       863
   macro avg   0.717206  0.722131  0.712417       863
weighted avg   0.723395  0.716107  0.713366       863

[[204  50  27  18]
 [ 13 147   7   3]
 [ 24  11 162  14]
 [ 25  11  42 105]]
The best result ----------
WA: 73.2329%, UA: 74.7581%, macro f1: 73.3418%, weighted f1: 73.1851%
--------------------------
epoch: 25, lr: 0.0002635, loss: 0.5091
763.1756183999998
              precision    recall  f1-score   support

     neutral   0.785088  0.598662  0.679317       299
       happy   0.679245  0.847059  0.753927       170
         sad   0.720930  0.734597  0.727700       211
       angry   0.639423  0.726776  0.680307       183

    accuracy                       0.707995       863
   macro avg   0.706172  0.726774  0.710313       863
weighted avg   0.717664  0.707995  0.706053       863

[[179  52  28  40]
 [ 11 144   5  10]
 [ 20  11 155  25]
 [ 18   5  27 133]]
The best result ----------
WA: 73.2329%, UA: 74.7581%, macro f1: 73.3418%, weighted f1: 73.1851%
--------------------------
epoch: 26, lr: 0.0002503, loss: 0.5016
793.9501558999998
              precision    recall  f1-score   support

     neutral   0.766537  0.658863  0.708633       299
       happy   0.717277  0.805882  0.759003       170
         sad   0.701681  0.791469  0.743875       211
       angry   0.700565  0.677596  0.688889       183

    accuracy                       0.724218       863
   macro avg   0.721515  0.733453  0.725100       863
weighted avg   0.726987  0.724218  0.722985       863

[[197  41  32  29]
 [ 18 137   6   9]
 [ 21   8 167  15]
 [ 21   5  33 124]]
The best result ----------
WA: 73.2329%, UA: 74.7581%, macro f1: 73.3418%, weighted f1: 73.1851%
--------------------------
epoch: 27, lr: 0.0002378, loss: 0.4869
824.6815031999998
              precision    recall  f1-score   support

     neutral   0.750916  0.685619  0.716783       299
       happy   0.660633  0.858824  0.746803       170
         sad   0.772021  0.706161  0.737624       211
       angry   0.727273  0.699454  0.713092       183

    accuracy                       0.727694       863
   macro avg   0.727711  0.737514  0.728575       863
weighted avg   0.733278  0.727694  0.727009       863

[[205  54  22  18]
 [ 13 146   4   7]
 [ 26  13 149  23]
 [ 29   8  18 128]]
The best result ----------
WA: 73.2329%, UA: 74.7581%, macro f1: 73.3418%, weighted f1: 73.1851%
--------------------------
epoch: 28, lr: 0.0002259, loss: 0.4845
855.4566666999998
              precision    recall  f1-score   support

     neutral   0.787879  0.608696  0.686792       299
       happy   0.641593  0.852941  0.732323       170
         sad   0.699571  0.772512  0.734234       211
       angry   0.722543  0.683060  0.702247       183

    accuracy                       0.712630       863
   macro avg   0.712896  0.729302  0.713899       863
weighted avg   0.723617  0.712630  0.710638       863

[[182  59  34  24]
 [ 14 145   5   6]
 [ 16  14 163  18]
 [ 19   8  31 125]]
The best result ----------
WA: 73.2329%, UA: 74.7581%, macro f1: 73.3418%, weighted f1: 73.1851%
--------------------------
epoch: 29, lr: 0.0002146, loss: 0.4916
886.7554404999998
              precision    recall  f1-score   support

     neutral   0.783333  0.628763  0.697588       299
       happy   0.646552  0.882353  0.746269       170
         sad   0.718062  0.772512  0.744292       211
       angry   0.695122  0.622951  0.657061       183

    accuracy                       0.712630       863
   macro avg   0.710767  0.726645  0.711302       863
weighted avg   0.721725  0.712630  0.710003       863

[[188  57  27  27]
 [  9 150   4   7]
 [ 18  14 163  16]
 [ 25  11  33 114]]
The best result ----------
WA: 73.2329%, UA: 74.7581%, macro f1: 73.3418%, weighted f1: 73.1851%
--------------------------
epoch: 30, lr: 0.0002039, loss: 0.488
918.3889562999998
              precision    recall  f1-score   support

     neutral   0.754864  0.648829  0.697842       299
       happy   0.621849  0.870588  0.725490       170
         sad   0.719807  0.706161  0.712919       211
       angry   0.732919  0.644809  0.686047       183

    accuracy                       0.705678       863
   macro avg   0.707360  0.717597  0.705574       863
weighted avg   0.715437  0.705678  0.704473       863

[[194  64  23  18]
 [ 13 148   4   5]
 [ 25  17 149  20]
 [ 25   9  31 118]]
The best result ----------
WA: 73.2329%, UA: 74.7581%, macro f1: 73.3418%, weighted f1: 73.1851%
--------------------------
epoch: 31, lr: 0.0001937, loss: 0.4882
950.6924229999998
              precision    recall  f1-score   support

     neutral   0.746324  0.678930  0.711033       299
       happy   0.650224  0.852941  0.737913       170
         sad   0.733333  0.729858  0.731591       211
       angry   0.746835  0.644809  0.692082       183

    accuracy                       0.718424       863
   macro avg   0.719179  0.726634  0.718155       863
weighted avg   0.724326  0.718424  0.717336       863

[[203  52  24  20]
 [ 17 145   4   4]
 [ 23  18 154  16]
 [ 29   8  28 118]]
The best result ----------
WA: 73.2329%, UA: 74.7581%, macro f1: 73.3418%, weighted f1: 73.1851%
--------------------------
epoch: 32, lr: 0.000184, loss: 0.5004
982.3836407
              precision    recall  f1-score   support

     neutral   0.781893  0.635452  0.701107       299
       happy   0.646552  0.882353  0.746269       170
         sad   0.705357  0.748815  0.726437       211
       angry   0.725610  0.650273  0.685879       183

    accuracy                       0.714948       863
   macro avg   0.714853  0.729223  0.714923       863
weighted avg   0.724585  0.714948  0.712967       863

[[190  58  28  23]
 [  9 150   5   6]
 [ 21  16 158  16]
 [ 23   8  33 119]]
The best result ----------
WA: 73.2329%, UA: 74.7581%, macro f1: 73.3418%, weighted f1: 73.1851%
--------------------------
epoch: 33, lr: 0.0001748, loss: 0.4948
1014.0935825
              precision    recall  f1-score   support

     neutral   0.780992  0.632107  0.698706       299
       happy   0.666667  0.882353  0.759494       170
         sad   0.734300  0.720379  0.727273       211
       angry   0.703704  0.726776  0.715054       183

    accuracy                       0.723059       863
   macro avg   0.721415  0.740404  0.725132       863
weighted avg   0.730666  0.723059  0.721131       863

[[189  53  29  28]
 [ 10 150   5   5]
 [ 21  15 152  23]
 [ 22   7  21 133]]
The best result ----------
WA: 73.2329%, UA: 74.7581%, macro f1: 73.3418%, weighted f1: 73.1851%
--------------------------
epoch: 34, lr: 0.0001661, loss: 0.4872
1045.2764946000002
              precision    recall  f1-score   support

     neutral   0.762097  0.632107  0.691042       299
       happy   0.618852  0.888235  0.729469       170
         sad   0.714286  0.734597  0.724299       211
       angry   0.746753  0.628415  0.682493       183

    accuracy                       0.706837       863
   macro avg   0.710497  0.720839  0.706826       863
weighted avg   0.718936  0.706837  0.704930       863

[[189  62  28  20]
 [  9 151   4   6]
 [ 24  19 155  13]
 [ 26  12  30 115]]
The best result ----------
WA: 73.2329%, UA: 74.7581%, macro f1: 73.3418%, weighted f1: 73.1851%
--------------------------
epoch: 35, lr: 0.0001578, loss: 0.4883
1076.1972427000003
              precision    recall  f1-score   support

     neutral   0.788546  0.598662  0.680608       299
       happy   0.653333  0.864706  0.744304       170
         sad   0.695279  0.767773  0.729730       211
       angry   0.662921  0.644809  0.653740       183

    accuracy                       0.702202       863
   macro avg   0.700020  0.718987  0.702095       863
weighted avg   0.712469  0.702202  0.699468       863

[[179  55  31  34]
 [ 10 147   6   7]
 [ 15  15 162  19]
 [ 23   8  34 118]]
The best result ----------
WA: 73.2329%, UA: 74.7581%, macro f1: 73.3418%, weighted f1: 73.1851%
--------------------------
epoch: 36, lr: 0.0001499, loss: 0.4751
1107.8941283000001
              precision    recall  f1-score   support

     neutral   0.784232  0.632107  0.700000       299
       happy   0.607143  0.900000  0.725118       170
         sad   0.772021  0.706161  0.737624       211
       angry   0.734463  0.710383  0.722222       183

    accuracy                       0.719583       863
   macro avg   0.724465  0.737163  0.721241       863
weighted avg   0.735809  0.719583  0.718859       863

[[189  66  20  24]
 [  9 153   4   4]
 [ 22  21 149  19]
 [ 21  12  20 130]]
The best result ----------
WA: 73.2329%, UA: 74.7581%, macro f1: 73.3418%, weighted f1: 73.1851%
--------------------------
epoch: 37, lr: 0.0001424, loss: 0.4907
1139.3309823000002
              precision    recall  f1-score   support

     neutral   0.766393  0.625418  0.688766       299
       happy   0.668161  0.876471  0.758270       170
         sad   0.725118  0.725118  0.725118       211
       angry   0.691892  0.699454  0.695652       183

    accuracy                       0.714948       863
   macro avg   0.712891  0.731615  0.716952       863
weighted avg   0.721153  0.714948  0.712806       863

[[187  51  31  30]
 [ 11 149   4   6]
 [ 22  15 153  21]
 [ 24   8  23 128]]
The best result ----------
WA: 73.2329%, UA: 74.7581%, macro f1: 73.3418%, weighted f1: 73.1851%
--------------------------
epoch: 38, lr: 0.0001353, loss: 0.4817
1171.0337085
              precision    recall  f1-score   support

     neutral   0.767635  0.618729  0.685185       299
       happy   0.652174  0.882353  0.750000       170
         sad   0.703540  0.753555  0.727689       211
       angry   0.710843  0.644809  0.676218       183

    accuracy                       0.709154       863
   macro avg   0.708548  0.724861  0.709773       863
weighted avg   0.717177  0.709154  0.706443       863

[[185  57  31  26]
 [  9 150   5   6]
 [ 21  15 159  16]
 [ 26   8  31 118]]
The best result ----------
WA: 73.2329%, UA: 74.7581%, macro f1: 73.3418%, weighted f1: 73.1851%
--------------------------
epoch: 39, lr: 0.0001285, loss: 0.4832
1202.6229776000002
              precision    recall  f1-score   support

     neutral   0.754098  0.615385  0.677716       299
       happy   0.622951  0.894118  0.734300       170
         sad   0.752475  0.720379  0.736077       211
       angry   0.722543  0.683060  0.702247       183

    accuracy                       0.710313       863
   macro avg   0.713017  0.728235  0.712585       863
weighted avg   0.721176  0.710313  0.708333       863

[[184  65  22  28]
 [  9 152   4   5]
 [ 27  17 152  15]
 [ 24  10  24 125]]
The best result ----------
WA: 73.2329%, UA: 74.7581%, macro f1: 73.3418%, weighted f1: 73.1851%
--------------------------
epoch: 40, lr: 0.0001221, loss: 0.4817
1234.4290234000002
              precision    recall  f1-score   support

     neutral   0.760000  0.635452  0.692168       299
       happy   0.608696  0.905882  0.728132       170
         sad   0.726829  0.706161  0.716346       211
       angry   0.748387  0.633880  0.686391       183

    accuracy                       0.705678       863
   macro avg   0.710978  0.720344  0.705759       863
weighted avg   0.719622  0.705678  0.703939       863

[[190  68  22  19]
 [  8 154   4   4]
 [ 27  19 149  16]
 [ 25  12  30 116]]
The best result ----------
WA: 73.2329%, UA: 74.7581%, macro f1: 73.3418%, weighted f1: 73.1851%
--------------------------
epoch: 41, lr: 0.000116, loss: 0.4877
1266.1464138000003
              precision    recall  f1-score   support

     neutral   0.767932  0.608696  0.679104       299
       happy   0.586873  0.894118  0.708625       170
         sad   0.745098  0.720379  0.732530       211
       angry   0.723926  0.644809  0.682081       183

    accuracy                       0.699884       863
   macro avg   0.705957  0.717000  0.700585       863
weighted avg   0.717352  0.699884  0.698613       863

[[182  73  21  23]
 [  8 152   4   6]
 [ 21  22 152  16]
 [ 26  12  27 118]]
The best result ----------
WA: 73.2329%, UA: 74.7581%, macro f1: 73.3418%, weighted f1: 73.1851%
--------------------------
epoch: 42, lr: 0.0001102, loss: 0.482
1297.4719075000003
              precision    recall  f1-score   support

     neutral   0.776371  0.615385  0.686567       299
       happy   0.616935  0.900000  0.732057       170
         sad   0.739130  0.725118  0.732057       211
       angry   0.748538  0.699454  0.723164       183

    accuracy                       0.716107       863
   macro avg   0.720244  0.734989  0.718461       863
weighted avg   0.729957  0.716107  0.714411       863

[[184  65  26  24]
 [  9 153   4   4]
 [ 22  21 153  15]
 [ 22   9  24 128]]
The best result ----------
WA: 73.2329%, UA: 74.7581%, macro f1: 73.3418%, weighted f1: 73.1851%
--------------------------
epoch: 43, lr: 0.0001047, loss: 0.4732
1313.9629917000004
              precision    recall  f1-score   support

     neutral   0.785408  0.612040  0.687970       299
       happy   0.633333  0.894118  0.741463       170
         sad   0.728972  0.739336  0.734118       211
       angry   0.715909  0.688525  0.701950       183

    accuracy                       0.714948       863
   macro avg   0.715906  0.733505  0.716375       863
weighted avg   0.726915  0.714948  0.712755       863

[[183  64  27  25]
 [  7 152   4   7]
 [ 21  16 156  18]
 [ 22   8  27 126]]
The best result ----------
WA: 73.2329%, UA: 74.7581%, macro f1: 73.3418%, weighted f1: 73.1851%
--------------------------
epoch: 44, lr: 9.944e-05, loss: 0.4544
1344.2832699000005
              precision    recall  f1-score   support

     neutral   0.784553  0.645485  0.708257       299
       happy   0.659091  0.852941  0.743590       170
         sad   0.711009  0.734597  0.722611       211
       angry   0.698324  0.683060  0.690608       183

    accuracy                       0.716107       863
   macro avg   0.713244  0.729021  0.716266       863
weighted avg   0.723572  0.716107  0.714984       863

[[193  51  29  26]
 [ 13 145   5   7]
 [ 19  16 155  21]
 [ 21   8  29 125]]
The best result ----------
WA: 73.2329%, UA: 74.7581%, macro f1: 73.3418%, weighted f1: 73.1851%
--------------------------
epoch: 45, lr: 9.447e-05, loss: 0.479
1375.2787634000006
              precision    recall  f1-score   support

     neutral   0.757576  0.668896  0.710480       299
       happy   0.647321  0.852941  0.736041       170
         sad   0.692641  0.758294  0.723982       211
       angry   0.763889  0.601093  0.672783       183

    accuracy                       0.712630       863
   macro avg   0.715357  0.720306  0.710821       863
weighted avg   0.721319  0.712630  0.710822       863

[[200  52  28  19]
 [ 14 145   6   5]
 [ 22  19 160  10]
 [ 28   8  37 110]]
The best result ----------
WA: 73.2329%, UA: 74.7581%, macro f1: 73.3418%, weighted f1: 73.1851%
--------------------------
epoch: 46, lr: 8.974e-05, loss: 0.4977
1406.9137778000006
              precision    recall  f1-score   support

     neutral   0.767347  0.628763  0.691176       299
       happy   0.625000  0.882353  0.731707       170
         sad   0.734597  0.734597  0.734597       211
       angry   0.730539  0.666667  0.697143       183

    accuracy                       0.712630       863
   macro avg   0.714371  0.728095  0.713656       863
weighted avg   0.723494  0.712630  0.711042       863

[[188  61  24  26]
 [ 10 150   5   5]
 [ 20  22 155  14]
 [ 27   7  27 122]]
The best result ----------
WA: 73.2329%, UA: 74.7581%, macro f1: 73.3418%, weighted f1: 73.1851%
--------------------------
epoch: 47, lr: 8.526e-05, loss: 0.4946
1438.7811934000008
              precision    recall  f1-score   support

     neutral   0.767068  0.638796  0.697080       299
       happy   0.608871  0.888235  0.722488       170
         sad   0.753695  0.725118  0.739130       211
       angry   0.748466  0.666667  0.705202       183

    accuracy                       0.714948       863
   macro avg   0.719525  0.729704  0.715975       863
weighted avg   0.728691  0.714948  0.714089       863

[[191  65  19  24]
 [ 12 151   4   3]
 [ 23  21 153  14]
 [ 23  11  27 122]]
The best result ----------
WA: 73.2329%, UA: 74.7581%, macro f1: 73.3418%, weighted f1: 73.1851%
--------------------------
epoch: 48, lr: 8.099e-05, loss: 0.4885
1470.877217300001
              precision    recall  f1-score   support

     neutral   0.773663  0.628763  0.693727       299
       happy   0.613821  0.888235  0.725962       170
         sad   0.765000  0.725118  0.744526       211
       angry   0.712644  0.677596  0.694678       183

    accuracy                       0.713789       863
   macro avg   0.716282  0.729928  0.714723       863
weighted avg   0.727119  0.713789  0.712698       863

[[188  66  18  27]
 [ 11 151   4   4]
 [ 21  18 153  19]
 [ 23  11  25 124]]
The best result ----------
WA: 73.2329%, UA: 74.7581%, macro f1: 73.3418%, weighted f1: 73.1851%
--------------------------
epoch: 49, lr: 7.694e-05, loss: 0.4708
1502.8401677000008
              precision    recall  f1-score   support

     neutral   0.756972  0.635452  0.690909       299
       happy   0.641350  0.894118  0.746929       170
         sad   0.754902  0.729858  0.742169       211
       angry   0.736842  0.688525  0.711864       183

    accuracy                       0.720742       863
   macro avg   0.722517  0.736988  0.722968       863
weighted avg   0.729421  0.720742  0.718921       863

[[190  60  24  25]
 [ 11 152   4   3]
 [ 23  17 154  17]
 [ 27   8  22 126]]
The best result ----------
WA: 73.2329%, UA: 74.7581%, macro f1: 73.3418%, weighted f1: 73.1851%
--------------------------
