epoch: 0, lr: 0.00095, loss: 1.189
40.3412832
              precision    recall  f1-score   support

     neutral   0.672727  0.261484  0.376590       283
       happy   0.738318  0.369159  0.492212       214
         sad   0.444043  0.723529  0.550336       170
       angry   0.308943  0.581633  0.403540       196

    accuracy                       0.451912       863
   macro avg   0.541008  0.483951  0.455669       863
weighted avg   0.561323  0.451912  0.445607       863

[[ 74  26  47 136]
 [ 18  79  37  80]
 [  6   2 123  39]
 [ 12   0  70 114]]
The best result ----------
WA: 45.1912%, UA: 48.3951%, macro f1: 45.5669%, weighted f1: 44.5607%
--------------------------
epoch: 1, lr: 0.0009025, loss: 1.063
77.4817812
              precision    recall  f1-score   support

     neutral   0.773006  0.445230  0.565022       283
       happy   0.648649  0.785047  0.710359       214
         sad   0.622340  0.688235  0.653631       170
       angry   0.513834  0.663265  0.579065       196

    accuracy                       0.626883       863
   macro avg   0.639457  0.645444  0.627019       863
weighted avg   0.653628  0.626883  0.621706       863

[[126  77  17  63]
 [ 13 168   7  26]
 [  9  10 117  34]
 [ 15   4  47 130]]
The best result ----------
WA: 62.6883%, UA: 64.5444%, macro f1: 62.7019%, weighted f1: 62.1706%
--------------------------
epoch: 2, lr: 0.0008574, loss: 0.9859
114.786694
              precision    recall  f1-score   support

     neutral   0.696850  0.625442  0.659218       283
       happy   0.650519  0.878505  0.747515       214
         sad   0.656085  0.729412  0.690808       170
       angry   0.702290  0.469388  0.562691       196

    accuracy                       0.673233       863
   macro avg   0.676436  0.675686  0.665058       863
weighted avg   0.678567  0.673233  0.665413       863

[[177  76  14  16]
 [ 14 188   6   6]
 [ 19  10 124  17]
 [ 44  15  45  92]]
The best result ----------
WA: 67.3233%, UA: 67.5686%, macro f1: 66.5058%, weighted f1: 66.5413%
--------------------------
epoch: 3, lr: 0.0008145, loss: 0.8946
153.7694351
              precision    recall  f1-score   support

     neutral   0.689531  0.674912  0.682143       283
       happy   0.659341  0.841121  0.739220       214
         sad   0.625641  0.717647  0.668493       170
       angry   0.661017  0.397959  0.496815       196

    accuracy                       0.661645       863
   macro avg   0.658882  0.657910  0.646668       863
weighted avg   0.662983  0.661645  0.651517       863

[[191  65  11  16]
 [ 19 180   6   9]
 [ 20  13 122  15]
 [ 47  15  56  78]]
The best result ----------
WA: 67.3233%, UA: 67.5686%, macro f1: 66.5058%, weighted f1: 66.5413%
--------------------------
epoch: 4, lr: 0.0007738, loss: 0.807
190.9151038
              precision    recall  f1-score   support

     neutral   0.728972  0.551237  0.627767       283
       happy   0.640138  0.864486  0.735586       214
         sad   0.594714  0.794118  0.680101       170
       angry   0.736842  0.500000  0.595745       196

    accuracy                       0.665122       863
   macro avg   0.675167  0.677460  0.659800       863
weighted avg   0.682284  0.665122  0.657539       863

[[156  80  32  15]
 [ 16 185   7   6]
 [ 11  10 135  14]
 [ 31  14  53  98]]
The best result ----------
WA: 67.3233%, UA: 67.5686%, macro f1: 66.5058%, weighted f1: 66.5413%
--------------------------
epoch: 5, lr: 0.0007351, loss: 0.7295
228.2369002
              precision    recall  f1-score   support

     neutral   0.709163  0.628975  0.666667       283
       happy   0.728507  0.752336  0.740230       214
         sad   0.549587  0.782353  0.645631       170
       angry   0.630872  0.479592  0.544928       196

    accuracy                       0.655852       863
   macro avg   0.654532  0.660814  0.649364       863
weighted avg   0.664744  0.655852  0.653116       863

[[178  46  29  30]
 [ 32 161  14   7]
 [ 12   7 133  18]
 [ 29   7  66  94]]
The best result ----------
WA: 67.3233%, UA: 67.5686%, macro f1: 66.5058%, weighted f1: 66.5413%
--------------------------
epoch: 6, lr: 0.0006983, loss: 0.6735
265.4885074
              precision    recall  f1-score   support

     neutral   0.750000  0.519435  0.613779       283
       happy   0.718487  0.799065  0.756637       214
         sad   0.573460  0.711765  0.635171       170
       angry   0.550459  0.612245  0.579710       196

    accuracy                       0.647740       863
   macro avg   0.648101  0.660627  0.646324       863
weighted avg   0.662091  0.647740  0.645680       863

[[147  50  28  58]
 [ 23 171  10  10]
 [  9  10 121  30]
 [ 17   7  52 120]]
The best result ----------
WA: 67.3233%, UA: 67.5686%, macro f1: 66.5058%, weighted f1: 66.5413%
--------------------------
epoch: 7, lr: 0.0006634, loss: 0.6206
302.8956669
              precision    recall  f1-score   support

     neutral   0.734694  0.636042  0.681818       283
       happy   0.742081  0.766355  0.754023       214
         sad   0.640625  0.723529  0.679558       170
       angry   0.595122  0.622449  0.608479       196

    accuracy                       0.682503       863
   macro avg   0.678131  0.687094  0.680969       863
weighted avg   0.686297  0.682503  0.682621       863

[[180  44  21  38]
 [ 22 164   9  19]
 [ 14   7 123  26]
 [ 29   6  39 122]]
The best result ----------
WA: 68.2503%, UA: 68.7094%, macro f1: 68.0969%, weighted f1: 68.2621%
--------------------------
epoch: 8, lr: 0.0006302, loss: 0.6066
340.33244749999994
              precision    recall  f1-score   support

     neutral   0.781915  0.519435  0.624204       283
       happy   0.713693  0.803738  0.756044       214
         sad   0.582960  0.764706  0.661578       170
       angry   0.573460  0.617347  0.594595       196

    accuracy                       0.660487       863
   macro avg   0.663007  0.676306  0.659105       863
weighted avg   0.678463  0.660487  0.657534       863

[[147  58  26  52]
 [ 16 172  10  16]
 [  9   9 130  22]
 [ 16   2  57 121]]
The best result ----------
WA: 68.2503%, UA: 68.7094%, macro f1: 68.0969%, weighted f1: 68.2621%
--------------------------
epoch: 9, lr: 0.0005987, loss: 0.5753
377.6533566999999
              precision    recall  f1-score   support

     neutral   0.748837  0.568905  0.646586       283
       happy   0.717213  0.817757  0.764192       214
         sad   0.565574  0.811765  0.666667       170
       angry   0.668750  0.545918  0.601124       196

    accuracy                       0.673233       863
   macro avg   0.675094  0.686086  0.669642       863
weighted avg   0.686706  0.673233  0.669380       863

[[161  57  32  33]
 [ 21 175  11   7]
 [ 11   8 138  13]
 [ 22   4  63 107]]
The best result ----------
WA: 68.2503%, UA: 68.7094%, macro f1: 68.0969%, weighted f1: 68.2621%
--------------------------
epoch: 10, lr: 0.0005688, loss: 0.5774
414.85982469999993
              precision    recall  f1-score   support

     neutral   0.758197  0.653710  0.702087       283
       happy   0.735683  0.780374  0.757370       214
         sad   0.600917  0.770588  0.675258       170
       angry   0.666667  0.591837  0.627027       196

    accuracy                       0.694090       863
   macro avg   0.690366  0.699127  0.690435       863
weighted avg   0.700844  0.694090  0.693463       863

[[185  46  23  29]
 [ 23 167  13  11]
 [ 12   9 131  18]
 [ 24   5  51 116]]
The best result ----------
WA: 69.4090%, UA: 69.9127%, macro f1: 69.0435%, weighted f1: 69.3463%
--------------------------
epoch: 11, lr: 0.0005404, loss: 0.5443
452.0997293999999
              precision    recall  f1-score   support

     neutral   0.780488  0.565371  0.655738       283
       happy   0.697959  0.799065  0.745098       214
         sad   0.590090  0.770588  0.668367       170
       angry   0.628272  0.612245  0.620155       196

    accuracy                       0.674392       863
   macro avg   0.674202  0.686817  0.672340       863
weighted avg   0.687947  0.674392  0.672303       863

[[160  58  27  38]
 [ 19 171  12  12]
 [  8  10 131  21]
 [ 18   6  52 120]]
The best result ----------
WA: 69.4090%, UA: 69.9127%, macro f1: 69.0435%, weighted f1: 69.3463%
--------------------------
epoch: 12, lr: 0.0005133, loss: 0.5294
489.2942358999998
              precision    recall  f1-score   support

     neutral   0.692308  0.699647  0.695958       283
       happy   0.758621  0.719626  0.738609       214
         sad   0.572650  0.788235  0.663366       170
       angry   0.664286  0.474490  0.553571       196

    accuracy                       0.670915       863
   macro avg   0.671966  0.670499  0.662876       863
weighted avg   0.678816  0.670915  0.667776       863

[[198  38  24  23]
 [ 35 154  16   9]
 [ 14   7 134  15]
 [ 39   4  60  93]]
The best result ----------
WA: 69.4090%, UA: 69.9127%, macro f1: 69.0435%, weighted f1: 69.3463%
--------------------------
epoch: 13, lr: 0.0004877, loss: 0.5288
526.5674944999998
              precision    recall  f1-score   support

     neutral   0.739130  0.540636  0.624490       283
       happy   0.677419  0.883178  0.766734       214
         sad   0.642105  0.717647  0.677778       170
       angry   0.652406  0.622449  0.637076       196

    accuracy                       0.679027       863
   macro avg   0.677765  0.690977  0.676519       863
weighted avg   0.685019  0.679027  0.673118       863

[[153  73  21  36]
 [ 12 189   9   4]
 [ 14   9 122  25]
 [ 28   8  38 122]]
The best result ----------
WA: 69.4090%, UA: 69.9127%, macro f1: 69.0435%, weighted f1: 69.3463%
--------------------------
epoch: 14, lr: 0.0004633, loss: 0.5299
563.7089598999999
              precision    recall  f1-score   support

     neutral   0.747748  0.586572  0.657426       283
       happy   0.727660  0.799065  0.761693       214
         sad   0.536965  0.811765  0.646370       170
       angry   0.624161  0.474490  0.539130       196

    accuracy                       0.658169       863
   macro avg   0.659133  0.667973  0.651155       863
weighted avg   0.673177  0.658169  0.654237       863

[[166  50  35  32]
 [ 16 171  16  11]
 [ 10   9 138  13]
 [ 30   5  68  93]]
The best result ----------
WA: 69.4090%, UA: 69.9127%, macro f1: 69.0435%, weighted f1: 69.3463%
--------------------------
epoch: 15, lr: 0.0004401, loss: 0.5087
601.0354580999998
              precision    recall  f1-score   support

     neutral   0.733333  0.660777  0.695167       283
       happy   0.682836  0.855140  0.759336       214
         sad   0.623762  0.741176  0.677419       170
       angry   0.724638  0.510204  0.598802       196

    accuracy                       0.690614       863
   macro avg   0.691142  0.691825  0.682681       863
weighted avg   0.697252  0.690614  0.685697       863

[[187  59  19  18]
 [ 20 183   7   4]
 [ 15  13 126  16]
 [ 33  13  50 100]]
The best result ----------
WA: 69.4090%, UA: 69.9127%, macro f1: 69.0435%, weighted f1: 69.3463%
--------------------------
epoch: 16, lr: 0.0004181, loss: 0.5237
638.3554328999998
              precision    recall  f1-score   support

     neutral   0.694915  0.724382  0.709343       283
       happy   0.728889  0.766355  0.747153       214
         sad   0.654971  0.658824  0.656891       170
       angry   0.668605  0.586735  0.625000       196

    accuracy                       0.690614       863
   macro avg   0.686845  0.684074  0.684597       863
weighted avg   0.689496  0.690614  0.689231       863

[[205  46  12  20]
 [ 32 164   8  10]
 [ 21  10 112  27]
 [ 37   5  39 115]]
The best result ----------
WA: 69.4090%, UA: 69.9127%, macro f1: 69.0435%, weighted f1: 69.3463%
--------------------------
epoch: 17, lr: 0.0003972, loss: 0.5075
675.8025084999998
              precision    recall  f1-score   support

     neutral   0.754464  0.597173  0.666667       283
       happy   0.737778  0.775701  0.756264       214
         sad   0.600000  0.758824  0.670130       170
       angry   0.603015  0.612245  0.607595       196

    accuracy                       0.676709       863
   macro avg   0.673814  0.685986  0.675164       863
weighted avg   0.685503  0.676709  0.676151       863

[[169  45  24  45]
 [ 24 166  10  14]
 [ 11  10 129  20]
 [ 20   4  52 120]]
The best result ----------
WA: 69.4090%, UA: 69.9127%, macro f1: 69.0435%, weighted f1: 69.3463%
--------------------------
epoch: 18, lr: 0.0003774, loss: 0.5087
713.1332474999998
              precision    recall  f1-score   support

     neutral   0.682594  0.706714  0.694444       283
       happy   0.737864  0.710280  0.723810       214
         sad   0.542735  0.747059  0.628713       170
       angry   0.661538  0.438776  0.527607       196

    accuracy                       0.654693       863
   macro avg   0.656183  0.650707  0.643644       863
weighted avg   0.663967  0.654693  0.650887       863

[[200  40  22  21]
 [ 36 152  19   7]
 [ 17  10 127  16]
 [ 40   4  66  86]]
The best result ----------
WA: 69.4090%, UA: 69.9127%, macro f1: 69.0435%, weighted f1: 69.3463%
--------------------------
epoch: 19, lr: 0.0003585, loss: 0.5064
750.4270569999998
              precision    recall  f1-score   support

     neutral   0.706107  0.653710  0.678899       283
       happy   0.727660  0.799065  0.761693       214
         sad   0.625641  0.717647  0.668493       170
       angry   0.654971  0.571429  0.610354       196

    accuracy                       0.683662       863
   macro avg   0.678595  0.685463  0.679860       863
weighted avg   0.683987  0.683662  0.681812       863

[[185  49  18  31]
 [ 24 171   9  10]
 [ 20  10 122  18]
 [ 33   5  46 112]]
The best result ----------
WA: 69.4090%, UA: 69.9127%, macro f1: 69.0435%, weighted f1: 69.3463%
--------------------------
epoch: 20, lr: 0.0003406, loss: 0.501
787.7416328999997
              precision    recall  f1-score   support

     neutral   0.736000  0.650177  0.690432       283
       happy   0.755981  0.738318  0.747045       214
         sad   0.621212  0.723529  0.668478       170
       angry   0.611650  0.642857  0.626866       196

    accuracy                       0.684820       863
   macro avg   0.681211  0.688720  0.683205       863
weighted avg   0.690101  0.684820  0.685709       863

[[184  39  18  42]
 [ 29 158  14  13]
 [ 14   8 123  25]
 [ 23   4  43 126]]
The best result ----------
WA: 69.4090%, UA: 69.9127%, macro f1: 69.0435%, weighted f1: 69.3463%
--------------------------
epoch: 21, lr: 0.0003235, loss: 0.4912
825.0115917999996
              precision    recall  f1-score   support

     neutral   0.733607  0.632509  0.679317       283
       happy   0.748815  0.738318  0.743529       214
         sad   0.639785  0.700000  0.668539       170
       angry   0.590090  0.668367  0.626794       196

    accuracy                       0.680185       863
   macro avg   0.678074  0.684798  0.679545       863
weighted avg   0.686302  0.680185  0.681188       863

[[179  41  15  48]
 [ 26 158  16  14]
 [ 14   8 119  29]
 [ 25   4  36 131]]
The best result ----------
WA: 69.4090%, UA: 69.9127%, macro f1: 69.0435%, weighted f1: 69.3463%
--------------------------
epoch: 22, lr: 0.0003074, loss: 0.4932
862.2256920999995
              precision    recall  f1-score   support

     neutral   0.719231  0.660777  0.688766       283
       happy   0.735294  0.817757  0.774336       214
         sad   0.588235  0.764706  0.664962       170
       angry   0.715278  0.525510  0.605882       196

    accuracy                       0.689455       863
   macro avg   0.689509  0.692188  0.683487       863
weighted avg   0.696512  0.689455  0.686472       863

[[187  48  26  22]
 [ 24 175  11   4]
 [ 16   9 130  15]
 [ 33   6  54 103]]
The best result ----------
WA: 69.4090%, UA: 69.9127%, macro f1: 69.0435%, weighted f1: 69.3463%
--------------------------
epoch: 23, lr: 0.000292, loss: 0.503
899.5488820999996
              precision    recall  f1-score   support

     neutral   0.754630  0.575972  0.653307       283
       happy   0.700389  0.841121  0.764331       214
         sad   0.650273  0.700000  0.674221       170
       angry   0.618357  0.653061  0.635236       196

    accuracy                       0.683662       863
   macro avg   0.680912  0.692539  0.681774       863
weighted avg   0.689673  0.683662  0.680853       863

[[163  59  17  44]
 [ 17 180  11   6]
 [ 12  10 119  29]
 [ 24   8  36 128]]
The best result ----------
WA: 69.4090%, UA: 69.9127%, macro f1: 69.0435%, weighted f1: 69.3463%
--------------------------
epoch: 24, lr: 0.0002774, loss: 0.4788
936.7786409999995
              precision    recall  f1-score   support

     neutral   0.715356  0.674912  0.694545       283
       happy   0.725000  0.813084  0.766520       214
         sad   0.668539  0.700000  0.683908       170
       angry   0.651685  0.591837  0.620321       196

    accuracy                       0.695249       863
   macro avg   0.690145  0.694958  0.691324       863
weighted avg   0.694065  0.695249  0.693440       863

[[191  50  11  31]
 [ 23 174   9   8]
 [ 18  10 119  23]
 [ 35   6  39 116]]
The best result ----------
WA: 69.4090%, UA: 69.9127%, macro f1: 69.0435%, weighted f1: 69.3463%
--------------------------
epoch: 25, lr: 0.0002635, loss: 0.5026
974.1459363999995
              precision    recall  f1-score   support

     neutral   0.682836  0.646643  0.664247       283
       happy   0.745455  0.766355  0.755760       214
         sad   0.600939  0.752941  0.668407       170
       angry   0.635802  0.525510  0.575419       196

    accuracy                       0.669757       863
   macro avg   0.666258  0.672862  0.665958       863
weighted avg   0.671549  0.669757  0.667585       863

[[183  45  23  32]
 [ 29 164  12   9]
 [ 17   7 128  18]
 [ 39   4  50 103]]
The best result ----------
WA: 69.4090%, UA: 69.9127%, macro f1: 69.0435%, weighted f1: 69.3463%
--------------------------
epoch: 26, lr: 0.0002503, loss: 0.479
1011.4185783999994
              precision    recall  f1-score   support

     neutral   0.726908  0.639576  0.680451       283
       happy   0.744589  0.803738  0.773034       214
         sad   0.636816  0.752941  0.690027       170
       angry   0.631868  0.586735  0.608466       196

    accuracy                       0.690614       863
   macro avg   0.685045  0.695748  0.687994       863
weighted avg   0.691960  0.690614  0.688946       863

[[181  43  19  40]
 [ 22 172  12   8]
 [ 14   9 128  19]
 [ 32   7  42 115]]
The best result ----------
WA: 69.4090%, UA: 69.9127%, macro f1: 69.0435%, weighted f1: 69.3463%
--------------------------
epoch: 27, lr: 0.0002378, loss: 0.4858
1048.6024930999993
              precision    recall  f1-score   support

     neutral   0.694853  0.667845  0.681081       283
       happy   0.760766  0.742991  0.751773       214
         sad   0.638614  0.758824  0.693548       170
       angry   0.633333  0.581633  0.606383       196

    accuracy                       0.684820       863
   macro avg   0.681891  0.687823  0.683196       863
weighted avg   0.686147  0.684820  0.684102       863

[[189  38  17  39]
 [ 35 159  10  10]
 [ 17   7 129  17]
 [ 31   5  46 114]]
The best result ----------
WA: 69.4090%, UA: 69.9127%, macro f1: 69.0435%, weighted f1: 69.3463%
--------------------------
epoch: 28, lr: 0.0002259, loss: 0.4888
1085.9004791999992
              precision    recall  f1-score   support

     neutral   0.717472  0.681979  0.699275       283
       happy   0.720339  0.794393  0.755556       214
         sad   0.641414  0.747059  0.690217       170
       angry   0.675000  0.551020  0.606742       196

    accuracy                       0.692932       863
   macro avg   0.688556  0.693613  0.687947       863
weighted avg   0.693555  0.692932  0.690431       863

[[193  48  14  28]
 [ 25 170  12   7]
 [ 16  10 127  17]
 [ 35   8  45 108]]
The best result ----------
WA: 69.4090%, UA: 69.9127%, macro f1: 69.0435%, weighted f1: 69.3463%
--------------------------
epoch: 29, lr: 0.0002146, loss: 0.5022
1123.4146673999992
              precision    recall  f1-score   support

     neutral   0.732283  0.657244  0.692737       283
       happy   0.726891  0.808411  0.765487       214
         sad   0.640212  0.711765  0.674095       170
       angry   0.659341  0.612245  0.634921       196

    accuracy                       0.695249       863
   macro avg   0.689682  0.697416  0.691810       863
weighted avg   0.696243  0.695249  0.693974       863

[[186  48  15  34]
 [ 24 173  11   6]
 [ 16  11 121  22]
 [ 28   6  42 120]]
The best result ----------
WA: 69.4090%, UA: 69.9127%, macro f1: 69.0435%, weighted f1: 69.3463%
--------------------------
epoch: 30, lr: 0.0002039, loss: 0.4784
1161.2189002999992
              precision    recall  f1-score   support

     neutral   0.721374  0.667845  0.693578       283
       happy   0.748858  0.766355  0.757506       214
         sad   0.670391  0.705882  0.687679       170
       angry   0.630542  0.653061  0.641604       196

    accuracy                       0.696408       863
   macro avg   0.692791  0.698286  0.695092       863
weighted avg   0.697517  0.696408  0.696464       863

[[189  44   9  41]
 [ 31 164  12   7]
 [ 15   8 120  27]
 [ 27   3  38 128]]
The best result ----------
WA: 69.6408%, UA: 69.8286%, macro f1: 69.5092%, weighted f1: 69.6464%
--------------------------
epoch: 31, lr: 0.0001937, loss: 0.4791
1198.861955499999
              precision    recall  f1-score   support

     neutral   0.703704  0.671378  0.687161       283
       happy   0.709016  0.808411  0.755459       214
         sad   0.686047  0.694118  0.690058       170
       angry   0.661017  0.596939  0.627346       196

    accuracy                       0.692932       863
   macro avg   0.689946  0.692711  0.690006       863
weighted avg   0.691848  0.692932  0.691083       863

[[190  53  13  27]
 [ 23 173  10   8]
 [ 16  11 118  25]
 [ 41   7  31 117]]
The best result ----------
WA: 69.6408%, UA: 69.8286%, macro f1: 69.5092%, weighted f1: 69.6464%
--------------------------
epoch: 32, lr: 0.000184, loss: 0.4821
1236.0992758999992
              precision    recall  f1-score   support

     neutral   0.741667  0.628975  0.680688       283
       happy   0.693798  0.836449  0.758475       214
         sad   0.647959  0.747059  0.693989       170
       angry   0.715976  0.617347  0.663014       196

    accuracy                       0.701043       863
   macro avg   0.699850  0.707457  0.699041       863
weighted avg   0.705503  0.701043  0.698583       863

[[178  61  18  26]
 [ 22 179  10   3]
 [ 13  11 127  19]
 [ 27   7  41 121]]
The best result ----------
WA: 70.1043%, UA: 70.7457%, macro f1: 69.9041%, weighted f1: 69.8583%
--------------------------
epoch: 33, lr: 0.0001748, loss: 0.4808
1273.2898388999993
              precision    recall  f1-score   support

     neutral   0.722222  0.689046  0.705244       283
       happy   0.745536  0.780374  0.762557       214
         sad   0.629630  0.700000  0.662953       170
       angry   0.644444  0.591837  0.617021       196

    accuracy                       0.691773       863
   macro avg   0.685458  0.690314  0.686944       863
weighted avg   0.692099  0.691773  0.691089       863

[[195  38  16  34]
 [ 29 167  12   6]
 [ 15  12 119  24]
 [ 31   7  42 116]]
The best result ----------
WA: 70.1043%, UA: 70.7457%, macro f1: 69.9041%, weighted f1: 69.8583%
--------------------------
epoch: 34, lr: 0.0001661, loss: 0.4767
1310.5409808999993
              precision    recall  f1-score   support

     neutral   0.705882  0.678445  0.691892       283
       happy   0.739910  0.771028  0.755149       214
         sad   0.631313  0.735294  0.679348       170
       angry   0.676471  0.586735  0.628415       196

    accuracy                       0.691773       863
   macro avg   0.688394  0.692876  0.688701       863
weighted avg   0.692951  0.691773  0.690690       863

[[192  41  18  32]
 [ 33 165  11   5]
 [ 16  11 125  18]
 [ 31   6  44 115]]
The best result ----------
WA: 70.1043%, UA: 70.7457%, macro f1: 69.9041%, weighted f1: 69.8583%
--------------------------
epoch: 35, lr: 0.0001578, loss: 0.4908
1348.3441565999995
              precision    recall  f1-score   support

     neutral   0.733871  0.643110  0.685499       283
       happy   0.724280  0.822430  0.770241       214
         sad   0.627358  0.782353  0.696335       170
       angry   0.700000  0.571429  0.629213       196

    accuracy                       0.698725       863
   macro avg   0.696377  0.704830  0.695322       863
weighted avg   0.702818  0.698725  0.695864       863

[[182  50  19  32]
 [ 21 176  13   4]
 [ 14  11 133  12]
 [ 31   6  47 112]]
The best result ----------
WA: 70.1043%, UA: 70.7457%, macro f1: 69.9041%, weighted f1: 69.8583%
--------------------------
epoch: 36, lr: 0.0001499, loss: 0.4843
1385.7569997999997
              precision    recall  f1-score   support

     neutral   0.735537  0.628975  0.678095       283
       happy   0.709016  0.808411  0.755459       214
         sad   0.640000  0.752941  0.691892       170
       angry   0.666667  0.602041  0.632708       196

    accuracy                       0.691773       863
   macro avg   0.687805  0.698092  0.689538       863
weighted avg   0.694500  0.691773  0.689689       863

[[178  55  16  34]
 [ 25 173  11   5]
 [ 13   9 128  20]
 [ 26   7  45 118]]
The best result ----------
WA: 70.1043%, UA: 70.7457%, macro f1: 69.9041%, weighted f1: 69.8583%
--------------------------
epoch: 37, lr: 0.0001424, loss: 0.4716
1424.7384584999998
              precision    recall  f1-score   support

     neutral   0.743902  0.646643  0.691871       283
       happy   0.735294  0.817757  0.774336       214
         sad   0.647668  0.735294  0.688705       170
       angry   0.677419  0.642857  0.659686       196

    accuracy                       0.705678       863
   macro avg   0.701071  0.710638  0.703650       863
weighted avg   0.707712  0.705678  0.704387       863

[[183  49  19  32]
 [ 22 175  10   7]
 [ 14  10 125  21]
 [ 27   4  39 126]]
The best result ----------
WA: 70.5678%, UA: 71.0638%, macro f1: 70.3650%, weighted f1: 70.4387%
--------------------------
epoch: 38, lr: 0.0001353, loss: 0.4765
1463.8468062999998
              precision    recall  f1-score   support

     neutral   0.756198  0.646643  0.697143       283
       happy   0.682310  0.883178  0.769857       214
         sad   0.664835  0.711765  0.687500       170
       angry   0.697531  0.576531  0.631285       196

    accuracy                       0.702202       863
   macro avg   0.700219  0.704529  0.696446       863
weighted avg   0.706555  0.702202  0.698317       863

[[183  62  12  26]
 [ 14 189   8   3]
 [ 14  15 121  20]
 [ 31  11  41 113]]
The best result ----------
WA: 70.5678%, UA: 71.0638%, macro f1: 70.3650%, weighted f1: 70.4387%
--------------------------
epoch: 39, lr: 0.0001285, loss: 0.4882
1502.4086707999998
              precision    recall  f1-score   support

     neutral   0.726190  0.646643  0.684112       283
       happy   0.726531  0.831776  0.775599       214
         sad   0.639175  0.729412  0.681319       170
       angry   0.668605  0.586735  0.625000       196

    accuracy                       0.695249       863
   macro avg   0.690125  0.698641  0.691507       863
weighted avg   0.696055  0.695249  0.692823       863

[[183  50  19  31]
 [ 21 178   9   6]
 [ 15  11 124  20]
 [ 33   6  42 115]]
The best result ----------
WA: 70.5678%, UA: 71.0638%, macro f1: 70.3650%, weighted f1: 70.4387%
--------------------------
epoch: 40, lr: 0.0001221, loss: 0.4731
1541.6111022999999
              precision    recall  f1-score   support

     neutral   0.732283  0.657244  0.692737       283
       happy   0.732759  0.794393  0.762332       214
         sad   0.675978  0.711765  0.693410       170
       angry   0.636364  0.642857  0.639594       196

    accuracy                       0.698725       863
   macro avg   0.694346  0.701565  0.697018       863
weighted avg   0.699525  0.698725  0.698058       863

[[186  45  13  39]
 [ 24 170  11   9]
 [ 15  10 121  24]
 [ 29   7  34 126]]
The best result ----------
WA: 70.5678%, UA: 71.0638%, macro f1: 70.3650%, weighted f1: 70.4387%
--------------------------
epoch: 41, lr: 0.000116, loss: 0.4807
1578.9330235
              precision    recall  f1-score   support

     neutral   0.695205  0.717314  0.706087       283
       happy   0.733624  0.785047  0.758465       214
         sad   0.654450  0.735294  0.692521       170
       angry   0.728477  0.561224  0.634006       196

    accuracy                       0.702202       863
   macro avg   0.702939  0.699720  0.697770       863
weighted avg   0.704260  0.702202  0.700032       863

[[203  44  16  20]
 [ 31 168  11   4]
 [ 17  11 125  17]
 [ 41   6  39 110]]
The best result ----------
WA: 70.5678%, UA: 71.0638%, macro f1: 70.3650%, weighted f1: 70.4387%
--------------------------
epoch: 42, lr: 0.0001102, loss: 0.4626
1616.3212879
              precision    recall  f1-score   support

     neutral   0.716535  0.643110  0.677840       283
       happy   0.717300  0.794393  0.753880       214
         sad   0.602804  0.758824  0.671875       170
       angry   0.683544  0.551020  0.610169       196

    accuracy                       0.682503       863
   macro avg   0.680046  0.686837  0.678441       863
weighted avg   0.686828  0.682503  0.680152       863

[[182  52  23  26]
 [ 25 170  14   5]
 [ 13   9 129  19]
 [ 34   6  48 108]]
The best result ----------
WA: 70.5678%, UA: 71.0638%, macro f1: 70.3650%, weighted f1: 70.4387%
--------------------------
epoch: 43, lr: 0.0001047, loss: 0.4689
1653.5833296
              precision    recall  f1-score   support

     neutral   0.729730  0.667845  0.697417       283
       happy   0.711382  0.817757  0.760870       214
         sad   0.625616  0.747059  0.680965       170
       angry   0.690323  0.545918  0.609687       196

    accuracy                       0.692932       863
   macro avg   0.689263  0.694645  0.687235       863
weighted avg   0.695721  0.692932  0.689986       863

[[189  52  17  25]
 [ 24 175  10   5]
 [ 14  11 127  18]
 [ 32   8  49 107]]
The best result ----------
WA: 70.5678%, UA: 71.0638%, macro f1: 70.3650%, weighted f1: 70.4387%
--------------------------
epoch: 44, lr: 9.944e-05, loss: 0.4696
1691.0018733000002
              precision    recall  f1-score   support

     neutral   0.718978  0.696113  0.707361       283
       happy   0.705394  0.794393  0.747253       214
         sad   0.638743  0.717647  0.675900       170
       angry   0.675159  0.540816  0.600567       196

    accuracy                       0.689455       863
   macro avg   0.684569  0.687242  0.682770       863
weighted avg   0.689853  0.689455  0.686801       863

[[197  48  14  24]
 [ 28 170  10   6]
 [ 15  12 122  21]
 [ 34  11  45 106]]
The best result ----------
WA: 70.5678%, UA: 71.0638%, macro f1: 70.3650%, weighted f1: 70.4387%
--------------------------
epoch: 45, lr: 9.447e-05, loss: 0.4758
1728.2605649000002
              precision    recall  f1-score   support

     neutral   0.737069  0.604240  0.664078       283
       happy   0.690566  0.855140  0.764092       214
         sad   0.640212  0.711765  0.674095       170
       angry   0.621469  0.561224  0.589812       196

    accuracy                       0.677868       863
   macro avg   0.672329  0.683092  0.673019       863
weighted avg   0.680203  0.677868  0.673985       863

[[171  60  14  38]
 [ 15 183  10   6]
 [ 15  11 121  23]
 [ 31  11  44 110]]
The best result ----------
WA: 70.5678%, UA: 71.0638%, macro f1: 70.3650%, weighted f1: 70.4387%
--------------------------
epoch: 46, lr: 8.974e-05, loss: 0.4762
1765.7590690000002
              precision    recall  f1-score   support

     neutral   0.741036  0.657244  0.696629       283
       happy   0.718367  0.822430  0.766885       214
         sad   0.633663  0.752941  0.688172       170
       angry   0.678788  0.571429  0.620499       196

    accuracy                       0.697567       863
   macro avg   0.692964  0.701011  0.693046       863
weighted avg   0.700126  0.697567  0.695094       863

[[186  53  16  28]
 [ 19 176  12   7]
 [ 14  10 128  18]
 [ 32   6  46 112]]
The best result ----------
WA: 70.5678%, UA: 71.0638%, macro f1: 70.3650%, weighted f1: 70.4387%
--------------------------
epoch: 47, lr: 8.526e-05, loss: 0.4675
1803.1304319
              precision    recall  f1-score   support

     neutral   0.732218  0.618375  0.670498       283
       happy   0.695652  0.822430  0.753747       214
         sad   0.656410  0.752941  0.701370       170
       angry   0.647727  0.581633  0.612903       196

    accuracy                       0.687138       863
   macro avg   0.683002  0.693845  0.684630       863
weighted avg   0.689028  0.687138  0.684142       863

[[175  57  15  36]
 [ 20 176  11   7]
 [ 13  10 128  19]
 [ 31  10  41 114]]
The best result ----------
WA: 70.5678%, UA: 71.0638%, macro f1: 70.3650%, weighted f1: 70.4387%
--------------------------
epoch: 48, lr: 8.099e-05, loss: 0.485
1840.6477028000002
              precision    recall  f1-score   support

     neutral   0.702128  0.699647  0.700885       283
       happy   0.739130  0.794393  0.765766       214
         sad   0.672222  0.711765  0.691429       170
       angry   0.660819  0.576531  0.615804       196

    accuracy                       0.697567       863
   macro avg   0.693575  0.695584  0.693471       863
weighted avg   0.696030  0.697567  0.695788       863

[[198  44  12  29]
 [ 27 170  11   6]
 [ 16  10 121  23]
 [ 41   6  36 113]]
The best result ----------
WA: 70.5678%, UA: 71.0638%, macro f1: 70.3650%, weighted f1: 70.4387%
--------------------------
epoch: 49, lr: 7.694e-05, loss: 0.4667
1878.1710854000003
              precision    recall  f1-score   support

     neutral   0.731061  0.681979  0.705667       283
       happy   0.687023  0.841121  0.756303       214
         sad   0.648936  0.717647  0.681564       170
       angry   0.711409  0.540816  0.614493       196

    accuracy                       0.696408       863
   macro avg   0.694607  0.695391  0.689507       863
weighted avg   0.699500  0.696408  0.692768       863

[[193  58  13  19]
 [ 20 180   9   5]
 [ 16  13 122  19]
 [ 35  11  44 106]]
The best result ----------
WA: 70.5678%, UA: 71.0638%, macro f1: 70.3650%, weighted f1: 70.4387%
--------------------------
