epoch: 0, lr: 0.00095, loss: 1.212
21.339382200000003
              precision    recall  f1-score   support

     neutral   0.851064  0.131579  0.227920       304
       happy   0.517460  0.905556  0.658586       180
         sad   0.494792  0.852018  0.626030       223
       angry   0.341880  0.256410  0.293040       156

    accuracy                       0.501738       863
   macro avg   0.551299  0.536391  0.451394       863
weighted avg   0.597379  0.501738  0.432389       863

[[ 40 122  86  56]
 [  1 163  10   6]
 [  2  16 190  15]
 [  4  14  98  40]]
The best result ----------
WA: 50.1738%, UA: 53.6391%, macro f1: 45.1394%, weighted f1: 43.2389%
--------------------------
epoch: 1, lr: 0.0009025, loss: 1.072
36.321421900000004
              precision    recall  f1-score   support

     neutral   0.771277  0.476974  0.589431       304
       happy   0.550000  0.916667  0.687500       180
         sad   0.653543  0.744395  0.696017       223
       angry   0.520661  0.403846  0.454874       156

    accuracy                       0.624565       863
   macro avg   0.623870  0.635470  0.606955       863
weighted avg   0.649399  0.624565  0.613104       863

[[145 100  27  32]
 [  7 165   4   4]
 [ 13  22 166  22]
 [ 23  13  57  63]]
The best result ----------
WA: 62.4565%, UA: 63.5470%, macro f1: 60.6955%, weighted f1: 61.3104%
--------------------------
epoch: 2, lr: 0.0008574, loss: 0.9909
51.2928325
              precision    recall  f1-score   support

     neutral   0.672840  0.717105  0.694268       304
       happy   0.683938  0.733333  0.707775       180
         sad   0.689498  0.677130  0.683258       223
       angry   0.543307  0.442308  0.487633       156

    accuracy                       0.660487       863
   macro avg   0.647396  0.642469  0.643233       863
weighted avg   0.656044  0.660487  0.656888       863

[[218  50  17  19]
 [ 40 132   2   6]
 [ 31   8 151  33]
 [ 35   3  49  69]]
The best result ----------
WA: 66.0487%, UA: 64.2469%, macro f1: 64.3233%, weighted f1: 65.6888%
--------------------------
epoch: 3, lr: 0.0008145, loss: 0.9068
66.24558769999999
              precision    recall  f1-score   support

     neutral   0.745763  0.578947  0.651852       304
       happy   0.639344  0.866667  0.735849       180
         sad   0.726415  0.690583  0.708046       223
       angry   0.578947  0.634615  0.605505       156

    accuracy                       0.677868       863
   macro avg   0.672617  0.692703  0.675313       863
weighted avg   0.688413  0.677868  0.675514       863

[[176  70  26  32]
 [ 13 156   2   9]
 [ 27  11 154  31]
 [ 20   7  30  99]]
The best result ----------
WA: 67.7868%, UA: 69.2703%, macro f1: 67.5313%, weighted f1: 67.5514%
--------------------------
epoch: 4, lr: 0.0007738, loss: 0.8339
81.2002268
              precision    recall  f1-score   support

     neutral   0.771739  0.467105  0.581967       304
       happy   0.713568  0.788889  0.749340       180
         sad   0.717391  0.739910  0.728477       223
       angry   0.468000  0.750000  0.576355       156

    accuracy                       0.655852       863
   macro avg   0.667675  0.686476  0.659035       863
weighted avg   0.690657  0.655852  0.653721       863

[[142  48  33  81]
 [ 18 142   3  17]
 [ 17   6 165  35]
 [  7   3  29 117]]
The best result ----------
WA: 67.7868%, UA: 69.2703%, macro f1: 67.5313%, weighted f1: 67.5514%
--------------------------
epoch: 5, lr: 0.0007351, loss: 0.7432
96.1658868
              precision    recall  f1-score   support

     neutral   0.740741  0.526316  0.615385       304
       happy   0.725389  0.777778  0.750670       180
         sad   0.727700  0.695067  0.711009       223
       angry   0.489627  0.756410  0.594458       156

    accuracy                       0.663963       863
   macro avg   0.670864  0.688893  0.667881       863
weighted avg   0.688776  0.663963  0.664529       863

[[160  39  31  74]
 [ 22 140   5  13]
 [ 23   9 155  36]
 [ 11   5  22 118]]
The best result ----------
WA: 67.7868%, UA: 69.2703%, macro f1: 67.5313%, weighted f1: 67.5514%
--------------------------
epoch: 6, lr: 0.0006983, loss: 0.6841
111.1309172
              precision    recall  f1-score   support

     neutral   0.756972  0.625000  0.684685       304
       happy   0.613636  0.900000  0.729730       180
         sad   0.738739  0.735426  0.737079       223
       angry   0.690476  0.557692  0.617021       156

    accuracy                       0.698725       863
   macro avg   0.699956  0.704530  0.692129       863
weighted avg   0.710344  0.698725  0.695387       863

[[190  68  25  21]
 [ 12 162   3   3]
 [ 28  16 164  15]
 [ 21  18  30  87]]
The best result ----------
WA: 69.8725%, UA: 70.4530%, macro f1: 69.2129%, weighted f1: 69.5387%
--------------------------
epoch: 7, lr: 0.0006634, loss: 0.6355
126.09175529999999
              precision    recall  f1-score   support

     neutral   0.759091  0.549342  0.637405       304
       happy   0.619048  0.866667  0.722222       180
         sad   0.848101  0.600897  0.703412       223
       angry   0.502146  0.750000  0.601542       156

    accuracy                       0.665122       863
   macro avg   0.682096  0.691726  0.666145       863
weighted avg   0.706435  0.665122  0.665669       863

[[167  69  10  58]
 [ 12 156   2  10]
 [ 26  15 134  48]
 [ 15  12  12 117]]
The best result ----------
WA: 69.8725%, UA: 70.4530%, macro f1: 69.2129%, weighted f1: 69.5387%
--------------------------
epoch: 8, lr: 0.0006302, loss: 0.5945
141.0645951
              precision    recall  f1-score   support

     neutral   0.698529  0.625000  0.659722       304
       happy   0.580882  0.877778  0.699115       180
         sad   0.809278  0.704036  0.752998       223
       angry   0.680000  0.544872  0.604982       156

    accuracy                       0.683662       863
   macro avg   0.692173  0.687921  0.679204       863
weighted avg   0.699259  0.683662  0.682146       863

[[190  83  11  20]
 [ 16 158   1   5]
 [ 34  17 157  15]
 [ 32  14  25  85]]
The best result ----------
WA: 69.8725%, UA: 70.4530%, macro f1: 69.2129%, weighted f1: 69.5387%
--------------------------
epoch: 9, lr: 0.0005987, loss: 0.5694
156.0307948
              precision    recall  f1-score   support

     neutral   0.779817  0.559211  0.651341       304
       happy   0.688119  0.772222  0.727749       180
         sad   0.707113  0.757848  0.731602       223
       angry   0.544118  0.711538  0.616667       156

    accuracy                       0.682503       863
   macro avg   0.679791  0.700205  0.681840       863
weighted avg   0.699298  0.682503  0.681749       863

[[170  51  36  47]
 [ 20 139   6  15]
 [ 15   8 169  31]
 [ 13   4  28 111]]
The best result ----------
WA: 69.8725%, UA: 70.4530%, macro f1: 69.2129%, weighted f1: 69.5387%
--------------------------
epoch: 10, lr: 0.0005688, loss: 0.5725
171.01719509999998
              precision    recall  f1-score   support

     neutral   0.732794  0.595395  0.656987       304
       happy   0.619608  0.877778  0.726437       180
         sad   0.831461  0.663677  0.738155       223
       angry   0.568306  0.666667  0.613569       156

    accuracy                       0.684820       863
   macro avg   0.688042  0.700879  0.683787       863
weighted avg   0.704948  0.684820  0.684598       863

[[181  73   9  41]
 [ 12 158   3   7]
 [ 31  13 148  31]
 [ 23  11  18 104]]
The best result ----------
WA: 69.8725%, UA: 70.4530%, macro f1: 69.2129%, weighted f1: 69.5387%
--------------------------
epoch: 11, lr: 0.0005404, loss: 0.5489
185.9970861
              precision    recall  f1-score   support

     neutral   0.727941  0.651316  0.687500       304
       happy   0.669565  0.855556  0.751220       180
         sad   0.794737  0.677130  0.731235       223
       angry   0.567251  0.621795  0.593272       156

    accuracy                       0.695249       863
   macro avg   0.689874  0.701449  0.690807       863
weighted avg   0.703978  0.695249  0.695058       863

[[198  55  15  36]
 [ 16 154   3   7]
 [ 30  11 151  31]
 [ 28  10  21  97]]
The best result ----------
WA: 69.8725%, UA: 70.4530%, macro f1: 69.2129%, weighted f1: 69.5387%
--------------------------
epoch: 12, lr: 0.0005133, loss: 0.5393
200.9728697
              precision    recall  f1-score   support

     neutral   0.805556  0.572368  0.669231       304
       happy   0.654167  0.872222  0.747619       180
         sad   0.652510  0.757848  0.701245       223
       angry   0.581081  0.551282  0.565789       156

    accuracy                       0.679027       863
   macro avg   0.673328  0.688430  0.670971       863
weighted avg   0.693855  0.679027  0.675155       863

[[174  61  37  32]
 [ 12 157   4   7]
 [ 17  14 169  23]
 [ 13   8  49  86]]
The best result ----------
WA: 69.8725%, UA: 70.4530%, macro f1: 69.2129%, weighted f1: 69.5387%
--------------------------
epoch: 13, lr: 0.0004877, loss: 0.5458
215.9387896
              precision    recall  f1-score   support

     neutral   0.726619  0.664474  0.694158       304
       happy   0.697248  0.844444  0.763819       180
         sad   0.792553  0.668161  0.725061       223
       angry   0.586592  0.673077  0.626866       156

    accuracy                       0.704519       863
   macro avg   0.700753  0.712539  0.702476       863
weighted avg   0.712218  0.704519  0.704509       863

[[202  51  13  38]
 [ 17 152   4   7]
 [ 37   8 149  29]
 [ 22   7  22 105]]
The best result ----------
WA: 70.4519%, UA: 71.2539%, macro f1: 70.2476%, weighted f1: 70.4509%
--------------------------
epoch: 14, lr: 0.0004633, loss: 0.5369
231.00077930000003
              precision    recall  f1-score   support

     neutral   0.789954  0.569079  0.661568       304
       happy   0.616000  0.855556  0.716279       180
         sad   0.741935  0.721973  0.731818       223
       angry   0.581921  0.660256  0.618619       156

    accuracy                       0.684820       863
   macro avg   0.682453  0.701716  0.682071       863
weighted avg   0.703659  0.684820  0.683368       863

[[173  69  23  39]
 [ 16 154   4   6]
 [ 19  14 161  29]
 [ 11  13  29 103]]
The best result ----------
WA: 70.4519%, UA: 71.2539%, macro f1: 70.2476%, weighted f1: 70.4509%
--------------------------
epoch: 15, lr: 0.0004401, loss: 0.5306
246.0324988
              precision    recall  f1-score   support

     neutral   0.782787  0.628289  0.697080       304
       happy   0.669492  0.877778  0.759615       180
         sad   0.700855  0.735426  0.717724       223
       angry   0.617450  0.589744  0.603279       156

    accuracy                       0.701043       863
   macro avg   0.692646  0.707809  0.694425       863
weighted avg   0.708098  0.701043  0.698502       863

[[191  57  24  32]
 [ 12 158   5   5]
 [ 28  11 164  20]
 [ 13  10  41  92]]
The best result ----------
WA: 70.4519%, UA: 71.2539%, macro f1: 70.2476%, weighted f1: 70.4509%
--------------------------
epoch: 16, lr: 0.0004181, loss: 0.521
261.36299210000004
              precision    recall  f1-score   support

     neutral   0.765799  0.677632  0.719023       304
       happy   0.708333  0.850000  0.772727       180
         sad   0.738532  0.721973  0.730159       223
       angry   0.606250  0.621795  0.613924       156

    accuracy                       0.714948       863
   macro avg   0.704729  0.717850  0.708958       863
weighted avg   0.717927  0.714948  0.714104       863

[[206  46  20  32]
 [ 17 153   3   7]
 [ 28  10 161  24]
 [ 18   7  34  97]]
The best result ----------
WA: 71.4948%, UA: 71.7850%, macro f1: 70.8958%, weighted f1: 71.4104%
--------------------------
epoch: 17, lr: 0.0003972, loss: 0.5233
276.3303167000001
              precision    recall  f1-score   support

     neutral   0.749077  0.667763  0.706087       304
       happy   0.717949  0.777778  0.746667       180
         sad   0.746544  0.726457  0.736364       223
       angry   0.572222  0.660256  0.613095       156

    accuracy                       0.704519       863
   macro avg   0.696448  0.708064  0.700553       863
weighted avg   0.709961  0.704519  0.705565       863

[[203  40  21  40]
 [ 27 140   2  11]
 [ 27   8 162  26]
 [ 14   7  32 103]]
The best result ----------
WA: 71.4948%, UA: 71.7850%, macro f1: 70.8958%, weighted f1: 71.4104%
--------------------------
epoch: 18, lr: 0.0003774, loss: 0.5244
291.2940647000001
              precision    recall  f1-score   support

     neutral   0.750000  0.582237  0.655556       304
       happy   0.648980  0.883333  0.748235       180
         sad   0.698276  0.726457  0.712088       223
       angry   0.606667  0.583333  0.594771       156

    accuracy                       0.682503       863
   macro avg   0.675981  0.693840  0.677663       863
weighted avg   0.689655  0.682503  0.678507       863

[[177  64  31  32]
 [ 14 159   2   5]
 [ 27  12 162  22]
 [ 18  10  37  91]]
The best result ----------
WA: 71.4948%, UA: 71.7850%, macro f1: 70.8958%, weighted f1: 71.4104%
--------------------------
epoch: 19, lr: 0.0003585, loss: 0.5183
306.25250740000007
              precision    recall  f1-score   support

     neutral   0.778261  0.588816  0.670412       304
       happy   0.694444  0.833333  0.757576       180
         sad   0.666667  0.807175  0.730223       223
       angry   0.605442  0.570513  0.587459       156

    accuracy                       0.692932       863
   macro avg   0.686204  0.699959  0.686417       863
weighted avg   0.700703  0.692932  0.689052       863

[[179  49  39  37]
 [ 17 150   8   5]
 [ 19   8 180  16]
 [ 15   9  43  89]]
The best result ----------
WA: 71.4948%, UA: 71.7850%, macro f1: 70.8958%, weighted f1: 71.4104%
--------------------------
epoch: 20, lr: 0.0003406, loss: 0.5068
321.2417463000001
              precision    recall  f1-score   support

     neutral   0.746094  0.628289  0.682143       304
       happy   0.676991  0.850000  0.753695       180
         sad   0.714894  0.753363  0.733624       223
       angry   0.602740  0.564103  0.582781       156

    accuracy                       0.695249       863
   macro avg   0.685180  0.698939  0.688061       863
weighted avg   0.697705  0.695249  0.692409       863

[[191  55  24  34]
 [ 17 153   3   7]
 [ 28  10 168  17]
 [ 20   8  40  88]]
The best result ----------
WA: 71.4948%, UA: 71.7850%, macro f1: 70.8958%, weighted f1: 71.4104%
--------------------------
epoch: 21, lr: 0.0003235, loss: 0.5054
336.22126140000006
              precision    recall  f1-score   support

     neutral   0.729630  0.648026  0.686411       304
       happy   0.656652  0.850000  0.740920       180
         sad   0.666667  0.771300  0.715177       223
       angry   0.705882  0.461538  0.558140       156

    accuracy                       0.688297       863
   macro avg   0.689708  0.682716  0.675162       863
weighted avg   0.693846  0.688297  0.682026       863

[[197  57  34  16]
 [ 18 153   6   3]
 [ 30  10 172  11]
 [ 25  13  46  72]]
The best result ----------
WA: 71.4948%, UA: 71.7850%, macro f1: 70.8958%, weighted f1: 71.4104%
--------------------------
epoch: 22, lr: 0.0003074, loss: 0.5087
351.2893602000001
              precision    recall  f1-score   support

     neutral   0.743191  0.628289  0.680927       304
       happy   0.635628  0.872222  0.735363       180
         sad   0.773399  0.704036  0.737089       223
       angry   0.647436  0.647436  0.647436       156

    accuracy                       0.702202       863
   macro avg   0.699913  0.712996  0.700204       863
weighted avg   0.711252  0.702202  0.700739       863

[[191  67  20  26]
 [ 14 157   3   6]
 [ 30  13 157  23]
 [ 22  10  23 101]]
The best result ----------
WA: 71.4948%, UA: 71.7850%, macro f1: 70.8958%, weighted f1: 71.4104%
--------------------------
epoch: 23, lr: 0.000292, loss: 0.4998
366.4079975000001
              precision    recall  f1-score   support

     neutral   0.702422  0.667763  0.684654       304
       happy   0.668142  0.838889  0.743842       180
         sad   0.804598  0.627803  0.705290       223
       angry   0.586207  0.653846  0.618182       156

    accuracy                       0.690614       863
   macro avg   0.690342  0.697075  0.687992       863
weighted avg   0.700667  0.690614  0.690316       863

[[203  54  11  36]
 [ 19 151   4   6]
 [ 41  12 140  30]
 [ 26   9  19 102]]
The best result ----------
WA: 71.4948%, UA: 71.7850%, macro f1: 70.8958%, weighted f1: 71.4104%
--------------------------
epoch: 24, lr: 0.0002774, loss: 0.5198
381.5432223000001
              precision    recall  f1-score   support

     neutral   0.764444  0.565789  0.650284       304
       happy   0.627049  0.850000  0.721698       180
         sad   0.772487  0.654709  0.708738       223
       angry   0.560976  0.737179  0.637119       156

    accuracy                       0.679027       863
   macro avg   0.681239  0.701919  0.679460       863
weighted avg   0.701085  0.679027  0.677904       863

[[172  65  20  47]
 [ 14 153   5   8]
 [ 26  16 146  35]
 [ 13  10  18 115]]
The best result ----------
WA: 71.4948%, UA: 71.7850%, macro f1: 70.8958%, weighted f1: 71.4104%
--------------------------
epoch: 25, lr: 0.0002635, loss: 0.4927
396.74431280000005
              precision    recall  f1-score   support

     neutral   0.756198  0.601974  0.670330       304
       happy   0.637500  0.850000  0.728571       180
         sad   0.751196  0.704036  0.726852       223
       angry   0.604651  0.666667  0.634146       156

    accuracy                       0.691773       863
   macro avg   0.687386  0.705669  0.689975       863
weighted avg   0.702754  0.691773  0.690542       863

[[183  65  21  35]
 [ 17 153   4   6]
 [ 26  13 157  27]
 [ 16   9  27 104]]
The best result ----------
WA: 71.4948%, UA: 71.7850%, macro f1: 70.8958%, weighted f1: 71.4104%
--------------------------
epoch: 26, lr: 0.0002503, loss: 0.4908
411.94099980000004
              precision    recall  f1-score   support

     neutral   0.738462  0.631579  0.680851       304
       happy   0.624506  0.877778  0.729792       180
         sad   0.773399  0.704036  0.737089       223
       angry   0.619048  0.583333  0.600660       156

    accuracy                       0.692932       863
   macro avg   0.688854  0.699181  0.687098       863
weighted avg   0.702135  0.692932  0.691095       863

[[192  66  16  30]
 [ 15 158   4   3]
 [ 28  15 157  23]
 [ 25  14  26  91]]
The best result ----------
WA: 71.4948%, UA: 71.7850%, macro f1: 70.8958%, weighted f1: 71.4104%
--------------------------
epoch: 27, lr: 0.0002378, loss: 0.4906
427.1853214
              precision    recall  f1-score   support

     neutral   0.740602  0.648026  0.691228       304
       happy   0.608000  0.844444  0.706977       180
         sad   0.856209  0.587444  0.696809       223
       angry   0.592784  0.737179  0.657143       156

    accuracy                       0.689455       863
   macro avg   0.699399  0.704274  0.688039       863
weighted avg   0.716097  0.689455  0.689793       863

[[197  66   8  33]
 [ 19 152   3   6]
 [ 33  19 131  40]
 [ 17  13  11 115]]
The best result ----------
WA: 71.4948%, UA: 71.7850%, macro f1: 70.8958%, weighted f1: 71.4104%
--------------------------
epoch: 28, lr: 0.0002259, loss: 0.4929
442.29589970000006
              precision    recall  f1-score   support

     neutral   0.717687  0.694079  0.705686       304
       happy   0.676991  0.850000  0.753695       180
         sad   0.814815  0.690583  0.747573       223
       angry   0.623377  0.615385  0.619355       156

    accuracy                       0.711472       863
   macro avg   0.708217  0.712512  0.706577       863
weighted avg   0.717249  0.711472  0.710917       863

[[211  51  14  28]
 [ 18 153   2   7]
 [ 34  12 154  23]
 [ 31  10  19  96]]
The best result ----------
WA: 71.4948%, UA: 71.7850%, macro f1: 70.8958%, weighted f1: 71.4104%
--------------------------
epoch: 29, lr: 0.0002146, loss: 0.4895
457.3888815000001
              precision    recall  f1-score   support

     neutral   0.739300  0.625000  0.677362       304
       happy   0.626984  0.877778  0.731481       180
         sad   0.780488  0.717489  0.747664       223
       angry   0.664430  0.634615  0.649180       156

    accuracy                       0.703360       863
   macro avg   0.702800  0.713720  0.701422       863
weighted avg   0.712983  0.703360  0.701722       863

[[190  69  18  27]
 [ 14 158   4   4]
 [ 30  14 160  19]
 [ 23  11  23  99]]
The best result ----------
WA: 71.4948%, UA: 71.7850%, macro f1: 70.8958%, weighted f1: 71.4104%
--------------------------
epoch: 30, lr: 0.0002039, loss: 0.4833
472.5458337000001
              precision    recall  f1-score   support

     neutral   0.731801  0.628289  0.676106       304
       happy   0.643443  0.872222  0.740566       180
         sad   0.805405  0.668161  0.730392       223
       angry   0.612717  0.679487  0.644377       156

    accuracy                       0.698725       863
   macro avg   0.698341  0.712040  0.697860       863
weighted avg   0.710865  0.698725  0.697843       863

[[191  67  15  31]
 [ 14 157   3   6]
 [ 35   9 149  30]
 [ 21  11  18 106]]
The best result ----------
WA: 71.4948%, UA: 71.7850%, macro f1: 70.8958%, weighted f1: 71.4104%
--------------------------
epoch: 31, lr: 0.0001937, loss: 0.4953
487.6847566000001
              precision    recall  f1-score   support

     neutral   0.728223  0.687500  0.707276       304
       happy   0.702830  0.827778  0.760204       180
         sad   0.731818  0.721973  0.726862       223
       angry   0.638889  0.589744  0.613333       156

    accuracy                       0.707995       863
   macro avg   0.700440  0.706749  0.701919       863
weighted avg   0.707707  0.707995  0.706395       863

[[209  48  23  24]
 [ 18 149   5   8]
 [ 36   6 161  20]
 [ 24   9  31  92]]
The best result ----------
WA: 71.4948%, UA: 71.7850%, macro f1: 70.8958%, weighted f1: 71.4104%
--------------------------
epoch: 32, lr: 0.000184, loss: 0.4817
502.83168280000007
              precision    recall  f1-score   support

     neutral   0.722022  0.657895  0.688468       304
       happy   0.639676  0.877778  0.740047       180
         sad   0.791209  0.645740  0.711111       223
       angry   0.624204  0.628205  0.626198       156

    accuracy                       0.695249       863
   macro avg   0.694278  0.702404  0.691456       863
weighted avg   0.705042  0.695249  0.693821       863

[[200  61  17  26]
 [ 14 158   2   6]
 [ 37  15 144  27]
 [ 26  13  19  98]]
The best result ----------
WA: 71.4948%, UA: 71.7850%, macro f1: 70.8958%, weighted f1: 71.4104%
--------------------------
epoch: 33, lr: 0.0001748, loss: 0.5033
517.8999312000001
              precision    recall  f1-score   support

     neutral   0.747331  0.690789  0.717949       304
       happy   0.685841  0.861111  0.763547       180
         sad   0.790816  0.695067  0.739857       223
       angry   0.643750  0.660256  0.651899       156

    accuracy                       0.721900       863
   macro avg   0.716934  0.726806  0.718313       863
weighted avg   0.727019  0.721900  0.721181       863

[[210  54  18  22]
 [ 15 155   2   8]
 [ 33   8 155  27]
 [ 23   9  21 103]]
The best result ----------
WA: 72.1900%, UA: 72.6806%, macro f1: 71.8313%, weighted f1: 72.1181%
--------------------------
epoch: 34, lr: 0.0001661, loss: 0.4908
532.9986632000001
              precision    recall  f1-score   support

     neutral   0.733577  0.661184  0.695502       304
       happy   0.658009  0.844444  0.739659       180
         sad   0.729358  0.713004  0.721088       223
       angry   0.642857  0.576923  0.608108       156

    accuracy                       0.697567       863
   macro avg   0.690950  0.698889  0.691089       863
weighted avg   0.700326  0.697567  0.695526       863

[[201  58  21  24]
 [ 18 152   4   6]
 [ 34  10 159  20]
 [ 21  11  34  90]]
The best result ----------
WA: 72.1900%, UA: 72.6806%, macro f1: 71.8313%, weighted f1: 72.1181%
--------------------------
epoch: 35, lr: 0.0001578, loss: 0.4873
548.0615159000001
              precision    recall  f1-score   support

     neutral   0.761538  0.651316  0.702128       304
       happy   0.651261  0.861111  0.741627       180
         sad   0.801047  0.686099  0.739130       223
       angry   0.626437  0.698718  0.660606       156

    accuracy                       0.712630       863
   macro avg   0.710071  0.724311  0.710873       863
weighted avg   0.724325  0.712630  0.712422       863

[[198  61  14  31]
 [ 16 155   2   7]
 [ 30  13 153  27]
 [ 16   9  22 109]]
The best result ----------
WA: 72.1900%, UA: 72.6806%, macro f1: 71.8313%, weighted f1: 72.1181%
--------------------------
epoch: 36, lr: 0.0001499, loss: 0.5019
563.1271471000001
              precision    recall  f1-score   support

     neutral   0.735849  0.641447  0.685413       304
       happy   0.641667  0.855556  0.733333       180
         sad   0.758974  0.663677  0.708134       223
       angry   0.601227  0.628205  0.614420       156

    accuracy                       0.689455       863
   macro avg   0.684429  0.697221  0.685325       863
weighted avg   0.697846  0.689455  0.688446       863

[[195  63  16  30]
 [ 16 154   4   6]
 [ 34  12 148  29]
 [ 20  11  27  98]]
The best result ----------
WA: 72.1900%, UA: 72.6806%, macro f1: 71.8313%, weighted f1: 72.1181%
--------------------------
epoch: 37, lr: 0.0001424, loss: 0.4916
578.0737373000001
              precision    recall  f1-score   support

     neutral   0.758065  0.618421  0.681159       304
       happy   0.641129  0.883333  0.742991       180
         sad   0.765000  0.686099  0.723404       223
       angry   0.616766  0.660256  0.637771       156

    accuracy                       0.698725       863
   macro avg   0.695240  0.712027  0.696331       863
weighted avg   0.709925  0.698725  0.697129       863

[[188  65  20  31]
 [ 13 159   2   6]
 [ 30  13 153  27]
 [ 17  11  25 103]]
The best result ----------
WA: 72.1900%, UA: 72.6806%, macro f1: 71.8313%, weighted f1: 72.1181%
--------------------------
epoch: 38, lr: 0.0001353, loss: 0.4835
592.9975341
              precision    recall  f1-score   support

     neutral   0.728261  0.661184  0.693103       304
       happy   0.647059  0.855556  0.736842       180
         sad   0.808743  0.663677  0.729064       223
       angry   0.626506  0.666667  0.645963       156

    accuracy                       0.703360       863
   macro avg   0.702642  0.711771  0.701243       863
weighted avg   0.713727  0.703360  0.702997       863

[[201  62  13  28]
 [ 17 154   3   6]
 [ 35  12 148  28]
 [ 23  10  19 104]]
The best result ----------
WA: 72.1900%, UA: 72.6806%, macro f1: 71.8313%, weighted f1: 72.1181%
--------------------------
epoch: 39, lr: 0.0001285, loss: 0.4604
607.9456302
              precision    recall  f1-score   support

     neutral   0.731884  0.664474  0.696552       304
       happy   0.658333  0.877778  0.752381       180
         sad   0.806452  0.672646  0.733496       223
       angry   0.639752  0.660256  0.649842       156

    accuracy                       0.710313       863
   macro avg   0.709105  0.718788  0.708068       863
weighted avg   0.719157  0.710313  0.709299       863

[[202  60  16  26]
 [ 15 158   2   5]
 [ 36  10 150  27]
 [ 23  12  18 103]]
The best result ----------
WA: 72.1900%, UA: 72.6806%, macro f1: 71.8313%, weighted f1: 72.1181%
--------------------------
epoch: 40, lr: 0.0001221, loss: 0.4775
622.9155575
              precision    recall  f1-score   support

     neutral   0.732601  0.657895  0.693241       304
       happy   0.678414  0.855556  0.756757       180
         sad   0.765000  0.686099  0.723404       223
       angry   0.619632  0.647436  0.633229       156

    accuracy                       0.704519       863
   macro avg   0.698912  0.711746  0.701658       863
weighted avg   0.709250  0.704519  0.703435       863

[[200  55  19  30]
 [ 17 154   3   6]
 [ 35   9 153  26]
 [ 21   9  25 101]]
The best result ----------
WA: 72.1900%, UA: 72.6806%, macro f1: 71.8313%, weighted f1: 72.1181%
--------------------------
epoch: 41, lr: 0.000116, loss: 0.4835
637.8992177
              precision    recall  f1-score   support

     neutral   0.711268  0.664474  0.687075       304
       happy   0.636000  0.883333  0.739535       180
         sad   0.748768  0.681614  0.713615       223
       angry   0.674603  0.544872  0.602837       156

    accuracy                       0.692932       863
   macro avg   0.692660  0.693573  0.685765       863
weighted avg   0.698631  0.692932  0.689647       863

[[202  64  19  19]
 [ 14 159   3   4]
 [ 39  14 152  18]
 [ 29  13  29  85]]
The best result ----------
WA: 72.1900%, UA: 72.6806%, macro f1: 71.8313%, weighted f1: 72.1181%
--------------------------
epoch: 42, lr: 0.0001102, loss: 0.4994
652.9172948
              precision    recall  f1-score   support

     neutral   0.746212  0.648026  0.693662       304
       happy   0.634538  0.877778  0.736597       180
         sad   0.760000  0.681614  0.718676       223
       angry   0.633333  0.608974  0.620915       156

    accuracy                       0.697567       863
   macro avg   0.693521  0.704098  0.692462       863
weighted avg   0.706078  0.697567  0.695931       863

[[197  62  18  27]
 [ 14 158   2   6]
 [ 31  18 152  22]
 [ 22  11  28  95]]
The best result ----------
WA: 72.1900%, UA: 72.6806%, macro f1: 71.8313%, weighted f1: 72.1181%
--------------------------
epoch: 43, lr: 0.0001047, loss: 0.4783
667.8975497000001
              precision    recall  f1-score   support

     neutral   0.739623  0.644737  0.688928       304
       happy   0.651064  0.850000  0.737349       180
         sad   0.764103  0.668161  0.712919       223
       angry   0.613095  0.660256  0.635802       156

    accuracy                       0.696408       863
   macro avg   0.691971  0.705789  0.693750       863
weighted avg   0.704605  0.696408  0.695623       863

[[196  59  18  31]
 [ 16 153   4   7]
 [ 35  12 149  27]
 [ 18  11  24 103]]
The best result ----------
WA: 72.1900%, UA: 72.6806%, macro f1: 71.8313%, weighted f1: 72.1181%
--------------------------
epoch: 44, lr: 9.944e-05, loss: 0.4779
682.8738055000001
              precision    recall  f1-score   support

     neutral   0.730627  0.651316  0.688696       304
       happy   0.668122  0.850000  0.748166       180
         sad   0.737327  0.717489  0.727273       223
       angry   0.616438  0.576923  0.596026       156

    accuracy                       0.696408       863
   macro avg   0.688129  0.698932  0.690040       863
weighted avg   0.698680  0.696408  0.694317       863

[[198  57  21  28]
 [ 16 153   3   8]
 [ 34   9 160  20]
 [ 23  10  33  90]]
The best result ----------
WA: 72.1900%, UA: 72.6806%, macro f1: 71.8313%, weighted f1: 72.1181%
--------------------------
epoch: 45, lr: 9.447e-05, loss: 0.4816
697.8862194000001
              precision    recall  f1-score   support

     neutral   0.716364  0.648026  0.680484       304
       happy   0.660944  0.855556  0.745763       180
         sad   0.768844  0.686099  0.725118       223
       angry   0.596154  0.596154  0.596154       156

    accuracy                       0.691773       863
   macro avg   0.685576  0.696459  0.686880       863
weighted avg   0.696636  0.691773  0.690389       863

[[197  57  16  34]
 [ 16 154   4   6]
 [ 35  12 153  23]
 [ 27  10  26  93]]
The best result ----------
WA: 72.1900%, UA: 72.6806%, macro f1: 71.8313%, weighted f1: 72.1181%
--------------------------
epoch: 46, lr: 8.974e-05, loss: 0.4835
712.9015671000001
              precision    recall  f1-score   support

     neutral   0.733083  0.641447  0.684211       304
       happy   0.659751  0.883333  0.755344       180
         sad   0.768116  0.713004  0.739535       223
       angry   0.644295  0.615385  0.629508       156

    accuracy                       0.705678       863
   macro avg   0.701311  0.713292  0.702150       863
weighted avg   0.710791  0.705678  0.703455       863

[[195  59  21  29]
 [ 12 159   3   6]
 [ 35  11 159  18]
 [ 24  12  24  96]]
The best result ----------
WA: 72.1900%, UA: 72.6806%, macro f1: 71.8313%, weighted f1: 72.1181%
--------------------------
epoch: 47, lr: 8.526e-05, loss: 0.4709
727.9069628000001
              precision    recall  f1-score   support

     neutral   0.755020  0.618421  0.679928       304
       happy   0.655738  0.888889  0.754717       180
         sad   0.759804  0.695067  0.725995       223
       angry   0.632530  0.673077  0.652174       156

    accuracy                       0.704519       863
   macro avg   0.700773  0.718864  0.703203       863
weighted avg   0.713407  0.704519  0.702414       863

[[188  62  22  32]
 [ 11 160   3   6]
 [ 33  12 155  23]
 [ 17  10  24 105]]
The best result ----------
WA: 72.1900%, UA: 72.6806%, macro f1: 71.8313%, weighted f1: 72.1181%
--------------------------
epoch: 48, lr: 8.099e-05, loss: 0.4784
742.9103487000001
              precision    recall  f1-score   support

     neutral   0.734375  0.618421  0.671429       304
       happy   0.658333  0.877778  0.752381       180
         sad   0.754630  0.730942  0.742597       223
       angry   0.629139  0.608974  0.618893       156

    accuracy                       0.699884       863
   macro avg   0.694119  0.709029  0.696325       863
weighted avg   0.704725  0.699884  0.697206       863

[[188  64  22  30]
 [ 13 158   3   6]
 [ 31   9 163  20]
 [ 24   9  28  95]]
The best result ----------
WA: 72.1900%, UA: 72.6806%, macro f1: 71.8313%, weighted f1: 72.1181%
--------------------------
epoch: 49, lr: 7.694e-05, loss: 0.4869
757.9079026
              precision    recall  f1-score   support

     neutral   0.737452  0.628289  0.678508       304
       happy   0.662500  0.883333  0.757143       180
         sad   0.771845  0.713004  0.741259       223
       angry   0.651899  0.660256  0.656051       156

    accuracy                       0.709154       863
   macro avg   0.705924  0.721221  0.708240       863
weighted avg   0.715241  0.709154  0.707065       863

[[191  62  22  29]
 [ 13 159   2   6]
 [ 33  11 159  20]
 [ 22   8  23 103]]
The best result ----------
WA: 72.1900%, UA: 72.6806%, macro f1: 71.8313%, weighted f1: 72.1181%
--------------------------
