epoch: 0, lr: 0.00095, loss: 1.177
22.786423799999998
              precision    recall  f1-score   support

     neutral   0.630252  0.522648  0.571429       287
       happy   0.547009  0.914286  0.684492       210
         sad   0.722772  0.744898  0.733668       196
       angry   0.625000  0.264706  0.371901       170

    accuracy                       0.617613       863
   macro avg   0.631258  0.611634  0.590372       863
weighted avg   0.629974  0.617613  0.596484       863

[[150 113  11  13]
 [ 13 192   3   2]
 [ 22  16 146  12]
 [ 53  30  42  45]]
The best result ----------
WA: 61.7613%, UA: 61.1634%, macro f1: 59.0372%, weighted f1: 59.6484%
--------------------------
epoch: 1, lr: 0.0009025, loss: 1.035
39.5792499
              precision    recall  f1-score   support

     neutral   0.619048  0.407666  0.491597       287
       happy   0.827869  0.480952  0.608434       210
         sad   0.438119  0.903061  0.590000       196
       angry   0.493243  0.429412  0.459119       170

    accuracy                       0.542294       863
   macro avg   0.594570  0.555273  0.537287       863
weighted avg   0.603988  0.542294  0.535979       863

[[117  18 108  44]
 [ 57 101  35  17]
 [  4   1 177  14]
 [ 11   2  84  73]]
The best result ----------
WA: 61.7613%, UA: 61.1634%, macro f1: 59.0372%, weighted f1: 59.6484%
--------------------------
epoch: 2, lr: 0.0008574, loss: 0.97
56.284896599999996
              precision    recall  f1-score   support

     neutral   0.855932  0.351916  0.498765       287
       happy   0.625828  0.900000  0.738281       210
         sad   0.550633  0.887755  0.679688       196
       angry   0.574803  0.429412  0.491582       170

    accuracy                       0.622248       863
   macro avg   0.651799  0.642271  0.602079       863
weighted avg   0.675222  0.622248  0.596724       863

[[101  90  66  30]
 [  3 189   9   9]
 [  3   4 174  15]
 [ 11  19  67  73]]
The best result ----------
WA: 62.2248%, UA: 64.2271%, macro f1: 60.2079%, weighted f1: 59.6724%
--------------------------
epoch: 3, lr: 0.0008145, loss: 0.891
73.0854518
              precision    recall  f1-score   support

     neutral   0.702703  0.543554  0.612967       287
       happy   0.908163  0.423810  0.577922       210
         sad   0.605364  0.806122  0.691466       196
       angry   0.418440  0.694118  0.522124       170

    accuracy                       0.603708       863
   macro avg   0.658667  0.616901  0.601120       863
weighted avg   0.674596  0.603708  0.604372       863

[[156   9  48  74]
 [ 49  89  14  58]
 [  6   0 158  32]
 [ 11   0  41 118]]
The best result ----------
WA: 62.2248%, UA: 64.2271%, macro f1: 60.2079%, weighted f1: 59.6724%
--------------------------
epoch: 4, lr: 0.0007738, loss: 0.7908
89.69317339999999
              precision    recall  f1-score   support

     neutral   0.814208  0.519164  0.634043       287
       happy   0.743363  0.800000  0.770642       210
         sad   0.858268  0.556122  0.674923       196
       angry   0.422018  0.811765  0.555332       170

    accuracy                       0.653534       863
   macro avg   0.709464  0.671763  0.658735       863
weighted avg   0.729719  0.653534  0.661062       863

[[149  47   8  83]
 [ 11 168   2  29]
 [  4   6 109  77]
 [ 19   5   8 138]]
The best result ----------
WA: 65.3534%, UA: 67.1763%, macro f1: 65.8735%, weighted f1: 66.1062%
--------------------------
epoch: 5, lr: 0.0007351, loss: 0.7137
106.3058626
              precision    recall  f1-score   support

     neutral   0.840278  0.421603  0.561485       287
       happy   0.728033  0.828571  0.775056       210
         sad   0.598592  0.867347  0.708333       196
       angry   0.500000  0.576471  0.535519       170

    accuracy                       0.652375       863
   macro avg   0.666726  0.673498  0.645098       863
weighted avg   0.691044  0.652375  0.641691       863

[[121  49  54  63]
 [  9 174   8  19]
 [  5   5 170  16]
 [  9  11  52  98]]
The best result ----------
WA: 65.2375%, UA: 67.3498%, macro f1: 64.5098%, weighted f1: 64.1691%
--------------------------
epoch: 6, lr: 0.0006983, loss: 0.6698
122.9293827
              precision    recall  f1-score   support

     neutral   0.803653  0.613240  0.695652       287
       happy   0.754310  0.833333  0.791855       210
         sad   0.734884  0.806122  0.768856       196
       angry   0.538071  0.623529  0.577657       170

    accuracy                       0.712630       863
   macro avg   0.707730  0.719056  0.708505       863
weighted avg   0.723711  0.712630  0.712444       863

[[176  43  21  47]
 [ 14 175   3  18]
 [  7   5 158  26]
 [ 22   9  33 106]]
The best result ----------
WA: 71.2630%, UA: 71.9056%, macro f1: 70.8505%, weighted f1: 71.2444%
--------------------------
epoch: 7, lr: 0.0006634, loss: 0.6186
139.5127028
              precision    recall  f1-score   support

     neutral   0.789216  0.560976  0.655804       287
       happy   0.728814  0.819048  0.771300       210
         sad   0.740196  0.770408  0.755000       196
       angry   0.506849  0.652941  0.570694       170

    accuracy                       0.689455       863
   macro avg   0.691269  0.700843  0.688200       863
weighted avg   0.707762  0.689455  0.689672       863

[[161  49  20  57]
 [ 13 172   3  22]
 [  9   7 151  29]
 [ 21   8  30 111]]
The best result ----------
WA: 71.2630%, UA: 71.9056%, macro f1: 70.8505%, weighted f1: 71.2444%
--------------------------
epoch: 8, lr: 0.0006302, loss: 0.6069
156.1656123
              precision    recall  f1-score   support

     neutral   0.790909  0.606272  0.686391       287
       happy   0.764192  0.833333  0.797267       210
         sad   0.680328  0.846939  0.754545       196
       angry   0.605882  0.605882  0.605882       170

    accuracy                       0.716107       863
   macro avg   0.710328  0.723107  0.711021       863
weighted avg   0.722845  0.716107  0.712991       863

[[174  39  35  39]
 [ 19 175   5  11]
 [  6   7 166  17]
 [ 21   8  38 103]]
The best result ----------
WA: 71.6107%, UA: 72.3107%, macro f1: 71.1021%, weighted f1: 71.2991%
--------------------------
epoch: 9, lr: 0.0005987, loss: 0.5899
172.9171252
              precision    recall  f1-score   support

     neutral   0.819005  0.630662  0.712598       287
       happy   0.728000  0.866667  0.791304       210
         sad   0.762626  0.770408  0.766497       196
       angry   0.608247  0.694118  0.648352       170

    accuracy                       0.732329       863
   macro avg   0.729470  0.740464  0.729688       863
weighted avg   0.742539  0.732329  0.731336       863

[[181  48  25  33]
 [  7 182   3  18]
 [ 10  10 151  25]
 [ 23  10  19 118]]
The best result ----------
WA: 73.2329%, UA: 74.0464%, macro f1: 72.9688%, weighted f1: 73.1336%
--------------------------
epoch: 10, lr: 0.0005688, loss: 0.5857
189.6893357
              precision    recall  f1-score   support

     neutral   0.824074  0.620209  0.707753       287
       happy   0.729730  0.900000  0.805970       210
         sad   0.747475  0.755102  0.751269       196
       angry   0.563158  0.629412  0.594444       170

    accuracy                       0.720742       863
   macro avg   0.716109  0.726181  0.714859       863
weighted avg   0.732323  0.720742  0.719216       863

[[178  50  19  40]
 [  8 189   3  10]
 [  7   8 148  33]
 [ 23  12  28 107]]
The best result ----------
WA: 73.2329%, UA: 74.0464%, macro f1: 72.9688%, weighted f1: 73.1336%
--------------------------
epoch: 11, lr: 0.0005404, loss: 0.5504
206.8367259
              precision    recall  f1-score   support

     neutral   0.745020  0.651568  0.695167       287
       happy   0.790476  0.790476  0.790476       210
         sad   0.750000  0.734694  0.742268       196
       angry   0.523810  0.647059  0.578947       170

    accuracy                       0.703360       863
   macro avg   0.702326  0.705949  0.701715       863
weighted avg   0.713637  0.703360  0.706163       863

[[187  33  16  51]
 [ 22 166   4  18]
 [ 18   3 144  31]
 [ 24   8  28 110]]
The best result ----------
WA: 73.2329%, UA: 74.0464%, macro f1: 72.9688%, weighted f1: 73.1336%
--------------------------
epoch: 12, lr: 0.0005133, loss: 0.5604
223.61328120000002
              precision    recall  f1-score   support

     neutral   0.739583  0.742160  0.740870       287
       happy   0.718367  0.838095  0.773626       210
         sad   0.815642  0.744898  0.778667       196
       angry   0.668874  0.594118  0.629283       170

    accuracy                       0.736964       863
   macro avg   0.735617  0.729818  0.730612       863
weighted avg   0.737766  0.736964  0.735444       863

[[213  47   8  19]
 [ 22 176   2  10]
 [ 22   7 146  21]
 [ 31  15  23 101]]
The best result ----------
WA: 73.2329%, UA: 74.0464%, macro f1: 72.9688%, weighted f1: 73.1336%
--------------------------
epoch: 13, lr: 0.0004877, loss: 0.5566
240.2995281
              precision    recall  f1-score   support

     neutral   0.790698  0.710801  0.748624       287
       happy   0.721569  0.876190  0.791398       210
         sad   0.730088  0.841837  0.781991       196
       angry   0.717742  0.523529  0.605442       170

    accuracy                       0.743917       863
   macro avg   0.740024  0.738090  0.731864       863
weighted avg   0.745739  0.743917  0.738405       863

[[204  43  20  20]
 [ 18 184   4   4]
 [ 10  10 165  11]
 [ 26  18  37  89]]
The best result ----------
WA: 74.3917%, UA: 73.8090%, macro f1: 73.1864%, weighted f1: 73.8405%
--------------------------
epoch: 14, lr: 0.0004633, loss: 0.5417
257.28601290000006
              precision    recall  f1-score   support

     neutral   0.806167  0.637631  0.712062       287
       happy   0.745763  0.838095  0.789238       210
         sad   0.713656  0.826531  0.765957       196
       angry   0.606936  0.617647  0.612245       170

    accuracy                       0.725377       863
   macro avg   0.718131  0.729976  0.719876       863
weighted avg   0.731212  0.725377  0.723420       863

[[183  40  30  34]
 [ 14 176   4  16]
 [  9   7 162  18]
 [ 21  13  31 105]]
The best result ----------
WA: 74.3917%, UA: 73.8090%, macro f1: 73.1864%, weighted f1: 73.8405%
--------------------------
epoch: 15, lr: 0.0004401, loss: 0.5375
274.42758240000006
              precision    recall  f1-score   support

     neutral   0.761404  0.756098  0.758741       287
       happy   0.810427  0.814286  0.812352       210
         sad   0.782383  0.770408  0.776350       196
       angry   0.614943  0.629412  0.622093       170

    accuracy                       0.748552       863
   macro avg   0.742289  0.742551  0.742384       863
weighted avg   0.749247  0.748552  0.748868       863

[[217  29  12  29]
 [ 22 171   2  15]
 [ 18   4 151  23]
 [ 28   7  28 107]]
The best result ----------
WA: 74.8552%, UA: 74.2551%, macro f1: 74.2384%, weighted f1: 74.8868%
--------------------------
epoch: 16, lr: 0.0004181, loss: 0.5286
291.3076417000001
              precision    recall  f1-score   support

     neutral   0.793651  0.696864  0.742115       287
       happy   0.744856  0.861905  0.799117       210
         sad   0.775610  0.811224  0.793017       196
       angry   0.638037  0.611765  0.624625       170

    accuracy                       0.746234       863
   macro avg   0.738038  0.745440  0.739719       863
weighted avg   0.747026  0.746234  0.744402       863

[[200  47  13  27]
 [ 13 181   4  12]
 [ 10   7 159  20]
 [ 29   8  29 104]]
The best result ----------
WA: 74.6234%, UA: 74.5440%, macro f1: 73.9719%, weighted f1: 74.4402%
--------------------------
epoch: 17, lr: 0.0003972, loss: 0.5237
308.03154280000007
              precision    recall  f1-score   support

     neutral   0.763441  0.742160  0.752650       287
       happy   0.738956  0.876190  0.801743       210
         sad   0.791878  0.795918  0.793893       196
       angry   0.702899  0.570588  0.629870       170

    accuracy                       0.753187       863
   macro avg   0.749293  0.746214  0.744539       863
weighted avg   0.752015  0.753187  0.749777       863

[[213  45  11  18]
 [ 17 184   2   7]
 [ 17   7 156  16]
 [ 32  13  28  97]]
The best result ----------
WA: 75.3187%, UA: 74.6214%, macro f1: 74.4539%, weighted f1: 74.9777%
--------------------------
epoch: 18, lr: 0.0003774, loss: 0.5261
324.71247940000006
              precision    recall  f1-score   support

     neutral   0.771218  0.728223  0.749104       287
       happy   0.786364  0.823810  0.804651       210
         sad   0.797872  0.765306  0.781250       196
       angry   0.619565  0.670588  0.644068       170

    accuracy                       0.748552       863
   macro avg   0.743755  0.746982  0.744768       863
weighted avg   0.751083  0.748552  0.749231       863

[[209  36  12  30]
 [ 21 173   2  14]
 [ 15   5 150  26]
 [ 26   6  24 114]]
The best result ----------
WA: 75.3187%, UA: 74.6214%, macro f1: 74.4539%, weighted f1: 74.9777%
--------------------------
epoch: 19, lr: 0.0003585, loss: 0.5111
341.5731368000001
              precision    recall  f1-score   support

     neutral   0.803347  0.668990  0.730038       287
       happy   0.732283  0.885714  0.801724       210
         sad   0.767327  0.790816  0.778894       196
       angry   0.648810  0.641176  0.644970       170

    accuracy                       0.743917       863
   macro avg   0.737942  0.746674  0.738907       863
weighted avg   0.747432  0.743917  0.741821       863

[[192  49  17  29]
 [  9 186   4  11]
 [ 14   8 155  19]
 [ 24  11  26 109]]
The best result ----------
WA: 75.3187%, UA: 74.6214%, macro f1: 74.4539%, weighted f1: 74.9777%
--------------------------
epoch: 20, lr: 0.0003406, loss: 0.5021
358.3902670000001
              precision    recall  f1-score   support

     neutral   0.787402  0.696864  0.739372       287
       happy   0.764706  0.866667  0.812500       210
         sad   0.718182  0.806122  0.759615       196
       angry   0.668874  0.594118  0.629283       170

    accuracy                       0.742758       863
   macro avg   0.734791  0.740943  0.735193       863
weighted avg   0.742810  0.742758  0.740078       863

[[200  40  23  24]
 [ 17 182   5   6]
 [ 11   7 158  20]
 [ 26   9  34 101]]
The best result ----------
WA: 75.3187%, UA: 74.6214%, macro f1: 74.4539%, weighted f1: 74.9777%
--------------------------
epoch: 21, lr: 0.0003235, loss: 0.5231
375.1076301000001
              precision    recall  f1-score   support

     neutral   0.796748  0.682927  0.735460       287
       happy   0.791855  0.833333  0.812065       210
         sad   0.752381  0.806122  0.778325       196
       angry   0.607527  0.664706  0.634831       170

    accuracy                       0.743917       863
   macro avg   0.737128  0.746772  0.740170       863
weighted avg   0.748207  0.743917  0.744013       863

[[196  33  20  38]
 [ 19 175   5  11]
 [  9   5 158  24]
 [ 22   8  27 113]]
The best result ----------
WA: 75.3187%, UA: 74.6214%, macro f1: 74.4539%, weighted f1: 74.9777%
--------------------------
epoch: 22, lr: 0.0003074, loss: 0.4941
391.8837656000001
              precision    recall  f1-score   support

     neutral   0.793651  0.696864  0.742115       287
       happy   0.728346  0.880952  0.797414       210
         sad   0.785340  0.765306  0.775194       196
       angry   0.632530  0.617647  0.625000       170

    accuracy                       0.741599       863
   macro avg   0.734967  0.740192  0.734931       863
weighted avg   0.744134  0.741599  0.740014       863

[[200  45  14  28]
 [ 10 185   3  12]
 [ 14  11 150  21]
 [ 28  13  24 105]]
The best result ----------
WA: 75.3187%, UA: 74.6214%, macro f1: 74.4539%, weighted f1: 74.9777%
--------------------------
epoch: 23, lr: 0.000292, loss: 0.5106
408.55885700000016
              precision    recall  f1-score   support

     neutral   0.785156  0.700348  0.740331       287
       happy   0.743697  0.842857  0.790179       210
         sad   0.761194  0.780612  0.770781       196
       angry   0.630952  0.623529  0.627219       170

    accuracy                       0.738123       863
   macro avg   0.730250  0.736837  0.732127       863
weighted avg   0.739249  0.738123  0.737095       863

[[201  42  16  28]
 [ 17 177   4  12]
 [ 12   9 153  22]
 [ 26  10  28 106]]
The best result ----------
WA: 75.3187%, UA: 74.6214%, macro f1: 74.4539%, weighted f1: 74.9777%
--------------------------
epoch: 24, lr: 0.0002774, loss: 0.5049
425.12451860000016
              precision    recall  f1-score   support

     neutral   0.787755  0.672474  0.725564       287
       happy   0.776256  0.809524  0.792541       210
         sad   0.687764  0.831633  0.752887       196
       angry   0.629630  0.600000  0.614458       170

    accuracy                       0.727694       863
   macro avg   0.720351  0.728408  0.721362       863
weighted avg   0.731099  0.727694  0.726181       863

[[193  33  28  33]
 [ 20 170   8  12]
 [  9   9 163  15]
 [ 23   7  38 102]]
The best result ----------
WA: 75.3187%, UA: 74.6214%, macro f1: 74.4539%, weighted f1: 74.9777%
--------------------------
epoch: 25, lr: 0.0002635, loss: 0.5021
441.6664653000002
              precision    recall  f1-score   support

     neutral   0.813765  0.700348  0.752809       287
       happy   0.750000  0.900000  0.818182       210
         sad   0.745370  0.821429  0.781553       196
       angry   0.689189  0.600000  0.641509       170

    accuracy                       0.756663       863
   macro avg   0.749581  0.755444  0.748513       863
weighted avg   0.758175  0.756663  0.753320       863

[[201  42  19  25]
 [ 12 189   2   7]
 [ 12   9 161  14]
 [ 22  12  34 102]]
The best result ----------
WA: 75.6663%, UA: 75.5444%, macro f1: 74.8513%, weighted f1: 75.3320%
--------------------------
epoch: 26, lr: 0.0002503, loss: 0.4903
458.2121724000002
              precision    recall  f1-score   support

     neutral   0.827434  0.651568  0.729045       287
       happy   0.737255  0.895238  0.808602       210
         sad   0.707965  0.816327  0.758294       196
       angry   0.666667  0.611765  0.638037       170

    accuracy                       0.740440       863
   macro avg   0.734830  0.743724  0.733494       863
weighted avg   0.746688  0.740440  0.737120       863

[[187  48  25  27]
 [ 10 188   5   7]
 [ 11   7 160  18]
 [ 18  12  36 104]]
The best result ----------
WA: 75.6663%, UA: 75.5444%, macro f1: 74.8513%, weighted f1: 75.3320%
--------------------------
epoch: 27, lr: 0.0002378, loss: 0.5038
474.77337150000017
              precision    recall  f1-score   support

     neutral   0.790323  0.682927  0.732710       287
       happy   0.736842  0.866667  0.796499       210
         sad   0.796875  0.780612  0.788660       196
       angry   0.659091  0.682353  0.670520       170

    accuracy                       0.749710       863
   macro avg   0.745783  0.753140  0.747097       863
weighted avg   0.752946  0.749710  0.748689       863

[[196  46  14  31]
 [ 17 182   2   9]
 [ 14   9 153  20]
 [ 21  10  23 116]]
The best result ----------
WA: 75.6663%, UA: 75.5444%, macro f1: 74.8513%, weighted f1: 75.3320%
--------------------------
epoch: 28, lr: 0.0002259, loss: 0.5007
491.3778347000001
              precision    recall  f1-score   support

     neutral   0.803347  0.668990  0.730038       287
       happy   0.763485  0.876190  0.815965       210
         sad   0.738318  0.806122  0.770732       196
       angry   0.656805  0.652941  0.654867       170

    accuracy                       0.747393       863
   macro avg   0.740489  0.751061  0.742900       863
weighted avg   0.750011  0.747393  0.745382       863

[[192  43  23  29]
 [ 14 184   4   8]
 [ 11   6 158  21]
 [ 22   8  29 111]]
The best result ----------
WA: 75.6663%, UA: 75.5444%, macro f1: 74.8513%, weighted f1: 75.3320%
--------------------------
epoch: 29, lr: 0.0002146, loss: 0.4963
508.0463510000001
              precision    recall  f1-score   support

     neutral   0.796875  0.710801  0.751381       287
       happy   0.750000  0.871429  0.806167       210
         sad   0.803109  0.790816  0.796915       196
       angry   0.658824  0.658824  0.658824       170

    accuracy                       0.757822       863
   macro avg   0.752202  0.757967  0.753322       863
weighted avg   0.759690  0.757822  0.756821       863

[[204  43  11  29]
 [ 13 183   4  10]
 [ 16   6 155  19]
 [ 23  12  23 112]]
The best result ----------
WA: 75.7822%, UA: 75.7967%, macro f1: 75.3322%, weighted f1: 75.6821%
--------------------------
epoch: 30, lr: 0.0002039, loss: 0.4822
524.7754075
              precision    recall  f1-score   support

     neutral   0.797571  0.686411  0.737828       287
       happy   0.706767  0.895238  0.789916       210
         sad   0.772021  0.760204  0.766067       196
       angry   0.681529  0.629412  0.654434       170

    accuracy                       0.742758       863
   macro avg   0.739472  0.742816  0.737061       863
weighted avg   0.746813  0.742758  0.740489       863

[[197  51  14  25]
 [ 12 188   3   7]
 [ 16  13 149  18]
 [ 22  14  27 107]]
The best result ----------
WA: 75.7822%, UA: 75.7967%, macro f1: 75.3322%, weighted f1: 75.6821%
--------------------------
epoch: 31, lr: 0.0001937, loss: 0.4928
541.4898616
              precision    recall  f1-score   support

     neutral   0.830435  0.665505  0.738878       287
       happy   0.738095  0.885714  0.805195       210
         sad   0.738532  0.821429  0.777778       196
       angry   0.650307  0.623529  0.636637       170

    accuracy                       0.746234       863
   macro avg   0.739342  0.749044  0.739622       863
weighted avg   0.751610  0.746234  0.743710       863

[[191  48  19  29]
 [ 10 186   4  10]
 [  8   9 161  18]
 [ 21   9  34 106]]
The best result ----------
WA: 75.7822%, UA: 75.7967%, macro f1: 75.3322%, weighted f1: 75.6821%
--------------------------
epoch: 32, lr: 0.000184, loss: 0.5002
558.0449867000001
              precision    recall  f1-score   support

     neutral   0.801619  0.689895  0.741573       287
       happy   0.787330  0.828571  0.807425       210
         sad   0.748792  0.790816  0.769231       196
       angry   0.606383  0.670588  0.636872       170

    accuracy                       0.742758       863
   macro avg   0.736031  0.744968  0.738775       863
weighted avg   0.747685  0.742758  0.743254       863

[[198  33  23  33]
 [ 16 174   3  17]
 [ 11   6 155  24]
 [ 22   8  26 114]]
The best result ----------
WA: 75.7822%, UA: 75.7967%, macro f1: 75.3322%, weighted f1: 75.6821%
--------------------------
epoch: 33, lr: 0.0001748, loss: 0.5047
574.600095
              precision    recall  f1-score   support

     neutral   0.796078  0.707317  0.749077       287
       happy   0.733333  0.890476  0.804301       210
         sad   0.805405  0.760204  0.782152       196
       angry   0.660714  0.652941  0.656805       170

    accuracy                       0.753187       863
   macro avg   0.748883  0.752735  0.748084       863
weighted avg   0.756263  0.753187  0.751851       863

[[203  49   9  26]
 [ 12 187   3   8]
 [ 15   9 149  23]
 [ 25  10  24 111]]
The best result ----------
WA: 75.7822%, UA: 75.7967%, macro f1: 75.3322%, weighted f1: 75.6821%
--------------------------
epoch: 34, lr: 0.0001661, loss: 0.4862
591.1270166
              precision    recall  f1-score   support

     neutral   0.797710  0.728223  0.761384       287
       happy   0.761506  0.866667  0.810690       210
         sad   0.766667  0.821429  0.793103       196
       angry   0.690789  0.617647  0.652174       170

    accuracy                       0.761298       863
   macro avg   0.754168  0.758491  0.754338       863
weighted avg   0.760788  0.761298  0.759073       863

[[209  39  16  23]
 [ 14 182   4  10]
 [ 13   8 161  14]
 [ 26  10  29 105]]
The best result ----------
WA: 76.1298%, UA: 75.8491%, macro f1: 75.4338%, weighted f1: 75.9073%
--------------------------
epoch: 35, lr: 0.0001578, loss: 0.4819
607.6397301000001
              precision    recall  f1-score   support

     neutral   0.807087  0.714286  0.757856       287
       happy   0.761317  0.880952  0.816777       210
         sad   0.792553  0.760204  0.776042       196
       angry   0.651685  0.682353  0.666667       170

    accuracy                       0.758980       863
   macro avg   0.753161  0.759449  0.754335       863
weighted avg   0.762036  0.758980  0.758361       863

[[205  41  12  29]
 [ 12 185   3  10]
 [ 16   8 149  23]
 [ 21   9  24 116]]
The best result ----------
WA: 76.1298%, UA: 75.8491%, macro f1: 75.4338%, weighted f1: 75.9073%
--------------------------
epoch: 36, lr: 0.0001499, loss: 0.4949
624.2111417000001
              precision    recall  f1-score   support

     neutral   0.799197  0.693380  0.742537       287
       happy   0.751020  0.876190  0.808791       210
         sad   0.780000  0.795918  0.787879       196
       angry   0.668639  0.664706  0.666667       170

    accuracy                       0.755504       863
   macro avg   0.749714  0.757549  0.751468       863
weighted avg   0.757396  0.755504  0.754012       863

[[199  46  16  26]
 [ 13 184   3  10]
 [ 13   7 156  20]
 [ 24   8  25 113]]
The best result ----------
WA: 76.1298%, UA: 75.8491%, macro f1: 75.4338%, weighted f1: 75.9073%
--------------------------
epoch: 37, lr: 0.0001424, loss: 0.474
640.7511139000001
              precision    recall  f1-score   support

     neutral   0.771536  0.717770  0.743682       287
       happy   0.764463  0.880952  0.818584       210
         sad   0.747619  0.801020  0.773399       196
       angry   0.708333  0.600000  0.649682       170

    accuracy                       0.753187       863
   macro avg   0.747988  0.749936  0.746337       863
weighted avg   0.751933  0.753187  0.750141       863

[[206  41  19  21]
 [ 17 185   3   5]
 [ 16   7 157  16]
 [ 28   9  31 102]]
The best result ----------
WA: 76.1298%, UA: 75.8491%, macro f1: 75.4338%, weighted f1: 75.9073%
--------------------------
epoch: 38, lr: 0.0001353, loss: 0.4822
657.237015
              precision    recall  f1-score   support

     neutral   0.799197  0.693380  0.742537       287
       happy   0.732000  0.871429  0.795652       210
         sad   0.783920  0.795918  0.789873       196
       angry   0.684848  0.664706  0.674627       170

    accuracy                       0.754345       863
   macro avg   0.749991  0.756358  0.750672       863
weighted avg   0.756850  0.754345  0.752835       863

[[199  51  14  23]
 [ 14 183   3  10]
 [ 14   7 156  19]
 [ 22   9  26 113]]
The best result ----------
WA: 76.1298%, UA: 75.8491%, macro f1: 75.4338%, weighted f1: 75.9073%
--------------------------
epoch: 39, lr: 0.0001285, loss: 0.4859
673.8030474000001
              precision    recall  f1-score   support

     neutral   0.797619  0.700348  0.745826       287
       happy   0.753036  0.885714  0.814004       210
         sad   0.801047  0.780612  0.790698       196
       angry   0.664740  0.676471  0.670554       170

    accuracy                       0.758980       863
   macro avg   0.754111  0.760786  0.755270       863
weighted avg   0.761374  0.758980  0.757780       863

[[201  45  12  29]
 [ 12 186   3   9]
 [ 15   8 153  20]
 [ 24   8  23 115]]
The best result ----------
WA: 76.1298%, UA: 75.8491%, macro f1: 75.4338%, weighted f1: 75.9073%
--------------------------
epoch: 40, lr: 0.0001221, loss: 0.488
690.4191961000001
              precision    recall  f1-score   support

     neutral   0.819672  0.696864  0.753296       287
       happy   0.740000  0.880952  0.804348       210
         sad   0.797927  0.785714  0.791774       196
       angry   0.647727  0.670588  0.658960       170

    accuracy                       0.756663       863
   macro avg   0.751332  0.758530  0.752094       863
weighted avg   0.761475  0.756663  0.755874       863

[[200  46  11  30]
 [  9 185   3  13]
 [ 15   8 154  19]
 [ 20  11  25 114]]
The best result ----------
WA: 76.1298%, UA: 75.8491%, macro f1: 75.4338%, weighted f1: 75.9073%
--------------------------
epoch: 41, lr: 0.000116, loss: 0.475
707.1759790000001
              precision    recall  f1-score   support

     neutral   0.812245  0.693380  0.748120       287
       happy   0.746988  0.885714  0.810458       210
         sad   0.776650  0.780612  0.778626       196
       angry   0.680233  0.688235  0.684211       170

    accuracy                       0.758980       863
   macro avg   0.754029  0.761985  0.755354       863
weighted avg   0.762277  0.758980  0.757628       863

[[199  46  16  26]
 [ 14 186   3   7]
 [ 13   8 153  22]
 [ 19   9  25 117]]
The best result ----------
WA: 75.8980%, UA: 76.1985%, macro f1: 75.5354%, weighted f1: 75.7628%
--------------------------
epoch: 42, lr: 0.0001102, loss: 0.4883
724.0985725000002
              precision    recall  f1-score   support

     neutral   0.792308  0.717770  0.753199       287
       happy   0.739130  0.890476  0.807775       210
         sad   0.774359  0.770408  0.772379       196
       angry   0.690323  0.629412  0.658462       170

    accuracy                       0.754345       863
   macro avg   0.749030  0.752017  0.747954       863
weighted avg   0.755202  0.754345  0.752173       863

[[206  47  11  23]
 [ 15 187   3   5]
 [ 16   9 151  20]
 [ 23  10  30 107]]
The best result ----------
WA: 75.8980%, UA: 76.1985%, macro f1: 75.5354%, weighted f1: 75.7628%
--------------------------
epoch: 43, lr: 0.0001047, loss: 0.4749
741.1151173000002
              precision    recall  f1-score   support

     neutral   0.820408  0.700348  0.755639       287
       happy   0.761506  0.866667  0.810690       210
         sad   0.751196  0.801020  0.775309       196
       angry   0.641176  0.641176  0.641176       170

    accuracy                       0.752028       863
   macro avg   0.743572  0.752303  0.745704       863
weighted avg   0.755050  0.752028  0.750955       863

[[201  40  15  31]
 [ 13 182   4  11]
 [ 12   8 157  19]
 [ 19   9  33 109]]
The best result ----------
WA: 75.8980%, UA: 76.1985%, macro f1: 75.5354%, weighted f1: 75.7628%
--------------------------
epoch: 44, lr: 9.944e-05, loss: 0.4769
757.8186551000002
              precision    recall  f1-score   support

     neutral   0.787546  0.749129  0.767857       287
       happy   0.788793  0.871429  0.828054       210
         sad   0.787565  0.775510  0.781491       196
       angry   0.684848  0.664706  0.674627       170

    accuracy                       0.768250       863
   macro avg   0.762188  0.765193  0.763007       863
weighted avg   0.767624  0.768250  0.767237       863

[[215  33  13  26]
 [ 17 183   2   8]
 [ 17   9 152  18]
 [ 24   7  26 113]]
The best result ----------
WA: 76.8250%, UA: 76.5193%, macro f1: 76.3007%, weighted f1: 76.7237%
--------------------------
epoch: 45, lr: 9.447e-05, loss: 0.495
774.5530758000002
              precision    recall  f1-score   support

     neutral   0.825328  0.658537  0.732558       287
       happy   0.721805  0.914286  0.806723       210
         sad   0.758621  0.785714  0.771930       196
       angry   0.660606  0.641176  0.650746       170

    accuracy                       0.746234       863
   macro avg   0.741590  0.749928  0.740489       863
weighted avg   0.752538  0.746234  0.743431       863

[[189  53  15  30]
 [  7 192   4   7]
 [ 14   9 154  19]
 [ 19  12  30 109]]
The best result ----------
WA: 76.8250%, UA: 76.5193%, macro f1: 76.3007%, weighted f1: 76.7237%
--------------------------
epoch: 46, lr: 8.974e-05, loss: 0.4922
791.2793003000002
              precision    recall  f1-score   support

     neutral   0.820084  0.682927  0.745247       287
       happy   0.739130  0.890476  0.807775       210
         sad   0.791667  0.775510  0.783505       196
       angry   0.659218  0.694118  0.676218       170

    accuracy                       0.756663       863
   macro avg   0.752525  0.760758  0.753186       863
weighted avg   0.762242  0.756663  0.755554       863

[[196  47  15  29]
 [  9 187   3  11]
 [ 13  10 152  21]
 [ 21   9  22 118]]
The best result ----------
WA: 76.8250%, UA: 76.5193%, macro f1: 76.3007%, weighted f1: 76.7237%
--------------------------
epoch: 47, lr: 8.526e-05, loss: 0.4745
807.9445797000002
              precision    recall  f1-score   support

     neutral   0.817121  0.731707  0.772059       287
       happy   0.779167  0.890476  0.831111       210
         sad   0.796954  0.801020  0.798982       196
       angry   0.686391  0.682353  0.684366       170

    accuracy                       0.776362       863
   macro avg   0.769908  0.776389  0.771629       863
weighted avg   0.777553  0.776362  0.775269       863

[[210  38  14  25]
 [ 11 187   3   9]
 [ 13   7 157  19]
 [ 23   8  23 116]]
The best result ----------
WA: 77.6362%, UA: 77.6389%, macro f1: 77.1629%, weighted f1: 77.5269%
--------------------------
epoch: 48, lr: 8.099e-05, loss: 0.4924
824.6592686000001
              precision    recall  f1-score   support

     neutral   0.806324  0.710801  0.755556       287
       happy   0.777311  0.880952  0.825893       210
         sad   0.763033  0.821429  0.791155       196
       angry   0.677019  0.641176  0.658610       170

    accuracy                       0.763615       863
   macro avg   0.755922  0.763590  0.757803       863
weighted avg   0.763961  0.763615  0.761659       863

[[204  40  15  28]
 [ 13 185   4   8]
 [ 13   6 161  16]
 [ 23   7  31 109]]
The best result ----------
WA: 77.6362%, UA: 77.6389%, macro f1: 77.1629%, weighted f1: 77.5269%
--------------------------
epoch: 49, lr: 7.694e-05, loss: 0.4762
841.4632437000001
              precision    recall  f1-score   support

     neutral   0.797794  0.756098  0.776386       287
       happy   0.780591  0.880952  0.827740       210
         sad   0.794872  0.790816  0.792839       196
       angry   0.685535  0.641176  0.662614       170

    accuracy                       0.771727       863
   macro avg   0.764698  0.767261  0.764895       863
weighted avg   0.770830  0.771727  0.770208       863

[[217  37  12  21]
 [ 12 185   3  10]
 [ 16   6 155  19]
 [ 27   9  25 109]]
The best result ----------
WA: 77.6362%, UA: 77.6389%, macro f1: 77.1629%, weighted f1: 77.5269%
--------------------------
