-------------------------------------------
455173236
              precision    recall  f1-score   support

     neutral   0.814815  0.804878  0.809816       164
       happy   0.882353  0.882353  0.882353       136
         sad   0.719298  0.872340  0.788462        47
       angry   0.774194  0.712871  0.742268       101

    accuracy                       0.814732       448
   macro avg   0.797665  0.818111  0.805725       448
weighted avg   0.816139  0.814732  0.814367       448

[[132  10   4  18]
 [ 14 120   1   1]
 [  3   1  41   2]
 [ 13   5  11  72]]
{'train': '{"3": 429, "0": 719, "1": 421, "2": 219}', 'test': '{"1": 136, "0": 164, "3": 101, "2": 47}', 'train_seg': 'dict_items([(3, 5729), (0, 10854), (1, 7773), (2, 3512)])'}
Running time with 1 iterations: 408.2785799
-------------------------------------------

-------------------------------------------
1283681621
              precision    recall  f1-score   support

     neutral   0.845745  0.845745  0.845745       188
       happy   0.878505  0.912621  0.895238       103
         sad   0.837838  0.620000  0.712644        50
       angry   0.741379  0.803738  0.771300       107

    accuracy                       0.825893       448
   macro avg   0.825867  0.795526  0.806232       448
weighted avg   0.827468  0.825893  0.824489       448

[[159   7   2  20]
 [  8  94   0   1]
 [  7   3  31   9]
 [ 14   3   4  86]]
{'train': '{"3": 423, "1": 454, "0": 695, "2": 216}', 'test': '{"0": 188, "1": 103, "3": 107, "2": 50}', 'train_seg': 'dict_items([(3, 5704), (1, 8163), (0, 10649), (2, 3470)])'}
Running time with 1 iterations: 461.04338640000003
-------------------------------------------

-------------------------------------------
1283681621
              precision    recall  f1-score   support

     neutral   0.813830  0.813830  0.813830       188
       happy   0.863636  0.922330  0.892019       103
         sad   0.738095  0.620000  0.673913        50
       angry   0.712963  0.719626  0.716279       107

    accuracy                       0.794643       448
   macro avg   0.782131  0.768947  0.774010       448
weighted avg   0.792737  0.794643  0.792892       448

[[153   9   5  21]
 [  7  95   0   1]
 [  7   3  31   9]
 [ 21   3   6  77]]
{'train': '{"3": 423, "1": 454, "0": 695, "2": 216}', 'test': '{"0": 188, "1": 103, "3": 107, "2": 50}', 'train_seg': 'dict_items([(3, 5704), (1, 8163), (0, 10649), (2, 3470)])'}
Running time with 1 iterations: 416.2533772
-------------------------------------------

-------------------------------------------
1907836032
              precision    recall  f1-score   support

     neutral   0.752632  0.807910  0.779292       177
       happy   0.785714  0.891892  0.835443       111
         sad   0.829787  0.696429  0.757282        56
       angry   0.776471  0.634615  0.698413       104

    accuracy                       0.774554       448
   macro avg   0.786151  0.757711  0.767607       448
weighted avg   0.776007  0.774554  0.771677       448

[[143  19   1  14]
 [ 11  99   1   0]
 [ 10   2  39   5]
 [ 26   6   6  66]]
{'train': '{"1": 446, "2": 210, "0": 706, "3": 426}', 'test': '{"0": 177, "1": 111, "3": 104, "2": 56}', 'train_seg': 'dict_items([(1, 7675), (2, 3410), (0, 10565), (3, 5882)])'}
Running time with 1 iterations: 438.6547585
-------------------------------------------

-------------------------------------------
596773485
              precision    recall  f1-score   support

     neutral   0.796610  0.805714  0.801136       175
       happy   0.830645  0.911504  0.869198       113
         sad   0.826087  0.633333  0.716981        60
       angry   0.742574  0.750000  0.746269       100

    accuracy                       0.796875       448
   macro avg   0.798979  0.775138  0.783396       448
weighted avg   0.797081  0.796875  0.794786       448

[[141  13   4  17]
 [  9 103   1   0]
 [ 12   1  38   9]
 [ 15   7   3  75]]
{'train': '{"1": 444, "3": 430, "0": 708, "2": 206}', 'test': '{"0": 175, "1": 113, "2": 60, "3": 100}', 'train_seg': 'dict_items([(1, 7867), (3, 6015), (0, 10933), (2, 3351)])'}
Running time with 1 iterations: 413.50298530000003
-------------------------------------------

