epoch: 0, lr: 0.00095, loss: 1.175
57.4143249
              precision    recall  f1-score   support

     neutral   0.613636  0.665493  0.638514       284
       happy   0.654545  0.695652  0.674473       207
         sad   0.681818  0.714286  0.697674       189
       angry   0.591241  0.442623  0.506250       183

    accuracy                       0.636153       863
   macro avg   0.635310  0.629513  0.629228       863
weighted avg   0.633632  0.636153  0.632049       863

[[189  61  12  22]
 [ 44 144   8  11]
 [ 27   4 135  23]
 [ 48  11  43  81]]
The best result ----------
WA: 63.6153%, UA: 62.9513%, macro f1: 62.9228%, weighted f1: 63.2049%
--------------------------
epoch: 1, lr: 0.0009025, loss: 1.058
112.09343769999998
              precision    recall  f1-score   support

     neutral   0.714953  0.538732  0.614458       284
       happy   0.649606  0.797101  0.715835       207
         sad   0.617778  0.735450  0.671498       189
       angry   0.611765  0.568306  0.589235       183

    accuracy                       0.650058       863
   macro avg   0.648526  0.659897  0.647756       863
weighted avg   0.656116  0.650058  0.645918       863

[[153  68  31  32]
 [ 21 165  11  10]
 [ 21   5 139  24]
 [ 19  16  44 104]]
The best result ----------
WA: 65.0058%, UA: 65.9897%, macro f1: 64.7756%, weighted f1: 64.5918%
--------------------------
epoch: 2, lr: 0.0008574, loss: 0.9828
166.87767759999997
              precision    recall  f1-score   support

     neutral   0.675214  0.556338  0.610039       284
       happy   0.565350  0.898551  0.694030       207
         sad   0.718593  0.756614  0.737113       189
       angry   0.722772  0.398907  0.514085       183

    accuracy                       0.648899       863
   macro avg   0.670482  0.652602  0.638817       863
weighted avg   0.668447  0.648899  0.637667       863

[[158  99  16  11]
 [ 12 186   6   3]
 [ 23   9 143  14]
 [ 41  35  34  73]]
The best result ----------
WA: 65.0058%, UA: 65.9897%, macro f1: 64.7756%, weighted f1: 64.5918%
--------------------------
epoch: 3, lr: 0.0008145, loss: 0.9135
221.88239079999997
              precision    recall  f1-score   support

     neutral   0.739796  0.510563  0.604167       284
       happy   0.575949  0.879227  0.695985       207
         sad   0.654008  0.820106  0.727700       189
       angry   0.675439  0.420765  0.518519       183

    accuracy                       0.647740       863
   macro avg   0.661298  0.657665  0.636592       863
weighted avg   0.668061  0.647740  0.635083       863

[[145  96  23  20]
 [ 13 182   7   5]
 [ 12  10 155  12]
 [ 26  28  52  77]]
The best result ----------
WA: 65.0058%, UA: 65.9897%, macro f1: 64.7756%, weighted f1: 64.5918%
--------------------------
epoch: 4, lr: 0.0007738, loss: 0.8176
277.2593293
              precision    recall  f1-score   support

     neutral   0.737991  0.595070  0.658869       284
       happy   0.655431  0.845411  0.738397       207
         sad   0.657895  0.793651  0.719424       189
       angry   0.726619  0.551913  0.627329       183

    accuracy                       0.689455       863
   macro avg   0.694484  0.696511  0.686005       863
weighted avg   0.698235  0.689455  0.684519       863

[[169  61  32  22]
 [ 20 175   9   3]
 [ 16  10 150  13]
 [ 24  21  37 101]]
The best result ----------
WA: 68.9455%, UA: 69.6511%, macro f1: 68.6005%, weighted f1: 68.4519%
--------------------------
epoch: 5, lr: 0.0007351, loss: 0.7379
332.5999764
              precision    recall  f1-score   support

     neutral   0.788571  0.485915  0.601307       284
       happy   0.837500  0.647343  0.730245       207
         sad   0.637131  0.798942  0.708920       189
       angry   0.481100  0.765027  0.590717       183

    accuracy                       0.652375       863
   macro avg   0.686075  0.674307  0.657797       863
weighted avg   0.701942  0.652375  0.653556       863

[[138  22  36  88]
 [ 21 134  17  35]
 [  8   2 151  28]
 [  8   2  33 140]]
The best result ----------
WA: 68.9455%, UA: 69.6511%, macro f1: 68.6005%, weighted f1: 68.4519%
--------------------------
epoch: 6, lr: 0.0006983, loss: 0.675
387.9061238
              precision    recall  f1-score   support

     neutral   0.726236  0.672535  0.698355       284
       happy   0.748815  0.763285  0.755981       207
         sad   0.610895  0.830688  0.704036       189
       angry   0.704545  0.508197  0.590476       183

    accuracy                       0.694090       863
   macro avg   0.697623  0.693676  0.687212       863
weighted avg   0.701792  0.694090  0.690545       863

[[191  37  37  19]
 [ 26 158  16   7]
 [ 15   4 157  13]
 [ 31  12  47  93]]
The best result ----------
WA: 69.4090%, UA: 69.3676%, macro f1: 68.7212%, weighted f1: 69.0545%
--------------------------
epoch: 7, lr: 0.0006634, loss: 0.6304
441.73154259999995
              precision    recall  f1-score   support

     neutral   0.712687  0.672535  0.692029       284
       happy   0.763285  0.763285  0.763285       207
         sad   0.682028  0.783069  0.729064       189
       angry   0.654971  0.612022  0.632768       183

    accuracy                       0.705678       863
   macro avg   0.703243  0.707728  0.704287       863
weighted avg   0.705870  0.705678  0.704665       863

[[191  40  25  28]
 [ 27 158  11  11]
 [ 17   4 148  20]
 [ 33   5  33 112]]
The best result ----------
WA: 70.5678%, UA: 70.7728%, macro f1: 70.4287%, weighted f1: 70.4665%
--------------------------
epoch: 8, lr: 0.0006302, loss: 0.6076
495.68720099999996
              precision    recall  f1-score   support

     neutral   0.713710  0.623239  0.665414       284
       happy   0.719828  0.806763  0.760820       207
         sad   0.734694  0.761905  0.748052       189
       angry   0.647059  0.661202  0.654054       183

    accuracy                       0.705678       863
   macro avg   0.703822  0.713277  0.707085       863
weighted avg   0.705639  0.705678  0.703987       863

[[177  51  22  34]
 [ 21 167   5  14]
 [ 21   6 144  18]
 [ 29   8  25 121]]
The best result ----------
WA: 70.5678%, UA: 71.3277%, macro f1: 70.7085%, weighted f1: 70.3987%
--------------------------
epoch: 9, lr: 0.0005987, loss: 0.5788
550.2908646999999
              precision    recall  f1-score   support

     neutral   0.714801  0.697183  0.705882       284
       happy   0.772277  0.753623  0.762836       207
         sad   0.724138  0.777778  0.750000       189
       angry   0.657459  0.650273  0.653846       183

    accuracy                       0.718424       863
   macro avg   0.717169  0.719714  0.718141       863
weighted avg   0.718473  0.718424  0.718171       863

[[198  36  19  31]
 [ 31 156   8  12]
 [ 18   5 147  19]
 [ 30   5  29 119]]
The best result ----------
WA: 71.8424%, UA: 71.9714%, macro f1: 71.8141%, weighted f1: 71.8171%
--------------------------
epoch: 10, lr: 0.0005688, loss: 0.5624
605.2677455999999
              precision    recall  f1-score   support

     neutral   0.786047  0.595070  0.677355       284
       happy   0.690566  0.884058  0.775424       207
         sad   0.655738  0.846561  0.739030       189
       angry   0.712230  0.540984  0.614907       183

    accuracy                       0.707995       863
   macro avg   0.711145  0.716668  0.701679       863
weighted avg   0.718954  0.707995  0.701143       863

[[169  60  33  22]
 [ 11 183   9   4]
 [  9   6 160  14]
 [ 26  16  42  99]]
The best result ----------
WA: 71.8424%, UA: 71.9714%, macro f1: 71.8141%, weighted f1: 71.8171%
--------------------------
epoch: 11, lr: 0.0005404, loss: 0.5536
658.2104467999999
              precision    recall  f1-score   support

     neutral   0.705085  0.732394  0.718480       284
       happy   0.785366  0.777778  0.781553       207
         sad   0.689189  0.809524  0.744526       189
       angry   0.687943  0.530055  0.598765       183

    accuracy                       0.717265       863
   macro avg   0.716896  0.712438  0.710831       863
weighted avg   0.717225  0.717265  0.713927       863

[[208  30  23  23]
 [ 29 161   7  10]
 [ 19   6 153  11]
 [ 39   8  39  97]]
The best result ----------
WA: 71.8424%, UA: 71.9714%, macro f1: 71.8141%, weighted f1: 71.8171%
--------------------------
epoch: 12, lr: 0.0005133, loss: 0.5432
715.2017460999999
              precision    recall  f1-score   support

     neutral   0.767932  0.640845  0.698656       284
       happy   0.729258  0.806763  0.766055       207
         sad   0.638211  0.830688  0.721839       189
       angry   0.708609  0.584699  0.640719       183

    accuracy                       0.710313       863
   macro avg   0.711003  0.715749  0.706817       863
weighted avg   0.717667  0.710313  0.707614       863

[[182  46  35  21]
 [ 18 167  12  10]
 [ 13   6 157  13]
 [ 24  10  42 107]]
The best result ----------
WA: 71.8424%, UA: 71.9714%, macro f1: 71.8141%, weighted f1: 71.8171%
--------------------------
epoch: 13, lr: 0.0004877, loss: 0.5375
771.1539234999999
              precision    recall  f1-score   support

     neutral   0.754310  0.616197  0.678295       284
       happy   0.719828  0.806763  0.760820       207
         sad   0.719212  0.772487  0.744898       189
       angry   0.632653  0.677596  0.654354       183

    accuracy                       0.709154       863
   macro avg   0.706501  0.718261  0.709592       863
weighted avg   0.712555  0.709154  0.707599       863

[[175  50  19  40]
 [ 20 167   9  11]
 [ 17   5 146  21]
 [ 20  10  29 124]]
The best result ----------
WA: 71.8424%, UA: 71.9714%, macro f1: 71.8141%, weighted f1: 71.8171%
--------------------------
epoch: 14, lr: 0.0004633, loss: 0.5275
828.4052949999999
              precision    recall  f1-score   support

     neutral   0.667665  0.785211  0.721683       284
       happy   0.790000  0.763285  0.776413       207
         sad   0.743590  0.767196  0.755208       189
       angry   0.753731  0.551913  0.637224       183

    accuracy                       0.726535       863
   macro avg   0.738746  0.716901  0.722632       863
weighted avg   0.731887  0.726535  0.724243       863

[[223  31  16  14]
 [ 39 158   4   6]
 [ 27   4 145  13]
 [ 45   7  30 101]]
The best result ----------
WA: 72.6535%, UA: 71.6901%, macro f1: 72.2632%, weighted f1: 72.4243%
--------------------------
epoch: 15, lr: 0.0004401, loss: 0.5019
885.4196817
              precision    recall  f1-score   support

     neutral   0.700375  0.658451  0.678766       284
       happy   0.725000  0.840580  0.778523       207
         sad   0.721393  0.767196  0.743590       189
       angry   0.664516  0.562842  0.609467       183

    accuracy                       0.705678       863
   macro avg   0.702821  0.707267  0.702587       863
weighted avg   0.703281  0.705678  0.702196       863

[[187  48  22  27]
 [ 19 174   3  11]
 [ 24   6 145  14]
 [ 37  12  31 103]]
The best result ----------
WA: 72.6535%, UA: 71.6901%, macro f1: 72.2632%, weighted f1: 72.4243%
--------------------------
epoch: 16, lr: 0.0004181, loss: 0.5091
942.4950425
              precision    recall  f1-score   support

     neutral   0.711610  0.669014  0.689655       284
       happy   0.718367  0.850242  0.778761       207
         sad   0.817610  0.687831  0.747126       189
       angry   0.645833  0.677596  0.661333       183

    accuracy                       0.718424       863
   macro avg   0.723355  0.721170  0.719219       863
weighted avg   0.722497  0.718424  0.717609       863

[[190  52  11  31]
 [ 18 176   4   9]
 [ 27   4 130  28]
 [ 32  13  14 124]]
The best result ----------
WA: 72.6535%, UA: 71.6901%, macro f1: 72.2632%, weighted f1: 72.4243%
--------------------------
epoch: 17, lr: 0.0003972, loss: 0.5049
999.4786848999998
              precision    recall  f1-score   support

     neutral   0.673077  0.739437  0.704698       284
       happy   0.773399  0.758454  0.765854       207
         sad   0.706468  0.751323  0.728205       189
       angry   0.721088  0.579235  0.642424       183

    accuracy                       0.712630       863
   macro avg   0.718508  0.707112  0.710295       863
weighted avg   0.714634  0.712630  0.711310       863

[[210  34  19  21]
 [ 36 157   6   8]
 [ 29   6 142  12]
 [ 37   6  34 106]]
The best result ----------
WA: 72.6535%, UA: 71.6901%, macro f1: 72.2632%, weighted f1: 72.4243%
--------------------------
epoch: 18, lr: 0.0003774, loss: 0.5112
1056.6592226999996
              precision    recall  f1-score   support

     neutral   0.687500  0.735915  0.710884       284
       happy   0.818182  0.739130  0.776650       207
         sad   0.712042  0.719577  0.715789       189
       angry   0.646409  0.639344  0.642857       183

    accuracy                       0.712630       863
   macro avg   0.716033  0.708492  0.711545       863
weighted avg   0.715507  0.712630  0.713308       863

[[209  25  20  30]
 [ 39 153   6   9]
 [ 25   3 136  25]
 [ 31   6  29 117]]
The best result ----------
WA: 72.6535%, UA: 71.6901%, macro f1: 72.2632%, weighted f1: 72.4243%
--------------------------
epoch: 19, lr: 0.0003585, loss: 0.5134
1112.2354047999995
              precision    recall  f1-score   support

     neutral   0.703571  0.693662  0.698582       284
       happy   0.745370  0.777778  0.761229       207
         sad   0.756757  0.740741  0.748663       189
       angry   0.642857  0.639344  0.641096       183

    accuracy                       0.712630       863
   macro avg   0.712139  0.712881  0.712392       863
weighted avg   0.712371  0.712630  0.712386       863

[[197  38  18  31]
 [ 31 161   3  12]
 [ 21   6 140  22]
 [ 31  11  24 117]]
The best result ----------
WA: 72.6535%, UA: 71.6901%, macro f1: 72.2632%, weighted f1: 72.4243%
--------------------------
epoch: 20, lr: 0.0003406, loss: 0.5138
1166.3582728999995
              precision    recall  f1-score   support

     neutral   0.739837  0.640845  0.686792       284
       happy   0.718367  0.850242  0.778761       207
         sad   0.708738  0.772487  0.739241       189
       angry   0.668675  0.606557  0.636103       183

    accuracy                       0.712630       863
   macro avg   0.708904  0.717533  0.710224       863
weighted avg   0.712787  0.712630  0.709590       863

[[182  50  23  29]
 [ 19 176   7   5]
 [ 15   7 146  21]
 [ 30  12  30 111]]
The best result ----------
WA: 72.6535%, UA: 71.6901%, macro f1: 72.2632%, weighted f1: 72.4243%
--------------------------
epoch: 21, lr: 0.0003235, loss: 0.5068
1221.2290769999997
              precision    recall  f1-score   support

     neutral   0.684932  0.704225  0.694444       284
       happy   0.751111  0.816425  0.782407       207
         sad   0.733668  0.772487  0.752577       189
       angry   0.714286  0.573770  0.636364       183

    accuracy                       0.718424       863
   macro avg   0.720999  0.716727  0.716448       863
weighted avg   0.717704  0.718424  0.715959       863

[[200  40  22  22]
 [ 26 169   5   7]
 [ 24   6 146  13]
 [ 42  10  26 105]]
The best result ----------
WA: 72.6535%, UA: 71.6901%, macro f1: 72.2632%, weighted f1: 72.4243%
--------------------------
epoch: 22, lr: 0.0003074, loss: 0.4818
1276.3594164999997
              precision    recall  f1-score   support

     neutral   0.707581  0.690141  0.698752       284
       happy   0.745455  0.792271  0.768150       207
         sad   0.670996  0.820106  0.738095       189
       angry   0.696296  0.513661  0.591195       183

    accuracy                       0.705678       863
   macro avg   0.705082  0.704045  0.699048       863
weighted avg   0.706260  0.705678  0.701207       863

[[196  37  28  23]
 [ 31 164   6   6]
 [ 17   5 155  12]
 [ 33  14  42  94]]
The best result ----------
WA: 72.6535%, UA: 71.6901%, macro f1: 72.2632%, weighted f1: 72.4243%
--------------------------
epoch: 23, lr: 0.000292, loss: 0.5014
1331.3451154999998
              precision    recall  f1-score   support

     neutral   0.704797  0.672535  0.688288       284
       happy   0.731278  0.801932  0.764977       207
         sad   0.730964  0.761905  0.746114       189
       angry   0.660714  0.606557  0.632479       183

    accuracy                       0.709154       863
   macro avg   0.706938  0.710732  0.707964       863
weighted avg   0.707532  0.709154  0.707512       863

[[191  41  24  28]
 [ 28 166   4   9]
 [ 19   6 144  20]
 [ 33  14  25 111]]
The best result ----------
WA: 72.6535%, UA: 71.6901%, macro f1: 72.2632%, weighted f1: 72.4243%
--------------------------
epoch: 24, lr: 0.0002774, loss: 0.4911
1382.2698166999999
              precision    recall  f1-score   support

     neutral   0.682927  0.690141  0.686515       284
       happy   0.777228  0.758454  0.767726       207
         sad   0.726804  0.746032  0.736292       189
       angry   0.655556  0.644809  0.650138       183

    accuracy                       0.709154       863
   macro avg   0.710629  0.709859  0.710168       863
weighted avg   0.709351  0.709154  0.709182       863

[[196  37  21  30]
 [ 34 157   5  11]
 [ 24   3 141  21]
 [ 33   5  27 118]]
The best result ----------
WA: 72.6535%, UA: 71.6901%, macro f1: 72.2632%, weighted f1: 72.4243%
--------------------------
epoch: 25, lr: 0.0002635, loss: 0.5012
1437.2373774999999
              precision    recall  f1-score   support

     neutral   0.695502  0.707746  0.701571       284
       happy   0.758140  0.787440  0.772512       207
         sad   0.786517  0.740741  0.762943       189
       angry   0.640884  0.633880  0.637363       183

    accuracy                       0.718424       863
   macro avg   0.720261  0.717452  0.718597       863
weighted avg   0.718877  0.718424  0.718412       863

[[201  36  14  33]
 [ 32 163   4   8]
 [ 21   4 140  24]
 [ 35  12  20 116]]
The best result ----------
WA: 72.6535%, UA: 71.6901%, macro f1: 72.2632%, weighted f1: 72.4243%
--------------------------
epoch: 26, lr: 0.0002503, loss: 0.4886
1491.5237046999998
              precision    recall  f1-score   support

     neutral   0.712000  0.626761  0.666667       284
       happy   0.731602  0.816425  0.771689       207
         sad   0.733668  0.772487  0.752577       189
       angry   0.639344  0.639344  0.639344       183

    accuracy                       0.706837       863
   macro avg   0.704154  0.713754  0.707569       863
weighted avg   0.706040  0.706837  0.704879       863

[[178  48  20  38]
 [ 26 169   5   7]
 [ 17   5 146  21]
 [ 29   9  28 117]]
The best result ----------
WA: 72.6535%, UA: 71.6901%, macro f1: 72.2632%, weighted f1: 72.4243%
--------------------------
epoch: 27, lr: 0.0002378, loss: 0.4974
1548.0080999999998
              precision    recall  f1-score   support

     neutral   0.689394  0.640845  0.664234       284
       happy   0.762791  0.792271  0.777251       207
         sad   0.728723  0.724868  0.726790       189
       angry   0.602041  0.644809  0.622691       183

    accuracy                       0.696408       863
   macro avg   0.695737  0.700698  0.697742       863
weighted avg   0.697089  0.696408  0.696233       863

[[182  39  23  40]
 [ 26 164   4  13]
 [ 23   4 137  25]
 [ 33   8  24 118]]
The best result ----------
WA: 72.6535%, UA: 71.6901%, macro f1: 72.2632%, weighted f1: 72.4243%
--------------------------
epoch: 28, lr: 0.0002259, loss: 0.4985
1604.3130947999998
              precision    recall  f1-score   support

     neutral   0.666667  0.781690  0.719611       284
       happy   0.747706  0.787440  0.767059       207
         sad   0.755682  0.703704  0.728767       189
       angry   0.727941  0.540984  0.620690       183

    accuracy                       0.714948       863
   macro avg   0.724499  0.703454  0.709032       863
weighted avg   0.718593  0.714948  0.712021       863

[[222  36  13  13]
 [ 33 163   4   7]
 [ 34   5 133  17]
 [ 44  14  26  99]]
The best result ----------
WA: 72.6535%, UA: 71.6901%, macro f1: 72.2632%, weighted f1: 72.4243%
--------------------------
epoch: 29, lr: 0.0002146, loss: 0.4689
1661.3400590999997
              precision    recall  f1-score   support

     neutral   0.686869  0.718310  0.702238       284
       happy   0.754630  0.787440  0.770686       207
         sad   0.744898  0.772487  0.758442       189
       angry   0.714286  0.601093  0.652819       183

    accuracy                       0.721900       863
   macro avg   0.725170  0.719832  0.721046       863
weighted avg   0.721644  0.721900  0.720485       863

[[204  37  20  23]
 [ 33 163   5   6]
 [ 24   4 146  15]
 [ 36  12  25 110]]
The best result ----------
WA: 72.6535%, UA: 71.6901%, macro f1: 72.2632%, weighted f1: 72.4243%
--------------------------
epoch: 30, lr: 0.0002039, loss: 0.4822
1718.3193728999997
              precision    recall  f1-score   support

     neutral   0.676101  0.757042  0.714286       284
       happy   0.782178  0.763285  0.772616       207
         sad   0.767568  0.751323  0.759358       189
       angry   0.715190  0.617486  0.662757       183

    accuracy                       0.727694       863
   macro avg   0.735259  0.722284  0.727254       863
weighted avg   0.729865  0.727694  0.727221       863

[[215  32  17  20]
 [ 36 158   4   9]
 [ 27   4 142  16]
 [ 40   8  22 113]]
The best result ----------
WA: 72.7694%, UA: 72.2284%, macro f1: 72.7254%, weighted f1: 72.7221%
--------------------------
epoch: 31, lr: 0.0001937, loss: 0.4769
1778.0905909999997
              precision    recall  f1-score   support

     neutral   0.713725  0.640845  0.675325       284
       happy   0.711297  0.821256  0.762332       207
         sad   0.747475  0.783069  0.764858       189
       angry   0.660819  0.617486  0.638418       183

    accuracy                       0.710313       863
   macro avg   0.708329  0.715664  0.710233       863
weighted avg   0.709315  0.710313  0.707976       863

[[182  49  20  33]
 [ 25 170   4   8]
 [ 18   6 148  17]
 [ 30  14  26 113]]
The best result ----------
WA: 72.7694%, UA: 72.2284%, macro f1: 72.7254%, weighted f1: 72.7221%
--------------------------
epoch: 32, lr: 0.000184, loss: 0.4747
1832.9223212999996
              precision    recall  f1-score   support

     neutral   0.667683  0.771127  0.715686       284
       happy   0.788660  0.739130  0.763092       207
         sad   0.688372  0.783069  0.732673       189
       angry   0.753968  0.519126  0.614887       183

    accuracy                       0.712630       863
   macro avg   0.724671  0.703113  0.706585       863
weighted avg   0.719528  0.712630  0.709403       863

[[219  28  23  14]
 [ 40 153  10   4]
 [ 24   4 148  13]
 [ 45   9  34  95]]
The best result ----------
WA: 72.7694%, UA: 72.2284%, macro f1: 72.7254%, weighted f1: 72.7221%
--------------------------
epoch: 33, lr: 0.0001748, loss: 0.4785
1888.2969762999994
              precision    recall  f1-score   support

     neutral   0.708633  0.693662  0.701068       284
       happy   0.745536  0.806763  0.774942       207
         sad   0.744565  0.724868  0.734584       189
       angry   0.649718  0.628415  0.638889       183

    accuracy                       0.713789       863
   macro avg   0.712113  0.713427  0.712371       863
weighted avg   0.712861  0.713789  0.712942       863

[[197  39  17  31]
 [ 28 167   5   7]
 [ 21   7 137  24]
 [ 32  11  25 115]]
The best result ----------
WA: 72.7694%, UA: 72.2284%, macro f1: 72.7254%, weighted f1: 72.7221%
--------------------------
epoch: 34, lr: 0.0001661, loss: 0.4829
1942.1977242999994
              precision    recall  f1-score   support

     neutral   0.696970  0.728873  0.712565       284
       happy   0.717391  0.797101  0.755149       207
         sad   0.770950  0.730159  0.750000       189
       angry   0.687898  0.590164  0.635294       183

    accuracy                       0.716107       863
   macro avg   0.718302  0.711574  0.713252       863
weighted avg   0.716146  0.716107  0.714592       863

[[207  42  13  22]
 [ 30 165   4   8]
 [ 25   7 138  19]
 [ 35  16  24 108]]
The best result ----------
WA: 72.7694%, UA: 72.2284%, macro f1: 72.7254%, weighted f1: 72.7221%
--------------------------
epoch: 35, lr: 0.0001578, loss: 0.4714
1995.099763899999
              precision    recall  f1-score   support

     neutral   0.712687  0.672535  0.692029       284
       happy   0.716667  0.830918  0.769575       207
         sad   0.777778  0.740741  0.758808       189
       angry   0.668571  0.639344  0.653631       183

    accuracy                       0.718424       863
   macro avg   0.718926  0.720885  0.718511       863
weighted avg   0.718542  0.718424  0.717112       863

[[191  46  16  31]
 [ 24 172   4   7]
 [ 22   7 140  20]
 [ 31  15  20 117]]
The best result ----------
WA: 72.7694%, UA: 72.2284%, macro f1: 72.7254%, weighted f1: 72.7221%
--------------------------
epoch: 36, lr: 0.0001499, loss: 0.4856
2047.7335103999987
              precision    recall  f1-score   support

     neutral   0.705455  0.683099  0.694097       284
       happy   0.750000  0.797101  0.772834       207
         sad   0.746032  0.746032  0.746032       189
       angry   0.659218  0.644809  0.651934       183

    accuracy                       0.716107       863
   macro avg   0.715176  0.717760  0.716224       863
weighted avg   0.715221  0.716107  0.715416       863

[[194  39  20  31]
 [ 31 165   4   7]
 [ 21   4 141  23]
 [ 29  12  24 118]]
The best result ----------
WA: 72.7694%, UA: 72.2284%, macro f1: 72.7254%, weighted f1: 72.7221%
--------------------------
epoch: 37, lr: 0.0001424, loss: 0.4856
2101.188354699999
              precision    recall  f1-score   support

     neutral   0.713235  0.683099  0.697842       284
       happy   0.727273  0.811594  0.767123       207
         sad   0.730392  0.788360  0.758270       189
       angry   0.698718  0.595628  0.643068       183

    accuracy                       0.718424       863
   macro avg   0.717405  0.719670  0.716576       863
weighted avg   0.717281  0.718424  0.716079       863

[[194  45  20  25]
 [ 28 168   4   7]
 [ 19   6 149  15]
 [ 31  12  31 109]]
The best result ----------
WA: 72.7694%, UA: 72.2284%, macro f1: 72.7254%, weighted f1: 72.7221%
--------------------------
epoch: 38, lr: 0.0001353, loss: 0.4869
2154.762606399999
              precision    recall  f1-score   support

     neutral   0.697279  0.721831  0.709343       284
       happy   0.758294  0.772947  0.765550       207
         sad   0.736318  0.783069  0.758974       189
       angry   0.687898  0.590164  0.635294       183

    accuracy                       0.719583       863
   macro avg   0.719947  0.717003  0.717290       863
weighted avg   0.718475  0.719583  0.717992       863

[[205  37  18  24]
 [ 33 160   5   9]
 [ 20   5 148  16]
 [ 36   9  30 108]]
The best result ----------
WA: 72.7694%, UA: 72.2284%, macro f1: 72.7254%, weighted f1: 72.7221%
--------------------------
epoch: 39, lr: 0.0001285, loss: 0.4646
2209.9628721999993
              precision    recall  f1-score   support

     neutral   0.723881  0.683099  0.702899       284
       happy   0.719149  0.816425  0.764706       207
         sad   0.731343  0.777778  0.753846       189
       angry   0.691824  0.601093  0.643275       183

    accuracy                       0.718424       863
   macro avg   0.716549  0.719599  0.716181       863
weighted avg   0.717582  0.718424  0.716238       863

[[194  45  22  23]
 [ 28 169   4   6]
 [ 16   6 147  20]
 [ 30  15  28 110]]
The best result ----------
WA: 72.7694%, UA: 72.2284%, macro f1: 72.7254%, weighted f1: 72.7221%
--------------------------
epoch: 40, lr: 0.0001221, loss: 0.4732
2264.8179512999995
              precision    recall  f1-score   support

     neutral   0.690323  0.753521  0.720539       284
       happy   0.751174  0.772947  0.761905       207
         sad   0.751323  0.751323  0.751323       189
       angry   0.688742  0.568306  0.622754       183

    accuracy                       0.718424       863
   macro avg   0.720390  0.711524  0.714130       863
weighted avg   0.717942  0.718424  0.716467       863

[[214  34  15  21]
 [ 36 160   4   7]
 [ 22   6 142  19]
 [ 38  13  28 104]]
The best result ----------
WA: 72.7694%, UA: 72.2284%, macro f1: 72.7254%, weighted f1: 72.7221%
--------------------------
epoch: 41, lr: 0.000116, loss: 0.4751
2319.8498920999996
              precision    recall  f1-score   support

     neutral   0.707143  0.697183  0.702128       284
       happy   0.747706  0.787440  0.767059       207
         sad   0.750000  0.761905  0.755906       189
       angry   0.687861  0.650273  0.668539       183

    accuracy                       0.723059       863
   macro avg   0.723178  0.724200  0.723408       863
weighted avg   0.722170  0.723059  0.722357       863

[[198  40  19  27]
 [ 30 163   5   9]
 [ 22   5 144  18]
 [ 30  10  24 119]]
The best result ----------
WA: 72.7694%, UA: 72.2284%, macro f1: 72.7254%, weighted f1: 72.7221%
--------------------------
epoch: 42, lr: 0.0001102, loss: 0.475
2375.0739032999995
              precision    recall  f1-score   support

     neutral   0.715356  0.672535  0.693285       284
       happy   0.739130  0.821256  0.778032       207
         sad   0.726368  0.772487  0.748718       189
       angry   0.666667  0.601093  0.632184       183

    accuracy                       0.714948       863
   macro avg   0.711880  0.716843  0.713055       863
weighted avg   0.713146  0.714948  0.712796       863

[[191  42  22  29]
 [ 27 170   4   6]
 [ 18   5 146  20]
 [ 31  13  29 110]]
The best result ----------
WA: 72.7694%, UA: 72.2284%, macro f1: 72.7254%, weighted f1: 72.7221%
--------------------------
epoch: 43, lr: 0.0001047, loss: 0.4786
2430.2660194999994
              precision    recall  f1-score   support

     neutral   0.700704  0.700704  0.700704       284
       happy   0.742222  0.806763  0.773148       207
         sad   0.744565  0.724868  0.734584       189
       angry   0.670588  0.622951  0.645892       183

    accuracy                       0.714948       863
   macro avg   0.714520  0.713822  0.713582       863
weighted avg   0.713882  0.714948  0.713878       863

[[199  41  18  26]
 [ 30 167   4   6]
 [ 24   4 137  24]
 [ 31  13  25 114]]
The best result ----------
WA: 72.7694%, UA: 72.2284%, macro f1: 72.7254%, weighted f1: 72.7221%
--------------------------
epoch: 44, lr: 9.944e-05, loss: 0.4697
2485.5079783999995
              precision    recall  f1-score   support

     neutral   0.686869  0.718310  0.702238       284
       happy   0.729730  0.782609  0.755245       207
         sad   0.741117  0.772487  0.756477       189
       angry   0.714286  0.573770  0.636364       183

    accuracy                       0.714948       863
   macro avg   0.718000  0.711794  0.712581       863
weighted avg   0.714844  0.714948  0.712862       863

[[204  43  18  19]
 [ 33 162   5   7]
 [ 23   4 146  16]
 [ 37  13  28 105]]
The best result ----------
WA: 72.7694%, UA: 72.2284%, macro f1: 72.7254%, weighted f1: 72.7221%
--------------------------
epoch: 45, lr: 9.447e-05, loss: 0.4713
2540.7209373999995
              precision    recall  f1-score   support

     neutral   0.705674  0.700704  0.703180       284
       happy   0.751131  0.801932  0.775701       207
         sad   0.764706  0.756614  0.760638       189
       angry   0.664740  0.628415  0.646067       183

    accuracy                       0.721900       863
   macro avg   0.721563  0.721916  0.721397       863
weighted avg   0.720825  0.721900  0.721048       863

[[199  39  16  30]
 [ 27 166   4  10]
 [ 23   5 143  18]
 [ 33  11  24 115]]
The best result ----------
WA: 72.7694%, UA: 72.2284%, macro f1: 72.7254%, weighted f1: 72.7221%
--------------------------
epoch: 46, lr: 8.974e-05, loss: 0.4672
2595.896499199999
              precision    recall  f1-score   support

     neutral   0.702422  0.714789  0.708551       284
       happy   0.758140  0.787440  0.772512       207
         sad   0.735751  0.751323  0.743455       189
       angry   0.662651  0.601093  0.630372       183

    accuracy                       0.716107       863
   macro avg   0.714741  0.713661  0.713723       863
weighted avg   0.714652  0.716107  0.714959       863

[[203  39  16  26]
 [ 32 163   4   8]
 [ 21   4 142  22]
 [ 33   9  31 110]]
The best result ----------
WA: 72.7694%, UA: 72.2284%, macro f1: 72.7254%, weighted f1: 72.7221%
--------------------------
epoch: 47, lr: 8.526e-05, loss: 0.4711
2651.048086899999
              precision    recall  f1-score   support

     neutral   0.711744  0.704225  0.707965       284
       happy   0.717300  0.821256  0.765766       207
         sad   0.743590  0.767196  0.755208       189
       angry   0.693333  0.568306  0.624625       183

    accuracy                       0.717265       863
   macro avg   0.716492  0.715246  0.713391       863
weighted avg   0.716147  0.717265  0.714503       863

[[200  46  15  23]
 [ 27 170   4   6]
 [ 20   7 145  17]
 [ 34  14  31 104]]
The best result ----------
WA: 72.7694%, UA: 72.2284%, macro f1: 72.7254%, weighted f1: 72.7221%
--------------------------
epoch: 48, lr: 8.099e-05, loss: 0.4606
2706.335628299999
              precision    recall  f1-score   support

     neutral   0.701342  0.735915  0.718213       284
       happy   0.752336  0.777778  0.764846       207
         sad   0.756477  0.772487  0.764398       189
       angry   0.689873  0.595628  0.639296       183

    accuracy                       0.724218       863
   macro avg   0.725007  0.720452  0.721688       863
weighted avg   0.723216  0.724218  0.722779       863

[[209  39  14  22]
 [ 32 161   4  10]
 [ 23   3 146  17]
 [ 34  11  29 109]]
The best result ----------
WA: 72.7694%, UA: 72.2284%, macro f1: 72.7254%, weighted f1: 72.7221%
--------------------------
epoch: 49, lr: 7.694e-05, loss: 0.4856
2761.543030799999
              precision    recall  f1-score   support

     neutral   0.697509  0.690141  0.693805       284
       happy   0.739726  0.782609  0.760563       207
         sad   0.756477  0.772487  0.764398       189
       angry   0.664706  0.617486  0.640227       183

    accuracy                       0.714948       863
   macro avg   0.714604  0.715681  0.714748       863
weighted avg   0.713593  0.714948  0.713917       863

[[196  41  18  29]
 [ 32 162   4   9]
 [ 21   3 146  19]
 [ 32  13  25 113]]
The best result ----------
WA: 72.7694%, UA: 72.2284%, macro f1: 72.7254%, weighted f1: 72.7221%
--------------------------
