epoch: 0, lr: 0.00095, loss: 1.169
17.561669
              precision    recall  f1-score   support

     neutral   0.719008  0.329545  0.451948       264
       happy   0.571856  0.884259  0.694545       216
         sad   0.618785  0.577320  0.597333       194
       angry   0.431718  0.518519  0.471154       189

    accuracy                       0.565469       863
   macro avg   0.585342  0.577411  0.553745       863
weighted avg   0.596730  0.565469  0.549556       863

[[ 87 108  15  54]
 [  4 191   3  18]
 [ 10  15 112  57]
 [ 20  20  51  98]]
The best result ----------
WA: 56.5469%, UA: 57.7411%, macro f1: 55.3745%, weighted f1: 54.9556%
--------------------------
epoch: 1, lr: 0.0009025, loss: 1.033
32.622586999999996
              precision    recall  f1-score   support

     neutral   0.602837  0.643939  0.622711       264
       happy   0.633333  0.791667  0.703704       216
         sad   0.635468  0.664948  0.649874       194
       angry   0.592593  0.338624  0.430976       189

    accuracy                       0.618772       863
   macro avg   0.616058  0.609795  0.601816       863
weighted avg   0.615562  0.618772  0.607098       863

[[170  64  17  13]
 [ 36 171   3   6]
 [ 29  11 129  25]
 [ 47  24  54  64]]
The best result ----------
WA: 61.8772%, UA: 60.9795%, macro f1: 60.1816%, weighted f1: 60.7098%
--------------------------
epoch: 2, lr: 0.0008574, loss: 0.9431
47.662462899999994
              precision    recall  f1-score   support

     neutral   0.727848  0.435606  0.545024       264
       happy   0.838509  0.625000  0.716180       216
         sad   0.642857  0.695876  0.668317       194
       angry   0.398204  0.703704  0.508604       189

    accuracy                       0.600232       863
   macro avg   0.651855  0.615047  0.609531       863
weighted avg   0.664246  0.600232  0.607602       863

[[115  23  26 100]
 [ 25 135   4  52]
 [  8   2 135  49]
 [ 10   1  45 133]]
The best result ----------
WA: 61.8772%, UA: 60.9795%, macro f1: 60.1816%, weighted f1: 60.7098%
--------------------------
epoch: 3, lr: 0.0008145, loss: 0.8635
62.7354789
              precision    recall  f1-score   support

     neutral   0.635135  0.712121  0.671429       264
       happy   0.713636  0.726852  0.720183       216
         sad   0.633621  0.757732  0.690141       194
       angry   0.669565  0.407407  0.506579       189

    accuracy                       0.659328       863
   macro avg   0.662989  0.651028  0.647083       863
weighted avg   0.661983  0.659328  0.651735       863

[[188  38  23  15]
 [ 45 157   4  10]
 [ 24  10 147  13]
 [ 39  15  58  77]]
The best result ----------
WA: 65.9328%, UA: 65.1028%, macro f1: 64.7083%, weighted f1: 65.1735%
--------------------------
epoch: 4, lr: 0.0007738, loss: 0.7797
77.8220777
              precision    recall  f1-score   support

     neutral   0.764045  0.515152  0.615385       264
       happy   0.652027  0.893519  0.753906       216
         sad   0.615063  0.757732  0.678984       194
       angry   0.673333  0.534392  0.595870       189

    accuracy                       0.668598       863
   macro avg   0.676117  0.675198  0.661036       863
weighted avg   0.682651  0.668598  0.660078       863

[[136  67  37  24]
 [ 14 193   4   5]
 [ 13  14 147  20]
 [ 15  22  51 101]]
The best result ----------
WA: 66.8598%, UA: 67.5198%, macro f1: 66.1036%, weighted f1: 66.0078%
--------------------------
epoch: 5, lr: 0.0007351, loss: 0.7134
92.89315579999999
              precision    recall  f1-score   support

     neutral   0.642586  0.640152  0.641366       264
       happy   0.659420  0.842593  0.739837       216
         sad   0.648148  0.721649  0.682927       194
       angry   0.703704  0.402116  0.511785       189

    accuracy                       0.657010       863
   macro avg   0.663464  0.651627  0.643979       863
weighted avg   0.661435  0.657010  0.646976       863

[[169  59  24  12]
 [ 29 182   3   2]
 [ 26  10 140  18]
 [ 39  25  49  76]]
The best result ----------
WA: 66.8598%, UA: 67.5198%, macro f1: 66.1036%, weighted f1: 66.0078%
--------------------------
epoch: 6, lr: 0.0006983, loss: 0.6592
107.97036359999998
              precision    recall  f1-score   support

     neutral   0.740113  0.496212  0.594104       264
       happy   0.696850  0.819444  0.753191       216
         sad   0.586716  0.819588  0.683871       194
       angry   0.670807  0.571429  0.617143       189

    accuracy                       0.666280       863
   macro avg   0.673622  0.676668  0.662077       863
weighted avg   0.679623  0.666280  0.659147       863

[[131  57  50  26]
 [ 22 177  10   7]
 [ 10   5 159  20]
 [ 14  15  52 108]]
The best result ----------
WA: 66.8598%, UA: 67.5198%, macro f1: 66.1036%, weighted f1: 66.0078%
--------------------------
epoch: 7, lr: 0.0006634, loss: 0.6241
123.04765789999998
              precision    recall  f1-score   support

     neutral   0.677551  0.628788  0.652259       264
       happy   0.718876  0.828704  0.769892       216
         sad   0.660287  0.711340  0.684864       194
       angry   0.662500  0.560847  0.607450       189

    accuracy                       0.682503       863
   macro avg   0.679803  0.682420  0.678616       863
weighted avg   0.680717  0.682503  0.679218       863

[[166  48  26  24]
 [ 24 179   7   6]
 [ 25   7 138  24]
 [ 30  15  38 106]]
The best result ----------
WA: 68.2503%, UA: 68.2420%, macro f1: 67.8616%, weighted f1: 67.9218%
--------------------------
epoch: 8, lr: 0.0006302, loss: 0.6017
138.12166509999997
              precision    recall  f1-score   support

     neutral   0.705882  0.545455  0.615385       264
       happy   0.777778  0.745370  0.761229       216
         sad   0.635071  0.690722  0.661728       194
       angry   0.543568  0.693122  0.609302       189

    accuracy                       0.660487       863
   macro avg   0.665575  0.668667  0.661911       863
weighted avg   0.672412  0.660487  0.660974       863

[[144  35  37  48]
 [ 29 161   6  20]
 [ 16   2 134  42]
 [ 15   9  34 131]]
The best result ----------
WA: 68.2503%, UA: 68.2420%, macro f1: 67.8616%, weighted f1: 67.9218%
--------------------------
epoch: 9, lr: 0.0005987, loss: 0.5737
153.21015329999997
              precision    recall  f1-score   support

     neutral   0.646840  0.659091  0.652908       264
       happy   0.659574  0.861111  0.746988       216
         sad   0.677725  0.737113  0.706173       194
       angry   0.762376  0.407407  0.531034       189

    accuracy                       0.672074       863
   macro avg   0.686629  0.666181  0.659276       863
weighted avg   0.682273  0.672074  0.661738       863

[[174  63  21   6]
 [ 23 186   3   4]
 [ 26  11 143  14]
 [ 46  22  44  77]]
The best result ----------
WA: 68.2503%, UA: 68.2420%, macro f1: 67.8616%, weighted f1: 67.9218%
--------------------------
epoch: 10, lr: 0.0005688, loss: 0.5662
168.29097819999996
              precision    recall  f1-score   support

     neutral   0.683544  0.613636  0.646707       264
       happy   0.714286  0.833333  0.769231       216
         sad   0.632479  0.762887  0.691589       194
       angry   0.692857  0.513228  0.589666       189

    accuracy                       0.680185       863
   macro avg   0.680791  0.680771  0.674298       863
weighted avg   0.681799  0.680185  0.674970       863

[[162  49  32  21]
 [ 22 180   6   8]
 [ 22  10 148  14]
 [ 31  13  48  97]]
The best result ----------
WA: 68.2503%, UA: 68.2420%, macro f1: 67.8616%, weighted f1: 67.9218%
--------------------------
epoch: 11, lr: 0.0005404, loss: 0.5557
183.37583139999995
              precision    recall  f1-score   support

     neutral   0.667820  0.731061  0.698011       264
       happy   0.762115  0.800926  0.781038       216
         sad   0.640351  0.752577  0.691943       194
       angry   0.756303  0.476190  0.584416       189

    accuracy                       0.697567       863
   macro avg   0.706647  0.690189  0.688852       863
weighted avg   0.704624  0.697567  0.692550       863

[[193  37  25   9]
 [ 31 173   6   6]
 [ 24  10 146  14]
 [ 41   7  51  90]]
The best result ----------
WA: 69.7567%, UA: 69.0189%, macro f1: 68.8852%, weighted f1: 69.2550%
--------------------------
epoch: 12, lr: 0.0005133, loss: 0.5447
198.46272359999995
              precision    recall  f1-score   support

     neutral   0.696356  0.651515  0.673190       264
       happy   0.774648  0.763889  0.769231       216
         sad   0.644144  0.737113  0.687500       194
       angry   0.668508  0.640212  0.654054       189

    accuracy                       0.696408       863
   macro avg   0.695914  0.698182  0.695994       863
weighted avg   0.698116  0.696408  0.696254       863

[[172  36  34  22]
 [ 28 165  10  13]
 [ 22   4 143  25]
 [ 25   8  35 121]]
The best result ----------
WA: 69.6408%, UA: 69.8182%, macro f1: 69.5994%, weighted f1: 69.6254%
--------------------------
epoch: 13, lr: 0.0004877, loss: 0.5429
213.53819739999994
              precision    recall  f1-score   support

     neutral   0.680608  0.678030  0.679317       264
       happy   0.754167  0.837963  0.793860       216
         sad   0.631111  0.731959  0.677804       194
       angry   0.696296  0.497354  0.580247       189

    accuracy                       0.690614       863
   macro avg   0.690546  0.686327  0.682807       863
weighted avg   0.691328  0.690614  0.685949       863

[[179  41  27  17]
 [ 24 181   5   6]
 [ 26   8 142  18]
 [ 34  10  51  94]]
The best result ----------
WA: 69.6408%, UA: 69.8182%, macro f1: 69.5994%, weighted f1: 69.6254%
--------------------------
epoch: 14, lr: 0.0004633, loss: 0.5184
228.61752929999994
              precision    recall  f1-score   support

     neutral   0.666667  0.727273  0.695652       264
       happy   0.781991  0.763889  0.772834       216
         sad   0.657143  0.711340  0.683168       194
       angry   0.688312  0.560847  0.618076       189

    accuracy                       0.696408       863
   macro avg   0.698528  0.690837  0.692433       863
weighted avg   0.698130  0.696408  0.695174       863

[[192  31  27  14]
 [ 34 165   7  10]
 [ 27   5 138  24]
 [ 35  10  38 106]]
The best result ----------
WA: 69.6408%, UA: 69.8182%, macro f1: 69.5994%, weighted f1: 69.6254%
--------------------------
epoch: 15, lr: 0.0004401, loss: 0.5179
243.70410419999996
              precision    recall  f1-score   support

     neutral   0.673913  0.704545  0.688889       264
       happy   0.733333  0.814815  0.771930       216
         sad   0.645740  0.742268  0.690647       194
       angry   0.733871  0.481481  0.581470       189

    accuracy                       0.691773       863
   macro avg   0.696714  0.685777  0.683234       863
weighted avg   0.695583  0.691773  0.686543       863

[[186  42  26  10]
 [ 28 176   5   7]
 [ 25   9 144  16]
 [ 37  13  48  91]]
The best result ----------
WA: 69.6408%, UA: 69.8182%, macro f1: 69.5994%, weighted f1: 69.6254%
--------------------------
epoch: 16, lr: 0.0004181, loss: 0.5008
258.7797543
              precision    recall  f1-score   support

     neutral   0.692308  0.681818  0.687023       264
       happy   0.710317  0.828704  0.764957       216
         sad   0.637681  0.680412  0.658354       194
       angry   0.722222  0.550265  0.624625       189

    accuracy                       0.689455       863
   macro avg   0.690632  0.685300  0.683740       863
weighted avg   0.691087  0.689455  0.686419       863

[[180  48  25  11]
 [ 26 179   6   5]
 [ 27  11 132  24]
 [ 27  14  44 104]]
The best result ----------
WA: 69.6408%, UA: 69.8182%, macro f1: 69.5994%, weighted f1: 69.6254%
--------------------------
epoch: 17, lr: 0.0003972, loss: 0.5268
273.9540358
              precision    recall  f1-score   support

     neutral   0.673835  0.712121  0.692449       264
       happy   0.817708  0.726852  0.769608       216
         sad   0.644550  0.701031  0.671605       194
       angry   0.624309  0.597884  0.610811       189

    accuracy                       0.688297       863
   macro avg   0.690101  0.684472  0.686118       863
weighted avg   0.692416  0.688297  0.689196       863

[[188  24  26  26]
 [ 38 157   6  15]
 [ 26   5 136  27]
 [ 27   6  43 113]]
The best result ----------
WA: 69.6408%, UA: 69.8182%, macro f1: 69.5994%, weighted f1: 69.6254%
--------------------------
epoch: 18, lr: 0.0003774, loss: 0.5024
289.0023877
              precision    recall  f1-score   support

     neutral   0.753695  0.579545  0.655246       264
       happy   0.676157  0.879630  0.764588       216
         sad   0.650246  0.680412  0.664987       194
       angry   0.687500  0.640212  0.663014       189

    accuracy                       0.690614       863
   macro avg   0.691899  0.694950  0.686959       863
weighted avg   0.696536  0.690614  0.686504       863

[[153  59  33  19]
 [ 14 190   5   7]
 [ 19  14 132  29]
 [ 17  18  33 121]]
The best result ----------
WA: 69.6408%, UA: 69.8182%, macro f1: 69.5994%, weighted f1: 69.6254%
--------------------------
epoch: 19, lr: 0.0003585, loss: 0.5111
304.06043539999996
              precision    recall  f1-score   support

     neutral   0.762136  0.594697  0.668085       264
       happy   0.701887  0.861111  0.773389       216
         sad   0.643902  0.680412  0.661654       194
       angry   0.631016  0.624339  0.627660       189

    accuracy                       0.687138       863
   macro avg   0.684735  0.690140  0.682697       863
weighted avg   0.691762  0.687138  0.684143       863

[[157  53  27  27]
 [ 13 186   6  11]
 [ 18  13 132  31]
 [ 18  13  40 118]]
The best result ----------
WA: 69.6408%, UA: 69.8182%, macro f1: 69.5994%, weighted f1: 69.6254%
--------------------------
epoch: 20, lr: 0.0003406, loss: 0.5084
319.1017203
              precision    recall  f1-score   support

     neutral   0.724891  0.628788  0.673428       264
       happy   0.774892  0.828704  0.800895       216
         sad   0.628319  0.731959  0.676190       194
       angry   0.644068  0.603175  0.622951       189

    accuracy                       0.696408       863
   macro avg   0.693042  0.698156  0.693366       863
weighted avg   0.697996  0.696408  0.694898       863

[[166  36  33  29]
 [ 23 179   5   9]
 [ 19   8 142  25]
 [ 21   8  46 114]]
The best result ----------
WA: 69.6408%, UA: 69.8182%, macro f1: 69.5994%, weighted f1: 69.6254%
--------------------------
epoch: 21, lr: 0.0003235, loss: 0.5052
334.1490642
              precision    recall  f1-score   support

     neutral   0.723404  0.643939  0.681363       264
       happy   0.779736  0.819444  0.799097       216
         sad   0.603306  0.752577  0.669725       194
       angry   0.654088  0.550265  0.597701       189

    accuracy                       0.691773       863
   macro avg   0.690133  0.691556  0.686971       863
weighted avg   0.695325  0.691773  0.689892       863

[[170  38  33  23]
 [ 18 177  12   9]
 [ 20   5 146  23]
 [ 27   7  51 104]]
The best result ----------
WA: 69.6408%, UA: 69.8182%, macro f1: 69.5994%, weighted f1: 69.6254%
--------------------------
epoch: 22, lr: 0.0003074, loss: 0.5014
349.1966844
              precision    recall  f1-score   support

     neutral   0.709302  0.693182  0.701149       264
       happy   0.817734  0.768519  0.792363       216
         sad   0.679612  0.721649  0.700000       194
       angry   0.642857  0.666667  0.654545       189

    accuracy                       0.712630       863
   macro avg   0.712376  0.712504  0.712014       863
weighted avg   0.715216  0.712630  0.713514       863

[[183  28  26  27]
 [ 31 166   7  12]
 [ 18   5 140  31]
 [ 26   4  33 126]]
The best result ----------
WA: 71.2630%, UA: 71.2504%, macro f1: 71.2014%, weighted f1: 71.3514%
--------------------------
epoch: 23, lr: 0.000292, loss: 0.5048
364.2484332
              precision    recall  f1-score   support

     neutral   0.739496  0.666667  0.701195       264
       happy   0.789474  0.833333  0.810811       216
         sad   0.623894  0.726804  0.671429       194
       angry   0.672515  0.608466  0.638889       189

    accuracy                       0.709154       863
   macro avg   0.706344  0.708817  0.705581       863
weighted avg   0.711349  0.709154  0.708294       863

[[176  34  32  22]
 [ 18 180   9   9]
 [ 21   7 141  25]
 [ 23   7  44 115]]
The best result ----------
WA: 71.2630%, UA: 71.2504%, macro f1: 71.2014%, weighted f1: 71.3514%
--------------------------
epoch: 24, lr: 0.0002774, loss: 0.493
379.3035754
              precision    recall  f1-score   support

     neutral   0.728033  0.659091  0.691849       264
       happy   0.779221  0.833333  0.805369       216
         sad   0.605042  0.742268  0.666667       194
       angry   0.670968  0.550265  0.604651       189

    accuracy                       0.697567       863
   macro avg   0.695816  0.696239  0.692134       863
weighted avg   0.700699  0.697567  0.695504       863

[[174  35  35  20]
 [ 21 180   7   8]
 [ 18   9 144  23]
 [ 26   7  52 104]]
The best result ----------
WA: 71.2630%, UA: 71.2504%, macro f1: 71.2014%, weighted f1: 71.3514%
--------------------------
epoch: 25, lr: 0.0002635, loss: 0.495
394.3721773
              precision    recall  f1-score   support

     neutral   0.692884  0.700758  0.696798       264
       happy   0.801843  0.805556  0.803695       216
         sad   0.618474  0.793814  0.695260       194
       angry   0.715385  0.492063  0.583072       189

    accuracy                       0.702202       863
   macro avg   0.707146  0.698048  0.694706       863
weighted avg   0.708356  0.702202  0.698301       863

[[185  30  33  16]
 [ 24 174   8  10]
 [ 24   5 154  11]
 [ 34   8  54  93]]
The best result ----------
WA: 71.2630%, UA: 71.2504%, macro f1: 71.2014%, weighted f1: 71.3514%
--------------------------
epoch: 26, lr: 0.0002503, loss: 0.5065
409.44381109999995
              precision    recall  f1-score   support

     neutral   0.703971  0.738636  0.720887       264
       happy   0.814286  0.791667  0.802817       216
         sad   0.612245  0.773196  0.683371       194
       angry   0.725191  0.502646  0.593750       189

    accuracy                       0.707995       863
   macro avg   0.713923  0.701536  0.700206       863
weighted avg   0.715609  0.707995  0.705116       863

[[195  23  31  15]
 [ 31 171   6   8]
 [ 22   9 150  13]
 [ 29   7  58  95]]
The best result ----------
WA: 71.2630%, UA: 71.2504%, macro f1: 71.2014%, weighted f1: 71.3514%
--------------------------
epoch: 27, lr: 0.0002378, loss: 0.4957
424.47589509999995
              precision    recall  f1-score   support

     neutral   0.721519  0.647727  0.682635       264
       happy   0.710526  0.875000  0.784232       216
         sad   0.635965  0.747423  0.687204       194
       angry   0.734848  0.513228  0.604361       189

    accuracy                       0.697567       863
   macro avg   0.700715  0.695844  0.689608       863
weighted avg   0.702455  0.697567  0.691949       863

[[171  50  30  13]
 [ 15 189   7   5]
 [ 20  12 145  17]
 [ 31  15  46  97]]
The best result ----------
WA: 71.2630%, UA: 71.2504%, macro f1: 71.2014%, weighted f1: 71.3514%
--------------------------
epoch: 28, lr: 0.0002259, loss: 0.4994
439.4854023
              precision    recall  f1-score   support

     neutral   0.717300  0.643939  0.678643       264
       happy   0.773913  0.824074  0.798206       216
         sad   0.625000  0.773196  0.691244       194
       angry   0.692308  0.571429  0.626087       189

    accuracy                       0.702202       863
   macro avg   0.702130  0.703159  0.698545       863
weighted avg   0.705247  0.702202  0.699891       863

[[170  37  37  20]
 [ 20 178   8  10]
 [ 19   7 150  18]
 [ 28   8  45 108]]
The best result ----------
WA: 71.2630%, UA: 71.2504%, macro f1: 71.2014%, weighted f1: 71.3514%
--------------------------
epoch: 29, lr: 0.0002146, loss: 0.4749
454.50054679999994
              precision    recall  f1-score   support

     neutral   0.697417  0.715909  0.706542       264
       happy   0.789954  0.800926  0.795402       216
         sad   0.653465  0.680412  0.666667       194
       angry   0.643275  0.582011  0.611111       189

    accuracy                       0.699884       863
   macro avg   0.696028  0.694814  0.694931       863
weighted avg   0.698841  0.699884  0.698919       863

[[189  31  24  20]
 [ 26 173   6  11]
 [ 23   9 132  30]
 [ 33   6  40 110]]
The best result ----------
WA: 71.2630%, UA: 71.2504%, macro f1: 71.2014%, weighted f1: 71.3514%
--------------------------
epoch: 30, lr: 0.0002039, loss: 0.4851
469.52405439999995
              precision    recall  f1-score   support

     neutral   0.733333  0.625000  0.674847       264
       happy   0.717647  0.847222  0.777070       216
         sad   0.624434  0.711340  0.665060       194
       angry   0.685185  0.587302  0.632479       189

    accuracy                       0.691773       863
   macro avg   0.690150  0.692716  0.687364       863
weighted avg   0.694382  0.691773  0.688953       863

[[165  46  30  23]
 [ 16 183  10   7]
 [ 21  14 138  21]
 [ 23  12  43 111]]
The best result ----------
WA: 71.2630%, UA: 71.2504%, macro f1: 71.2014%, weighted f1: 71.3514%
--------------------------
epoch: 31, lr: 0.0001937, loss: 0.4871
484.5515181999999
              precision    recall  f1-score   support

     neutral   0.701887  0.704545  0.703214       264
       happy   0.800905  0.819444  0.810069       216
         sad   0.634855  0.788660  0.703448       194
       angry   0.713235  0.513228  0.596923       189

    accuracy                       0.710313       863
   macro avg   0.712720  0.706469  0.703413       863
weighted avg   0.714087  0.710313  0.706733       863

[[186  32  31  15]
 [ 24 177   6   9]
 [ 21   5 153  15]
 [ 34   7  51  97]]
The best result ----------
WA: 71.2630%, UA: 71.2504%, macro f1: 71.2014%, weighted f1: 71.3514%
--------------------------
epoch: 32, lr: 0.000184, loss: 0.487
499.5925048999999
              precision    recall  f1-score   support

     neutral   0.762791  0.621212  0.684760       264
       happy   0.752033  0.856481  0.800866       216
         sad   0.612903  0.783505  0.687783       194
       angry   0.694805  0.566138  0.623907       189

    accuracy                       0.704519       863
   macro avg   0.705633  0.706834  0.699329       863
weighted avg   0.711515  0.704519  0.701172       863

[[164  43  36  21]
 [ 12 185  10   9]
 [ 17   8 152  17]
 [ 22  10  50 107]]
The best result ----------
WA: 71.2630%, UA: 71.2504%, macro f1: 71.2014%, weighted f1: 71.3514%
--------------------------
epoch: 33, lr: 0.0001748, loss: 0.4718
514.6637340999998
              precision    recall  f1-score   support

     neutral   0.731915  0.651515  0.689379       264
       happy   0.761506  0.842593  0.800000       216
         sad   0.637615  0.716495  0.674757       194
       angry   0.643275  0.582011  0.611111       189

    accuracy                       0.698725       863
   macro avg   0.693578  0.698153  0.693812       863
weighted avg   0.698710  0.698725  0.696638       863

[[172  40  27  25]
 [ 16 182   6  12]
 [ 21  10 139  24]
 [ 26   7  46 110]]
The best result ----------
WA: 71.2630%, UA: 71.2504%, macro f1: 71.2014%, weighted f1: 71.3514%
--------------------------
epoch: 34, lr: 0.0001661, loss: 0.4796
529.7175603999998
              precision    recall  f1-score   support

     neutral   0.741667  0.674242  0.706349       264
       happy   0.754167  0.837963  0.793860       216
         sad   0.635556  0.737113  0.682578       194
       angry   0.677215  0.566138  0.616715       189

    accuracy                       0.705678       863
   macro avg   0.702151  0.703864  0.699875       863
weighted avg   0.706827  0.705678  0.703278       863

[[178  39  28  19]
 [ 19 181   7   9]
 [ 19   9 143  23]
 [ 24  11  47 107]]
The best result ----------
WA: 71.2630%, UA: 71.2504%, macro f1: 71.2014%, weighted f1: 71.3514%
--------------------------
epoch: 35, lr: 0.0001578, loss: 0.4842
544.7787439999997
              precision    recall  f1-score   support

     neutral   0.688645  0.712121  0.700186       264
       happy   0.772321  0.800926  0.786364       216
         sad   0.636771  0.731959  0.681055       194
       angry   0.699301  0.529101  0.602410       189

    accuracy                       0.698725       863
   macro avg   0.699260  0.693527  0.692504       863
weighted avg   0.700261  0.698725  0.696042       863

[[188  33  29  14]
 [ 28 173   7   8]
 [ 24   7 142  21]
 [ 33  11  45 100]]
The best result ----------
WA: 71.2630%, UA: 71.2504%, macro f1: 71.2014%, weighted f1: 71.3514%
--------------------------
epoch: 36, lr: 0.0001499, loss: 0.4862
559.8120533999997
              precision    recall  f1-score   support

     neutral   0.710843  0.670455  0.690058       264
       happy   0.769231  0.833333  0.800000       216
         sad   0.632479  0.762887  0.691589       194
       angry   0.698630  0.539683  0.608955       189

    accuracy                       0.703360       863
   macro avg   0.702796  0.701589  0.697651       863
weighted avg   0.705166  0.703360  0.700158       863

[[177  38  31  18]
 [ 22 180   6   8]
 [ 21   7 148  18]
 [ 29   9  49 102]]
The best result ----------
WA: 71.2630%, UA: 71.2504%, macro f1: 71.2014%, weighted f1: 71.3514%
--------------------------
epoch: 37, lr: 0.0001424, loss: 0.4768
574.8519804999997
              precision    recall  f1-score   support

     neutral   0.733906  0.647727  0.688129       264
       happy   0.743902  0.847222  0.792208       216
         sad   0.640693  0.762887  0.696471       194
       angry   0.699346  0.566138  0.625731       189

    accuracy                       0.705678       863
   macro avg   0.704462  0.705993  0.700635       863
weighted avg   0.707885  0.705678  0.702389       863

[[171  43  32  18]
 [ 18 183   5  10]
 [ 21   7 148  18]
 [ 23  13  46 107]]
The best result ----------
WA: 71.2630%, UA: 71.2504%, macro f1: 71.2014%, weighted f1: 71.3514%
--------------------------
epoch: 38, lr: 0.0001353, loss: 0.4756
589.8796009999998
              precision    recall  f1-score   support

     neutral   0.702602  0.715909  0.709193       264
       happy   0.804651  0.800926  0.802784       216
         sad   0.610656  0.768041  0.680365       194
       angry   0.740741  0.529101  0.617284       189

    accuracy                       0.707995       863
   macro avg   0.714662  0.703494  0.702407       863
weighted avg   0.715827  0.707995  0.706009       863

[[189  31  34  10]
 [ 28 173   9   6]
 [ 20   6 149  19]
 [ 32   5  52 100]]
The best result ----------
WA: 71.2630%, UA: 71.2504%, macro f1: 71.2014%, weighted f1: 71.3514%
--------------------------
epoch: 39, lr: 0.0001285, loss: 0.4776
604.9070285999996
              precision    recall  f1-score   support

     neutral   0.717557  0.712121  0.714829       264
       happy   0.816514  0.824074  0.820276       216
         sad   0.653509  0.768041  0.706161       194
       angry   0.703226  0.576720  0.633721       189

    accuracy                       0.723059       863
   macro avg   0.722701  0.720239  0.718747       863
weighted avg   0.724788  0.723059  0.721510       863

[[188  31  29  16]
 [ 24 178   7   7]
 [ 18   4 149  23]
 [ 32   5  43 109]]
The best result ----------
WA: 72.3059%, UA: 72.0239%, macro f1: 71.8747%, weighted f1: 72.1510%
--------------------------
epoch: 40, lr: 0.0001221, loss: 0.4803
619.9515910999996
              precision    recall  f1-score   support

     neutral   0.731405  0.670455  0.699605       264
       happy   0.784141  0.824074  0.803612       216
         sad   0.609562  0.788660  0.687640       194
       angry   0.706294  0.534392  0.608434       189

    accuracy                       0.705678       863
   macro avg   0.707850  0.704395  0.699823       863
weighted avg   0.711715  0.705678  0.702980       863

[[177  36  36  15]
 [ 21 178   8   9]
 [ 17   6 153  18]
 [ 27   7  54 101]]
The best result ----------
WA: 72.3059%, UA: 72.0239%, macro f1: 71.8747%, weighted f1: 72.1510%
--------------------------
epoch: 41, lr: 0.000116, loss: 0.478
635.0465226999996
              precision    recall  f1-score   support

     neutral   0.704545  0.704545  0.704545       264
       happy   0.765957  0.833333  0.798226       216
         sad   0.645933  0.695876  0.669975       194
       angry   0.677419  0.555556  0.610465       189

    accuracy                       0.702202       863
   macro avg   0.698464  0.697328  0.695803       863
weighted avg   0.700800  0.702202  0.699618       863

[[186  37  24  17]
 [ 23 180   6   7]
 [ 23  10 135  26]
 [ 32   8  44 105]]
The best result ----------
WA: 72.3059%, UA: 72.0239%, macro f1: 71.8747%, weighted f1: 72.1510%
--------------------------
epoch: 42, lr: 0.0001102, loss: 0.483
650.6095469999997
              precision    recall  f1-score   support

     neutral   0.703704  0.719697  0.711610       264
       happy   0.797357  0.837963  0.817156       216
         sad   0.621849  0.762887  0.685185       194
       angry   0.734375  0.497354  0.593060       189

    accuracy                       0.710313       863
   macro avg   0.714321  0.704475  0.701753       863
weighted avg   0.715460  0.710313  0.706124       863

[[190  35  28  11]
 [ 21 181   8   6]
 [ 24   5 148  17]
 [ 35   6  54  94]]
The best result ----------
WA: 72.3059%, UA: 72.0239%, macro f1: 71.8747%, weighted f1: 72.1510%
--------------------------
epoch: 43, lr: 0.0001047, loss: 0.4787
670.9621528999996
              precision    recall  f1-score   support

     neutral   0.713178  0.696970  0.704981       264
       happy   0.812207  0.800926  0.806527       216
         sad   0.614407  0.747423  0.674419       194
       angry   0.673077  0.555556  0.608696       189

    accuracy                       0.703360       863
   macro avg   0.703217  0.700218  0.698655       863
weighted avg   0.706978  0.703360  0.702440       863

[[184  29  32  19]
 [ 27 173   7   9]
 [ 19   7 145  23]
 [ 28   4  52 105]]
The best result ----------
WA: 72.3059%, UA: 72.0239%, macro f1: 71.8747%, weighted f1: 72.1510%
--------------------------
epoch: 44, lr: 9.944e-05, loss: 0.4709
686.0665682999996
              precision    recall  f1-score   support

     neutral   0.738095  0.704545  0.720930       264
       happy   0.773504  0.837963  0.804444       216
         sad   0.627803  0.721649  0.671463       194
       angry   0.701299  0.571429  0.629738       189

    accuracy                       0.712630       863
   macro avg   0.710175  0.708897  0.706644       863
weighted avg   0.714106  0.712630  0.710741       863

[[186  37  29  12]
 [ 18 181   7  10]
 [ 22   8 140  24]
 [ 26   8  47 108]]
The best result ----------
WA: 72.3059%, UA: 72.0239%, macro f1: 71.8747%, weighted f1: 72.1510%
--------------------------
epoch: 45, lr: 9.447e-05, loss: 0.4808
701.1640452999995
              precision    recall  f1-score   support

     neutral   0.710425  0.696970  0.703633       264
       happy   0.790909  0.805556  0.798165       216
         sad   0.600000  0.773196  0.675676       194
       angry   0.731343  0.518519  0.606811       189

    accuracy                       0.702202       863
   macro avg   0.708169  0.698560  0.696071       863
weighted avg   0.710327  0.702202  0.699804       863

[[184  33  37  10]
 [ 24 174   9   9]
 [ 22   5 150  17]
 [ 29   8  54  98]]
The best result ----------
WA: 72.3059%, UA: 72.0239%, macro f1: 71.8747%, weighted f1: 72.1510%
--------------------------
epoch: 46, lr: 8.974e-05, loss: 0.4746
716.2664399999995
              precision    recall  f1-score   support

     neutral   0.736402  0.666667  0.699801       264
       happy   0.787879  0.842593  0.814318       216
         sad   0.629310  0.752577  0.685446       194
       angry   0.683230  0.582011  0.628571       189

    accuracy                       0.711472       863
   macro avg   0.709205  0.710962  0.707034       863
weighted avg   0.713567  0.711472  0.709637       863

[[176  34  31  23]
 [ 17 182   8   9]
 [ 22   7 146  19]
 [ 24   8  47 110]]
The best result ----------
WA: 72.3059%, UA: 72.0239%, macro f1: 71.8747%, weighted f1: 72.1510%
--------------------------
epoch: 47, lr: 8.526e-05, loss: 0.4765
731.3560948999996
              precision    recall  f1-score   support

     neutral   0.744770  0.674242  0.707753       264
       happy   0.795652  0.847222  0.820628       216
         sad   0.625000  0.773196  0.691244       194
       angry   0.707792  0.576720  0.635569       189

    accuracy                       0.718424       863
   macro avg   0.718304  0.717845  0.713799       863
weighted avg   0.722483  0.718424  0.716485       863

[[178  32  34  20]
 [ 17 183   9   7]
 [ 20   6 150  18]
 [ 24   9  47 109]]
The best result ----------
WA: 72.3059%, UA: 72.0239%, macro f1: 71.8747%, weighted f1: 72.1510%
--------------------------
epoch: 48, lr: 8.099e-05, loss: 0.4617
746.4428490999996
              precision    recall  f1-score   support

     neutral   0.729084  0.693182  0.710680       264
       happy   0.750000  0.861111  0.801724       216
         sad   0.609756  0.773196  0.681818       194
       angry   0.754237  0.470899  0.579805       189

    accuracy                       0.704519       863
   macro avg   0.710769  0.699597  0.693507       863
weighted avg   0.713003  0.704519  0.698317       863

[[183  41  32   8]
 [ 15 186   8   7]
 [ 18  12 150  14]
 [ 35   9  56  89]]
The best result ----------
WA: 72.3059%, UA: 72.0239%, macro f1: 71.8747%, weighted f1: 72.1510%
--------------------------
epoch: 49, lr: 7.694e-05, loss: 0.4727
761.5265864999997
              precision    recall  f1-score   support

     neutral   0.731225  0.700758  0.715667       264
       happy   0.756098  0.861111  0.805195       216
         sad   0.654206  0.721649  0.686275       194
       angry   0.720000  0.571429  0.637168       189

    accuracy                       0.717265       863
   macro avg   0.715382  0.713737  0.711076       863
weighted avg   0.717678  0.717265  0.714276       863

[[185  40  26  13]
 [ 17 186   6   7]
 [ 20  12 140  22]
 [ 31   8  42 108]]
The best result ----------
WA: 72.3059%, UA: 72.0239%, macro f1: 71.8747%, weighted f1: 72.1510%
--------------------------
