epoch: 0, lr: 0.00095, loss: 1.182
44.721516900000005
              precision    recall  f1-score   support

     neutral   0.755556  0.121429  0.209231       280
       happy   0.441247  0.924623  0.597403       199
         sad   0.726776  0.639423  0.680307       208
       angry   0.403670  0.500000  0.446701       176

    accuracy                       0.508691       863
   macro avg   0.581812  0.546369  0.483410       863
weighted avg   0.604379  0.508691  0.460708       863

[[ 34 164   9  73]
 [  1 184   3  11]
 [  2  27 133  46]
 [  8  42  38  88]]
The best result ----------
WA: 50.8691%, UA: 54.6369%, macro f1: 48.3410%, weighted f1: 46.0708%
--------------------------
epoch: 1, lr: 0.0009025, loss: 1.049
77.93037900000002
              precision    recall  f1-score   support

     neutral   0.670683  0.596429  0.631380       280
       happy   0.521490  0.914573  0.664234       199
         sad   0.675799  0.711538  0.693208       208
       angry   0.739130  0.193182  0.306306       176

    accuracy                       0.615295       863
   macro avg   0.651776  0.603930  0.573782       863
weighted avg   0.651473  0.615295  0.587562       863

[[167  96  16   1]
 [  9 182   4   4]
 [ 28  25 148   7]
 [ 45  46  51  34]]
The best result ----------
WA: 61.5295%, UA: 60.3930%, macro f1: 57.3782%, weighted f1: 58.7562%
--------------------------
epoch: 2, lr: 0.0008574, loss: 0.9624
112.53546100000001
              precision    recall  f1-score   support

     neutral   0.662963  0.639286  0.650909       280
       happy   0.697917  0.673367  0.685422       199
         sad   0.579439  0.894231  0.703214       208
       angry   0.700000  0.318182  0.437500       176

    accuracy                       0.643105       863
   macro avg   0.660080  0.631266  0.619261       863
weighted avg   0.658445  0.643105  0.627951       863

[[179  44  47  10]
 [ 44 134  12   9]
 [ 15   2 186   5]
 [ 32  12  76  56]]
The best result ----------
WA: 64.3105%, UA: 63.1266%, macro f1: 61.9261%, weighted f1: 62.7951%
--------------------------
epoch: 3, lr: 0.0008145, loss: 0.8637
146.21524440000002
              precision    recall  f1-score   support

     neutral   0.807339  0.314286  0.452442       280
       happy   0.675214  0.793970  0.729792       199
         sad   0.818792  0.586538  0.683473       208
       angry   0.415094  0.875000  0.563071       176

    accuracy                       0.604867       863
   macro avg   0.679110  0.642449  0.607195       863
weighted avg   0.699638  0.604867  0.594641       863

[[ 88  64  17 111]
 [  5 158   1  35]
 [ 10   5 122  71]
 [  6   7   9 154]]
The best result ----------
WA: 64.3105%, UA: 63.1266%, macro f1: 61.9261%, weighted f1: 62.7951%
--------------------------
epoch: 4, lr: 0.0007738, loss: 0.7507
179.66380510000002
              precision    recall  f1-score   support

     neutral   0.649635  0.635714  0.642599       280
       happy   0.764331  0.603015  0.674157       199
         sad   0.635338  0.812500  0.713080       208
       angry   0.590361  0.556818  0.573099       176

    accuracy                       0.654693       863
   macro avg   0.659917  0.652012  0.650734       863
weighted avg   0.660549  0.654693  0.652690       863

[[178  34  36  32]
 [ 52 120   8  19]
 [ 20   2 169  17]
 [ 24   1  53  98]]
The best result ----------
WA: 65.4693%, UA: 65.2012%, macro f1: 65.0734%, weighted f1: 65.2690%
--------------------------
epoch: 5, lr: 0.0007351, loss: 0.6782
213.42403690000003
              precision    recall  f1-score   support

     neutral   0.755102  0.396429  0.519906       280
       happy   0.779006  0.708543  0.742105       199
         sad   0.485788  0.903846  0.631933       208
       angry   0.614865  0.517045  0.561728       176

    accuracy                       0.615295       863
   macro avg   0.658690  0.631466  0.613918       863
weighted avg   0.667104  0.615295  0.606673       863

[[111  37 102  30]
 [ 18 141  23  17]
 [  9   1 188  10]
 [  9   2  74  91]]
The best result ----------
WA: 65.4693%, UA: 65.2012%, macro f1: 65.0734%, weighted f1: 65.2690%
--------------------------
epoch: 6, lr: 0.0006983, loss: 0.6263
246.21964810000006
              precision    recall  f1-score   support

     neutral   0.668874  0.721429  0.694158       280
       happy   0.756757  0.703518  0.729167       199
         sad   0.673228  0.822115  0.740260       208
       angry   0.680328  0.471591  0.557047       176

    accuracy                       0.690614       863
   macro avg   0.694797  0.679663  0.680158       863
weighted avg   0.692524  0.690614  0.685380       863

[[202  35  25  18]
 [ 39 140   9  11]
 [ 24   3 171  10]
 [ 37   7  49  83]]
The best result ----------
WA: 69.0614%, UA: 67.9663%, macro f1: 68.0158%, weighted f1: 68.5380%
--------------------------
epoch: 7, lr: 0.0006634, loss: 0.5945
280.4424786000001
              precision    recall  f1-score   support

     neutral   0.659794  0.685714  0.672504       280
       happy   0.730337  0.653266  0.689655       199
         sad   0.713636  0.754808  0.733645       208
       angry   0.649425  0.642045  0.645714       176

    accuracy                       0.685979       863
   macro avg   0.688298  0.683958  0.685380       863
weighted avg   0.686923  0.685979  0.685732       863

[[192  33  27  28]
 [ 49 130   6  14]
 [ 23   9 157  19]
 [ 27   6  30 113]]
The best result ----------
WA: 69.0614%, UA: 67.9663%, macro f1: 68.0158%, weighted f1: 68.5380%
--------------------------
epoch: 8, lr: 0.0006302, loss: 0.5729
317.2228496000001
              precision    recall  f1-score   support

     neutral   0.770270  0.407143  0.532710       280
       happy   0.732673  0.743719  0.738155       199
         sad   0.559748  0.855769  0.676806       208
       angry   0.558974  0.619318  0.587601       176

    accuracy                       0.636153       863
   macro avg   0.655417  0.656487  0.633818       863
weighted avg   0.667769  0.636153  0.626008       863

[[114  48  72  46]
 [ 16 148  15  20]
 [  8   2 178  20]
 [ 10   4  53 109]]
The best result ----------
WA: 69.0614%, UA: 67.9663%, macro f1: 68.0158%, weighted f1: 68.5380%
--------------------------
epoch: 9, lr: 0.0005987, loss: 0.5466
351.6654463000001
              precision    recall  f1-score   support

     neutral   0.700820  0.610714  0.652672       280
       happy   0.742424  0.738693  0.740554       199
         sad   0.806250  0.620192  0.701087       208
       angry   0.521073  0.772727  0.622426       176

    accuracy                       0.675550       863
   macro avg   0.692642  0.685582  0.679185       863
weighted avg   0.699167  0.675550  0.678437       863

[[171  38  11  60]
 [ 30 147   4  18]
 [ 26   6 129  47]
 [ 17   7  16 136]]
The best result ----------
WA: 69.0614%, UA: 67.9663%, macro f1: 68.0158%, weighted f1: 68.5380%
--------------------------
epoch: 10, lr: 0.0005688, loss: 0.547
385.18756250000007
              precision    recall  f1-score   support

     neutral   0.728723  0.489286  0.585470       280
       happy   0.761111  0.688442  0.722955       199
         sad   0.501326  0.908654  0.646154       208
       angry   0.677966  0.454545  0.544218       176

    accuracy                       0.629200       863
   macro avg   0.667282  0.635232  0.624699       863
weighted avg   0.671033  0.629200  0.623386       863

[[137  36  85  22]
 [ 25 137  27  10]
 [ 10   3 189   6]
 [ 16   4  76  80]]
The best result ----------
WA: 69.0614%, UA: 67.9663%, macro f1: 68.0158%, weighted f1: 68.5380%
--------------------------
epoch: 11, lr: 0.0005404, loss: 0.5376
418.0907514000001
              precision    recall  f1-score   support

     neutral   0.726804  0.503571  0.594937       280
       happy   0.737864  0.763819  0.750617       199
         sad   0.592466  0.831731  0.692000       208
       angry   0.625731  0.607955  0.616715       176

    accuracy                       0.663963       863
   macro avg   0.670716  0.676769  0.663567       863
weighted avg   0.676363  0.663963  0.658671       863
