-------------------------------------------
455173236
              precision    recall  f1-score   support

     neutral   0.717557  0.712121  0.714829       264
       happy   0.816514  0.824074  0.820276       216
         sad   0.653509  0.768041  0.706161       194
       angry   0.703226  0.576720  0.633721       189

    accuracy                       0.723059       863
   macro avg   0.722701  0.720239  0.718747       863
weighted avg   0.724788  0.723059  0.721510       863

[[188  31  29  16]
 [ 24 178   7   7]
 [ 18   4 149  23]
 [ 32   5  43 109]]
{'train': '{"0": 1153, "3": 705, "1": 788, "2": 802}', 'test': '{"0": 264, "2": 194, "1": 216, "3": 189}', 'train_seg': 'dict_items([(0, 15815), (3, 13002), (1, 15971), (2, 12346)])'}
Running time with 1 iterations: 841.8363923
-------------------------------------------

-------------------------------------------
1002313785
              precision    recall  f1-score   support

     neutral   0.761134  0.661972  0.708098       284
       happy   0.727273  0.838095  0.778761       210
         sad   0.722222  0.772973  0.746736       185
       angry   0.721591  0.690217  0.705556       184

    accuracy                       0.734647       863
   macro avg   0.733055  0.740814  0.734788       863
weighted avg   0.736122  0.734647  0.733034       863

[[188  51  20  25]
 [ 23 176   4   7]
 [ 17   8 143  17]
 [ 19   7  31 127]]
{'train': '{"0": 1133, "2": 811, "1": 794, "3": 710}', 'test': '{"0": 284, "2": 185, "1": 210, "3": 184}', 'train_seg': 'dict_items([(0, 15621), (2, 13133), (1, 16378), (3, 13010)])'}
Running time with 1 iterations: 915.5656349999999
-------------------------------------------

-------------------------------------------
35637597
              precision    recall  f1-score   support

     neutral   0.817121  0.731707  0.772059       287
       happy   0.779167  0.890476  0.831111       210
         sad   0.796954  0.801020  0.798982       196
       angry   0.686391  0.682353  0.684366       170

    accuracy                       0.776362       863
   macro avg   0.769908  0.776389  0.771629       863
weighted avg   0.777553  0.776362  0.775269       863

[[210  38  14  25]
 [ 11 187   3   9]
 [ 13   7 157  19]
 [ 23   8  23 116]]
{'train': '{"1": 794, "2": 800, "3": 724, "0": 1130}', 'test': '{"0": 287, "2": 196, "1": 210, "3": 170}', 'train_seg': 'dict_items([(1, 16645), (2, 12530), (3, 13659), (0, 15663)])'}
Running time with 1 iterations: 927.4811516999999
-------------------------------------------

-------------------------------------------
1086306456
              precision    recall  f1-score   support

     neutral   0.770370  0.722222  0.745520       288
       happy   0.790393  0.870192  0.828375       208
         sad   0.755869  0.763033  0.759434       211
       angry   0.668874  0.647436  0.657980       156

    accuracy                       0.754345       863
   macro avg   0.746377  0.750721  0.747827       863
weighted avg   0.753304  0.754345  0.753068       863

[[208  32  22  26]
 [ 21 181   2   4]
 [ 20  10 161  20]
 [ 21   6  28 101]]
{'train': '{"3": 738, "0": 1129, "2": 785, "1": 796}', 'test': '{"2": 211, "0": 288, "1": 208, "3": 156}', 'train_seg': 'dict_items([(3, 13584), (0, 15639), (2, 12331), (1, 16480)])'}
Running time with 1 iterations: 1118.412831
-------------------------------------------

-------------------------------------------
1734106508
              precision    recall  f1-score   support

     neutral   0.795367  0.710345  0.750455       290
       happy   0.764957  0.860577  0.809955       208
         sad   0.751269  0.774869  0.762887       191
       angry   0.705202  0.701149  0.703170       174

    accuracy                       0.758980       863
   macro avg   0.754199  0.761735  0.756617       863
weighted avg   0.760099  0.758980  0.758013       863

[[206  41  17  26]
 [ 19 179   2   8]
 [ 19   7 148  17]
 [ 15   7  30 122]]
{'train': '{"0": 1127, "2": 805, "1": 796, "3": 720}', 'test': '{"2": 191, "0": 290, "1": 208, "3": 174}', 'train_seg': 'dict_items([(0, 14975), (2, 12838), (1, 16412), (3, 13247)])'}
Running time with 1 iterations: 1597.275484
-------------------------------------------

-------------------------------------------
696474102
              precision    recall  f1-score   support

     neutral   0.799180  0.652174  0.718232       299
       happy   0.637931  0.870588  0.736318       170
         sad   0.770000  0.729858  0.749392       211
       angry   0.721925  0.737705  0.729730       183

    accuracy                       0.732329       863
   macro avg   0.732259  0.747581  0.733418       863
weighted avg   0.743900  0.732329  0.731851       863

[[195  60  20  24]
 [ 10 148   4   8]
 [ 21  16 154  20]
 [ 18   8  22 135]]
{'train': '{"3": 711, "0": 1118, "1": 834, "2": 785}', 'test': '{"2": 211, "0": 299, "1": 170, "3": 183}', 'train_seg': 'dict_items([(3, 12728), (0, 15196), (1, 17352), (2, 12570)])'}
Running time with 1 iterations: 1640.7854826999999
-------------------------------------------

-------------------------------------------
1296810182
              precision    recall  f1-score   support

     neutral   0.744755  0.707641  0.725724       301
       happy   0.717391  0.837563  0.772834       197
         sad   0.770115  0.697917  0.732240       192
       angry   0.653179  0.653179  0.653179       173

    accuracy                       0.724218       863
   macro avg   0.721360  0.724075  0.720994       863
weighted avg   0.725793  0.724218  0.723385       863

[[213  45  11  32]
 [ 17 165   7   8]
 [ 27  11 134  20]
 [ 29   9  22 113]]
{'train': '{"2": 804, "3": 721, "0": 1116, "1": 807}', 'test': '{"0": 301, "2": 192, "1": 197, "3": 173}', 'train_seg': 'dict_items([(2, 12810), (3, 13200), (0, 15077), (1, 16625)])'}
Running time with 1 iterations: 1235.941026
-------------------------------------------

-------------------------------------------
1221102694
              precision    recall  f1-score   support

     neutral   0.747331  0.690789  0.717949       304
       happy   0.685841  0.861111  0.763547       180
         sad   0.790816  0.695067  0.739857       223
       angry   0.643750  0.660256  0.651899       156

    accuracy                       0.721900       863
   macro avg   0.716934  0.726806  0.718313       863
weighted avg   0.727019  0.721900  0.721181       863

[[210  54  18  22]
 [ 15 155   2   8]
 [ 33   8 155  27]
 [ 23   9  21 103]]
{'train': '{"2": 773, "1": 824, "3": 738, "0": 1113}', 'test': '{"2": 223, "0": 304, "1": 180, "3": 156}', 'train_seg': 'dict_items([(2, 11993), (1, 17115), (3, 13607), (0, 15145)])'}
Running time with 1 iterations: 841.9040758
-------------------------------------------

-------------------------------------------
2076020806
              precision    recall  f1-score   support

     neutral   0.734375  0.688645  0.710775       273
       happy   0.708333  0.871795  0.781609       195
         sad   0.792746  0.705069  0.746341       217
       angry   0.683908  0.668539  0.676136       178

    accuracy                       0.730012       863
   macro avg   0.729841  0.733512  0.728716       863
weighted avg   0.732759  0.730012  0.728579       863

[[188  47  12  26]
 [ 19 170   2   4]
 [ 26  13 153  25]
 [ 23  10  26 119]]
{'train': '{"2": 779, "0": 1144, "3": 716, "1": 809}', 'test': '{"2": 217, "0": 273, "1": 195, "3": 178}', 'train_seg': 'dict_items([(2, 12326), (0, 15506), (3, 13089), (1, 16668)])'}
Running time with 1 iterations: 7171.3466747
-------------------------------------------

-------------------------------------------
416158241
              precision    recall  f1-score   support

     neutral   0.773585  0.706897  0.738739       290
       happy   0.748899  0.880829  0.809524       193
         sad   0.717073  0.753846  0.735000       195
       angry   0.692771  0.621622  0.655271       185

    accuracy                       0.738123       863
   macro avg   0.733082  0.740798  0.734633       863
weighted avg   0.737971  0.738123  0.735831       863

[[205  42  17  26]
 [ 12 170   6   5]
 [ 22   6 147  20]
 [ 26   9  35 115]]
{'train': '{"1": 811, "2": 801, "3": 709, "0": 1127}', 'test': '{"0": 290, "2": 195, "1": 193, "3": 185}', 'train_seg': 'dict_items([(1, 17034), (2, 12759), (3, 12749), (0, 15291)])'}
Running time with 1 iterations: 1196.863606
-------------------------------------------

-------------------------------------------
1333829889
              precision    recall  f1-score   support

     neutral   0.732342  0.679310  0.704830       290
       happy   0.697095  0.861538  0.770642       195
         sad   0.740385  0.766169  0.753056       201
       angry   0.765517  0.627119  0.689441       177

    accuracy                       0.730012       863
   macro avg   0.733835  0.733534  0.729492       863
weighted avg   0.733055  0.730012  0.727777       863

[[197  54  20  19]
 [ 20 168   1   6]
 [ 27  11 154   9]
 [ 25   8  33 111]]
{'train': '{"3": 717, "1": 809, "0": 1127, "2": 795}', 'test': '{"0": 290, "2": 201, "1": 195, "3": 177}', 'train_seg': 'dict_items([(3, 13105), (1, 17212), (0, 15312), (2, 12713)])'}
Running time with 1 iterations: 885.8637135
-------------------------------------------

-------------------------------------------
1985975662
              precision    recall  f1-score   support

     neutral   0.812977  0.705298  0.755319       302
       happy   0.633929  0.860606  0.730077       165
         sad   0.777251  0.780952  0.779097       210
       angry   0.746988  0.666667  0.704545       186

    accuracy                       0.745075       863
   macro avg   0.742786  0.753381  0.742260       863
weighted avg   0.755828  0.745075  0.745336       863

[[213  51  13  25]
 [ 13 142   7   3]
 [ 16  16 164  14]
 [ 20  15  27 124]]
{'train': '{"2": 786, "1": 839, "0": 1115, "3": 708}', 'test': '{"2": 210, "0": 302, "1": 165, "3": 186}', 'train_seg': 'dict_items([(2, 12595), (1, 17082), (0, 15266), (3, 12944)])'}
Running time with 1 iterations: 1752.3112015
-------------------------------------------

-------------------------------------------
1040881121
              precision    recall  f1-score   support

     neutral   0.676101  0.757042  0.714286       284
       happy   0.782178  0.763285  0.772616       207
         sad   0.767568  0.751323  0.759358       189
       angry   0.715190  0.617486  0.662757       183

    accuracy                       0.727694       863
   macro avg   0.735259  0.722284  0.727254       863
weighted avg   0.729865  0.727694  0.727221       863

[[215  32  17  20]
 [ 36 158   4   9]
 [ 27   4 142  16]
 [ 40   8  22 113]]
{'train': '{"2": 807, "0": 1133, "1": 797, "3": 711}', 'test': '{"2": 189, "0": 284, "1": 207, "3": 183}', 'train_seg': 'dict_items([(2, 12769), (0, 15560), (1, 16533), (3, 12721)])'}
Running time with 1 iterations: 2922.3818876
-------------------------------------------

-------------------------------------------
500610428
              precision    recall  f1-score   support

     neutral   0.743902  0.646643  0.691871       283
       happy   0.735294  0.817757  0.774336       214
         sad   0.647668  0.735294  0.688705       170
       angry   0.677419  0.642857  0.659686       196

    accuracy                       0.705678       863
   macro avg   0.701071  0.710638  0.703650       863
weighted avg   0.707712  0.705678  0.704387       863

[[183  49  19  32]
 [ 22 175  10   7]
 [ 14  10 125  21]
 [ 27   4  39 126]]
{'train': '{"2": 826, "3": 698, "1": 790, "0": 1134}', 'test': '{"2": 170, "0": 283, "1": 214, "3": 196}', 'train_seg': 'dict_items([(2, 12747), (3, 12732), (1, 16441), (0, 15295)])'}
Running time with 1 iterations: 2029.0556970999999
-------------------------------------------

