epoch: 0, lr: 0.00095, loss: 1.207
39.204822699999994
              precision    recall  f1-score   support

     neutral   0.682353  0.576159  0.624776       302
       happy   0.577586  0.812121  0.675063       165
         sad   0.723618  0.685714  0.704156       210
       angry   0.542373  0.516129  0.528926       186

    accuracy                       0.634994       863
   macro avg   0.631483  0.647531  0.633230       863
weighted avg   0.642194  0.634994  0.633048       863

[[174  74  11  43]
 [ 18 134   4   9]
 [ 22  15 144  29]
 [ 41   9  40  96]]
The best result ----------
WA: 63.4994%, UA: 64.7531%, macro f1: 63.3230%, weighted f1: 63.3048%
--------------------------
epoch: 1, lr: 0.0009025, loss: 1.03
71.5746832
              precision    recall  f1-score   support

     neutral   0.793269  0.546358  0.647059       302
       happy   0.674419  0.703030  0.688427       165
         sad   0.564815  0.871429  0.685393       210
       angry   0.540881  0.462366  0.498551       186

    accuracy                       0.637312       863
   macro avg   0.643346  0.645796  0.629858       863
weighted avg   0.660558  0.637312  0.632289       863

[[165  40  51  46]
 [ 21 116  13  15]
 [  4  11 183  12]
 [ 18   5  77  86]]
The best result ----------
WA: 63.7312%, UA: 64.5796%, macro f1: 62.9858%, weighted f1: 63.2289%
--------------------------
epoch: 2, lr: 0.0008574, loss: 0.9443
104.0305212
              precision    recall  f1-score   support

     neutral   0.788462  0.543046  0.643137       302
       happy   0.555556  0.878788  0.680751       165
         sad   0.736607  0.785714  0.760369       210
       angry   0.635294  0.580645  0.606742       186

    accuracy                       0.674392       863
   macro avg   0.678980  0.697048  0.672750       863
weighted avg   0.698302  0.674392  0.671011       863

[[164  83  13  42]
 [  7 145   7   6]
 [ 11  20 165  14]
 [ 26  13  39 108]]
The best result ----------
WA: 67.4392%, UA: 69.7048%, macro f1: 67.2750%, weighted f1: 67.1011%
--------------------------
epoch: 3, lr: 0.0008145, loss: 0.8507
136.64673919999998
              precision    recall  f1-score   support

     neutral   0.812245  0.658940  0.727605       302
       happy   0.716667  0.781818  0.747826       165
         sad   0.631206  0.847619  0.723577       210
       angry   0.673077  0.564516  0.614035       186

    accuracy                       0.707995       863
   macro avg   0.708299  0.713223  0.703261       863
weighted avg   0.719923  0.707995  0.706014       863

[[199  36  39  28]
 [ 14 129  13   9]
 [  9   9 178  14]
 [ 23   6  52 105]]
The best result ----------
WA: 70.7995%, UA: 71.3223%, macro f1: 70.3261%, weighted f1: 70.6014%
--------------------------
epoch: 4, lr: 0.0007738, loss: 0.7623
169.0217534
              precision    recall  f1-score   support

     neutral   0.876404  0.516556  0.650000       302
       happy   0.543478  0.909091  0.680272       165
         sad   0.701245  0.804762  0.749446       210
       angry   0.696429  0.629032  0.661017       186

    accuracy                       0.685979       863
   macro avg   0.704389  0.714860  0.685184       863
weighted avg   0.731339  0.685979  0.682361       863

[[156  86  26  34]
 [  3 150   8   4]
 [  6  22 169  13]
 [ 13  18  38 117]]
The best result ----------
WA: 70.7995%, UA: 71.3223%, macro f1: 70.3261%, weighted f1: 70.6014%
--------------------------
epoch: 5, lr: 0.0007351, loss: 0.6757
201.39633999999998
              precision    recall  f1-score   support

     neutral   0.786611  0.622517  0.695009       302
       happy   0.742690  0.769697  0.755952       165
         sad   0.674797  0.790476  0.728070       210
       angry   0.594203  0.661290  0.625954       186

    accuracy                       0.699884       863
   macro avg   0.699575  0.710995  0.701246       863
weighted avg   0.709536  0.699884  0.699823       863

[[188  32  34  48]
 [ 15 127  10  13]
 [ 13   8 166  23]
 [ 23   4  36 123]]
The best result ----------
WA: 70.7995%, UA: 71.3223%, macro f1: 70.3261%, weighted f1: 70.6014%
--------------------------
epoch: 6, lr: 0.0006983, loss: 0.6069
233.85546079999997
              precision    recall  f1-score   support

     neutral   0.754209  0.741722  0.747913       302
       happy   0.700565  0.751515  0.725146       165
         sad   0.758294  0.761905  0.760095       210
       angry   0.702247  0.672043  0.686813       186

    accuracy                       0.733488       863
   macro avg   0.728829  0.731796  0.729992       863
weighted avg   0.733747  0.733488  0.733356       863

[[224  37  18  23]
 [ 26 124   9   6]
 [ 15  11 160  24]
 [ 32   5  24 125]]
The best result ----------
WA: 73.3488%, UA: 73.1796%, macro f1: 72.9992%, weighted f1: 73.3356%
--------------------------
epoch: 7, lr: 0.0006634, loss: 0.5907
266.28517209999995
              precision    recall  f1-score   support

     neutral   0.780083  0.622517  0.692449       302
       happy   0.751592  0.715152  0.732919       165
         sad   0.626761  0.847619  0.720648       210
       angry   0.607735  0.591398  0.599455       186

    accuracy                       0.688297       863
   macro avg   0.691543  0.694171  0.686368       863
weighted avg   0.700181  0.688297  0.687006       863

[[188  27  45  42]
 [ 21 118  14  12]
 [  8   7 178  17]
 [ 24   5  47 110]]
The best result ----------
WA: 73.3488%, UA: 73.1796%, macro f1: 72.9992%, weighted f1: 73.3356%
--------------------------
epoch: 8, lr: 0.0006302, loss: 0.5755
298.5993645
              precision    recall  f1-score   support

     neutral   0.768657  0.682119  0.722807       302
       happy   0.604255  0.860606  0.710000       165
         sad   0.793651  0.714286  0.751880       210
       angry   0.672515  0.618280  0.644258       186

    accuracy                       0.710313       863
   macro avg   0.709769  0.718823  0.707236       863
weighted avg   0.722585  0.710313  0.710503       863

[[206  59  10  27]
 [  9 142   6   8]
 [ 19  20 150  21]
 [ 34  14  23 115]]
The best result ----------
WA: 73.3488%, UA: 73.1796%, macro f1: 72.9992%, weighted f1: 73.3356%
--------------------------
epoch: 9, lr: 0.0005987, loss: 0.5549
331.18820969999996
              precision    recall  f1-score   support

     neutral   0.769517  0.685430  0.725044       302
       happy   0.615044  0.842424  0.710997       165
         sad   0.704036  0.747619  0.725173       210
       angry   0.689655  0.537634  0.604230       186

    accuracy                       0.698725       863
   macro avg   0.694563  0.703277  0.691361       863
weighted avg   0.706836  0.698725  0.696351       863

[[207  52  19  24]
 [ 15 139   7   4]
 [ 17  19 157  17]
 [ 30  16  40 100]]
The best result ----------
WA: 73.3488%, UA: 73.1796%, macro f1: 72.9992%, weighted f1: 73.3356%
--------------------------
epoch: 10, lr: 0.0005688, loss: 0.5597
363.41954719999995
              precision    recall  f1-score   support

     neutral   0.721477  0.711921  0.716667       302
       happy   0.586498  0.842424  0.691542       165
         sad   0.767677  0.723810  0.745098       210
       angry   0.753846  0.526882  0.620253       186

    accuracy                       0.699884       863
   macro avg   0.707374  0.701259  0.693390       863
weighted avg   0.713888  0.699884  0.698002       863

[[215  62  10  15]
 [ 14 139   7   5]
 [ 29  17 152  12]
 [ 40  19  29  98]]
The best result ----------
WA: 73.3488%, UA: 73.1796%, macro f1: 72.9992%, weighted f1: 73.3356%
--------------------------
epoch: 11, lr: 0.0005404, loss: 0.5414
396.02371489999996
              precision    recall  f1-score   support

     neutral   0.824885  0.592715  0.689788       302
       happy   0.609244  0.878788  0.719603       165
         sad   0.725000  0.828571  0.773333       210
       angry   0.678571  0.612903  0.644068       186

    accuracy                       0.709154       863
   macro avg   0.709425  0.728244  0.706698       863
weighted avg   0.727815  0.709154  0.705964       863

[[179  61  25  37]
 [  7 145   6   7]
 [ 10  16 174  10]
 [ 21  16  35 114]]
The best result ----------
WA: 73.3488%, UA: 73.1796%, macro f1: 72.9992%, weighted f1: 73.3356%
--------------------------
epoch: 12, lr: 0.0005133, loss: 0.5244
428.38332199999996
              precision    recall  f1-score   support

     neutral   0.722397  0.758278  0.739903       302
       happy   0.629108  0.812121  0.708995       165
         sad   0.763285  0.752381  0.757794       210
       angry   0.801587  0.543011  0.647436       186

    accuracy                       0.720742       863
   macro avg   0.729094  0.716448  0.713532       863
weighted avg   0.731578  0.720742  0.718418       863

[[229  50  11  12]
 [ 20 134   7   4]
 [ 27  16 158   9]
 [ 41  13  31 101]]
The best result ----------
WA: 73.3488%, UA: 73.1796%, macro f1: 72.9992%, weighted f1: 73.3356%
--------------------------
epoch: 13, lr: 0.0004877, loss: 0.5412
462.31928859999994
              precision    recall  f1-score   support

     neutral   0.780220  0.705298  0.740870       302
       happy   0.593361  0.866667  0.704433       165
         sad   0.772947  0.761905  0.767386       210
       angry   0.767606  0.586022  0.664634       186

    accuracy                       0.724218       863
   macro avg   0.728533  0.729973  0.719331       863
weighted avg   0.740005  0.724218  0.723925       863

[[213  57  12  20]
 [ 12 143   7   3]
 [ 18  22 160  10]
 [ 30  19  28 109]]
The best result ----------
WA: 73.3488%, UA: 73.1796%, macro f1: 72.9992%, weighted f1: 73.3356%
--------------------------
epoch: 14, lr: 0.0004633, loss: 0.508
496.32395059999993
              precision    recall  f1-score   support

     neutral   0.840206  0.539735  0.657258       302
       happy   0.674528  0.866667  0.758621       165
         sad   0.691120  0.852381  0.763326       210
       angry   0.641414  0.682796  0.661458       186

    accuracy                       0.709154       863
   macro avg   0.711817  0.735395  0.710166       863
weighted avg   0.729406  0.709154  0.703354       863

[[163  54  35  50]
 [  8 143   8   6]
 [  7   9 179  15]
 [ 16   6  37 127]]
The best result ----------
WA: 73.3488%, UA: 73.1796%, macro f1: 72.9992%, weighted f1: 73.3356%
--------------------------
epoch: 15, lr: 0.0004401, loss: 0.5311
529.6035833999999
              precision    recall  f1-score   support

     neutral   0.774704  0.649007  0.706306       302
       happy   0.645933  0.818182  0.721925       165
         sad   0.778325  0.752381  0.765133       210
       angry   0.636364  0.677419  0.656250       186

    accuracy                       0.712630       863
   macro avg   0.708831  0.724247  0.712404       863
weighted avg   0.721149  0.712630  0.712819       863

[[196  50  13  43]
 [ 14 135   8   8]
 [ 16  15 158  21]
 [ 27   9  24 126]]
The best result ----------
WA: 73.3488%, UA: 73.1796%, macro f1: 72.9992%, weighted f1: 73.3356%
--------------------------
epoch: 16, lr: 0.0004181, loss: 0.5045
561.9760365
              precision    recall  f1-score   support

     neutral   0.788235  0.665563  0.721724       302
       happy   0.603448  0.848485  0.705290       165
         sad   0.778325  0.752381  0.765133       210
       angry   0.705202  0.655914  0.679666       186

    accuracy                       0.719583       863
   macro avg   0.718803  0.730586  0.717953       863
weighted avg   0.732598  0.719583  0.720080       863

[[201  57  12  32]
 [ 15 140   6   4]
 [ 17  20 158  15]
 [ 22  15  27 122]]
The best result ----------
WA: 73.3488%, UA: 73.1796%, macro f1: 72.9992%, weighted f1: 73.3356%
--------------------------
epoch: 17, lr: 0.0003972, loss: 0.5046
594.3767034
              precision    recall  f1-score   support

     neutral   0.823256  0.586093  0.684720       302
       happy   0.535971  0.903030  0.672686       165
         sad   0.820809  0.676190  0.741514       210
       angry   0.659898  0.698925  0.678851       186

    accuracy                       0.692932       863
   macro avg   0.709984  0.716060  0.694443       863
weighted avg   0.732526  0.692932  0.694974       863

[[177  80   8  37]
 [  8 149   5   3]
 [ 10  31 142  27]
 [ 20  18  18 130]]
The best result ----------
WA: 73.3488%, UA: 73.1796%, macro f1: 72.9992%, weighted f1: 73.3356%
--------------------------
epoch: 18, lr: 0.0003774, loss: 0.4974
627.2345279000001
              precision    recall  f1-score   support

     neutral   0.757576  0.745033  0.751252       302
       happy   0.605042  0.872727  0.714640       165
         sad   0.771845  0.757143  0.764423       210
       angry   0.819672  0.537634  0.649351       186

    accuracy                       0.727694       863
   macro avg   0.738534  0.728134  0.719917       863
weighted avg   0.745268  0.727694  0.725495       863

[[225  57  11   9]
 [ 13 144   6   2]
 [ 20  20 159  11]
 [ 39  17  30 100]]
The best result ----------
WA: 73.3488%, UA: 73.1796%, macro f1: 72.9992%, weighted f1: 73.3356%
--------------------------
epoch: 19, lr: 0.0003585, loss: 0.5092
659.5561738000001
              precision    recall  f1-score   support

     neutral   0.804979  0.642384  0.714549       302
       happy   0.598326  0.866667  0.707921       165
         sad   0.764423  0.757143  0.760766       210
       angry   0.685714  0.645161  0.664820       186

    accuracy                       0.713789       863
   macro avg   0.713361  0.727839  0.712014       863
weighted avg   0.729895  0.713789  0.713810       863

[[194  59  13  36]
 [ 12 143   6   4]
 [ 14  22 159  15]
 [ 21  15  30 120]]
The best result ----------
WA: 73.3488%, UA: 73.1796%, macro f1: 72.9992%, weighted f1: 73.3356%
--------------------------
epoch: 20, lr: 0.0003406, loss: 0.5026
691.9133998000001
              precision    recall  f1-score   support

     neutral   0.797665  0.678808  0.733453       302
       happy   0.575290  0.903030  0.702830       165
         sad   0.760766  0.757143  0.758950       210
       angry   0.702899  0.521505  0.598765       186

    accuracy                       0.706837       863
   macro avg   0.709155  0.715122  0.698500       863
weighted avg   0.725745  0.706837  0.704773       863

[[205  65   9  23]
 [  8 149   4   4]
 [ 16  21 159  14]
 [ 28  24  37  97]]
The best result ----------
WA: 73.3488%, UA: 73.1796%, macro f1: 72.9992%, weighted f1: 73.3356%
--------------------------
epoch: 21, lr: 0.0003235, loss: 0.5109
724.4470880000001
              precision    recall  f1-score   support

     neutral   0.760714  0.705298  0.731959       302
       happy   0.611354  0.848485  0.710660       165
         sad   0.769953  0.780952  0.775414       210
       angry   0.780142  0.591398  0.672783       186

    accuracy                       0.726535       863
   macro avg   0.730541  0.731533  0.722704       863
weighted avg   0.738593  0.726535  0.725707       863

[[213  59  11  19]
 [ 15 140   7   3]
 [ 19  18 164   9]
 [ 33  12  31 110]]
The best result ----------
WA: 73.3488%, UA: 73.1796%, macro f1: 72.9992%, weighted f1: 73.3356%
--------------------------
epoch: 22, lr: 0.0003074, loss: 0.5133
757.0008613000001
              precision    recall  f1-score   support

     neutral   0.839827  0.642384  0.727955       302
       happy   0.611354  0.848485  0.710660       165
         sad   0.698795  0.828571  0.758170       210
       angry   0.720779  0.596774  0.652941       186

    accuracy                       0.717265       863
   macro avg   0.717689  0.729054  0.712431       863
weighted avg   0.736168  0.717265  0.715833       863

[[194  54  26  28]
 [ 12 140   8   5]
 [  5  21 174  10]
 [ 20  14  41 111]]
The best result ----------
WA: 73.3488%, UA: 73.1796%, macro f1: 72.9992%, weighted f1: 73.3356%
--------------------------
epoch: 23, lr: 0.000292, loss: 0.499
789.3290229000002
              precision    recall  f1-score   support

     neutral   0.824490  0.668874  0.738574       302
       happy   0.611814  0.878788  0.721393       165
         sad   0.800000  0.761905  0.780488       210
       angry   0.690608  0.672043  0.681199       186

    accuracy                       0.732329       863
   macro avg   0.731728  0.745402  0.730413       863
weighted avg   0.749013  0.732329  0.733122       863

[[202  60   9  31]
 [  9 145   6   5]
 [  9  21 160  20]
 [ 25  11  25 125]]
The best result ----------
WA: 73.2329%, UA: 74.5402%, macro f1: 73.0413%, weighted f1: 73.3122%
--------------------------
epoch: 24, lr: 0.0002774, loss: 0.5054
821.5719572000002
              precision    recall  f1-score   support

     neutral   0.815900  0.645695  0.720887       302
       happy   0.604938  0.890909  0.720588       165
         sad   0.752174  0.823810  0.786364       210
       angry   0.741722  0.602151  0.664688       186

    accuracy                       0.726535       863
   macro avg   0.728683  0.740641  0.723132       863
weighted avg   0.744071  0.726535  0.724651       863

[[195  63  16  28]
 [  9 147   7   2]
 [  9  19 173   9]
 [ 26  14  34 112]]
The best result ----------
WA: 73.2329%, UA: 74.5402%, macro f1: 73.0413%, weighted f1: 73.3122%
--------------------------
epoch: 25, lr: 0.0002635, loss: 0.4898
853.8837990000001
              precision    recall  f1-score   support

     neutral   0.776173  0.711921  0.742660       302
       happy   0.641256  0.866667  0.737113       165
         sad   0.783505  0.723810  0.752475       210
       angry   0.715976  0.650538  0.681690       186

    accuracy                       0.731170       863
   macro avg   0.729228  0.738234  0.728485       863
weighted avg   0.739188  0.731170  0.730847       863

[[215  50  11  26]
 [ 12 143   7   3]
 [ 22  17 152  19]
 [ 28  13  24 121]]
The best result ----------
WA: 73.2329%, UA: 74.5402%, macro f1: 73.0413%, weighted f1: 73.3122%
--------------------------
epoch: 26, lr: 0.0002503, loss: 0.4961
886.070688
              precision    recall  f1-score   support

     neutral   0.817427  0.652318  0.725599       302
       happy   0.584000  0.884848  0.703614       165
         sad   0.780374  0.795238  0.787736       210
       angry   0.765823  0.650538  0.703488       186

    accuracy                       0.731170       863
   macro avg   0.736906  0.745736  0.730109       863
weighted avg   0.752659  0.731170  0.731750       863

[[197  66  17  22]
 [  9 146   7   3]
 [ 11  20 167  12]
 [ 24  18  23 121]]
The best result ----------
WA: 73.2329%, UA: 74.5402%, macro f1: 73.0413%, weighted f1: 73.3122%
--------------------------
epoch: 27, lr: 0.0002378, loss: 0.4957
918.4865308
              precision    recall  f1-score   support

     neutral   0.829365  0.692053  0.754513       302
       happy   0.665094  0.854545  0.748011       165
         sad   0.728448  0.804762  0.764706       210
       angry   0.718563  0.645161  0.679887       186

    accuracy                       0.740440       863
   macro avg   0.735368  0.749130  0.736779       863
weighted avg   0.749520  0.740440  0.739666       863

[[209  43  22  28]
 [ 13 141   6   5]
 [ 10  17 169  14]
 [ 20  11  35 120]]
The best result ----------
WA: 74.0440%, UA: 74.9130%, macro f1: 73.6779%, weighted f1: 73.9666%
--------------------------
epoch: 28, lr: 0.0002259, loss: 0.5009
950.7625579999999
              precision    recall  f1-score   support

     neutral   0.786232  0.718543  0.750865       302
       happy   0.597510  0.872727  0.709360       165
         sad   0.788945  0.747619  0.767726       210
       angry   0.789116  0.623656  0.696697       186

    accuracy                       0.734647       863
   macro avg   0.740451  0.740636  0.731162       863
weighted avg   0.751431  0.734647  0.735358       863

[[217  57  12  16]
 [ 12 144   7   2]
 [ 15  25 157  13]
 [ 32  15  23 116]]
The best result ----------
WA: 74.0440%, UA: 74.9130%, macro f1: 73.6779%, weighted f1: 73.9666%
--------------------------
epoch: 29, lr: 0.0002146, loss: 0.4904
982.9383430999999
              precision    recall  f1-score   support

     neutral   0.837398  0.682119  0.751825       302
       happy   0.593496  0.884848  0.710462       165
         sad   0.805000  0.766667  0.785366       210
       angry   0.725146  0.666667  0.694678       186

    accuracy                       0.738123       863
   macro avg   0.740260  0.750075  0.735583       863
weighted avg   0.758689  0.738123  0.739762       863

[[206  59   9  28]
 [ 10 146   6   3]
 [ 10  23 161  16]
 [ 20  18  24 124]]
The best result ----------
WA: 74.0440%, UA: 74.9130%, macro f1: 73.6779%, weighted f1: 73.9666%
--------------------------
epoch: 30, lr: 0.0002039, loss: 0.4933
1015.1907426
              precision    recall  f1-score   support

     neutral   0.812245  0.658940  0.727605       302
       happy   0.577075  0.884848  0.698565       165
         sad   0.770335  0.766667  0.768496       210
       angry   0.737179  0.618280  0.672515       186

    accuracy                       0.719583       863
   macro avg   0.724209  0.732184  0.716795       863
weighted avg   0.740905  0.719583  0.720130       863

[[199  68  12  23]
 [ 11 146   5   3]
 [ 13  21 161  15]
 [ 22  18  31 115]]
The best result ----------
WA: 74.0440%, UA: 74.9130%, macro f1: 73.6779%, weighted f1: 73.9666%
--------------------------
epoch: 31, lr: 0.0001937, loss: 0.4907
1047.5540166
              precision    recall  f1-score   support

     neutral   0.831325  0.685430  0.751361       302
       happy   0.611111  0.866667  0.716792       165
         sad   0.790816  0.738095  0.763547       210
       angry   0.679348  0.672043  0.675676       186

    accuracy                       0.730012       863
   macro avg   0.728150  0.740559  0.726844       863
weighted avg   0.746609  0.730012  0.731405       863

[[207  57   8  30]
 [ 13 143   5   4]
 [  9  21 155  25]
 [ 20  13  28 125]]
The best result ----------
WA: 74.0440%, UA: 74.9130%, macro f1: 73.6779%, weighted f1: 73.9666%
--------------------------
epoch: 32, lr: 0.000184, loss: 0.4791
1079.7986377000002
              precision    recall  f1-score   support

     neutral   0.793358  0.711921  0.750436       302
       happy   0.628319  0.860606  0.726343       165
         sad   0.789216  0.766667  0.777778       210
       angry   0.734568  0.639785  0.683908       186

    accuracy                       0.738123       863
   macro avg   0.736365  0.744745  0.734616       863
weighted avg   0.748125  0.738123  0.738144       863

[[215  54  11  22]
 [ 13 142   7   3]
 [ 16  15 161  18]
 [ 27  15  25 119]]
The best result ----------
WA: 74.0440%, UA: 74.9130%, macro f1: 73.6779%, weighted f1: 73.9666%
--------------------------
epoch: 33, lr: 0.0001748, loss: 0.4791
1112.4610506000001
              precision    recall  f1-score   support

     neutral   0.817427  0.652318  0.725599       302
       happy   0.658768  0.842424  0.739362       165
         sad   0.721519  0.814286  0.765101       210
       angry   0.678161  0.634409  0.655556       186

    accuracy                       0.724218       863
   macro avg   0.718969  0.735859  0.721404       863
weighted avg   0.733739  0.724218  0.722746       863

[[197  45  21  39]
 [ 13 139   9   4]
 [ 12  14 171  13]
 [ 19  13  36 118]]
The best result ----------
WA: 74.0440%, UA: 74.9130%, macro f1: 73.6779%, weighted f1: 73.9666%
--------------------------
epoch: 34, lr: 0.0001661, loss: 0.4945
1145.0710444000003
              precision    recall  f1-score   support

     neutral   0.811321  0.711921  0.758377       302
       happy   0.612069  0.860606  0.715365       165
         sad   0.786408  0.771429  0.778846       210
       angry   0.725000  0.623656  0.670520       186

    accuracy                       0.735805       863
   macro avg   0.733699  0.741903  0.730777       863
weighted avg   0.748558  0.735805  0.736199       863

[[215  51  10  26]
 [ 14 142   6   3]
 [ 12  21 162  15]
 [ 24  18  28 116]]
The best result ----------
WA: 74.0440%, UA: 74.9130%, macro f1: 73.6779%, weighted f1: 73.9666%
--------------------------
epoch: 35, lr: 0.0001578, loss: 0.4933
1177.3382654000004
              precision    recall  f1-score   support

     neutral   0.821277  0.639073  0.718808       302
       happy   0.564885  0.896970  0.693208       165
         sad   0.759434  0.766667  0.763033       210
       angry   0.740260  0.612903  0.670588       186

    accuracy                       0.713789       863
   macro avg   0.721464  0.728903  0.711410       863
weighted avg   0.739746  0.713789  0.714283       863

[[193  72  15  22]
 [  7 148   7   3]
 [ 10  24 161  15]
 [ 25  18  29 114]]
The best result ----------
WA: 74.0440%, UA: 74.9130%, macro f1: 73.6779%, weighted f1: 73.9666%
--------------------------
epoch: 36, lr: 0.0001499, loss: 0.4753
1209.5091862000004
              precision    recall  f1-score   support

     neutral   0.852941  0.672185  0.751852       302
       happy   0.618026  0.872727  0.723618       165
         sad   0.764977  0.790476  0.777518       210
       angry   0.708571  0.666667  0.686981       186

    accuracy                       0.738123       863
   macro avg   0.736129  0.750514  0.734992       863
weighted avg   0.755506  0.738123  0.738718       863

[[203  56  13  30]
 [  9 144   7   5]
 [ 10  18 166  16]
 [ 16  15  31 124]]
The best result ----------
WA: 74.0440%, UA: 74.9130%, macro f1: 73.6779%, weighted f1: 73.9666%
--------------------------
epoch: 37, lr: 0.0001424, loss: 0.4907
1241.5813111000004
              precision    recall  f1-score   support

     neutral   0.796875  0.675497  0.731183       302
       happy   0.620690  0.872727  0.725441       165
         sad   0.779343  0.790476  0.784870       210
       angry   0.740741  0.645161  0.689655       186

    accuracy                       0.734647       863
   macro avg   0.734412  0.745965  0.732787       863
weighted avg   0.746825  0.734647  0.734199       863

[[204  59  12  27]
 [ 11 144   7   3]
 [ 16  16 166  12]
 [ 25  13  28 120]]
The best result ----------
WA: 74.0440%, UA: 74.9130%, macro f1: 73.6779%, weighted f1: 73.9666%
--------------------------
epoch: 38, lr: 0.0001353, loss: 0.4697
1273.7202695000003
              precision    recall  f1-score   support

     neutral   0.817490  0.711921  0.761062       302
       happy   0.637168  0.872727  0.736573       165
         sad   0.748879  0.795238  0.771363       210
       angry   0.748344  0.607527  0.670623       186

    accuracy                       0.740440       863
   macro avg   0.737970  0.746853  0.734905       863
weighted avg   0.751415  0.740440  0.739394       863

[[215  53  12  22]
 [  9 144   9   3]
 [ 15  15 167  13]
 [ 24  14  35 113]]
The best result ----------
WA: 74.0440%, UA: 74.9130%, macro f1: 73.6779%, weighted f1: 73.9666%
--------------------------
epoch: 39, lr: 0.0001285, loss: 0.4793
1306.1974907000003
              precision    recall  f1-score   support

     neutral   0.791506  0.678808  0.730838       302
       happy   0.566406  0.878788  0.688836       165
         sad   0.789744  0.733333  0.760494       210
       angry   0.738562  0.607527  0.666667       186

    accuracy                       0.714948       863
   macro avg   0.721554  0.724614  0.711709       863
weighted avg   0.736629  0.714948  0.716193       863

[[205  67   9  21]
 [ 11 145   6   3]
 [ 15  25 154  16]
 [ 28  19  26 113]]
The best result ----------
WA: 74.0440%, UA: 74.9130%, macro f1: 73.6779%, weighted f1: 73.9666%
--------------------------
epoch: 40, lr: 0.0001221, loss: 0.4782
1338.8150438000005
              precision    recall  f1-score   support

     neutral   0.810078  0.692053  0.746429       302
       happy   0.618421  0.854545  0.717557       165
         sad   0.751131  0.790476  0.770302       210
       angry   0.750000  0.629032  0.684211       186

    accuracy                       0.733488       863
   macro avg   0.732407  0.741527  0.729624       863
weighted avg   0.746142  0.733488  0.733308       863

[[209  56  14  23]
 [ 13 141   8   3]
 [ 13  18 166  13]
 [ 23  13  33 117]]
The best result ----------
WA: 74.0440%, UA: 74.9130%, macro f1: 73.6779%, weighted f1: 73.9666%
--------------------------
epoch: 41, lr: 0.000116, loss: 0.48
1371.0257583000005
              precision    recall  f1-score   support

     neutral   0.816733  0.678808  0.741410       302
       happy   0.585366  0.872727  0.700730       165
         sad   0.765550  0.761905  0.763723       210
       angry   0.757962  0.639785  0.693878       186

    accuracy                       0.727694       863
   macro avg   0.731403  0.738306  0.724935       863
weighted avg   0.747376  0.727694  0.728817       863

[[205  66  12  19]
 [ 11 144   7   3]
 [ 13  21 160  16]
 [ 22  15  30 119]]
The best result ----------
WA: 74.0440%, UA: 74.9130%, macro f1: 73.6779%, weighted f1: 73.9666%
--------------------------
epoch: 42, lr: 0.0001102, loss: 0.4696
1403.2350577000004
              precision    recall  f1-score   support

     neutral   0.812977  0.705298  0.755319       302
       happy   0.633929  0.860606  0.730077       165
         sad   0.777251  0.780952  0.779097       210
       angry   0.746988  0.666667  0.704545       186

    accuracy                       0.745075       863
   macro avg   0.742786  0.753381  0.742260       863
weighted avg   0.755828  0.745075  0.745336       863

[[213  51  13  25]
 [ 13 142   7   3]
 [ 16  16 164  14]
 [ 20  15  27 124]]
The best result ----------
WA: 74.5075%, UA: 75.3381%, macro f1: 74.2260%, weighted f1: 74.5336%
--------------------------
epoch: 43, lr: 0.0001047, loss: 0.4784
1435.7624427000005
              precision    recall  f1-score   support

     neutral   0.813008  0.662252  0.729927       302
       happy   0.601695  0.860606  0.708229       165
         sad   0.721519  0.814286  0.765101       210
       angry   0.736111  0.569892  0.642424       186

    accuracy                       0.717265       863
   macro avg   0.718083  0.726759  0.711420       863
weighted avg   0.733770  0.717265  0.715478       863

[[200  62  17  23]
 [ 13 142   7   3]
 [ 10  17 171  12]
 [ 23  15  42 106]]
The best result ----------
WA: 74.5075%, UA: 75.3381%, macro f1: 74.2260%, weighted f1: 74.5336%
--------------------------
epoch: 44, lr: 9.944e-05, loss: 0.4787
1468.1757108000004
              precision    recall  f1-score   support

     neutral   0.827309  0.682119  0.747731       302
       happy   0.595041  0.872727  0.707617       165
         sad   0.742358  0.809524  0.774487       210
       angry   0.769231  0.591398  0.668693       186

    accuracy                       0.730012       863
   macro avg   0.733485  0.738942  0.724632       863
weighted avg   0.749712  0.730012  0.729538       863

[[206  62  13  21]
 [ 10 144   8   3]
 [ 10  21 170   9]
 [ 23  15  38 110]]
The best result ----------
WA: 74.5075%, UA: 75.3381%, macro f1: 74.2260%, weighted f1: 74.5336%
--------------------------
epoch: 45, lr: 9.447e-05, loss: 0.4588
1500.5337816000003
              precision    recall  f1-score   support

     neutral   0.824490  0.668874  0.738574       302
       happy   0.599156  0.860606  0.706468       165
         sad   0.753425  0.785714  0.769231       210
       angry   0.759259  0.661290  0.706897       186

    accuracy                       0.732329       863
   macro avg   0.734082  0.744121  0.730292       863
weighted avg   0.750056  0.732329  0.733068       863

[[202  62  15  23]
 [ 13 142   7   3]
 [ 13  19 165  13]
 [ 17  14  32 123]]
The best result ----------
WA: 74.5075%, UA: 75.3381%, macro f1: 74.2260%, weighted f1: 74.5336%
--------------------------
epoch: 46, lr: 8.974e-05, loss: 0.4783
1532.8838183000003
              precision    recall  f1-score   support

     neutral   0.794118  0.715232  0.752613       302
       happy   0.612069  0.860606  0.715365       165
         sad   0.736842  0.800000  0.767123       210
       angry   0.809160  0.569892  0.668770       186

    accuracy                       0.732329       863
   macro avg   0.738047  0.736433  0.725968       863
weighted avg   0.748616  0.732329  0.730952       863

[[216  57  15  14]
 [ 14 142   8   1]
 [ 16  16 168  10]
 [ 26  17  37 106]]
The best result ----------
WA: 74.5075%, UA: 75.3381%, macro f1: 74.2260%, weighted f1: 74.5336%
--------------------------
epoch: 47, lr: 8.526e-05, loss: 0.4769
1565.2472003000003
              precision    recall  f1-score   support

     neutral   0.814655  0.625828  0.707865       302
       happy   0.565891  0.884848  0.690307       165
         sad   0.754545  0.790476  0.772093       210
       angry   0.771242  0.634409  0.696165       186

    accuracy                       0.717265       863
   macro avg   0.726583  0.733890  0.716608       863
weighted avg   0.743109  0.717265  0.717616       863

[[189  71  20  22]
 [  9 146   8   2]
 [ 11  22 166  11]
 [ 23  19  26 118]]
The best result ----------
WA: 74.5075%, UA: 75.3381%, macro f1: 74.2260%, weighted f1: 74.5336%
--------------------------
epoch: 48, lr: 8.099e-05, loss: 0.4777
1597.6275890000002
              precision    recall  f1-score   support

     neutral   0.827731  0.652318  0.729630       302
       happy   0.568093  0.884848  0.691943       165
         sad   0.744186  0.761905  0.752941       210
       angry   0.745098  0.612903  0.672566       186

    accuracy                       0.714948       863
   macro avg   0.721277  0.727994  0.711770       863
weighted avg   0.739951  0.714948  0.715798       863

[[197  73  12  20]
 [  8 146   8   3]
 [ 12  22 160  16]
 [ 21  16  35 114]]
The best result ----------
WA: 74.5075%, UA: 75.3381%, macro f1: 74.2260%, weighted f1: 74.5336%
--------------------------
epoch: 49, lr: 7.694e-05, loss: 0.4791
1629.9840253000002
              precision    recall  f1-score   support

     neutral   0.811715  0.642384  0.717190       302
       happy   0.545113  0.878788  0.672854       165
         sad   0.791878  0.742857  0.766585       210
       angry   0.726708  0.629032  0.674352       186

    accuracy                       0.709154       863
   macro avg   0.718854  0.723265  0.707745       863
weighted avg   0.737594  0.709154  0.711500       863

[[194  75   9  24]
 [ 11 145   5   4]
 [ 11  27 156  16]
 [ 23  19  27 117]]
The best result ----------
WA: 74.5075%, UA: 75.3381%, macro f1: 74.2260%, weighted f1: 74.5336%
--------------------------
